./yaml-to-latex.py -i metadata.yaml -o metadata.tex
latexmk -pdf -pdflatex="xelatex -interaction=nonstopmode" -use-make article.tex
Rc files read:
  NONE
Latexmk: This is Latexmk, John Collins, 17 Mar. 2022. Version 4.77, version: 4.77.
Latexmk: applying rule 'pdflatex'...
Rule 'pdflatex': File changes, etc:
   Changed files, or newly in use since previous run(s):
  article.tex
Rule 'pdflatex': The following rules & subrules became out-of-date:
  pdflatex
------------
Run number 1 of rule 'pdflatex'
------------
------------
Running 'xelatex -interaction=nonstopmode  -recorder  "article.tex"'
------------
This is XeTeX, Version 3.141592653-2.6-0.999994 (TeX Live 2022) (preloaded format=xelatex)
 restricted \write18 enabled.
entering extended mode
(./article.tex
LaTeX2e <2021-11-15> patch level 1
L3 programming layer <2022-02-24> (./rescience.cls
Document Class: rescience 2019/04/12 Style for ReScience articles
(/usr/local/texlive/2022/texmf-dist/tex/latex/base/article.cls
Document Class: article 2021/10/04 v1.4n Standard LaTeX document class
(/usr/local/texlive/2022/texmf-dist/tex/latex/base/size10.clo))
(/usr/local/texlive/2022/texmf-dist/tex/generic/babel/babel.sty
(/usr/local/texlive/2022/texmf-dist/tex/generic/babel/xebabel.def
(/usr/local/texlive/2022/texmf-dist/tex/generic/babel/txtbabel.def))
(/usr/local/texlive/2022/texmf-dist/tex/generic/babel-english/american.ldf
(/usr/local/texlive/2022/texmf-dist/tex/generic/babel-english/english.ldf)))
(/usr/local/texlive/2022/texmf-dist/tex/latex/base/ifthen.sty)
(/usr/local/texlive/2022/texmf-dist/tex/latex/tools/tabularx.sty
(/usr/local/texlive/2022/texmf-dist/tex/latex/tools/array.sty))
(/usr/local/texlive/2022/texmf-dist/tex/latex/pgf/frontendlayer/tikz.sty
(/usr/local/texlive/2022/texmf-dist/tex/latex/pgf/basiclayer/pgf.sty
(/usr/local/texlive/2022/texmf-dist/tex/latex/pgf/utilities/pgfrcs.sty
(/usr/local/texlive/2022/texmf-dist/tex/generic/pgf/utilities/pgfutil-common.te
x
(/usr/local/texlive/2022/texmf-dist/tex/generic/pgf/utilities/pgfutil-common-li
sts.tex))
(/usr/local/texlive/2022/texmf-dist/tex/generic/pgf/utilities/pgfutil-latex.def
) (/usr/local/texlive/2022/texmf-dist/tex/generic/pgf/utilities/pgfrcs.code.tex
(/usr/local/texlive/2022/texmf-dist/tex/generic/pgf/pgf.revision.tex)))
(/usr/local/texlive/2022/texmf-dist/tex/latex/pgf/basiclayer/pgfcore.sty
(/usr/local/texlive/2022/texmf-dist/tex/latex/graphics/graphicx.sty
(/usr/local/texlive/2022/texmf-dist/tex/latex/graphics/keyval.sty)
(/usr/local/texlive/2022/texmf-dist/tex/latex/graphics/graphics.sty
(/usr/local/texlive/2022/texmf-dist/tex/latex/graphics/trig.sty)
(/usr/local/texlive/2022/texmf-dist/tex/latex/graphics-cfg/graphics.cfg)
(/usr/local/texlive/2022/texmf-dist/tex/latex/graphics-def/xetex.def)))
(/usr/local/texlive/2022/texmf-dist/tex/latex/pgf/systemlayer/pgfsys.sty
(/usr/local/texlive/2022/texmf-dist/tex/generic/pgf/systemlayer/pgfsys.code.tex
(/usr/local/texlive/2022/texmf-dist/tex/generic/pgf/utilities/pgfkeys.code.tex
(/usr/local/texlive/2022/texmf-dist/tex/generic/pgf/utilities/pgfkeysfiltered.c
ode.tex))
(/usr/local/texlive/2022/texmf-dist/tex/generic/pgf/systemlayer/pgf.cfg)
(/usr/local/texlive/2022/texmf-dist/tex/generic/pgf/systemlayer/pgfsys-xetex.de
f
(/usr/local/texlive/2022/texmf-dist/tex/generic/pgf/systemlayer/pgfsys-dvipdfmx
.def
(/usr/local/texlive/2022/texmf-dist/tex/generic/pgf/systemlayer/pgfsys-common-p
df.def))))
(/usr/local/texlive/2022/texmf-dist/tex/generic/pgf/systemlayer/pgfsyssoftpath.
code.tex)
(/usr/local/texlive/2022/texmf-dist/tex/generic/pgf/systemlayer/pgfsysprotocol.
code.tex)) (/usr/local/texlive/2022/texmf-dist/tex/latex/xcolor/xcolor.sty
(/usr/local/texlive/2022/texmf-dist/tex/latex/graphics-cfg/color.cfg))
(/usr/local/texlive/2022/texmf-dist/tex/generic/pgf/basiclayer/pgfcore.code.tex
(/usr/local/texlive/2022/texmf-dist/tex/generic/pgf/math/pgfmath.code.tex
(/usr/local/texlive/2022/texmf-dist/tex/generic/pgf/math/pgfmathcalc.code.tex
(/usr/local/texlive/2022/texmf-dist/tex/generic/pgf/math/pgfmathutil.code.tex)
(/usr/local/texlive/2022/texmf-dist/tex/generic/pgf/math/pgfmathparser.code.tex
)
(/usr/local/texlive/2022/texmf-dist/tex/generic/pgf/math/pgfmathfunctions.code.
tex
(/usr/local/texlive/2022/texmf-dist/tex/generic/pgf/math/pgfmathfunctions.basic
.code.tex)
(/usr/local/texlive/2022/texmf-dist/tex/generic/pgf/math/pgfmathfunctions.trigo
nometric.code.tex)
(/usr/local/texlive/2022/texmf-dist/tex/generic/pgf/math/pgfmathfunctions.rando
m.code.tex)
(/usr/local/texlive/2022/texmf-dist/tex/generic/pgf/math/pgfmathfunctions.compa
rison.code.tex)
(/usr/local/texlive/2022/texmf-dist/tex/generic/pgf/math/pgfmathfunctions.base.
code.tex)
(/usr/local/texlive/2022/texmf-dist/tex/generic/pgf/math/pgfmathfunctions.round
.code.tex)
(/usr/local/texlive/2022/texmf-dist/tex/generic/pgf/math/pgfmathfunctions.misc.
code.tex)
(/usr/local/texlive/2022/texmf-dist/tex/generic/pgf/math/pgfmathfunctions.integ
erarithmetics.code.tex)))
(/usr/local/texlive/2022/texmf-dist/tex/generic/pgf/math/pgfmathfloat.code.tex)
) (/usr/local/texlive/2022/texmf-dist/tex/generic/pgf/math/pgfint.code.tex)
(/usr/local/texlive/2022/texmf-dist/tex/generic/pgf/basiclayer/pgfcorepoints.co
de.tex)
(/usr/local/texlive/2022/texmf-dist/tex/generic/pgf/basiclayer/pgfcorepathconst
ruct.code.tex)
(/usr/local/texlive/2022/texmf-dist/tex/generic/pgf/basiclayer/pgfcorepathusage
.code.tex)
(/usr/local/texlive/2022/texmf-dist/tex/generic/pgf/basiclayer/pgfcorescopes.co
de.tex)
(/usr/local/texlive/2022/texmf-dist/tex/generic/pgf/basiclayer/pgfcoregraphicst
ate.code.tex)
(/usr/local/texlive/2022/texmf-dist/tex/generic/pgf/basiclayer/pgfcoretransform
ations.code.tex)
(/usr/local/texlive/2022/texmf-dist/tex/generic/pgf/basiclayer/pgfcorequick.cod
e.tex)
(/usr/local/texlive/2022/texmf-dist/tex/generic/pgf/basiclayer/pgfcoreobjects.c
ode.tex)
(/usr/local/texlive/2022/texmf-dist/tex/generic/pgf/basiclayer/pgfcorepathproce
ssing.code.tex)
(/usr/local/texlive/2022/texmf-dist/tex/generic/pgf/basiclayer/pgfcorearrows.co
de.tex)
(/usr/local/texlive/2022/texmf-dist/tex/generic/pgf/basiclayer/pgfcoreshade.cod
e.tex)
(/usr/local/texlive/2022/texmf-dist/tex/generic/pgf/basiclayer/pgfcoreimage.cod
e.tex
(/usr/local/texlive/2022/texmf-dist/tex/generic/pgf/basiclayer/pgfcoreexternal.
code.tex))
(/usr/local/texlive/2022/texmf-dist/tex/generic/pgf/basiclayer/pgfcorelayers.co
de.tex)
(/usr/local/texlive/2022/texmf-dist/tex/generic/pgf/basiclayer/pgfcoretranspare
ncy.code.tex)
(/usr/local/texlive/2022/texmf-dist/tex/generic/pgf/basiclayer/pgfcorepatterns.
code.tex)
(/usr/local/texlive/2022/texmf-dist/tex/generic/pgf/basiclayer/pgfcorerdf.code.
tex)))
(/usr/local/texlive/2022/texmf-dist/tex/generic/pgf/modules/pgfmoduleshapes.cod
e.tex)
(/usr/local/texlive/2022/texmf-dist/tex/generic/pgf/modules/pgfmoduleplot.code.
tex)
(/usr/local/texlive/2022/texmf-dist/tex/latex/pgf/compatibility/pgfcomp-version
-0-65.sty)
(/usr/local/texlive/2022/texmf-dist/tex/latex/pgf/compatibility/pgfcomp-version
-1-18.sty))
(/usr/local/texlive/2022/texmf-dist/tex/latex/pgf/utilities/pgffor.sty
(/usr/local/texlive/2022/texmf-dist/tex/latex/pgf/utilities/pgfkeys.sty
(/usr/local/texlive/2022/texmf-dist/tex/generic/pgf/utilities/pgfkeys.code.tex)
) (/usr/local/texlive/2022/texmf-dist/tex/latex/pgf/math/pgfmath.sty
(/usr/local/texlive/2022/texmf-dist/tex/generic/pgf/math/pgfmath.code.tex))
(/usr/local/texlive/2022/texmf-dist/tex/generic/pgf/utilities/pgffor.code.tex
(/usr/local/texlive/2022/texmf-dist/tex/generic/pgf/math/pgfmath.code.tex)))
(/usr/local/texlive/2022/texmf-dist/tex/generic/pgf/frontendlayer/tikz/tikz.cod
e.tex
(/usr/local/texlive/2022/texmf-dist/tex/generic/pgf/libraries/pgflibraryplothan
dlers.code.tex)
(/usr/local/texlive/2022/texmf-dist/tex/generic/pgf/modules/pgfmodulematrix.cod
e.tex)
(/usr/local/texlive/2022/texmf-dist/tex/generic/pgf/frontendlayer/tikz/librarie
s/tikzlibrarytopaths.code.tex)))
(/usr/local/texlive/2022/texmf-dist/tex/latex/marginnote/marginnote.sty)
(/usr/local/texlive/2022/texmf-dist/tex/latex/csquotes/csquotes.sty
(/usr/local/texlive/2022/texmf-dist/tex/latex/etoolbox/etoolbox.sty)
(/usr/local/texlive/2022/texmf-dist/tex/latex/csquotes/csquotes.def)
(/usr/local/texlive/2022/texmf-dist/tex/latex/csquotes/csquotes.cfg))
(/usr/local/texlive/2022/texmf-dist/tex/latex/amsmath/amsmath.sty
For additional information on amsmath, use the `?' option.
(/usr/local/texlive/2022/texmf-dist/tex/latex/amsmath/amstext.sty
(/usr/local/texlive/2022/texmf-dist/tex/latex/amsmath/amsgen.sty))
(/usr/local/texlive/2022/texmf-dist/tex/latex/amsmath/amsbsy.sty)
(/usr/local/texlive/2022/texmf-dist/tex/latex/amsmath/amsopn.sty))
(/usr/local/texlive/2022/texmf-dist/tex/latex/mathtools/mathtools.sty
(/usr/local/texlive/2022/texmf-dist/tex/latex/tools/calc.sty)
(/usr/local/texlive/2022/texmf-dist/tex/latex/mathtools/mhsetup.sty))
(/usr/local/texlive/2022/texmf-dist/tex/latex/geometry/geometry.sty
(/usr/local/texlive/2022/texmf-dist/tex/generic/iftex/ifvtex.sty
(/usr/local/texlive/2022/texmf-dist/tex/generic/iftex/iftex.sty)))
(/usr/local/texlive/2022/texmf-dist/tex/latex/fontspec/fontspec.sty
(/usr/local/texlive/2022/texmf-dist/tex/latex/l3packages/xparse/xparse.sty
(/usr/local/texlive/2022/texmf-dist/tex/latex/l3kernel/expl3.sty
(/usr/local/texlive/2022/texmf-dist/tex/latex/l3backend/l3backend-xetex.def
(|extractbb --version))))
(/usr/local/texlive/2022/texmf-dist/tex/latex/fontspec/fontspec-xetex.sty
(/usr/local/texlive/2022/texmf-dist/tex/latex/base/fontenc.sty)
(/usr/local/texlive/2022/texmf-dist/tex/latex/fontspec/fontspec.cfg)))
(/usr/local/texlive/2022/texmf-dist/tex/latex/microtype/microtype.sty
(/usr/local/texlive/2022/texmf-dist/tex/latex/microtype/microtype-xetex.def)
(/usr/local/texlive/2022/texmf-dist/tex/latex/microtype/microtype.cfg))
(/usr/local/texlive/2022/texmf-dist/tex/latex/titlesec/titlesec.sty)
(/usr/local/texlive/2022/texmf-dist/tex/latex/caption/caption.sty
(/usr/local/texlive/2022/texmf-dist/tex/latex/caption/caption3.sty))
(/usr/local/texlive/2022/texmf-dist/tex/latex/hyperref/hyperref.sty
(/usr/local/texlive/2022/texmf-dist/tex/generic/ltxcmds/ltxcmds.sty)
(/usr/local/texlive/2022/texmf-dist/tex/generic/pdftexcmds/pdftexcmds.sty
(/usr/local/texlive/2022/texmf-dist/tex/generic/infwarerr/infwarerr.sty))
(/usr/local/texlive/2022/texmf-dist/tex/generic/kvsetkeys/kvsetkeys.sty)
(/usr/local/texlive/2022/texmf-dist/tex/generic/kvdefinekeys/kvdefinekeys.sty)
(/usr/local/texlive/2022/texmf-dist/tex/generic/pdfescape/pdfescape.sty)
(/usr/local/texlive/2022/texmf-dist/tex/latex/hycolor/hycolor.sty)
(/usr/local/texlive/2022/texmf-dist/tex/latex/letltxmacro/letltxmacro.sty)
(/usr/local/texlive/2022/texmf-dist/tex/latex/auxhook/auxhook.sty)
(/usr/local/texlive/2022/texmf-dist/tex/latex/kvoptions/kvoptions.sty)
(/usr/local/texlive/2022/texmf-dist/tex/latex/hyperref/pd1enc.def)
(/usr/local/texlive/2022/texmf-dist/tex/generic/intcalc/intcalc.sty)
(/usr/local/texlive/2022/texmf-dist/tex/generic/etexcmds/etexcmds.sty)
(/usr/local/texlive/2022/texmf-dist/tex/latex/hyperref/puenc.def)
(/usr/local/texlive/2022/texmf-dist/tex/latex/url/url.sty)
(/usr/local/texlive/2022/texmf-dist/tex/generic/bitset/bitset.sty
(/usr/local/texlive/2022/texmf-dist/tex/generic/bigintcalc/bigintcalc.sty))
(/usr/local/texlive/2022/texmf-dist/tex/latex/base/atbegshi-ltx.sty))
(/usr/local/texlive/2022/texmf-dist/tex/latex/hyperref/hxetex.def
(/usr/local/texlive/2022/texmf-dist/tex/generic/stringenc/stringenc.sty)
(/usr/local/texlive/2022/texmf-dist/tex/latex/rerunfilecheck/rerunfilecheck.sty
(/usr/local/texlive/2022/texmf-dist/tex/latex/base/atveryend-ltx.sty)
(/usr/local/texlive/2022/texmf-dist/tex/generic/uniquecounter/uniquecounter.sty
))) (/usr/local/texlive/2022/texmf-dist/tex/latex/listings/listings.sty
(/usr/local/texlive/2022/texmf-dist/tex/latex/listings/lstmisc.sty)
(/usr/local/texlive/2022/texmf-dist/tex/latex/listings/listings.cfg))
(/usr/local/texlive/2022/texmf-dist/tex/latex/enumitem/enumitem.sty)
(/usr/local/texlive/2022/texmf-dist/tex/latex/preprint/authblk.sty)
(/usr/local/texlive/2022/texmf-dist/tex/latex/tcolorbox/tcolorbox.sty
(/usr/local/texlive/2022/texmf-dist/tex/latex/tools/verbatim.sty)
(/usr/local/texlive/2022/texmf-dist/tex/latex/environ/environ.sty
(/usr/local/texlive/2022/texmf-dist/tex/latex/trimspaces/trimspaces.sty))
(/usr/local/texlive/2022/texmf-dist/tex/latex/tcolorbox/tcbraster.code.tex
Library (tcolorbox): 'tcbraster.code.tex' version '5.0.2'
) (/usr/local/texlive/2022/texmf-dist/tex/latex/tcolorbox/tcbskins.code.tex
Library (tcolorbox): 'tcbskins.code.tex' version '5.0.2'

(/usr/local/texlive/2022/texmf-dist/tex/latex/tcolorbox/tcbskinsjigsaw.code.tex
Library (tcolorbox): 'tcbskinsjigsaw.code.tex' version '5.0.2'
))
(/usr/local/texlive/2022/texmf-dist/tex/latex/tcolorbox/tcbbreakable.code.tex
Library (tcolorbox): 'tcbbreakable.code.tex' version '5.0.2'
(/usr/local/texlive/2022/texmf-dist/tex/generic/oberdiek/pdfcol.sty))
(/usr/local/texlive/2022/texmf-dist/tex/latex/tcolorbox/tcbhooks.code.tex
Library (tcolorbox): 'tcbhooks.code.tex' version '5.0.2'
) (/usr/local/texlive/2022/texmf-dist/tex/latex/tcolorbox/tcbtheorems.code.tex
Library (tcolorbox): 'tcbtheorems.code.tex' version '5.0.2'
) (/usr/local/texlive/2022/texmf-dist/tex/latex/tcolorbox/tcbfitting.code.tex
Library (tcolorbox): 'tcbfitting.code.tex' version '5.0.2'
) (/usr/local/texlive/2022/texmf-dist/tex/latex/tcolorbox/tcbxparse.code.tex
Library (tcolorbox): 'tcbxparse.code.tex' version '5.0.2'
)) (./metadata.tex)
(/usr/local/texlive/2022/texmf-dist/tex/latex/fancyhdr/fancyhdr.sty)
(/usr/local/texlive/2022/texmf-dist/tex/latex/biblatex/biblatex.sty
(/usr/local/texlive/2022/texmf-dist/tex/latex/logreq/logreq.sty
(/usr/local/texlive/2022/texmf-dist/tex/latex/logreq/logreq.def))
(/usr/local/texlive/2022/texmf-dist/tex/latex/biblatex/blx-dm.def)
(/usr/local/texlive/2022/texmf-dist/tex/latex/biblatex/blx-unicode.def)
(/usr/local/texlive/2022/texmf-dist/tex/latex/biblatex/blx-compat.def)
(/usr/local/texlive/2022/texmf-dist/tex/latex/biblatex/biblatex.def)
(/usr/local/texlive/2022/texmf-dist/tex/latex/biblatex/blx-natbib.def)
(/usr/local/texlive/2022/texmf-dist/tex/latex/biblatex/bbx/numeric.bbx
(/usr/local/texlive/2022/texmf-dist/tex/latex/biblatex/bbx/standard.bbx))
(/usr/local/texlive/2022/texmf-dist/tex/latex/biblatex/cbx/numeric.cbx)
(/usr/local/texlive/2022/texmf-dist/tex/latex/biblatex/biblatex.cfg)
(/usr/local/texlive/2022/texmf-dist/tex/latex/biblatex/blx-case-expl3.sty))
(/usr/local/texlive/2022/texmf-dist/tex/latex/natbib/bibentry.sty)
(/usr/local/texlive/2022/texmf-dist/tex/latex/float/float.sty))
(../openreview/packages.tex
(/usr/local/texlive/2022/texmf-dist/tex/latex/base/inputenc.sty

Package inputenc Warning: inputenc package ignored with utf8 based engines.

))

Package csquotes Warning: Load 'inputenc' before 'csquotes' on input line 3.


Package biblatex Warning: Load 'inputenc' before biblatex.

(./article.aux) (/usr/local/texlive/2022/texmf-dist/tex/latex/base/ts1cmr.fd)
*geometry* driver: auto-detecting
*geometry* detected driver: xetex
(/usr/local/texlive/2022/texmf-dist/tex/latex/hyperref/nameref.sty
(/usr/local/texlive/2022/texmf-dist/tex/latex/refcount/refcount.sty)
(/usr/local/texlive/2022/texmf-dist/tex/generic/gettitlestring/gettitlestring.s
ty))

Package hyperref Warning: Rerun to get /PageLabels entry.

(/usr/local/texlive/2022/texmf-dist/tex/latex/biblatex/lbx/american.lbx
(/usr/local/texlive/2022/texmf-dist/tex/latex/biblatex/lbx/english.lbx)
(/usr/local/texlive/2022/texmf-dist/tex/latex/biblatex/lbx/english.lbx))
No file article.bbl.
(./header.tex
(/usr/local/texlive/2022/texmf-dist/tex/latex/microtype/mt-cmr.cfg)
Underfull \hbox (badness 10000) in paragraph at lines 69--70
[]\TU/RobotoCondensed(0)/m/n/7 Code is available at [][]https://github.com/Shua
iWang97/UvA_FACT2022[][] – DOI [][]10.5281/zenodo.6515893[][]. – SWH
) (../openreview/content.tex

LaTeX Warning: Citation 'DBLP:conf/nips/BreugelKBS21' on page 1 undefined on in
put line 4.


Overfull \hbox (67.78123pt too wide) in paragraph at lines 4--5
\TU/SourceSerifPro(0)/m/n/10 thetic Data Using Causally-Aware Generative Networ
ks” by Breugel et al [[]].

LaTeX Warning: Citation 'DBLP:conf/nips/BreugelKBS21' on page 1 undefined on in
put line 7.

[1] [2]

LaTeX Warning: Citation 'DBLP:journals/csur/MehrabiMSLG21' on page 3 undefined 
on input line 43.


LaTeX Warning: Citation 'hare_2019' on page 3 undefined on input line 43.


LaTeX Warning: Citation 'johnson_2020' on page 3 undefined on input line 43.


Overfull \hbox (127.24458pt too wide) in paragraph at lines 43--44
\TU/SourceSerifPro(0)/m/n/10 importance of addressing bias and fairness more br
oadly is gaining awareness [[]],

LaTeX Warning: Citation 'xu_yuan_zhang_wu_2018' on page 3 undefined on input li
ne 46.


LaTeX Warning: Citation 'DBLP:journals/algorithms/AivodjiBGNT21' on page 3 unde
fined on input line 46.


LaTeX Warning: Citation 'sattigeri_hoffman_chenthamarakshan_varshney_2019' on p
age 3 undefined on input line 46.


LaTeX Warning: Citation 'rodolfa_lamba_ghani_2021' on page 3 undefined on input
 line 46.


LaTeX Warning: Citation 'DBLP:journals/csur/MehrabiMSLG21' on page 3 undefined 
on input line 46.


Overfull \hbox (20.70581pt too wide) in paragraph at lines 46--47
\TU/SourceSerifPro(0)/m/n/10 as FairGAN[[]], GANSAN[[]],

LaTeX Warning: Citation 'DBLP:conf/nips/BreugelKBS21' on page 3 undefined on in
put line 49.


LaTeX Warning: Citation 'DBLP:conf/nips/BreugelKBS21' on page 3 undefined on in
put line 49.


LaTeX Warning: Citation 'article' on page 3 undefined on input line 49.


LaTeX Warning: Citation 'kamishima_akaho_asoh_sakuma_2012' on page 3 undefined 
on input line 49.

[3]

LaTeX Warning: Citation 'DBLP:conf/nips/BreugelKBS21' on page 4 undefined on in
put line 75.


Overfull \hbox (80.75458pt too wide) in paragraph at lines 75--76
[]\TU/SourceSerifPro(0)/m/n/10 We aim to evaluate claims (i) and (iii) by repli
cating the two experiments of [[]].
[4]

LaTeX Warning: Citation 'DBLP:conf/nips/BreugelKBS21' on page 5 undefined on in
put line 88.


Overfull \hbox (8.57454pt too wide) in paragraph at lines 88--89
\TU/SourceSerifPro(0)/m/n/10 our generated graphs do not match Figure 6 and 7 o
f [[]].

LaTeX Warning: Citation 'Dua:2019' on page 5 undefined on input line 98.


LaTeX Warning: Citation 'DBLP:conf/nips/BreugelKBS21' on page 5 undefined on in
put line 98.


LaTeX Warning: Citation 'DBLP:conf/nips/BreugelKBS21' on page 5 undefined on in
put line 98.


Overfull \hbox (32.05156pt too wide) in paragraph at lines 98--99
\TU/SourceSerifPro(0)/m/n/10 towards one class. We manually input the DAG from 
Figure 6 of [[]]
[5]

LaTeX Warning: Citation 'Dua:2019' on page 6 undefined on input line 100.


LaTeX Warning: Citation 'DBLP:conf/nips/BreugelKBS21' on page 6 undefined on in
put line 104.

[6]

LaTeX Warning: Citation 'Dua:2019' on page 7 undefined on input line 121.


Overfull \hbox (5.61835pt too wide) in paragraph at lines 129--144
 [][] 

LaTeX Warning: No positions in optional float specifier.
               Default added (so using `tbp') on input line 147.


Overfull \hbox (5.61835pt too wide) in paragraph at lines 151--164
[][] 

LaTeX Warning: `h' float specifier changed to `ht'.


LaTeX Warning: Reference `tab:Adult' on page 7 undefined on input line 175.


LaTeX Warning: Reference `tab:paper_table' on page 7 undefined on input line 17
5.


LaTeX Warning: Reference `sec:setup' on page 7 undefined on input line 175.

[7]

LaTeX Warning: Reference `fig:exp2' on page 8 undefined on input line 177.


LaTeX Warning: Reference `tab:Adult' on page 8 undefined on input line 185.


LaTeX Warning: Reference `tab:paper_table' on page 8 undefined on input line 18
5.

[8]

LaTeX Warning: Citation 'DBLP:conf/nips/BreugelKBS21' on page 9 undefined on in
put line 192.


Overfull \hbox (49.38124pt too wide) in paragraph at lines 192--193
\TU/SourceSerifPro(0)/m/n/10 One aspect that eased our investigation into the r
eproduceability of [[]]

LaTeX Warning: Reference `sec:changes' on page 9 undefined on input line 200.


LaTeX Warning: Reference `sec:changes' on page 9 undefined on input line 204.

[9]

LaTeX Warning: Citation 'Dua:2019' on page 10 undefined on input line 214.

)

LaTeX Warning: Empty bibliography on input line 8.

(../openreview/appendix.tex [10]
Overfull \hbox (35.47704pt too wide) in paragraph at lines 70--81
 [][] 

LaTeX Warning: `h' float specifier changed to `ht'.

) [11] [12] (./article.aux)

LaTeX Warning: There were undefined references.


LaTeX Warning: Label(s) may have changed. Rerun to get cross-references right.


Package rerunfilecheck Warning: File `article.out' has changed.
(rerunfilecheck)                Rerun to get outlines right
(rerunfilecheck)                or use package `bookmark'.


Package biblatex Warning: Please (re)run Biber on the file:
(biblatex)                article
(biblatex)                and rerun LaTeX afterwards.

 )
(see the transcript file for additional information)
Output written on article.pdf (12 pages).
Transcript written on article.log.
Latexmk: Getting log file 'article.log'
Latexmk: Examining 'article.fls'
Latexmk: Examining 'article.log'
Latexmk: References changed.
Latexmk: References changed.
Latexmk: References changed.
Latexmk: Log file says output to 'article.pdf'
Latexmk: 'pdflatex': source file 'article.bbl' doesn't exist. I'll try making it...
------------
Running 'make "article.bbl"'
------------
Latexmk: applying rule 'biber article'...
Rule 'biber article': File changes, etc:
   Changed files, or newly in use since previous run(s):
  article.bcf
Rule 'biber article': The following rules & subrules became out-of-date:
  biber article
------------
Run number 1 of rule 'biber article'
------------
------------
Running 'biber  "article.bcf"'
------------
INFO - This is Biber 2.17
INFO - Logfile is 'article.blg'
INFO - Reading 'article.bcf'
INFO - Found 11 citekeys in bib section 0
INFO - Processing section 0
INFO - Looking for bibtex file 'bibliography.bib' for section 0
INFO - LaTeX decoding ...
INFO - Found BibTeX data source 'bibliography.bib'
INFO - Overriding locale 'en-US' defaults 'normalization = NFD' with 'normalization = prenormalized'
INFO - Overriding locale 'en-US' defaults 'variable = shifted' with 'variable = non-ignorable'
INFO - Sorting list 'none/global//global/global' of type 'entry' with template 'none' and locale 'en-US'
INFO - No sort tailoring available for locale 'en-US'
INFO - Writing 'article.bbl' with encoding 'UTF-8'
INFO - Output to article.bbl
WARN - Duplicate entry key: 'tomalin_byrne_concannon_saunders_ullmann_2021' in file 'bibliography.bib', skipping ...
INFO - WARNINGS: 1
Biber warning: [283] Biber.pm:130> WARN - Duplicate entry key: 'tomalin_byrne_concannon_saunders_ullmann_2021' in file 'bibliography.bib', skipping ...
Latexmk: Found biber source file(s) [article.bcf bibliography.bib]
Latexmk: applying rule 'pdflatex'...
Rule 'pdflatex': File changes, etc:
   Changed files, or newly in use since previous run(s):
  article.aux
  article.bbl
  article.out
Rule 'pdflatex': The following rules & subrules became out-of-date:
  pdflatex
------------
Run number 2 of rule 'pdflatex'
------------
------------
Running 'xelatex -interaction=nonstopmode  -recorder  "article.tex"'
------------
This is XeTeX, Version 3.141592653-2.6-0.999994 (TeX Live 2022) (preloaded format=xelatex)
 restricted \write18 enabled.
entering extended mode
(./article.tex
LaTeX2e <2021-11-15> patch level 1
L3 programming layer <2022-02-24> (./rescience.cls
Document Class: rescience 2019/04/12 Style for ReScience articles
(/usr/local/texlive/2022/texmf-dist/tex/latex/base/article.cls
Document Class: article 2021/10/04 v1.4n Standard LaTeX document class
(/usr/local/texlive/2022/texmf-dist/tex/latex/base/size10.clo))
(/usr/local/texlive/2022/texmf-dist/tex/generic/babel/babel.sty
(/usr/local/texlive/2022/texmf-dist/tex/generic/babel/xebabel.def
(/usr/local/texlive/2022/texmf-dist/tex/generic/babel/txtbabel.def))
(/usr/local/texlive/2022/texmf-dist/tex/generic/babel-english/american.ldf
(/usr/local/texlive/2022/texmf-dist/tex/generic/babel-english/english.ldf)))
(/usr/local/texlive/2022/texmf-dist/tex/latex/base/ifthen.sty)
(/usr/local/texlive/2022/texmf-dist/tex/latex/tools/tabularx.sty
(/usr/local/texlive/2022/texmf-dist/tex/latex/tools/array.sty))
(/usr/local/texlive/2022/texmf-dist/tex/latex/pgf/frontendlayer/tikz.sty
(/usr/local/texlive/2022/texmf-dist/tex/latex/pgf/basiclayer/pgf.sty
(/usr/local/texlive/2022/texmf-dist/tex/latex/pgf/utilities/pgfrcs.sty
(/usr/local/texlive/2022/texmf-dist/tex/generic/pgf/utilities/pgfutil-common.te
x
(/usr/local/texlive/2022/texmf-dist/tex/generic/pgf/utilities/pgfutil-common-li
sts.tex))
(/usr/local/texlive/2022/texmf-dist/tex/generic/pgf/utilities/pgfutil-latex.def
) (/usr/local/texlive/2022/texmf-dist/tex/generic/pgf/utilities/pgfrcs.code.tex
(/usr/local/texlive/2022/texmf-dist/tex/generic/pgf/pgf.revision.tex)))
(/usr/local/texlive/2022/texmf-dist/tex/latex/pgf/basiclayer/pgfcore.sty
(/usr/local/texlive/2022/texmf-dist/tex/latex/graphics/graphicx.sty
(/usr/local/texlive/2022/texmf-dist/tex/latex/graphics/keyval.sty)
(/usr/local/texlive/2022/texmf-dist/tex/latex/graphics/graphics.sty
(/usr/local/texlive/2022/texmf-dist/tex/latex/graphics/trig.sty)
(/usr/local/texlive/2022/texmf-dist/tex/latex/graphics-cfg/graphics.cfg)
(/usr/local/texlive/2022/texmf-dist/tex/latex/graphics-def/xetex.def)))
(/usr/local/texlive/2022/texmf-dist/tex/latex/pgf/systemlayer/pgfsys.sty
(/usr/local/texlive/2022/texmf-dist/tex/generic/pgf/systemlayer/pgfsys.code.tex
(/usr/local/texlive/2022/texmf-dist/tex/generic/pgf/utilities/pgfkeys.code.tex
(/usr/local/texlive/2022/texmf-dist/tex/generic/pgf/utilities/pgfkeysfiltered.c
ode.tex))
(/usr/local/texlive/2022/texmf-dist/tex/generic/pgf/systemlayer/pgf.cfg)
(/usr/local/texlive/2022/texmf-dist/tex/generic/pgf/systemlayer/pgfsys-xetex.de
f
(/usr/local/texlive/2022/texmf-dist/tex/generic/pgf/systemlayer/pgfsys-dvipdfmx
.def
(/usr/local/texlive/2022/texmf-dist/tex/generic/pgf/systemlayer/pgfsys-common-p
df.def))))
(/usr/local/texlive/2022/texmf-dist/tex/generic/pgf/systemlayer/pgfsyssoftpath.
code.tex)
(/usr/local/texlive/2022/texmf-dist/tex/generic/pgf/systemlayer/pgfsysprotocol.
code.tex)) (/usr/local/texlive/2022/texmf-dist/tex/latex/xcolor/xcolor.sty
(/usr/local/texlive/2022/texmf-dist/tex/latex/graphics-cfg/color.cfg))
(/usr/local/texlive/2022/texmf-dist/tex/generic/pgf/basiclayer/pgfcore.code.tex
(/usr/local/texlive/2022/texmf-dist/tex/generic/pgf/math/pgfmath.code.tex
(/usr/local/texlive/2022/texmf-dist/tex/generic/pgf/math/pgfmathcalc.code.tex
(/usr/local/texlive/2022/texmf-dist/tex/generic/pgf/math/pgfmathutil.code.tex)
(/usr/local/texlive/2022/texmf-dist/tex/generic/pgf/math/pgfmathparser.code.tex
)
(/usr/local/texlive/2022/texmf-dist/tex/generic/pgf/math/pgfmathfunctions.code.
tex
(/usr/local/texlive/2022/texmf-dist/tex/generic/pgf/math/pgfmathfunctions.basic
.code.tex)
(/usr/local/texlive/2022/texmf-dist/tex/generic/pgf/math/pgfmathfunctions.trigo
nometric.code.tex)
(/usr/local/texlive/2022/texmf-dist/tex/generic/pgf/math/pgfmathfunctions.rando
m.code.tex)
(/usr/local/texlive/2022/texmf-dist/tex/generic/pgf/math/pgfmathfunctions.compa
rison.code.tex)
(/usr/local/texlive/2022/texmf-dist/tex/generic/pgf/math/pgfmathfunctions.base.
code.tex)
(/usr/local/texlive/2022/texmf-dist/tex/generic/pgf/math/pgfmathfunctions.round
.code.tex)
(/usr/local/texlive/2022/texmf-dist/tex/generic/pgf/math/pgfmathfunctions.misc.
code.tex)
(/usr/local/texlive/2022/texmf-dist/tex/generic/pgf/math/pgfmathfunctions.integ
erarithmetics.code.tex)))
(/usr/local/texlive/2022/texmf-dist/tex/generic/pgf/math/pgfmathfloat.code.tex)
) (/usr/local/texlive/2022/texmf-dist/tex/generic/pgf/math/pgfint.code.tex)
(/usr/local/texlive/2022/texmf-dist/tex/generic/pgf/basiclayer/pgfcorepoints.co
de.tex)
(/usr/local/texlive/2022/texmf-dist/tex/generic/pgf/basiclayer/pgfcorepathconst
ruct.code.tex)
(/usr/local/texlive/2022/texmf-dist/tex/generic/pgf/basiclayer/pgfcorepathusage
.code.tex)
(/usr/local/texlive/2022/texmf-dist/tex/generic/pgf/basiclayer/pgfcorescopes.co
de.tex)
(/usr/local/texlive/2022/texmf-dist/tex/generic/pgf/basiclayer/pgfcoregraphicst
ate.code.tex)
(/usr/local/texlive/2022/texmf-dist/tex/generic/pgf/basiclayer/pgfcoretransform
ations.code.tex)
(/usr/local/texlive/2022/texmf-dist/tex/generic/pgf/basiclayer/pgfcorequick.cod
e.tex)
(/usr/local/texlive/2022/texmf-dist/tex/generic/pgf/basiclayer/pgfcoreobjects.c
ode.tex)
(/usr/local/texlive/2022/texmf-dist/tex/generic/pgf/basiclayer/pgfcorepathproce
ssing.code.tex)
(/usr/local/texlive/2022/texmf-dist/tex/generic/pgf/basiclayer/pgfcorearrows.co
de.tex)
(/usr/local/texlive/2022/texmf-dist/tex/generic/pgf/basiclayer/pgfcoreshade.cod
e.tex)
(/usr/local/texlive/2022/texmf-dist/tex/generic/pgf/basiclayer/pgfcoreimage.cod
e.tex
(/usr/local/texlive/2022/texmf-dist/tex/generic/pgf/basiclayer/pgfcoreexternal.
code.tex))
(/usr/local/texlive/2022/texmf-dist/tex/generic/pgf/basiclayer/pgfcorelayers.co
de.tex)
(/usr/local/texlive/2022/texmf-dist/tex/generic/pgf/basiclayer/pgfcoretranspare
ncy.code.tex)
(/usr/local/texlive/2022/texmf-dist/tex/generic/pgf/basiclayer/pgfcorepatterns.
code.tex)
(/usr/local/texlive/2022/texmf-dist/tex/generic/pgf/basiclayer/pgfcorerdf.code.
tex)))
(/usr/local/texlive/2022/texmf-dist/tex/generic/pgf/modules/pgfmoduleshapes.cod
e.tex)
(/usr/local/texlive/2022/texmf-dist/tex/generic/pgf/modules/pgfmoduleplot.code.
tex)
(/usr/local/texlive/2022/texmf-dist/tex/latex/pgf/compatibility/pgfcomp-version
-0-65.sty)
(/usr/local/texlive/2022/texmf-dist/tex/latex/pgf/compatibility/pgfcomp-version
-1-18.sty))
(/usr/local/texlive/2022/texmf-dist/tex/latex/pgf/utilities/pgffor.sty
(/usr/local/texlive/2022/texmf-dist/tex/latex/pgf/utilities/pgfkeys.sty
(/usr/local/texlive/2022/texmf-dist/tex/generic/pgf/utilities/pgfkeys.code.tex)
) (/usr/local/texlive/2022/texmf-dist/tex/latex/pgf/math/pgfmath.sty
(/usr/local/texlive/2022/texmf-dist/tex/generic/pgf/math/pgfmath.code.tex))
(/usr/local/texlive/2022/texmf-dist/tex/generic/pgf/utilities/pgffor.code.tex
(/usr/local/texlive/2022/texmf-dist/tex/generic/pgf/math/pgfmath.code.tex)))
(/usr/local/texlive/2022/texmf-dist/tex/generic/pgf/frontendlayer/tikz/tikz.cod
e.tex
(/usr/local/texlive/2022/texmf-dist/tex/generic/pgf/libraries/pgflibraryplothan
dlers.code.tex)
(/usr/local/texlive/2022/texmf-dist/tex/generic/pgf/modules/pgfmodulematrix.cod
e.tex)
(/usr/local/texlive/2022/texmf-dist/tex/generic/pgf/frontendlayer/tikz/librarie
s/tikzlibrarytopaths.code.tex)))
(/usr/local/texlive/2022/texmf-dist/tex/latex/marginnote/marginnote.sty)
(/usr/local/texlive/2022/texmf-dist/tex/latex/csquotes/csquotes.sty
(/usr/local/texlive/2022/texmf-dist/tex/latex/etoolbox/etoolbox.sty)
(/usr/local/texlive/2022/texmf-dist/tex/latex/csquotes/csquotes.def)
(/usr/local/texlive/2022/texmf-dist/tex/latex/csquotes/csquotes.cfg))
(/usr/local/texlive/2022/texmf-dist/tex/latex/amsmath/amsmath.sty
For additional information on amsmath, use the `?' option.
(/usr/local/texlive/2022/texmf-dist/tex/latex/amsmath/amstext.sty
(/usr/local/texlive/2022/texmf-dist/tex/latex/amsmath/amsgen.sty))
(/usr/local/texlive/2022/texmf-dist/tex/latex/amsmath/amsbsy.sty)
(/usr/local/texlive/2022/texmf-dist/tex/latex/amsmath/amsopn.sty))
(/usr/local/texlive/2022/texmf-dist/tex/latex/mathtools/mathtools.sty
(/usr/local/texlive/2022/texmf-dist/tex/latex/tools/calc.sty)
(/usr/local/texlive/2022/texmf-dist/tex/latex/mathtools/mhsetup.sty))
(/usr/local/texlive/2022/texmf-dist/tex/latex/geometry/geometry.sty
(/usr/local/texlive/2022/texmf-dist/tex/generic/iftex/ifvtex.sty
(/usr/local/texlive/2022/texmf-dist/tex/generic/iftex/iftex.sty)))
(/usr/local/texlive/2022/texmf-dist/tex/latex/fontspec/fontspec.sty
(/usr/local/texlive/2022/texmf-dist/tex/latex/l3packages/xparse/xparse.sty
(/usr/local/texlive/2022/texmf-dist/tex/latex/l3kernel/expl3.sty
(/usr/local/texlive/2022/texmf-dist/tex/latex/l3backend/l3backend-xetex.def
(|extractbb --version))))
(/usr/local/texlive/2022/texmf-dist/tex/latex/fontspec/fontspec-xetex.sty
(/usr/local/texlive/2022/texmf-dist/tex/latex/base/fontenc.sty)
(/usr/local/texlive/2022/texmf-dist/tex/latex/fontspec/fontspec.cfg)))
(/usr/local/texlive/2022/texmf-dist/tex/latex/microtype/microtype.sty
(/usr/local/texlive/2022/texmf-dist/tex/latex/microtype/microtype-xetex.def)
(/usr/local/texlive/2022/texmf-dist/tex/latex/microtype/microtype.cfg))
(/usr/local/texlive/2022/texmf-dist/tex/latex/titlesec/titlesec.sty)
(/usr/local/texlive/2022/texmf-dist/tex/latex/caption/caption.sty
(/usr/local/texlive/2022/texmf-dist/tex/latex/caption/caption3.sty))
(/usr/local/texlive/2022/texmf-dist/tex/latex/hyperref/hyperref.sty
(/usr/local/texlive/2022/texmf-dist/tex/generic/ltxcmds/ltxcmds.sty)
(/usr/local/texlive/2022/texmf-dist/tex/generic/pdftexcmds/pdftexcmds.sty
(/usr/local/texlive/2022/texmf-dist/tex/generic/infwarerr/infwarerr.sty))
(/usr/local/texlive/2022/texmf-dist/tex/generic/kvsetkeys/kvsetkeys.sty)
(/usr/local/texlive/2022/texmf-dist/tex/generic/kvdefinekeys/kvdefinekeys.sty)
(/usr/local/texlive/2022/texmf-dist/tex/generic/pdfescape/pdfescape.sty)
(/usr/local/texlive/2022/texmf-dist/tex/latex/hycolor/hycolor.sty)
(/usr/local/texlive/2022/texmf-dist/tex/latex/letltxmacro/letltxmacro.sty)
(/usr/local/texlive/2022/texmf-dist/tex/latex/auxhook/auxhook.sty)
(/usr/local/texlive/2022/texmf-dist/tex/latex/kvoptions/kvoptions.sty)
(/usr/local/texlive/2022/texmf-dist/tex/latex/hyperref/pd1enc.def)
(/usr/local/texlive/2022/texmf-dist/tex/generic/intcalc/intcalc.sty)
(/usr/local/texlive/2022/texmf-dist/tex/generic/etexcmds/etexcmds.sty)
(/usr/local/texlive/2022/texmf-dist/tex/latex/hyperref/puenc.def)
(/usr/local/texlive/2022/texmf-dist/tex/latex/url/url.sty)
(/usr/local/texlive/2022/texmf-dist/tex/generic/bitset/bitset.sty
(/usr/local/texlive/2022/texmf-dist/tex/generic/bigintcalc/bigintcalc.sty))
(/usr/local/texlive/2022/texmf-dist/tex/latex/base/atbegshi-ltx.sty))
(/usr/local/texlive/2022/texmf-dist/tex/latex/hyperref/hxetex.def
(/usr/local/texlive/2022/texmf-dist/tex/generic/stringenc/stringenc.sty)
(/usr/local/texlive/2022/texmf-dist/tex/latex/rerunfilecheck/rerunfilecheck.sty
(/usr/local/texlive/2022/texmf-dist/tex/latex/base/atveryend-ltx.sty)
(/usr/local/texlive/2022/texmf-dist/tex/generic/uniquecounter/uniquecounter.sty
))) (/usr/local/texlive/2022/texmf-dist/tex/latex/listings/listings.sty
(/usr/local/texlive/2022/texmf-dist/tex/latex/listings/lstmisc.sty)
(/usr/local/texlive/2022/texmf-dist/tex/latex/listings/listings.cfg))
(/usr/local/texlive/2022/texmf-dist/tex/latex/enumitem/enumitem.sty)
(/usr/local/texlive/2022/texmf-dist/tex/latex/preprint/authblk.sty)
(/usr/local/texlive/2022/texmf-dist/tex/latex/tcolorbox/tcolorbox.sty
(/usr/local/texlive/2022/texmf-dist/tex/latex/tools/verbatim.sty)
(/usr/local/texlive/2022/texmf-dist/tex/latex/environ/environ.sty
(/usr/local/texlive/2022/texmf-dist/tex/latex/trimspaces/trimspaces.sty))
(/usr/local/texlive/2022/texmf-dist/tex/latex/tcolorbox/tcbraster.code.tex
Library (tcolorbox): 'tcbraster.code.tex' version '5.0.2'
) (/usr/local/texlive/2022/texmf-dist/tex/latex/tcolorbox/tcbskins.code.tex
Library (tcolorbox): 'tcbskins.code.tex' version '5.0.2'

(/usr/local/texlive/2022/texmf-dist/tex/latex/tcolorbox/tcbskinsjigsaw.code.tex
Library (tcolorbox): 'tcbskinsjigsaw.code.tex' version '5.0.2'
))
(/usr/local/texlive/2022/texmf-dist/tex/latex/tcolorbox/tcbbreakable.code.tex
Library (tcolorbox): 'tcbbreakable.code.tex' version '5.0.2'
(/usr/local/texlive/2022/texmf-dist/tex/generic/oberdiek/pdfcol.sty))
(/usr/local/texlive/2022/texmf-dist/tex/latex/tcolorbox/tcbhooks.code.tex
Library (tcolorbox): 'tcbhooks.code.tex' version '5.0.2'
) (/usr/local/texlive/2022/texmf-dist/tex/latex/tcolorbox/tcbtheorems.code.tex
Library (tcolorbox): 'tcbtheorems.code.tex' version '5.0.2'
) (/usr/local/texlive/2022/texmf-dist/tex/latex/tcolorbox/tcbfitting.code.tex
Library (tcolorbox): 'tcbfitting.code.tex' version '5.0.2'
) (/usr/local/texlive/2022/texmf-dist/tex/latex/tcolorbox/tcbxparse.code.tex
Library (tcolorbox): 'tcbxparse.code.tex' version '5.0.2'
)) (./metadata.tex)
(/usr/local/texlive/2022/texmf-dist/tex/latex/fancyhdr/fancyhdr.sty)
(/usr/local/texlive/2022/texmf-dist/tex/latex/biblatex/biblatex.sty
(/usr/local/texlive/2022/texmf-dist/tex/latex/logreq/logreq.sty
(/usr/local/texlive/2022/texmf-dist/tex/latex/logreq/logreq.def))
(/usr/local/texlive/2022/texmf-dist/tex/latex/biblatex/blx-dm.def)
(/usr/local/texlive/2022/texmf-dist/tex/latex/biblatex/blx-unicode.def)
(/usr/local/texlive/2022/texmf-dist/tex/latex/biblatex/blx-compat.def)
(/usr/local/texlive/2022/texmf-dist/tex/latex/biblatex/biblatex.def)
(/usr/local/texlive/2022/texmf-dist/tex/latex/biblatex/blx-natbib.def)
(/usr/local/texlive/2022/texmf-dist/tex/latex/biblatex/bbx/numeric.bbx
(/usr/local/texlive/2022/texmf-dist/tex/latex/biblatex/bbx/standard.bbx))
(/usr/local/texlive/2022/texmf-dist/tex/latex/biblatex/cbx/numeric.cbx)
(/usr/local/texlive/2022/texmf-dist/tex/latex/biblatex/biblatex.cfg)
(/usr/local/texlive/2022/texmf-dist/tex/latex/biblatex/blx-case-expl3.sty))
(/usr/local/texlive/2022/texmf-dist/tex/latex/natbib/bibentry.sty)
(/usr/local/texlive/2022/texmf-dist/tex/latex/float/float.sty))
(../openreview/packages.tex
(/usr/local/texlive/2022/texmf-dist/tex/latex/base/inputenc.sty

Package inputenc Warning: inputenc package ignored with utf8 based engines.

))

Package csquotes Warning: Load 'inputenc' before 'csquotes' on input line 3.


Package biblatex Warning: Load 'inputenc' before biblatex.

(./article.aux

LaTeX Warning: Label `tab:exp2' multiply defined.


LaTeX Warning: Label `tab:exp2' multiply defined.


LaTeX Warning: Label `tab:exp2' multiply defined.

) (/usr/local/texlive/2022/texmf-dist/tex/latex/base/ts1cmr.fd)
*geometry* driver: auto-detecting
*geometry* detected driver: xetex
(/usr/local/texlive/2022/texmf-dist/tex/latex/hyperref/nameref.sty
(/usr/local/texlive/2022/texmf-dist/tex/latex/refcount/refcount.sty)
(/usr/local/texlive/2022/texmf-dist/tex/generic/gettitlestring/gettitlestring.s
ty)) (./article.out) (./article.out)
(/usr/local/texlive/2022/texmf-dist/tex/latex/biblatex/lbx/american.lbx
(/usr/local/texlive/2022/texmf-dist/tex/latex/biblatex/lbx/english.lbx)
(/usr/local/texlive/2022/texmf-dist/tex/latex/biblatex/lbx/english.lbx))
(./article.bbl) (./header.tex
(/usr/local/texlive/2022/texmf-dist/tex/latex/microtype/mt-cmr.cfg)
Underfull \hbox (badness 10000) in paragraph at lines 69--70
[]\TU/RobotoCondensed(0)/m/n/7 Code is available at [][]https://github.com/Shua
iWang97/UvA_FACT2022[][] – DOI [][]10.5281/zenodo.6515893[][]. – SWH
) (../openreview/content.tex [1] [2] [3] [4] [5] [6]
Overfull \hbox (5.61835pt too wide) in paragraph at lines 129--144
 [][] 

LaTeX Warning: No positions in optional float specifier.
               Default added (so using `tbp') on input line 147.


Overfull \hbox (5.61835pt too wide) in paragraph at lines 151--164
[][] 
[7] [8] [9])
Missing character: There is no ̈ (U+0308) in font [./roboto/RobotoCondensed-Lig
ht.ttf]/OT:script=DFLT;language=dflt;mapping=tex-text;!

Underfull \hbox (badness 1189) in paragraph at lines 9--9
\TU/RobotoCondensed(0)/m/n/9 in Machine Learning for Public Policy.” In: \TU/Ro
botoCondensed(0)/m/it/9 Nature Machine Intelligence \TU/RobotoCondensed(0)/m/n/
9 3.10 (2021), pp. 896–904. \TU/RobotoCondensed(0)/m/sc/9 doi\TU/RobotoCondense
d(0)/m/n/9 :
[10] (../openreview/appendix.tex [11]
Overfull \hbox (35.47704pt too wide) in paragraph at lines 70--81
 [][] 

LaTeX Warning: `h' float specifier changed to `ht'.

) [12] [13] (./article.aux)

LaTeX Warning: There were undefined references.


LaTeX Warning: There were multiply-defined labels.


Package biblatex Warning: Please rerun LaTeX.

 )
(see the transcript file for additional information)
Output written on article.pdf (13 pages).
Transcript written on article.log.
Latexmk: Getting log file 'article.log'
Latexmk: Examining 'article.fls'
Latexmk: Examining 'article.log'
Latexmk: Found input bbl file 'article.bbl'
Latexmk: Log file says output to 'article.pdf'
Biber warning: [283] Biber.pm:130> WARN - Duplicate entry key: 'tomalin_byrne_concannon_saunders_ullmann_2021' in file 'bibliography.bib', skipping ...
Latexmk: Found biber source file(s) [article.bcf bibliography.bib]
Latexmk: applying rule 'pdflatex'...
Rule 'pdflatex': File changes, etc:
   Changed files, or newly in use since previous run(s):
  article.aux
  article.run.xml
Rule 'pdflatex': The following rules & subrules became out-of-date:
  pdflatex
------------
Run number 3 of rule 'pdflatex'
------------
------------
Running 'xelatex -interaction=nonstopmode  -recorder  "article.tex"'
------------
This is XeTeX, Version 3.141592653-2.6-0.999994 (TeX Live 2022) (preloaded format=xelatex)
 restricted \write18 enabled.
entering extended mode
(./article.tex
LaTeX2e <2021-11-15> patch level 1
L3 programming layer <2022-02-24> (./rescience.cls
Document Class: rescience 2019/04/12 Style for ReScience articles
(/usr/local/texlive/2022/texmf-dist/tex/latex/base/article.cls
Document Class: article 2021/10/04 v1.4n Standard LaTeX document class
(/usr/local/texlive/2022/texmf-dist/tex/latex/base/size10.clo))
(/usr/local/texlive/2022/texmf-dist/tex/generic/babel/babel.sty
(/usr/local/texlive/2022/texmf-dist/tex/generic/babel/xebabel.def
(/usr/local/texlive/2022/texmf-dist/tex/generic/babel/txtbabel.def))
(/usr/local/texlive/2022/texmf-dist/tex/generic/babel-english/american.ldf
(/usr/local/texlive/2022/texmf-dist/tex/generic/babel-english/english.ldf)))
(/usr/local/texlive/2022/texmf-dist/tex/latex/base/ifthen.sty)
(/usr/local/texlive/2022/texmf-dist/tex/latex/tools/tabularx.sty
(/usr/local/texlive/2022/texmf-dist/tex/latex/tools/array.sty))
(/usr/local/texlive/2022/texmf-dist/tex/latex/pgf/frontendlayer/tikz.sty
(/usr/local/texlive/2022/texmf-dist/tex/latex/pgf/basiclayer/pgf.sty
(/usr/local/texlive/2022/texmf-dist/tex/latex/pgf/utilities/pgfrcs.sty
(/usr/local/texlive/2022/texmf-dist/tex/generic/pgf/utilities/pgfutil-common.te
x
(/usr/local/texlive/2022/texmf-dist/tex/generic/pgf/utilities/pgfutil-common-li
sts.tex))
(/usr/local/texlive/2022/texmf-dist/tex/generic/pgf/utilities/pgfutil-latex.def
) (/usr/local/texlive/2022/texmf-dist/tex/generic/pgf/utilities/pgfrcs.code.tex
(/usr/local/texlive/2022/texmf-dist/tex/generic/pgf/pgf.revision.tex)))
(/usr/local/texlive/2022/texmf-dist/tex/latex/pgf/basiclayer/pgfcore.sty
(/usr/local/texlive/2022/texmf-dist/tex/latex/graphics/graphicx.sty
(/usr/local/texlive/2022/texmf-dist/tex/latex/graphics/keyval.sty)
(/usr/local/texlive/2022/texmf-dist/tex/latex/graphics/graphics.sty
(/usr/local/texlive/2022/texmf-dist/tex/latex/graphics/trig.sty)
(/usr/local/texlive/2022/texmf-dist/tex/latex/graphics-cfg/graphics.cfg)
(/usr/local/texlive/2022/texmf-dist/tex/latex/graphics-def/xetex.def)))
(/usr/local/texlive/2022/texmf-dist/tex/latex/pgf/systemlayer/pgfsys.sty
(/usr/local/texlive/2022/texmf-dist/tex/generic/pgf/systemlayer/pgfsys.code.tex
(/usr/local/texlive/2022/texmf-dist/tex/generic/pgf/utilities/pgfkeys.code.tex
(/usr/local/texlive/2022/texmf-dist/tex/generic/pgf/utilities/pgfkeysfiltered.c
ode.tex))
(/usr/local/texlive/2022/texmf-dist/tex/generic/pgf/systemlayer/pgf.cfg)
(/usr/local/texlive/2022/texmf-dist/tex/generic/pgf/systemlayer/pgfsys-xetex.de
f
(/usr/local/texlive/2022/texmf-dist/tex/generic/pgf/systemlayer/pgfsys-dvipdfmx
.def
(/usr/local/texlive/2022/texmf-dist/tex/generic/pgf/systemlayer/pgfsys-common-p
df.def))))
(/usr/local/texlive/2022/texmf-dist/tex/generic/pgf/systemlayer/pgfsyssoftpath.
code.tex)
(/usr/local/texlive/2022/texmf-dist/tex/generic/pgf/systemlayer/pgfsysprotocol.
code.tex)) (/usr/local/texlive/2022/texmf-dist/tex/latex/xcolor/xcolor.sty
(/usr/local/texlive/2022/texmf-dist/tex/latex/graphics-cfg/color.cfg))
(/usr/local/texlive/2022/texmf-dist/tex/generic/pgf/basiclayer/pgfcore.code.tex
(/usr/local/texlive/2022/texmf-dist/tex/generic/pgf/math/pgfmath.code.tex
(/usr/local/texlive/2022/texmf-dist/tex/generic/pgf/math/pgfmathcalc.code.tex
(/usr/local/texlive/2022/texmf-dist/tex/generic/pgf/math/pgfmathutil.code.tex)
(/usr/local/texlive/2022/texmf-dist/tex/generic/pgf/math/pgfmathparser.code.tex
)
(/usr/local/texlive/2022/texmf-dist/tex/generic/pgf/math/pgfmathfunctions.code.
tex
(/usr/local/texlive/2022/texmf-dist/tex/generic/pgf/math/pgfmathfunctions.basic
.code.tex)
(/usr/local/texlive/2022/texmf-dist/tex/generic/pgf/math/pgfmathfunctions.trigo
nometric.code.tex)
(/usr/local/texlive/2022/texmf-dist/tex/generic/pgf/math/pgfmathfunctions.rando
m.code.tex)
(/usr/local/texlive/2022/texmf-dist/tex/generic/pgf/math/pgfmathfunctions.compa
rison.code.tex)
(/usr/local/texlive/2022/texmf-dist/tex/generic/pgf/math/pgfmathfunctions.base.
code.tex)
(/usr/local/texlive/2022/texmf-dist/tex/generic/pgf/math/pgfmathfunctions.round
.code.tex)
(/usr/local/texlive/2022/texmf-dist/tex/generic/pgf/math/pgfmathfunctions.misc.
code.tex)
(/usr/local/texlive/2022/texmf-dist/tex/generic/pgf/math/pgfmathfunctions.integ
erarithmetics.code.tex)))
(/usr/local/texlive/2022/texmf-dist/tex/generic/pgf/math/pgfmathfloat.code.tex)
) (/usr/local/texlive/2022/texmf-dist/tex/generic/pgf/math/pgfint.code.tex)
(/usr/local/texlive/2022/texmf-dist/tex/generic/pgf/basiclayer/pgfcorepoints.co
de.tex)
(/usr/local/texlive/2022/texmf-dist/tex/generic/pgf/basiclayer/pgfcorepathconst
ruct.code.tex)
(/usr/local/texlive/2022/texmf-dist/tex/generic/pgf/basiclayer/pgfcorepathusage
.code.tex)
(/usr/local/texlive/2022/texmf-dist/tex/generic/pgf/basiclayer/pgfcorescopes.co
de.tex)
(/usr/local/texlive/2022/texmf-dist/tex/generic/pgf/basiclayer/pgfcoregraphicst
ate.code.tex)
(/usr/local/texlive/2022/texmf-dist/tex/generic/pgf/basiclayer/pgfcoretransform
ations.code.tex)
(/usr/local/texlive/2022/texmf-dist/tex/generic/pgf/basiclayer/pgfcorequick.cod
e.tex)
(/usr/local/texlive/2022/texmf-dist/tex/generic/pgf/basiclayer/pgfcoreobjects.c
ode.tex)
(/usr/local/texlive/2022/texmf-dist/tex/generic/pgf/basiclayer/pgfcorepathproce
ssing.code.tex)
(/usr/local/texlive/2022/texmf-dist/tex/generic/pgf/basiclayer/pgfcorearrows.co
de.tex)
(/usr/local/texlive/2022/texmf-dist/tex/generic/pgf/basiclayer/pgfcoreshade.cod
e.tex)
(/usr/local/texlive/2022/texmf-dist/tex/generic/pgf/basiclayer/pgfcoreimage.cod
e.tex
(/usr/local/texlive/2022/texmf-dist/tex/generic/pgf/basiclayer/pgfcoreexternal.
code.tex))
(/usr/local/texlive/2022/texmf-dist/tex/generic/pgf/basiclayer/pgfcorelayers.co
de.tex)
(/usr/local/texlive/2022/texmf-dist/tex/generic/pgf/basiclayer/pgfcoretranspare
ncy.code.tex)
(/usr/local/texlive/2022/texmf-dist/tex/generic/pgf/basiclayer/pgfcorepatterns.
code.tex)
(/usr/local/texlive/2022/texmf-dist/tex/generic/pgf/basiclayer/pgfcorerdf.code.
tex)))
(/usr/local/texlive/2022/texmf-dist/tex/generic/pgf/modules/pgfmoduleshapes.cod
e.tex)
(/usr/local/texlive/2022/texmf-dist/tex/generic/pgf/modules/pgfmoduleplot.code.
tex)
(/usr/local/texlive/2022/texmf-dist/tex/latex/pgf/compatibility/pgfcomp-version
-0-65.sty)
(/usr/local/texlive/2022/texmf-dist/tex/latex/pgf/compatibility/pgfcomp-version
-1-18.sty))
(/usr/local/texlive/2022/texmf-dist/tex/latex/pgf/utilities/pgffor.sty
(/usr/local/texlive/2022/texmf-dist/tex/latex/pgf/utilities/pgfkeys.sty
(/usr/local/texlive/2022/texmf-dist/tex/generic/pgf/utilities/pgfkeys.code.tex)
) (/usr/local/texlive/2022/texmf-dist/tex/latex/pgf/math/pgfmath.sty
(/usr/local/texlive/2022/texmf-dist/tex/generic/pgf/math/pgfmath.code.tex))
(/usr/local/texlive/2022/texmf-dist/tex/generic/pgf/utilities/pgffor.code.tex
(/usr/local/texlive/2022/texmf-dist/tex/generic/pgf/math/pgfmath.code.tex)))
(/usr/local/texlive/2022/texmf-dist/tex/generic/pgf/frontendlayer/tikz/tikz.cod
e.tex
(/usr/local/texlive/2022/texmf-dist/tex/generic/pgf/libraries/pgflibraryplothan
dlers.code.tex)
(/usr/local/texlive/2022/texmf-dist/tex/generic/pgf/modules/pgfmodulematrix.cod
e.tex)
(/usr/local/texlive/2022/texmf-dist/tex/generic/pgf/frontendlayer/tikz/librarie
s/tikzlibrarytopaths.code.tex)))
(/usr/local/texlive/2022/texmf-dist/tex/latex/marginnote/marginnote.sty)
(/usr/local/texlive/2022/texmf-dist/tex/latex/csquotes/csquotes.sty
(/usr/local/texlive/2022/texmf-dist/tex/latex/etoolbox/etoolbox.sty)
(/usr/local/texlive/2022/texmf-dist/tex/latex/csquotes/csquotes.def)
(/usr/local/texlive/2022/texmf-dist/tex/latex/csquotes/csquotes.cfg))
(/usr/local/texlive/2022/texmf-dist/tex/latex/amsmath/amsmath.sty
For additional information on amsmath, use the `?' option.
(/usr/local/texlive/2022/texmf-dist/tex/latex/amsmath/amstext.sty
(/usr/local/texlive/2022/texmf-dist/tex/latex/amsmath/amsgen.sty))
(/usr/local/texlive/2022/texmf-dist/tex/latex/amsmath/amsbsy.sty)
(/usr/local/texlive/2022/texmf-dist/tex/latex/amsmath/amsopn.sty))
(/usr/local/texlive/2022/texmf-dist/tex/latex/mathtools/mathtools.sty
(/usr/local/texlive/2022/texmf-dist/tex/latex/tools/calc.sty)
(/usr/local/texlive/2022/texmf-dist/tex/latex/mathtools/mhsetup.sty))
(/usr/local/texlive/2022/texmf-dist/tex/latex/geometry/geometry.sty
(/usr/local/texlive/2022/texmf-dist/tex/generic/iftex/ifvtex.sty
(/usr/local/texlive/2022/texmf-dist/tex/generic/iftex/iftex.sty)))
(/usr/local/texlive/2022/texmf-dist/tex/latex/fontspec/fontspec.sty
(/usr/local/texlive/2022/texmf-dist/tex/latex/l3packages/xparse/xparse.sty
(/usr/local/texlive/2022/texmf-dist/tex/latex/l3kernel/expl3.sty
(/usr/local/texlive/2022/texmf-dist/tex/latex/l3backend/l3backend-xetex.def
(|extractbb --version))))
(/usr/local/texlive/2022/texmf-dist/tex/latex/fontspec/fontspec-xetex.sty
(/usr/local/texlive/2022/texmf-dist/tex/latex/base/fontenc.sty)
(/usr/local/texlive/2022/texmf-dist/tex/latex/fontspec/fontspec.cfg)))
(/usr/local/texlive/2022/texmf-dist/tex/latex/microtype/microtype.sty
(/usr/local/texlive/2022/texmf-dist/tex/latex/microtype/microtype-xetex.def)
(/usr/local/texlive/2022/texmf-dist/tex/latex/microtype/microtype.cfg))
(/usr/local/texlive/2022/texmf-dist/tex/latex/titlesec/titlesec.sty)
(/usr/local/texlive/2022/texmf-dist/tex/latex/caption/caption.sty
(/usr/local/texlive/2022/texmf-dist/tex/latex/caption/caption3.sty))
(/usr/local/texlive/2022/texmf-dist/tex/latex/hyperref/hyperref.sty
(/usr/local/texlive/2022/texmf-dist/tex/generic/ltxcmds/ltxcmds.sty)
(/usr/local/texlive/2022/texmf-dist/tex/generic/pdftexcmds/pdftexcmds.sty
(/usr/local/texlive/2022/texmf-dist/tex/generic/infwarerr/infwarerr.sty))
(/usr/local/texlive/2022/texmf-dist/tex/generic/kvsetkeys/kvsetkeys.sty)
(/usr/local/texlive/2022/texmf-dist/tex/generic/kvdefinekeys/kvdefinekeys.sty)
(/usr/local/texlive/2022/texmf-dist/tex/generic/pdfescape/pdfescape.sty)
(/usr/local/texlive/2022/texmf-dist/tex/latex/hycolor/hycolor.sty)
(/usr/local/texlive/2022/texmf-dist/tex/latex/letltxmacro/letltxmacro.sty)
(/usr/local/texlive/2022/texmf-dist/tex/latex/auxhook/auxhook.sty)
(/usr/local/texlive/2022/texmf-dist/tex/latex/kvoptions/kvoptions.sty)
(/usr/local/texlive/2022/texmf-dist/tex/latex/hyperref/pd1enc.def)
(/usr/local/texlive/2022/texmf-dist/tex/generic/intcalc/intcalc.sty)
(/usr/local/texlive/2022/texmf-dist/tex/generic/etexcmds/etexcmds.sty)
(/usr/local/texlive/2022/texmf-dist/tex/latex/hyperref/puenc.def)
(/usr/local/texlive/2022/texmf-dist/tex/latex/url/url.sty)
(/usr/local/texlive/2022/texmf-dist/tex/generic/bitset/bitset.sty
(/usr/local/texlive/2022/texmf-dist/tex/generic/bigintcalc/bigintcalc.sty))
(/usr/local/texlive/2022/texmf-dist/tex/latex/base/atbegshi-ltx.sty))
(/usr/local/texlive/2022/texmf-dist/tex/latex/hyperref/hxetex.def
(/usr/local/texlive/2022/texmf-dist/tex/generic/stringenc/stringenc.sty)
(/usr/local/texlive/2022/texmf-dist/tex/latex/rerunfilecheck/rerunfilecheck.sty
(/usr/local/texlive/2022/texmf-dist/tex/latex/base/atveryend-ltx.sty)
(/usr/local/texlive/2022/texmf-dist/tex/generic/uniquecounter/uniquecounter.sty
))) (/usr/local/texlive/2022/texmf-dist/tex/latex/listings/listings.sty
(/usr/local/texlive/2022/texmf-dist/tex/latex/listings/lstmisc.sty)
(/usr/local/texlive/2022/texmf-dist/tex/latex/listings/listings.cfg))
(/usr/local/texlive/2022/texmf-dist/tex/latex/enumitem/enumitem.sty)
(/usr/local/texlive/2022/texmf-dist/tex/latex/preprint/authblk.sty)
(/usr/local/texlive/2022/texmf-dist/tex/latex/tcolorbox/tcolorbox.sty
(/usr/local/texlive/2022/texmf-dist/tex/latex/tools/verbatim.sty)
(/usr/local/texlive/2022/texmf-dist/tex/latex/environ/environ.sty
(/usr/local/texlive/2022/texmf-dist/tex/latex/trimspaces/trimspaces.sty))
(/usr/local/texlive/2022/texmf-dist/tex/latex/tcolorbox/tcbraster.code.tex
Library (tcolorbox): 'tcbraster.code.tex' version '5.0.2'
) (/usr/local/texlive/2022/texmf-dist/tex/latex/tcolorbox/tcbskins.code.tex
Library (tcolorbox): 'tcbskins.code.tex' version '5.0.2'

(/usr/local/texlive/2022/texmf-dist/tex/latex/tcolorbox/tcbskinsjigsaw.code.tex
Library (tcolorbox): 'tcbskinsjigsaw.code.tex' version '5.0.2'
))
(/usr/local/texlive/2022/texmf-dist/tex/latex/tcolorbox/tcbbreakable.code.tex
Library (tcolorbox): 'tcbbreakable.code.tex' version '5.0.2'
(/usr/local/texlive/2022/texmf-dist/tex/generic/oberdiek/pdfcol.sty))
(/usr/local/texlive/2022/texmf-dist/tex/latex/tcolorbox/tcbhooks.code.tex
Library (tcolorbox): 'tcbhooks.code.tex' version '5.0.2'
) (/usr/local/texlive/2022/texmf-dist/tex/latex/tcolorbox/tcbtheorems.code.tex
Library (tcolorbox): 'tcbtheorems.code.tex' version '5.0.2'
) (/usr/local/texlive/2022/texmf-dist/tex/latex/tcolorbox/tcbfitting.code.tex
Library (tcolorbox): 'tcbfitting.code.tex' version '5.0.2'
) (/usr/local/texlive/2022/texmf-dist/tex/latex/tcolorbox/tcbxparse.code.tex
Library (tcolorbox): 'tcbxparse.code.tex' version '5.0.2'
)) (./metadata.tex)
(/usr/local/texlive/2022/texmf-dist/tex/latex/fancyhdr/fancyhdr.sty)
(/usr/local/texlive/2022/texmf-dist/tex/latex/biblatex/biblatex.sty
(/usr/local/texlive/2022/texmf-dist/tex/latex/logreq/logreq.sty
(/usr/local/texlive/2022/texmf-dist/tex/latex/logreq/logreq.def))
(/usr/local/texlive/2022/texmf-dist/tex/latex/biblatex/blx-dm.def)
(/usr/local/texlive/2022/texmf-dist/tex/latex/biblatex/blx-unicode.def)
(/usr/local/texlive/2022/texmf-dist/tex/latex/biblatex/blx-compat.def)
(/usr/local/texlive/2022/texmf-dist/tex/latex/biblatex/biblatex.def)
(/usr/local/texlive/2022/texmf-dist/tex/latex/biblatex/blx-natbib.def)
(/usr/local/texlive/2022/texmf-dist/tex/latex/biblatex/bbx/numeric.bbx
(/usr/local/texlive/2022/texmf-dist/tex/latex/biblatex/bbx/standard.bbx))
(/usr/local/texlive/2022/texmf-dist/tex/latex/biblatex/cbx/numeric.cbx)
(/usr/local/texlive/2022/texmf-dist/tex/latex/biblatex/biblatex.cfg)
(/usr/local/texlive/2022/texmf-dist/tex/latex/biblatex/blx-case-expl3.sty))
(/usr/local/texlive/2022/texmf-dist/tex/latex/natbib/bibentry.sty)
(/usr/local/texlive/2022/texmf-dist/tex/latex/float/float.sty))
(../openreview/packages.tex
(/usr/local/texlive/2022/texmf-dist/tex/latex/base/inputenc.sty

Package inputenc Warning: inputenc package ignored with utf8 based engines.

))

Package csquotes Warning: Load 'inputenc' before 'csquotes' on input line 3.


Package biblatex Warning: Load 'inputenc' before biblatex.

(./article.aux

LaTeX Warning: Label `tab:exp2' multiply defined.


LaTeX Warning: Label `tab:exp2' multiply defined.


LaTeX Warning: Label `tab:exp2' multiply defined.

) (/usr/local/texlive/2022/texmf-dist/tex/latex/base/ts1cmr.fd)
*geometry* driver: auto-detecting
*geometry* detected driver: xetex
(/usr/local/texlive/2022/texmf-dist/tex/latex/hyperref/nameref.sty
(/usr/local/texlive/2022/texmf-dist/tex/latex/refcount/refcount.sty)
(/usr/local/texlive/2022/texmf-dist/tex/generic/gettitlestring/gettitlestring.s
ty)) (./article.out) (./article.out)
(/usr/local/texlive/2022/texmf-dist/tex/latex/biblatex/lbx/american.lbx
(/usr/local/texlive/2022/texmf-dist/tex/latex/biblatex/lbx/english.lbx)
(/usr/local/texlive/2022/texmf-dist/tex/latex/biblatex/lbx/english.lbx))
(./article.bbl) (./header.tex
(/usr/local/texlive/2022/texmf-dist/tex/latex/microtype/mt-cmr.cfg)
Underfull \hbox (badness 10000) in paragraph at lines 69--70
[]\TU/RobotoCondensed(0)/m/n/7 Code is available at [][]https://github.com/Shua
iWang97/UvA_FACT2022[][] – DOI [][]10.5281/zenodo.6515893[][]. – SWH
) (../openreview/content.tex [1] [2] [3] [4] [5] [6]
Overfull \hbox (5.61835pt too wide) in paragraph at lines 129--144
 [][] 

LaTeX Warning: No positions in optional float specifier.
               Default added (so using `tbp') on input line 147.


Overfull \hbox (5.61835pt too wide) in paragraph at lines 151--164
[][] 
[7] [8] [9])
Missing character: There is no ̈ (U+0308) in font [./roboto/RobotoCondensed-Lig
ht.ttf]/OT:script=DFLT;language=dflt;mapping=tex-text;!

Underfull \hbox (badness 1189) in paragraph at lines 9--9
\TU/RobotoCondensed(0)/m/n/9 in Machine Learning for Public Policy.” In: \TU/Ro
botoCondensed(0)/m/it/9 Nature Machine Intelligence \TU/RobotoCondensed(0)/m/n/
9 3.10 (2021), pp. 896–904. \TU/RobotoCondensed(0)/m/sc/9 doi\TU/RobotoCondense
d(0)/m/n/9 :
[10] (../openreview/appendix.tex [11]
Overfull \hbox (35.47704pt too wide) in paragraph at lines 70--81
 [][] 

LaTeX Warning: `h' float specifier changed to `ht'.

) [12] [13] (./article.aux)

LaTeX Warning: There were multiply-defined labels.

 )
(see the transcript file for additional information)
Output written on article.pdf (13 pages).
Transcript written on article.log.
Latexmk: Getting log file 'article.log'
Latexmk: Examining 'article.fls'
Latexmk: Examining 'article.log'
Latexmk: Found input bbl file 'article.bbl'
Latexmk: Log file says output to 'article.pdf'
Biber warning: [283] Biber.pm:130> WARN - Duplicate entry key: 'tomalin_byrne_concannon_saunders_ullmann_2021' in file 'bibliography.bib', skipping ...
Latexmk: Found biber source file(s) [article.bcf bibliography.bib]
Latexmk: applying rule 'pdflatex'...
Rule 'pdflatex': File changes, etc:
   Changed files, or newly in use since previous run(s):
  article.run.xml
Rule 'pdflatex': The following rules & subrules became out-of-date:
  pdflatex
------------
Run number 4 of rule 'pdflatex'
------------
------------
Running 'xelatex -interaction=nonstopmode  -recorder  "article.tex"'
------------
This is XeTeX, Version 3.141592653-2.6-0.999994 (TeX Live 2022) (preloaded format=xelatex)
 restricted \write18 enabled.
entering extended mode
(./article.tex
LaTeX2e <2021-11-15> patch level 1
L3 programming layer <2022-02-24> (./rescience.cls
Document Class: rescience 2019/04/12 Style for ReScience articles
(/usr/local/texlive/2022/texmf-dist/tex/latex/base/article.cls
Document Class: article 2021/10/04 v1.4n Standard LaTeX document class
(/usr/local/texlive/2022/texmf-dist/tex/latex/base/size10.clo))
(/usr/local/texlive/2022/texmf-dist/tex/generic/babel/babel.sty
(/usr/local/texlive/2022/texmf-dist/tex/generic/babel/xebabel.def
(/usr/local/texlive/2022/texmf-dist/tex/generic/babel/txtbabel.def))
(/usr/local/texlive/2022/texmf-dist/tex/generic/babel-english/american.ldf
(/usr/local/texlive/2022/texmf-dist/tex/generic/babel-english/english.ldf)))
(/usr/local/texlive/2022/texmf-dist/tex/latex/base/ifthen.sty)
(/usr/local/texlive/2022/texmf-dist/tex/latex/tools/tabularx.sty
(/usr/local/texlive/2022/texmf-dist/tex/latex/tools/array.sty))
(/usr/local/texlive/2022/texmf-dist/tex/latex/pgf/frontendlayer/tikz.sty
(/usr/local/texlive/2022/texmf-dist/tex/latex/pgf/basiclayer/pgf.sty
(/usr/local/texlive/2022/texmf-dist/tex/latex/pgf/utilities/pgfrcs.sty
(/usr/local/texlive/2022/texmf-dist/tex/generic/pgf/utilities/pgfutil-common.te
x
(/usr/local/texlive/2022/texmf-dist/tex/generic/pgf/utilities/pgfutil-common-li
sts.tex))
(/usr/local/texlive/2022/texmf-dist/tex/generic/pgf/utilities/pgfutil-latex.def
) (/usr/local/texlive/2022/texmf-dist/tex/generic/pgf/utilities/pgfrcs.code.tex
(/usr/local/texlive/2022/texmf-dist/tex/generic/pgf/pgf.revision.tex)))
(/usr/local/texlive/2022/texmf-dist/tex/latex/pgf/basiclayer/pgfcore.sty
(/usr/local/texlive/2022/texmf-dist/tex/latex/graphics/graphicx.sty
(/usr/local/texlive/2022/texmf-dist/tex/latex/graphics/keyval.sty)
(/usr/local/texlive/2022/texmf-dist/tex/latex/graphics/graphics.sty
(/usr/local/texlive/2022/texmf-dist/tex/latex/graphics/trig.sty)
(/usr/local/texlive/2022/texmf-dist/tex/latex/graphics-cfg/graphics.cfg)
(/usr/local/texlive/2022/texmf-dist/tex/latex/graphics-def/xetex.def)))
(/usr/local/texlive/2022/texmf-dist/tex/latex/pgf/systemlayer/pgfsys.sty
(/usr/local/texlive/2022/texmf-dist/tex/generic/pgf/systemlayer/pgfsys.code.tex
(/usr/local/texlive/2022/texmf-dist/tex/generic/pgf/utilities/pgfkeys.code.tex
(/usr/local/texlive/2022/texmf-dist/tex/generic/pgf/utilities/pgfkeysfiltered.c
ode.tex))
(/usr/local/texlive/2022/texmf-dist/tex/generic/pgf/systemlayer/pgf.cfg)
(/usr/local/texlive/2022/texmf-dist/tex/generic/pgf/systemlayer/pgfsys-xetex.de
f
(/usr/local/texlive/2022/texmf-dist/tex/generic/pgf/systemlayer/pgfsys-dvipdfmx
.def
(/usr/local/texlive/2022/texmf-dist/tex/generic/pgf/systemlayer/pgfsys-common-p
df.def))))
(/usr/local/texlive/2022/texmf-dist/tex/generic/pgf/systemlayer/pgfsyssoftpath.
code.tex)
(/usr/local/texlive/2022/texmf-dist/tex/generic/pgf/systemlayer/pgfsysprotocol.
code.tex)) (/usr/local/texlive/2022/texmf-dist/tex/latex/xcolor/xcolor.sty
(/usr/local/texlive/2022/texmf-dist/tex/latex/graphics-cfg/color.cfg))
(/usr/local/texlive/2022/texmf-dist/tex/generic/pgf/basiclayer/pgfcore.code.tex
(/usr/local/texlive/2022/texmf-dist/tex/generic/pgf/math/pgfmath.code.tex
(/usr/local/texlive/2022/texmf-dist/tex/generic/pgf/math/pgfmathcalc.code.tex
(/usr/local/texlive/2022/texmf-dist/tex/generic/pgf/math/pgfmathutil.code.tex)
(/usr/local/texlive/2022/texmf-dist/tex/generic/pgf/math/pgfmathparser.code.tex
)
(/usr/local/texlive/2022/texmf-dist/tex/generic/pgf/math/pgfmathfunctions.code.
tex
(/usr/local/texlive/2022/texmf-dist/tex/generic/pgf/math/pgfmathfunctions.basic
.code.tex)
(/usr/local/texlive/2022/texmf-dist/tex/generic/pgf/math/pgfmathfunctions.trigo
nometric.code.tex)
(/usr/local/texlive/2022/texmf-dist/tex/generic/pgf/math/pgfmathfunctions.rando
m.code.tex)
(/usr/local/texlive/2022/texmf-dist/tex/generic/pgf/math/pgfmathfunctions.compa
rison.code.tex)
(/usr/local/texlive/2022/texmf-dist/tex/generic/pgf/math/pgfmathfunctions.base.
code.tex)
(/usr/local/texlive/2022/texmf-dist/tex/generic/pgf/math/pgfmathfunctions.round
.code.tex)
(/usr/local/texlive/2022/texmf-dist/tex/generic/pgf/math/pgfmathfunctions.misc.
code.tex)
(/usr/local/texlive/2022/texmf-dist/tex/generic/pgf/math/pgfmathfunctions.integ
erarithmetics.code.tex)))
(/usr/local/texlive/2022/texmf-dist/tex/generic/pgf/math/pgfmathfloat.code.tex)
) (/usr/local/texlive/2022/texmf-dist/tex/generic/pgf/math/pgfint.code.tex)
(/usr/local/texlive/2022/texmf-dist/tex/generic/pgf/basiclayer/pgfcorepoints.co
de.tex)
(/usr/local/texlive/2022/texmf-dist/tex/generic/pgf/basiclayer/pgfcorepathconst
ruct.code.tex)
(/usr/local/texlive/2022/texmf-dist/tex/generic/pgf/basiclayer/pgfcorepathusage
.code.tex)
(/usr/local/texlive/2022/texmf-dist/tex/generic/pgf/basiclayer/pgfcorescopes.co
de.tex)
(/usr/local/texlive/2022/texmf-dist/tex/generic/pgf/basiclayer/pgfcoregraphicst
ate.code.tex)
(/usr/local/texlive/2022/texmf-dist/tex/generic/pgf/basiclayer/pgfcoretransform
ations.code.tex)
(/usr/local/texlive/2022/texmf-dist/tex/generic/pgf/basiclayer/pgfcorequick.cod
e.tex)
(/usr/local/texlive/2022/texmf-dist/tex/generic/pgf/basiclayer/pgfcoreobjects.c
ode.tex)
(/usr/local/texlive/2022/texmf-dist/tex/generic/pgf/basiclayer/pgfcorepathproce
ssing.code.tex)
(/usr/local/texlive/2022/texmf-dist/tex/generic/pgf/basiclayer/pgfcorearrows.co
de.tex)
(/usr/local/texlive/2022/texmf-dist/tex/generic/pgf/basiclayer/pgfcoreshade.cod
e.tex)
(/usr/local/texlive/2022/texmf-dist/tex/generic/pgf/basiclayer/pgfcoreimage.cod
e.tex
(/usr/local/texlive/2022/texmf-dist/tex/generic/pgf/basiclayer/pgfcoreexternal.
code.tex))
(/usr/local/texlive/2022/texmf-dist/tex/generic/pgf/basiclayer/pgfcorelayers.co
de.tex)
(/usr/local/texlive/2022/texmf-dist/tex/generic/pgf/basiclayer/pgfcoretranspare
ncy.code.tex)
(/usr/local/texlive/2022/texmf-dist/tex/generic/pgf/basiclayer/pgfcorepatterns.
code.tex)
(/usr/local/texlive/2022/texmf-dist/tex/generic/pgf/basiclayer/pgfcorerdf.code.
tex)))
(/usr/local/texlive/2022/texmf-dist/tex/generic/pgf/modules/pgfmoduleshapes.cod
e.tex)
(/usr/local/texlive/2022/texmf-dist/tex/generic/pgf/modules/pgfmoduleplot.code.
tex)
(/usr/local/texlive/2022/texmf-dist/tex/latex/pgf/compatibility/pgfcomp-version
-0-65.sty)
(/usr/local/texlive/2022/texmf-dist/tex/latex/pgf/compatibility/pgfcomp-version
-1-18.sty))
(/usr/local/texlive/2022/texmf-dist/tex/latex/pgf/utilities/pgffor.sty
(/usr/local/texlive/2022/texmf-dist/tex/latex/pgf/utilities/pgfkeys.sty
(/usr/local/texlive/2022/texmf-dist/tex/generic/pgf/utilities/pgfkeys.code.tex)
) (/usr/local/texlive/2022/texmf-dist/tex/latex/pgf/math/pgfmath.sty
(/usr/local/texlive/2022/texmf-dist/tex/generic/pgf/math/pgfmath.code.tex))
(/usr/local/texlive/2022/texmf-dist/tex/generic/pgf/utilities/pgffor.code.tex
(/usr/local/texlive/2022/texmf-dist/tex/generic/pgf/math/pgfmath.code.tex)))
(/usr/local/texlive/2022/texmf-dist/tex/generic/pgf/frontendlayer/tikz/tikz.cod
e.tex
(/usr/local/texlive/2022/texmf-dist/tex/generic/pgf/libraries/pgflibraryplothan
dlers.code.tex)
(/usr/local/texlive/2022/texmf-dist/tex/generic/pgf/modules/pgfmodulematrix.cod
e.tex)
(/usr/local/texlive/2022/texmf-dist/tex/generic/pgf/frontendlayer/tikz/librarie
s/tikzlibrarytopaths.code.tex)))
(/usr/local/texlive/2022/texmf-dist/tex/latex/marginnote/marginnote.sty)
(/usr/local/texlive/2022/texmf-dist/tex/latex/csquotes/csquotes.sty
(/usr/local/texlive/2022/texmf-dist/tex/latex/etoolbox/etoolbox.sty)
(/usr/local/texlive/2022/texmf-dist/tex/latex/csquotes/csquotes.def)
(/usr/local/texlive/2022/texmf-dist/tex/latex/csquotes/csquotes.cfg))
(/usr/local/texlive/2022/texmf-dist/tex/latex/amsmath/amsmath.sty
For additional information on amsmath, use the `?' option.
(/usr/local/texlive/2022/texmf-dist/tex/latex/amsmath/amstext.sty
(/usr/local/texlive/2022/texmf-dist/tex/latex/amsmath/amsgen.sty))
(/usr/local/texlive/2022/texmf-dist/tex/latex/amsmath/amsbsy.sty)
(/usr/local/texlive/2022/texmf-dist/tex/latex/amsmath/amsopn.sty))
(/usr/local/texlive/2022/texmf-dist/tex/latex/mathtools/mathtools.sty
(/usr/local/texlive/2022/texmf-dist/tex/latex/tools/calc.sty)
(/usr/local/texlive/2022/texmf-dist/tex/latex/mathtools/mhsetup.sty))
(/usr/local/texlive/2022/texmf-dist/tex/latex/geometry/geometry.sty
(/usr/local/texlive/2022/texmf-dist/tex/generic/iftex/ifvtex.sty
(/usr/local/texlive/2022/texmf-dist/tex/generic/iftex/iftex.sty)))
(/usr/local/texlive/2022/texmf-dist/tex/latex/fontspec/fontspec.sty
(/usr/local/texlive/2022/texmf-dist/tex/latex/l3packages/xparse/xparse.sty
(/usr/local/texlive/2022/texmf-dist/tex/latex/l3kernel/expl3.sty
(/usr/local/texlive/2022/texmf-dist/tex/latex/l3backend/l3backend-xetex.def
(|extractbb --version))))
(/usr/local/texlive/2022/texmf-dist/tex/latex/fontspec/fontspec-xetex.sty
(/usr/local/texlive/2022/texmf-dist/tex/latex/base/fontenc.sty)
(/usr/local/texlive/2022/texmf-dist/tex/latex/fontspec/fontspec.cfg)))
(/usr/local/texlive/2022/texmf-dist/tex/latex/microtype/microtype.sty
(/usr/local/texlive/2022/texmf-dist/tex/latex/microtype/microtype-xetex.def)
(/usr/local/texlive/2022/texmf-dist/tex/latex/microtype/microtype.cfg))
(/usr/local/texlive/2022/texmf-dist/tex/latex/titlesec/titlesec.sty)
(/usr/local/texlive/2022/texmf-dist/tex/latex/caption/caption.sty
(/usr/local/texlive/2022/texmf-dist/tex/latex/caption/caption3.sty))
(/usr/local/texlive/2022/texmf-dist/tex/latex/hyperref/hyperref.sty
(/usr/local/texlive/2022/texmf-dist/tex/generic/ltxcmds/ltxcmds.sty)
(/usr/local/texlive/2022/texmf-dist/tex/generic/pdftexcmds/pdftexcmds.sty
(/usr/local/texlive/2022/texmf-dist/tex/generic/infwarerr/infwarerr.sty))
(/usr/local/texlive/2022/texmf-dist/tex/generic/kvsetkeys/kvsetkeys.sty)
(/usr/local/texlive/2022/texmf-dist/tex/generic/kvdefinekeys/kvdefinekeys.sty)
(/usr/local/texlive/2022/texmf-dist/tex/generic/pdfescape/pdfescape.sty)
(/usr/local/texlive/2022/texmf-dist/tex/latex/hycolor/hycolor.sty)
(/usr/local/texlive/2022/texmf-dist/tex/latex/letltxmacro/letltxmacro.sty)
(/usr/local/texlive/2022/texmf-dist/tex/latex/auxhook/auxhook.sty)
(/usr/local/texlive/2022/texmf-dist/tex/latex/kvoptions/kvoptions.sty)
(/usr/local/texlive/2022/texmf-dist/tex/latex/hyperref/pd1enc.def)
(/usr/local/texlive/2022/texmf-dist/tex/generic/intcalc/intcalc.sty)
(/usr/local/texlive/2022/texmf-dist/tex/generic/etexcmds/etexcmds.sty)
(/usr/local/texlive/2022/texmf-dist/tex/latex/hyperref/puenc.def)
(/usr/local/texlive/2022/texmf-dist/tex/latex/url/url.sty)
(/usr/local/texlive/2022/texmf-dist/tex/generic/bitset/bitset.sty
(/usr/local/texlive/2022/texmf-dist/tex/generic/bigintcalc/bigintcalc.sty))
(/usr/local/texlive/2022/texmf-dist/tex/latex/base/atbegshi-ltx.sty))
(/usr/local/texlive/2022/texmf-dist/tex/latex/hyperref/hxetex.def
(/usr/local/texlive/2022/texmf-dist/tex/generic/stringenc/stringenc.sty)
(/usr/local/texlive/2022/texmf-dist/tex/latex/rerunfilecheck/rerunfilecheck.sty
(/usr/local/texlive/2022/texmf-dist/tex/latex/base/atveryend-ltx.sty)
(/usr/local/texlive/2022/texmf-dist/tex/generic/uniquecounter/uniquecounter.sty
))) (/usr/local/texlive/2022/texmf-dist/tex/latex/listings/listings.sty
(/usr/local/texlive/2022/texmf-dist/tex/latex/listings/lstmisc.sty)
(/usr/local/texlive/2022/texmf-dist/tex/latex/listings/listings.cfg))
(/usr/local/texlive/2022/texmf-dist/tex/latex/enumitem/enumitem.sty)
(/usr/local/texlive/2022/texmf-dist/tex/latex/preprint/authblk.sty)
(/usr/local/texlive/2022/texmf-dist/tex/latex/tcolorbox/tcolorbox.sty
(/usr/local/texlive/2022/texmf-dist/tex/latex/tools/verbatim.sty)
(/usr/local/texlive/2022/texmf-dist/tex/latex/environ/environ.sty
(/usr/local/texlive/2022/texmf-dist/tex/latex/trimspaces/trimspaces.sty))
(/usr/local/texlive/2022/texmf-dist/tex/latex/tcolorbox/tcbraster.code.tex
Library (tcolorbox): 'tcbraster.code.tex' version '5.0.2'
) (/usr/local/texlive/2022/texmf-dist/tex/latex/tcolorbox/tcbskins.code.tex
Library (tcolorbox): 'tcbskins.code.tex' version '5.0.2'

(/usr/local/texlive/2022/texmf-dist/tex/latex/tcolorbox/tcbskinsjigsaw.code.tex
Library (tcolorbox): 'tcbskinsjigsaw.code.tex' version '5.0.2'
))
(/usr/local/texlive/2022/texmf-dist/tex/latex/tcolorbox/tcbbreakable.code.tex
Library (tcolorbox): 'tcbbreakable.code.tex' version '5.0.2'
(/usr/local/texlive/2022/texmf-dist/tex/generic/oberdiek/pdfcol.sty))
(/usr/local/texlive/2022/texmf-dist/tex/latex/tcolorbox/tcbhooks.code.tex
Library (tcolorbox): 'tcbhooks.code.tex' version '5.0.2'
) (/usr/local/texlive/2022/texmf-dist/tex/latex/tcolorbox/tcbtheorems.code.tex
Library (tcolorbox): 'tcbtheorems.code.tex' version '5.0.2'
) (/usr/local/texlive/2022/texmf-dist/tex/latex/tcolorbox/tcbfitting.code.tex
Library (tcolorbox): 'tcbfitting.code.tex' version '5.0.2'
) (/usr/local/texlive/2022/texmf-dist/tex/latex/tcolorbox/tcbxparse.code.tex
Library (tcolorbox): 'tcbxparse.code.tex' version '5.0.2'
)) (./metadata.tex)
(/usr/local/texlive/2022/texmf-dist/tex/latex/fancyhdr/fancyhdr.sty)
(/usr/local/texlive/2022/texmf-dist/tex/latex/biblatex/biblatex.sty
(/usr/local/texlive/2022/texmf-dist/tex/latex/logreq/logreq.sty
(/usr/local/texlive/2022/texmf-dist/tex/latex/logreq/logreq.def))
(/usr/local/texlive/2022/texmf-dist/tex/latex/biblatex/blx-dm.def)
(/usr/local/texlive/2022/texmf-dist/tex/latex/biblatex/blx-unicode.def)
(/usr/local/texlive/2022/texmf-dist/tex/latex/biblatex/blx-compat.def)
(/usr/local/texlive/2022/texmf-dist/tex/latex/biblatex/biblatex.def)
(/usr/local/texlive/2022/texmf-dist/tex/latex/biblatex/blx-natbib.def)
(/usr/local/texlive/2022/texmf-dist/tex/latex/biblatex/bbx/numeric.bbx
(/usr/local/texlive/2022/texmf-dist/tex/latex/biblatex/bbx/standard.bbx))
(/usr/local/texlive/2022/texmf-dist/tex/latex/biblatex/cbx/numeric.cbx)
(/usr/local/texlive/2022/texmf-dist/tex/latex/biblatex/biblatex.cfg)
(/usr/local/texlive/2022/texmf-dist/tex/latex/biblatex/blx-case-expl3.sty))
(/usr/local/texlive/2022/texmf-dist/tex/latex/natbib/bibentry.sty)
(/usr/local/texlive/2022/texmf-dist/tex/latex/float/float.sty))
(../openreview/packages.tex
(/usr/local/texlive/2022/texmf-dist/tex/latex/base/inputenc.sty

Package inputenc Warning: inputenc package ignored with utf8 based engines.

))

Package csquotes Warning: Load 'inputenc' before 'csquotes' on input line 3.


Package biblatex Warning: Load 'inputenc' before biblatex.

(./article.aux

LaTeX Warning: Label `tab:exp2' multiply defined.


LaTeX Warning: Label `tab:exp2' multiply defined.


LaTeX Warning: Label `tab:exp2' multiply defined.

) (/usr/local/texlive/2022/texmf-dist/tex/latex/base/ts1cmr.fd)
*geometry* driver: auto-detecting
*geometry* detected driver: xetex
(/usr/local/texlive/2022/texmf-dist/tex/latex/hyperref/nameref.sty
(/usr/local/texlive/2022/texmf-dist/tex/latex/refcount/refcount.sty)
(/usr/local/texlive/2022/texmf-dist/tex/generic/gettitlestring/gettitlestring.s
ty)) (./article.out) (./article.out)
(/usr/local/texlive/2022/texmf-dist/tex/latex/biblatex/lbx/american.lbx
(/usr/local/texlive/2022/texmf-dist/tex/latex/biblatex/lbx/english.lbx)
(/usr/local/texlive/2022/texmf-dist/tex/latex/biblatex/lbx/english.lbx))
(./article.bbl) (./header.tex
(/usr/local/texlive/2022/texmf-dist/tex/latex/microtype/mt-cmr.cfg)
Underfull \hbox (badness 10000) in paragraph at lines 69--70
[]\TU/RobotoCondensed(0)/m/n/7 Code is available at [][]https://github.com/Shua
iWang97/UvA_FACT2022[][] – DOI [][]10.5281/zenodo.6515893[][]. – SWH
) (../openreview/content.tex [1] [2] [3] [4] [5] [6]
Overfull \hbox (5.61835pt too wide) in paragraph at lines 129--144
 [][] 

LaTeX Warning: No positions in optional float specifier.
               Default added (so using `tbp') on input line 147.


Overfull \hbox (5.61835pt too wide) in paragraph at lines 151--164
[][] 
[7] [8] [9])
Missing character: There is no ̈ (U+0308) in font [./roboto/RobotoCondensed-Lig
ht.ttf]/OT:script=DFLT;language=dflt;mapping=tex-text;!

Underfull \hbox (badness 1189) in paragraph at lines 9--9
\TU/RobotoCondensed(0)/m/n/9 in Machine Learning for Public Policy.” In: \TU/Ro
botoCondensed(0)/m/it/9 Nature Machine Intelligence \TU/RobotoCondensed(0)/m/n/
9 3.10 (2021), pp. 896–904. \TU/RobotoCondensed(0)/m/sc/9 doi\TU/RobotoCondense
d(0)/m/n/9 :
[10] (../openreview/appendix.tex [11]
Overfull \hbox (35.47704pt too wide) in paragraph at lines 70--81
 [][] 

LaTeX Warning: `h' float specifier changed to `ht'.

) [12] [13] (./article.aux)

LaTeX Warning: There were multiply-defined labels.

 )
(see the transcript file for additional information)
Output written on article.pdf (13 pages).
Transcript written on article.log.
Latexmk: Getting log file 'article.log'
Latexmk: Examining 'article.fls'
Latexmk: Examining 'article.log'
Latexmk: Found input bbl file 'article.bbl'
Latexmk: Log file says output to 'article.pdf'
Biber warning: [283] Biber.pm:130> WARN - Duplicate entry key: 'tomalin_byrne_concannon_saunders_ullmann_2021' in file 'bibliography.bib', skipping ...
Latexmk: Found biber source file(s) [article.bcf bibliography.bib]
Latexmk: Summary of warnings from last run of *latex:
  Latex found 3 multiply defined reference(s)
  =====Latex reported missing or unavailable character(s).
=====See log file for details.
Latexmk: All targets (article.pdf) are up-to-date
