\BOOKMARK [1][-]{section.1}{\376\377\000R\000e\000p\000r\000o\000d\000u\000c\000i\000b\000i\000l\000i\000t\000y\000\040\000S\000u\000m\000m\000a\000r\000y}{}% 1
\BOOKMARK [2][-]{subsection.1.1}{\376\377\000S\000u\000b\000m\000i\000s\000s\000i\000o\000n\000\040\000C\000h\000e\000c\000k\000l\000i\000s\000t}{section.1}% 2
\BOOKMARK [2][-]{subsection.1.2}{\376\377\000C\000o\000n\000t\000i\000n\000u\000o\000u\000s\000\040\000I\000n\000t\000e\000g\000r\000a\000t\000i\000o\000n}{section.1}% 3
\BOOKMARK [1][-]{section.2}{\376\377\000C\000o\000n\000t\000e\000n\000t}{}% 4
\BOOKMARK [1][-]{section.3}{\376\377\000I\000n\000t\000r\000o\000d\000u\000c\000t\000i\000o\000n}{}% 5
\BOOKMARK [1][-]{section.4}{\376\377\000S\000c\000o\000p\000e\000\040\000o\000f\000\040\000r\000e\000p\000r\000o\000d\000u\000c\000i\000b\000i\000l\000i\000t\000y}{}% 6
\BOOKMARK [1][-]{section.5}{\376\377\000M\000e\000t\000h\000o\000d\000o\000l\000o\000g\000y}{}% 7
\BOOKMARK [2][-]{subsection.5.1}{\376\377\000M\000o\000d\000e\000l\000\040\000d\000e\000s\000c\000r\000i\000p\000t\000i\000o\000n}{section.5}% 8
\BOOKMARK [3][-]{subsubsection.5.1.1}{\376\377\000L\000i\000n\000e\000a\000r\000\040\000D\000e\000c\000i\000s\000i\000o\000n\000\040\000B\000o\000u\000n\000d\000a\000r\000i\000e\000s}{subsection.5.1}% 9
\BOOKMARK [3][-]{subsubsection.5.1.2}{\376\377\000E\000x\000p\000l\000a\000n\000a\000t\000i\000o\000n\000s}{subsection.5.1}% 10
\BOOKMARK [2][-]{subsection.5.2}{\376\377\000D\000a\000t\000a\000s\000e\000t\000s}{section.5}% 11
\BOOKMARK [2][-]{subsection.5.3}{\376\377\000E\000x\000p\000e\000r\000i\000m\000e\000n\000t\000a\000l\000\040\000s\000e\000t\000u\000p\000\040\000a\000n\000d\000\040\000c\000o\000d\000e}{section.5}% 12
\BOOKMARK [3][-]{subsubsection.5.3.1}{\376\377\000R\000e\000p\000r\000o\000d\000u\000c\000i\000b\000i\000l\000i\000t\000y}{subsection.5.3}% 13
\BOOKMARK [3][-]{subsubsection.5.3.2}{\376\377\000E\000x\000t\000e\000n\000s\000i\000o\000n}{subsection.5.3}% 14
\BOOKMARK [2][-]{subsection.5.4}{\376\377\000C\000o\000m\000p\000u\000t\000a\000t\000i\000o\000n\000a\000l\000\040\000r\000e\000q\000u\000i\000r\000e\000m\000e\000n\000t\000s}{section.5}% 15
\BOOKMARK [1][-]{section.6}{\376\377\000R\000e\000s\000u\000l\000t\000s}{}% 16
\BOOKMARK [2][-]{subsection.6.1}{\376\377\000R\000e\000s\000u\000l\000t\000s\000\040\000r\000e\000p\000r\000o\000d\000u\000c\000i\000n\000g\000\040\000o\000r\000i\000g\000i\000n\000a\000l\000\040\000p\000a\000p\000e\000r}{section.6}% 17
\BOOKMARK [2][-]{subsection.6.2}{\376\377\000R\000e\000s\000u\000l\000t\000s\000\040\000b\000e\000y\000o\000n\000d\000\040\000o\000r\000i\000g\000i\000n\000a\000l\000\040\000p\000a\000p\000e\000r}{section.6}% 18
\BOOKMARK [2][-]{subsection.6.3}{\376\377\000E\000x\000t\000e\000n\000s\000i\000o\000n}{section.6}% 19
\BOOKMARK [3][-]{subsubsection.6.3.1}{\376\377\000M\000N\000I\000S\000T\000S\000u\000p\000e\000r\000p\000i\000x\000e\000l\000s}{subsection.6.3}% 20
\BOOKMARK [3][-]{subsubsection.6.3.2}{\376\377\000A\000U\000C\000\040\000c\000o\000m\000p\000u\000t\000a\000t\000i\000o\000n}{subsection.6.3}% 21
\BOOKMARK [1][-]{section.7}{\376\377\000D\000i\000s\000c\000u\000s\000s\000i\000o\000n}{}% 22
\BOOKMARK [1][-]{section.8}{\376\377\000A\000U\000C\000\040\000c\000o\000m\000p\000a\000r\000i\000s\000o\000n}{}% 23
\BOOKMARK [1][-]{section.9}{\376\377\000H\000a\000r\000d\000w\000a\000r\000e}{}% 24
\BOOKMARK [1][-]{section.10}{\376\377\000M\000N\000I\000S\000T\000S\000u\000p\000e\000r\000p\000i\000x\000e\000l\000s\000\040\000G\000N\000N\000\040\000T\000r\000a\000i\000n\000i\000n\000g}{}% 25
\BOOKMARK [1][-]{section.11}{\376\377\000M\000N\000I\000S\000T\000S\000u\000p\000e\000r\000p\000i\000x\000e\000l\000s\000\040\000Q\000u\000a\000l\000i\000t\000a\000t\000i\000v\000e\000\040\000R\000e\000s\000u\000l\000t\000s}{}% 26
\BOOKMARK [1][-]{section.12}{\376\377\000H\000y\000p\000e\000r\000p\000a\000r\000a\000m\000e\000t\000e\000r\000\040\000c\000o\000m\000p\000a\000r\000i\000s\000o\000n}{}% 27
