./yaml-to-latex.py -i metadata.yaml -o metadata.tex
latexmk -pdf -pdflatex="xelatex -interaction=nonstopmode" -use-make article.tex
Latexmk: applying rule 'pdflatex'...
This is XeTeX, Version 3.141592653-2.6-0.999993 (TeX Live 2021) (preloaded format=xelatex)
 restricted \write18 enabled.
entering extended mode
(./article.tex
LaTeX2e <2020-10-01> patch level 4
L3 programming layer <2021-02-18> (./rescience.cls
Document Class: rescience 2019/04/12 Style for ReScience articles
(/usr/local/texlive/2021/texmf-dist/tex/latex/base/article.cls
Document Class: article 2020/04/10 v1.4m Standard LaTeX document class
(/usr/local/texlive/2021/texmf-dist/tex/latex/base/size10.clo))
(/usr/local/texlive/2021/texmf-dist/tex/generic/babel/babel.sty
(/usr/local/texlive/2021/texmf-dist/tex/generic/babel/babel.def
(/usr/local/texlive/2021/texmf-dist/tex/generic/babel/xebabel.def
(/usr/local/texlive/2021/texmf-dist/tex/generic/babel/txtbabel.def)))
(/usr/local/texlive/2021/texmf-dist/tex/generic/babel-english/american.ldf
(/usr/local/texlive/2021/texmf-dist/tex/generic/babel-english/english.ldf)))
(/usr/local/texlive/2021/texmf-dist/tex/latex/base/ifthen.sty)
(/usr/local/texlive/2021/texmf-dist/tex/latex/tools/tabularx.sty
(/usr/local/texlive/2021/texmf-dist/tex/latex/tools/array.sty))
(/usr/local/texlive/2021/texmf-dist/tex/latex/pgf/frontendlayer/tikz.sty
(/usr/local/texlive/2021/texmf-dist/tex/latex/pgf/basiclayer/pgf.sty
(/usr/local/texlive/2021/texmf-dist/tex/latex/pgf/utilities/pgfrcs.sty
(/usr/local/texlive/2021/texmf-dist/tex/generic/pgf/utilities/pgfutil-common.te
x
(/usr/local/texlive/2021/texmf-dist/tex/generic/pgf/utilities/pgfutil-common-li
sts.tex))
(/usr/local/texlive/2021/texmf-dist/tex/generic/pgf/utilities/pgfutil-latex.def
) (/usr/local/texlive/2021/texmf-dist/tex/generic/pgf/utilities/pgfrcs.code.tex
(/usr/local/texlive/2021/texmf-dist/tex/generic/pgf/pgf.revision.tex)))
(/usr/local/texlive/2021/texmf-dist/tex/latex/pgf/basiclayer/pgfcore.sty
(/usr/local/texlive/2021/texmf-dist/tex/latex/graphics/graphicx.sty
(/usr/local/texlive/2021/texmf-dist/tex/latex/graphics/keyval.sty)
(/usr/local/texlive/2021/texmf-dist/tex/latex/graphics/graphics.sty
(/usr/local/texlive/2021/texmf-dist/tex/latex/graphics/trig.sty)
(/usr/local/texlive/2021/texmf-dist/tex/latex/graphics-cfg/graphics.cfg)
(/usr/local/texlive/2021/texmf-dist/tex/latex/graphics-def/xetex.def)))
(/usr/local/texlive/2021/texmf-dist/tex/latex/pgf/systemlayer/pgfsys.sty
(/usr/local/texlive/2021/texmf-dist/tex/generic/pgf/systemlayer/pgfsys.code.tex
(/usr/local/texlive/2021/texmf-dist/tex/generic/pgf/utilities/pgfkeys.code.tex
(/usr/local/texlive/2021/texmf-dist/tex/generic/pgf/utilities/pgfkeysfiltered.c
ode.tex))
(/usr/local/texlive/2021/texmf-dist/tex/generic/pgf/systemlayer/pgf.cfg)
(/usr/local/texlive/2021/texmf-dist/tex/generic/pgf/systemlayer/pgfsys-xetex.de
f
(/usr/local/texlive/2021/texmf-dist/tex/generic/pgf/systemlayer/pgfsys-dvipdfmx
.def
(/usr/local/texlive/2021/texmf-dist/tex/generic/pgf/systemlayer/pgfsys-common-p
df.def))))
(/usr/local/texlive/2021/texmf-dist/tex/generic/pgf/systemlayer/pgfsyssoftpath.
code.tex)
(/usr/local/texlive/2021/texmf-dist/tex/generic/pgf/systemlayer/pgfsysprotocol.
code.tex)) (/usr/local/texlive/2021/texmf-dist/tex/latex/xcolor/xcolor.sty
(/usr/local/texlive/2021/texmf-dist/tex/latex/graphics-cfg/color.cfg))
(/usr/local/texlive/2021/texmf-dist/tex/generic/pgf/basiclayer/pgfcore.code.tex
(/usr/local/texlive/2021/texmf-dist/tex/generic/pgf/math/pgfmath.code.tex
(/usr/local/texlive/2021/texmf-dist/tex/generic/pgf/math/pgfmathcalc.code.tex
(/usr/local/texlive/2021/texmf-dist/tex/generic/pgf/math/pgfmathutil.code.tex)
(/usr/local/texlive/2021/texmf-dist/tex/generic/pgf/math/pgfmathparser.code.tex
)
(/usr/local/texlive/2021/texmf-dist/tex/generic/pgf/math/pgfmathfunctions.code.
tex
(/usr/local/texlive/2021/texmf-dist/tex/generic/pgf/math/pgfmathfunctions.basic
.code.tex)
(/usr/local/texlive/2021/texmf-dist/tex/generic/pgf/math/pgfmathfunctions.trigo
nometric.code.tex)
(/usr/local/texlive/2021/texmf-dist/tex/generic/pgf/math/pgfmathfunctions.rando
m.code.tex)
(/usr/local/texlive/2021/texmf-dist/tex/generic/pgf/math/pgfmathfunctions.compa
rison.code.tex)
(/usr/local/texlive/2021/texmf-dist/tex/generic/pgf/math/pgfmathfunctions.base.
code.tex)
(/usr/local/texlive/2021/texmf-dist/tex/generic/pgf/math/pgfmathfunctions.round
.code.tex)
(/usr/local/texlive/2021/texmf-dist/tex/generic/pgf/math/pgfmathfunctions.misc.
code.tex)
(/usr/local/texlive/2021/texmf-dist/tex/generic/pgf/math/pgfmathfunctions.integ
erarithmetics.code.tex)))
(/usr/local/texlive/2021/texmf-dist/tex/generic/pgf/math/pgfmathfloat.code.tex)
) (/usr/local/texlive/2021/texmf-dist/tex/generic/pgf/math/pgfint.code.tex)
(/usr/local/texlive/2021/texmf-dist/tex/generic/pgf/basiclayer/pgfcorepoints.co
de.tex)
(/usr/local/texlive/2021/texmf-dist/tex/generic/pgf/basiclayer/pgfcorepathconst
ruct.code.tex)
(/usr/local/texlive/2021/texmf-dist/tex/generic/pgf/basiclayer/pgfcorepathusage
.code.tex)
(/usr/local/texlive/2021/texmf-dist/tex/generic/pgf/basiclayer/pgfcorescopes.co
de.tex)
(/usr/local/texlive/2021/texmf-dist/tex/generic/pgf/basiclayer/pgfcoregraphicst
ate.code.tex)
(/usr/local/texlive/2021/texmf-dist/tex/generic/pgf/basiclayer/pgfcoretransform
ations.code.tex)
(/usr/local/texlive/2021/texmf-dist/tex/generic/pgf/basiclayer/pgfcorequick.cod
e.tex)
(/usr/local/texlive/2021/texmf-dist/tex/generic/pgf/basiclayer/pgfcoreobjects.c
ode.tex)
(/usr/local/texlive/2021/texmf-dist/tex/generic/pgf/basiclayer/pgfcorepathproce
ssing.code.tex)
(/usr/local/texlive/2021/texmf-dist/tex/generic/pgf/basiclayer/pgfcorearrows.co
de.tex)
(/usr/local/texlive/2021/texmf-dist/tex/generic/pgf/basiclayer/pgfcoreshade.cod
e.tex)
(/usr/local/texlive/2021/texmf-dist/tex/generic/pgf/basiclayer/pgfcoreimage.cod
e.tex
(/usr/local/texlive/2021/texmf-dist/tex/generic/pgf/basiclayer/pgfcoreexternal.
code.tex))
(/usr/local/texlive/2021/texmf-dist/tex/generic/pgf/basiclayer/pgfcorelayers.co
de.tex)
(/usr/local/texlive/2021/texmf-dist/tex/generic/pgf/basiclayer/pgfcoretranspare
ncy.code.tex)
(/usr/local/texlive/2021/texmf-dist/tex/generic/pgf/basiclayer/pgfcorepatterns.
code.tex)
(/usr/local/texlive/2021/texmf-dist/tex/generic/pgf/basiclayer/pgfcorerdf.code.
tex)))
(/usr/local/texlive/2021/texmf-dist/tex/generic/pgf/modules/pgfmoduleshapes.cod
e.tex)
(/usr/local/texlive/2021/texmf-dist/tex/generic/pgf/modules/pgfmoduleplot.code.
tex)
(/usr/local/texlive/2021/texmf-dist/tex/latex/pgf/compatibility/pgfcomp-version
-0-65.sty)
(/usr/local/texlive/2021/texmf-dist/tex/latex/pgf/compatibility/pgfcomp-version
-1-18.sty))
(/usr/local/texlive/2021/texmf-dist/tex/latex/pgf/utilities/pgffor.sty
(/usr/local/texlive/2021/texmf-dist/tex/latex/pgf/utilities/pgfkeys.sty
(/usr/local/texlive/2021/texmf-dist/tex/generic/pgf/utilities/pgfkeys.code.tex)
) (/usr/local/texlive/2021/texmf-dist/tex/latex/pgf/math/pgfmath.sty
(/usr/local/texlive/2021/texmf-dist/tex/generic/pgf/math/pgfmath.code.tex))
(/usr/local/texlive/2021/texmf-dist/tex/generic/pgf/utilities/pgffor.code.tex
(/usr/local/texlive/2021/texmf-dist/tex/generic/pgf/math/pgfmath.code.tex)))
(/usr/local/texlive/2021/texmf-dist/tex/generic/pgf/frontendlayer/tikz/tikz.cod
e.tex
(/usr/local/texlive/2021/texmf-dist/tex/generic/pgf/libraries/pgflibraryplothan
dlers.code.tex)
(/usr/local/texlive/2021/texmf-dist/tex/generic/pgf/modules/pgfmodulematrix.cod
e.tex)
(/usr/local/texlive/2021/texmf-dist/tex/generic/pgf/frontendlayer/tikz/librarie
s/tikzlibrarytopaths.code.tex)))
(/usr/local/texlive/2021/texmf-dist/tex/latex/marginnote/marginnote.sty)
(/usr/local/texlive/2021/texmf-dist/tex/latex/csquotes/csquotes.sty
(/usr/local/texlive/2021/texmf-dist/tex/latex/etoolbox/etoolbox.sty)
(/usr/local/texlive/2021/texmf-dist/tex/latex/csquotes/csquotes.def)
(/usr/local/texlive/2021/texmf-dist/tex/latex/csquotes/csquotes.cfg))
(/usr/local/texlive/2021/texmf-dist/tex/latex/amsmath/amsmath.sty
For additional information on amsmath, use the `?' option.
(/usr/local/texlive/2021/texmf-dist/tex/latex/amsmath/amstext.sty
(/usr/local/texlive/2021/texmf-dist/tex/latex/amsmath/amsgen.sty))
(/usr/local/texlive/2021/texmf-dist/tex/latex/amsmath/amsbsy.sty)
(/usr/local/texlive/2021/texmf-dist/tex/latex/amsmath/amsopn.sty))
(/usr/local/texlive/2021/texmf-dist/tex/latex/mathtools/mathtools.sty
(/usr/local/texlive/2021/texmf-dist/tex/latex/tools/calc.sty)
(/usr/local/texlive/2021/texmf-dist/tex/latex/mathtools/mhsetup.sty))
(/usr/local/texlive/2021/texmf-dist/tex/latex/geometry/geometry.sty
(/usr/local/texlive/2021/texmf-dist/tex/generic/iftex/ifvtex.sty
(/usr/local/texlive/2021/texmf-dist/tex/generic/iftex/iftex.sty)))
(/usr/local/texlive/2021/texmf-dist/tex/latex/fontspec/fontspec.sty
(/usr/local/texlive/2021/texmf-dist/tex/latex/l3packages/xparse/xparse.sty
(/usr/local/texlive/2021/texmf-dist/tex/latex/l3kernel/expl3.sty
(/usr/local/texlive/2021/texmf-dist/tex/latex/l3backend/l3backend-xetex.def
(|extractbb --version)))
(/usr/local/texlive/2021/texmf-dist/tex/latex/l3packages/xparse/xparse-2020-10-
01.sty
(/usr/local/texlive/2021/texmf-dist/tex/latex/l3packages/xparse/xparse-generic.
tex)))
(/usr/local/texlive/2021/texmf-dist/tex/latex/fontspec/fontspec-xetex.sty
(/usr/local/texlive/2021/texmf-dist/tex/latex/base/fontenc.sty)
(/usr/local/texlive/2021/texmf-dist/tex/latex/fontspec/fontspec.cfg)))
(/usr/local/texlive/2021/texmf-dist/tex/latex/microtype/microtype.sty
(/usr/local/texlive/2021/texmf-dist/tex/latex/microtype/microtype-xetex.def)
(/usr/local/texlive/2021/texmf-dist/tex/latex/microtype/microtype.cfg))
(/usr/local/texlive/2021/texmf-dist/tex/latex/titlesec/titlesec.sty)
(/usr/local/texlive/2021/texmf-dist/tex/latex/caption/caption.sty
(/usr/local/texlive/2021/texmf-dist/tex/latex/caption/caption3.sty))
(/usr/local/texlive/2021/texmf-dist/tex/latex/hyperref/hyperref.sty
(/usr/local/texlive/2021/texmf-dist/tex/generic/ltxcmds/ltxcmds.sty)
(/usr/local/texlive/2021/texmf-dist/tex/generic/pdftexcmds/pdftexcmds.sty
(/usr/local/texlive/2021/texmf-dist/tex/generic/infwarerr/infwarerr.sty))
(/usr/local/texlive/2021/texmf-dist/tex/generic/kvsetkeys/kvsetkeys.sty)
(/usr/local/texlive/2021/texmf-dist/tex/generic/kvdefinekeys/kvdefinekeys.sty)
(/usr/local/texlive/2021/texmf-dist/tex/generic/pdfescape/pdfescape.sty)
(/usr/local/texlive/2021/texmf-dist/tex/latex/hycolor/hycolor.sty)
(/usr/local/texlive/2021/texmf-dist/tex/latex/letltxmacro/letltxmacro.sty)
(/usr/local/texlive/2021/texmf-dist/tex/latex/auxhook/auxhook.sty)
(/usr/local/texlive/2021/texmf-dist/tex/latex/kvoptions/kvoptions.sty)
(/usr/local/texlive/2021/texmf-dist/tex/latex/hyperref/pd1enc.def)
(/usr/local/texlive/2021/texmf-dist/tex/latex/hyperref/hyperref-langpatches.def
) (/usr/local/texlive/2021/texmf-dist/tex/generic/intcalc/intcalc.sty)
(/usr/local/texlive/2021/texmf-dist/tex/generic/etexcmds/etexcmds.sty)
(/usr/local/texlive/2021/texmf-dist/tex/latex/hyperref/puenc.def)
(/usr/local/texlive/2021/texmf-dist/tex/latex/url/url.sty)
(/usr/local/texlive/2021/texmf-dist/tex/generic/bitset/bitset.sty
(/usr/local/texlive/2021/texmf-dist/tex/generic/bigintcalc/bigintcalc.sty))
(/usr/local/texlive/2021/texmf-dist/tex/latex/base/atbegshi-ltx.sty))
(/usr/local/texlive/2021/texmf-dist/tex/latex/hyperref/hxetex.def
(/usr/local/texlive/2021/texmf-dist/tex/generic/stringenc/stringenc.sty)
(/usr/local/texlive/2021/texmf-dist/tex/latex/rerunfilecheck/rerunfilecheck.sty
(/usr/local/texlive/2021/texmf-dist/tex/latex/base/atveryend-ltx.sty)
(/usr/local/texlive/2021/texmf-dist/tex/generic/uniquecounter/uniquecounter.sty
))) (/usr/local/texlive/2021/texmf-dist/tex/latex/listings/listings.sty
(/usr/local/texlive/2021/texmf-dist/tex/latex/listings/lstmisc.sty)
(/usr/local/texlive/2021/texmf-dist/tex/latex/listings/listings.cfg))
(/usr/local/texlive/2021/texmf-dist/tex/latex/enumitem/enumitem.sty)
(/usr/local/texlive/2021/texmf-dist/tex/latex/preprint/authblk.sty)
(/usr/local/texlive/2021/texmf-dist/tex/latex/tcolorbox/tcolorbox.sty
(/usr/local/texlive/2021/texmf-dist/tex/latex/tools/verbatim.sty)
(/usr/local/texlive/2021/texmf-dist/tex/latex/environ/environ.sty
(/usr/local/texlive/2021/texmf-dist/tex/latex/trimspaces/trimspaces.sty))
(/usr/local/texlive/2021/texmf-dist/tex/latex/tcolorbox/tcbraster.code.tex
Library (tcolorbox): 'tcbraster.code.tex' version '4.42'
) (/usr/local/texlive/2021/texmf-dist/tex/latex/tcolorbox/tcbskins.code.tex
Library (tcolorbox): 'tcbskins.code.tex' version '4.42'

(/usr/local/texlive/2021/texmf-dist/tex/latex/tcolorbox/tcbskinsjigsaw.code.tex
Library (tcolorbox): 'tcbskinsjigsaw.code.tex' version '4.42'
))
(/usr/local/texlive/2021/texmf-dist/tex/latex/tcolorbox/tcbbreakable.code.tex
Library (tcolorbox): 'tcbbreakable.code.tex' version '4.42'
(/usr/local/texlive/2021/texmf-dist/tex/generic/oberdiek/pdfcol.sty))
(/usr/local/texlive/2021/texmf-dist/tex/latex/tcolorbox/tcbhooks.code.tex
Library (tcolorbox): 'tcbhooks.code.tex' version '4.42'
) (/usr/local/texlive/2021/texmf-dist/tex/latex/tcolorbox/tcbtheorems.code.tex
Library (tcolorbox): 'tcbtheorems.code.tex' version '4.42'
) (/usr/local/texlive/2021/texmf-dist/tex/latex/tcolorbox/tcbfitting.code.tex
Library (tcolorbox): 'tcbfitting.code.tex' version '4.42'
) (/usr/local/texlive/2021/texmf-dist/tex/latex/tcolorbox/tcbxparse.code.tex
Library (tcolorbox): 'tcbxparse.code.tex' version '4.42'
)) (./metadata.tex)
(/usr/local/texlive/2021/texmf-dist/tex/latex/fancyhdr/fancyhdr.sty)
(/usr/local/texlive/2021/texmf-dist/tex/latex/biblatex/biblatex.sty
(/usr/local/texlive/2021/texmf-dist/tex/latex/logreq/logreq.sty
(/usr/local/texlive/2021/texmf-dist/tex/latex/logreq/logreq.def))
(/usr/local/texlive/2021/texmf-dist/tex/latex/biblatex/blx-dm.def)
(/usr/local/texlive/2021/texmf-dist/tex/latex/biblatex/blx-unicode.def)
(/usr/local/texlive/2021/texmf-dist/tex/latex/biblatex/blx-compat.def)
(/usr/local/texlive/2021/texmf-dist/tex/latex/biblatex/biblatex.def)
(/usr/local/texlive/2021/texmf-dist/tex/latex/biblatex/blx-natbib.def)
(/usr/local/texlive/2021/texmf-dist/tex/latex/biblatex/bbx/numeric.bbx
(/usr/local/texlive/2021/texmf-dist/tex/latex/biblatex/bbx/standard.bbx))
(/usr/local/texlive/2021/texmf-dist/tex/latex/biblatex/cbx/numeric.cbx)
(/usr/local/texlive/2021/texmf-dist/tex/latex/biblatex/biblatex.cfg))
(/usr/local/texlive/2021/texmf-dist/tex/latex/natbib/bibentry.sty)
(/usr/local/texlive/2021/texmf-dist/tex/latex/float/float.sty))
(../openreview/packages.tex
(/usr/local/texlive/2021/texmf-dist/tex/latex/base/inputenc.sty

Package inputenc Warning: inputenc package ignored with utf8 based engines.

) (/usr/local/texlive/2021/texmf-dist/tex/latex/booktabs/booktabs.sty)
(/usr/local/texlive/2021/texmf-dist/tex/latex/tabu/tabu.sty
(/usr/local/texlive/2021/texmf-dist/tex/latex/varwidth/varwidth.sty))
(/usr/local/texlive/2021/texmf-dist/tex/latex/amsfonts/amsfonts.sty)
(/usr/local/texlive/2021/texmf-dist/tex/latex/units/nicefrac.sty)
(/usr/local/texlive/2021/texmf-dist/tex/latex/todonotes/todonotes.sty
(/usr/local/texlive/2021/texmf-dist/tex/latex/xkeyval/xkeyval.sty
(/usr/local/texlive/2021/texmf-dist/tex/generic/xkeyval/xkeyval.tex
(/usr/local/texlive/2021/texmf-dist/tex/generic/xkeyval/xkvutils.tex)))
(/usr/local/texlive/2021/texmf-dist/tex/generic/pgf/frontendlayer/tikz/librarie
s/tikzlibrarypositioning.code.tex)
(/usr/local/texlive/2021/texmf-dist/tex/generic/pgf/frontendlayer/tikz/librarie
s/tikzlibraryshadows.code.tex
(/usr/local/texlive/2021/texmf-dist/tex/generic/pgf/frontendlayer/tikz/librarie
s/tikzlibraryfadings.code.tex
(/usr/local/texlive/2021/texmf-dist/tex/generic/pgf/libraries/pgflibraryfadings
.code.tex))))
(/usr/local/texlive/2021/texmf-dist/tex/generic/systeme/systeme.sty
(/usr/local/texlive/2021/texmf-dist/tex/generic/xstring/xstring.sty
(/usr/local/texlive/2021/texmf-dist/tex/generic/xstring/xstring.tex))
(/usr/local/texlive/2021/texmf-dist/tex/generic/systeme/systeme.tex))
(/usr/local/texlive/2021/texmf-dist/tex/generic/ulem/ulem.sty))

Package csquotes Warning: Load 'inputenc' before 'csquotes' on input line 3.

(./article.aux) (/usr/local/texlive/2021/texmf-dist/tex/latex/base/ts1cmr.fd)
*geometry* driver: auto-detecting
*geometry* detected driver: xetex
(/usr/local/texlive/2021/texmf-dist/tex/latex/hyperref/nameref.sty
(/usr/local/texlive/2021/texmf-dist/tex/latex/refcount/refcount.sty)
(/usr/local/texlive/2021/texmf-dist/tex/generic/gettitlestring/gettitlestring.s
ty))

Package hyperref Warning: Rerun to get /PageLabels entry.

(/usr/local/texlive/2021/texmf-dist/tex/latex/biblatex/lbx/american.lbx
(/usr/local/texlive/2021/texmf-dist/tex/latex/biblatex/lbx/english.lbx)
(/usr/local/texlive/2021/texmf-dist/tex/latex/biblatex/lbx/english.lbx))
(/usr/local/texlive/2021/texmf-dist/tex/latex/biblatex/blx-case-expl3.sty)
No file article.bbl.
(./header.tex (/usr/local/texlive/2021/texmf-dist/tex/latex/amsfonts/umsa.fd)
(/usr/local/texlive/2021/texmf-dist/tex/latex/microtype/mt-msa.cfg)
(/usr/local/texlive/2021/texmf-dist/tex/latex/amsfonts/umsb.fd)
(/usr/local/texlive/2021/texmf-dist/tex/latex/microtype/mt-msb.cfg)
(/usr/local/texlive/2021/texmf-dist/tex/latex/microtype/mt-cmr.cfg))
(../openreview/content.tex

LaTeX Warning: Citation 'bajaj2021robust' on page 1 undefined on input line 5.

[1] [2]

LaTeX Warning: Citation 'gnnOG' on page 3 undefined on input line 32.


LaTeX Warning: Citation 'zhou2020GNNGeneral' on page 3 undefined on input line 
32.


LaTeX Warning: Citation 'bajaj2021robust' on page 3 undefined on input line 34.



LaTeX Warning: Citation 'bajaj2021robust' on page 3 undefined on input line 34.



LaTeX Warning: Citation 'velickovic2018graph' on page 3 undefined on input line
 36.


LaTeX Warning: Citation 'ying2019gnnexplainer' on page 3 undefined on input lin
e 36.


LaTeX Warning: Citation 'Pope2019ExplainabilityMF' on page 3 undefined on input
 line 36.


LaTeX Warning: Citation 'luo2020parameterized' on page 3 undefined on input lin
e 36.


LaTeX Warning: Citation 'bajaj2021robust' on page 3 undefined on input line 36.



LaTeX Warning: Citation 'bajaj2021robust' on page 3 undefined on input line 36.



Overfull \hbox (51.3379pt too wide) in paragraph at lines 36--37
[]\TU/SourceSerifPro(0)/m/n/10 Several methods to explain the reasoning of GNNs
 have already been proposed [[],

Overfull \hbox (65.61856pt too wide) in paragraph at lines 40--40
[][][]\TU/SourceSerifPro(0)/m/n/8 The original authors’ code is available at []
[]https://marketplace.huaweicloud.com/markets/aihub/notebook/detail/?id=e41f63d
3-

LaTeX Warning: Citation 'bajaj2021robust' on page 3 undefined on input line 40.



LaTeX Warning: Citation 'bajaj2021robust' on page 3 undefined on input line 59.



LaTeX Warning: Reference `sec:results' on page 3 undefined on input line 59.


LaTeX Warning: Reference `sec:discussion' on page 3 undefined on input line 59.


[3]

LaTeX Warning: Citation 'adebayo2018' on page 4 undefined on input line 75.


LaTeX Warning: Citation 'montufar2014number' on page 4 undefined on input line 
75.

[4]

LaTeX Warning: Citation 'mutagenicity' on page 5 undefined on input line 108.


LaTeX Warning: Citation 'luo2020parameterized' on page 5 undefined on input lin
e 108.


LaTeX Warning: Citation 'nci1' on page 5 undefined on input line 108.


LaTeX Warning: Reference `table:datasets' on page 5 undefined on input line 108
.


LaTeX Warning: Citation 'monti2016geometric' on page 5 undefined on input line 
109.


LaTeX Warning: Citation 'lecun2010mnist' on page 5 undefined on input line 109.



LaTeX Warning: Citation 'superpixels' on page 5 undefined on input line 109.


Overfull \hbox (31.33456pt too wide) in paragraph at lines 108--110
\TU/SourceSerifPro(0)/m/n/10 The original paper evaluates the model on three di
fferent datasets: Mutagenicity [[]],
[5]

LaTeX Warning: Reference `sec:model_description' on page 6 undefined on input l
ine 130.


LaTeX Warning: Reference `sec:metrics' on page 6 undefined on input line 130.


LaTeX Warning: Citation 'bajaj2021robust' on page 6 undefined on input line 130
.


LaTeX Warning: Citation 'luo2020parameterized' on page 6 undefined on input lin
e 130.


LaTeX Warning: Reference `subsec:res_beyond_paper' on page 6 undefined on input
 line 132.


LaTeX Warning: Reference `subsec:auc' on page 6 undefined on input line 134.


LaTeX Warning: Reference `fig:qual_MNIST' on page 6 undefined on input line 139
.


LaTeX Warning: Citation 'monti2016geometric' on page 6 undefined on input line 
139.


LaTeX Warning: Citation 'dwivedi2020benchmarking' on page 6 undefined on input 
line 141.


LaTeX Warning: Reference `appendix:GNN_training' on page 6 undefined on input l
ine 141.

[6]

LaTeX Warning: Reference `appendix:hardware' on page 7 undefined on input line 
146.


LaTeX Warning: Reference `tab:computing_time' on page 7 undefined on input line
 146.


Overfull \hbox (19.50125pt too wide) in paragraph at lines 152--159
 [][] 

LaTeX Warning: Reference `subsec:reproducibility' on page 7 undefined on input 
line 168.


LaTeX Warning: Reference `subsec:res_beyond_paper' on page 7 undefined on input
 line 168.


LaTeX Warning: Reference `fig:fidelity' on page 7 undefined on input line 179.


LaTeX Warning: Reference `fig:fidelity' on page 7 undefined on input line 179.


LaTeX Warning: Reference `fig:fidelity' on page 7 undefined on input line 179.


LaTeX Warning: Reference `subsec:reproducibility' on page 7 undefined on input 
line 181.


LaTeX Warning: Reference `appendix:hyperparameters' on page 7 undefined on inpu
t line 182.


LaTeX Warning: Reference `fig:fidelity' on page 7 undefined on input line 182.


LaTeX Warning: `!h' float specifier changed to `!ht'.


Overfull \hbox (4.04793pt too wide) in paragraph at lines 191--192
[] []\TU/SourceSerifPro(0)/b/n/10 Robustness[] \TU/SourceSerifPro(0)/m/n/10 The
 \TU/SourceSerifPro(0)/m/it/10 robustness \TU/SourceSerifPro(0)/m/n/10 of a mod
el is measured by how much an explanation changes
[7]

LaTeX Warning: Reference `fig:noise' on page 8 undefined on input line 193.

[8]

LaTeX Warning: Reference `subsec:reproducibility' on page 9 undefined on input 
line 205.


LaTeX Warning: Reference `fig:fidelity' on page 9 undefined on input line 205.


LaTeX Warning: Reference `fig:noise' on page 9 undefined on input line 205.


LaTeX Warning: Reference `subsec:mnist_superpixel' on page 9 undefined on input
 line 209.


LaTeX Warning: Reference `fig:extension:mnist_perfomance' on page 9 undefined o
n input line 209.


LaTeX Warning: Reference `fig:extension:mnist_perfomance' on page 9 undefined o
n input line 212.


LaTeX Warning: Reference `fig:extension:mnist_perfomance' on page 9 undefined o
n input line 221.


LaTeX Warning: Reference `sec:metrics' on page 9 undefined on input line 223.

[9]

LaTeX Warning: Reference `fig:extension:mnist_perfomance' on page 10 undefined 
on input line 228.


LaTeX Warning: Reference `sec:appendix:auc' on page 10 undefined on input line 
235.


LaTeX Warning: Citation 'bajaj2021robust' on page 10 undefined on input line 24
2.

[10])

LaTeX Warning: Empty bibliography on input line 9.

(../openreview/appendix.tex [11]

LaTeX Warning: Reference `tab:appendix:auc_rcexplainer' on page 12 undefined on
 input line 42.


LaTeX Warning: Reference `tab:appendix:auc_pgexplainer' on page 12 undefined on
 input line 42.


LaTeX Warning: Citation 'dwivedi2020benchmarking' on page 12 undefined on input
 line 64.


LaTeX Warning: Reference `fig:MNIST_training_GNN' on page 12 undefined on input
 line 64.

[12]

LaTeX Warning: Reference `fig:qual_MNIST' on page 13 undefined on input line 83
.

[13]) [14] (./article.aux)

LaTeX Warning: There were undefined references.


LaTeX Warning: Label(s) may have changed. Rerun to get cross-references right.


Package rerunfilecheck Warning: File `article.out' has changed.
(rerunfilecheck)                Rerun to get outlines right
(rerunfilecheck)                or use package `bookmark'.


Package biblatex Warning: Please (re)run Biber on the file:
(biblatex)                article
(biblatex)                and rerun LaTeX afterwards.

 )
(see the transcript file for additional information)
Output written on article.pdf (14 pages).
Transcript written on article.log.
Latexmk: Examining 'article.log'
=== TeX engine is 'XeTeX'
Latexmk: 'pdflatex': source file 'article.bbl' doesn't exist. I'll try making it...
Latexmk: applying rule 'biber article'...
INFO - This is Biber 2.16
INFO - Logfile is 'article.blg'
INFO - Reading 'article.bcf'
INFO - Found 15 citekeys in bib section 0
INFO - Processing section 0
INFO - Looking for bibtex format file 'bibliography.bib' for section 0
INFO - LaTeX decoding ...
INFO - Found BibTeX data source 'bibliography.bib'
INFO - Overriding locale 'en-US' defaults 'normalization = NFD' with 'normalization = prenormalized'
INFO - Overriding locale 'en-US' defaults 'variable = shifted' with 'variable = non-ignorable'
INFO - Sorting list 'none/global//global/global' of type 'entry' with template 'none' and locale 'en-US'
INFO - No sort tailoring available for locale 'en-US'
INFO - Writing 'article.bbl' with encoding 'UTF-8'
INFO - Output to article.bbl
Latexmk: applying rule 'pdflatex'...
This is XeTeX, Version 3.141592653-2.6-0.999993 (TeX Live 2021) (preloaded format=xelatex)
 restricted \write18 enabled.
entering extended mode
(./article.tex
LaTeX2e <2020-10-01> patch level 4
L3 programming layer <2021-02-18> (./rescience.cls
Document Class: rescience 2019/04/12 Style for ReScience articles
(/usr/local/texlive/2021/texmf-dist/tex/latex/base/article.cls
Document Class: article 2020/04/10 v1.4m Standard LaTeX document class
(/usr/local/texlive/2021/texmf-dist/tex/latex/base/size10.clo))
(/usr/local/texlive/2021/texmf-dist/tex/generic/babel/babel.sty
(/usr/local/texlive/2021/texmf-dist/tex/generic/babel/babel.def
(/usr/local/texlive/2021/texmf-dist/tex/generic/babel/xebabel.def
(/usr/local/texlive/2021/texmf-dist/tex/generic/babel/txtbabel.def)))
(/usr/local/texlive/2021/texmf-dist/tex/generic/babel-english/american.ldf
(/usr/local/texlive/2021/texmf-dist/tex/generic/babel-english/english.ldf)))
(/usr/local/texlive/2021/texmf-dist/tex/latex/base/ifthen.sty)
(/usr/local/texlive/2021/texmf-dist/tex/latex/tools/tabularx.sty
(/usr/local/texlive/2021/texmf-dist/tex/latex/tools/array.sty))
(/usr/local/texlive/2021/texmf-dist/tex/latex/pgf/frontendlayer/tikz.sty
(/usr/local/texlive/2021/texmf-dist/tex/latex/pgf/basiclayer/pgf.sty
(/usr/local/texlive/2021/texmf-dist/tex/latex/pgf/utilities/pgfrcs.sty
(/usr/local/texlive/2021/texmf-dist/tex/generic/pgf/utilities/pgfutil-common.te
x
(/usr/local/texlive/2021/texmf-dist/tex/generic/pgf/utilities/pgfutil-common-li
sts.tex))
(/usr/local/texlive/2021/texmf-dist/tex/generic/pgf/utilities/pgfutil-latex.def
) (/usr/local/texlive/2021/texmf-dist/tex/generic/pgf/utilities/pgfrcs.code.tex
(/usr/local/texlive/2021/texmf-dist/tex/generic/pgf/pgf.revision.tex)))
(/usr/local/texlive/2021/texmf-dist/tex/latex/pgf/basiclayer/pgfcore.sty
(/usr/local/texlive/2021/texmf-dist/tex/latex/graphics/graphicx.sty
(/usr/local/texlive/2021/texmf-dist/tex/latex/graphics/keyval.sty)
(/usr/local/texlive/2021/texmf-dist/tex/latex/graphics/graphics.sty
(/usr/local/texlive/2021/texmf-dist/tex/latex/graphics/trig.sty)
(/usr/local/texlive/2021/texmf-dist/tex/latex/graphics-cfg/graphics.cfg)
(/usr/local/texlive/2021/texmf-dist/tex/latex/graphics-def/xetex.def)))
(/usr/local/texlive/2021/texmf-dist/tex/latex/pgf/systemlayer/pgfsys.sty
(/usr/local/texlive/2021/texmf-dist/tex/generic/pgf/systemlayer/pgfsys.code.tex
(/usr/local/texlive/2021/texmf-dist/tex/generic/pgf/utilities/pgfkeys.code.tex
(/usr/local/texlive/2021/texmf-dist/tex/generic/pgf/utilities/pgfkeysfiltered.c
ode.tex))
(/usr/local/texlive/2021/texmf-dist/tex/generic/pgf/systemlayer/pgf.cfg)
(/usr/local/texlive/2021/texmf-dist/tex/generic/pgf/systemlayer/pgfsys-xetex.de
f
(/usr/local/texlive/2021/texmf-dist/tex/generic/pgf/systemlayer/pgfsys-dvipdfmx
.def
(/usr/local/texlive/2021/texmf-dist/tex/generic/pgf/systemlayer/pgfsys-common-p
df.def))))
(/usr/local/texlive/2021/texmf-dist/tex/generic/pgf/systemlayer/pgfsyssoftpath.
code.tex)
(/usr/local/texlive/2021/texmf-dist/tex/generic/pgf/systemlayer/pgfsysprotocol.
code.tex)) (/usr/local/texlive/2021/texmf-dist/tex/latex/xcolor/xcolor.sty
(/usr/local/texlive/2021/texmf-dist/tex/latex/graphics-cfg/color.cfg))
(/usr/local/texlive/2021/texmf-dist/tex/generic/pgf/basiclayer/pgfcore.code.tex
(/usr/local/texlive/2021/texmf-dist/tex/generic/pgf/math/pgfmath.code.tex
(/usr/local/texlive/2021/texmf-dist/tex/generic/pgf/math/pgfmathcalc.code.tex
(/usr/local/texlive/2021/texmf-dist/tex/generic/pgf/math/pgfmathutil.code.tex)
(/usr/local/texlive/2021/texmf-dist/tex/generic/pgf/math/pgfmathparser.code.tex
)
(/usr/local/texlive/2021/texmf-dist/tex/generic/pgf/math/pgfmathfunctions.code.
tex
(/usr/local/texlive/2021/texmf-dist/tex/generic/pgf/math/pgfmathfunctions.basic
.code.tex)
(/usr/local/texlive/2021/texmf-dist/tex/generic/pgf/math/pgfmathfunctions.trigo
nometric.code.tex)
(/usr/local/texlive/2021/texmf-dist/tex/generic/pgf/math/pgfmathfunctions.rando
m.code.tex)
(/usr/local/texlive/2021/texmf-dist/tex/generic/pgf/math/pgfmathfunctions.compa
rison.code.tex)
(/usr/local/texlive/2021/texmf-dist/tex/generic/pgf/math/pgfmathfunctions.base.
code.tex)
(/usr/local/texlive/2021/texmf-dist/tex/generic/pgf/math/pgfmathfunctions.round
.code.tex)
(/usr/local/texlive/2021/texmf-dist/tex/generic/pgf/math/pgfmathfunctions.misc.
code.tex)
(/usr/local/texlive/2021/texmf-dist/tex/generic/pgf/math/pgfmathfunctions.integ
erarithmetics.code.tex)))
(/usr/local/texlive/2021/texmf-dist/tex/generic/pgf/math/pgfmathfloat.code.tex)
) (/usr/local/texlive/2021/texmf-dist/tex/generic/pgf/math/pgfint.code.tex)
(/usr/local/texlive/2021/texmf-dist/tex/generic/pgf/basiclayer/pgfcorepoints.co
de.tex)
(/usr/local/texlive/2021/texmf-dist/tex/generic/pgf/basiclayer/pgfcorepathconst
ruct.code.tex)
(/usr/local/texlive/2021/texmf-dist/tex/generic/pgf/basiclayer/pgfcorepathusage
.code.tex)
(/usr/local/texlive/2021/texmf-dist/tex/generic/pgf/basiclayer/pgfcorescopes.co
de.tex)
(/usr/local/texlive/2021/texmf-dist/tex/generic/pgf/basiclayer/pgfcoregraphicst
ate.code.tex)
(/usr/local/texlive/2021/texmf-dist/tex/generic/pgf/basiclayer/pgfcoretransform
ations.code.tex)
(/usr/local/texlive/2021/texmf-dist/tex/generic/pgf/basiclayer/pgfcorequick.cod
e.tex)
(/usr/local/texlive/2021/texmf-dist/tex/generic/pgf/basiclayer/pgfcoreobjects.c
ode.tex)
(/usr/local/texlive/2021/texmf-dist/tex/generic/pgf/basiclayer/pgfcorepathproce
ssing.code.tex)
(/usr/local/texlive/2021/texmf-dist/tex/generic/pgf/basiclayer/pgfcorearrows.co
de.tex)
(/usr/local/texlive/2021/texmf-dist/tex/generic/pgf/basiclayer/pgfcoreshade.cod
e.tex)
(/usr/local/texlive/2021/texmf-dist/tex/generic/pgf/basiclayer/pgfcoreimage.cod
e.tex
(/usr/local/texlive/2021/texmf-dist/tex/generic/pgf/basiclayer/pgfcoreexternal.
code.tex))
(/usr/local/texlive/2021/texmf-dist/tex/generic/pgf/basiclayer/pgfcorelayers.co
de.tex)
(/usr/local/texlive/2021/texmf-dist/tex/generic/pgf/basiclayer/pgfcoretranspare
ncy.code.tex)
(/usr/local/texlive/2021/texmf-dist/tex/generic/pgf/basiclayer/pgfcorepatterns.
code.tex)
(/usr/local/texlive/2021/texmf-dist/tex/generic/pgf/basiclayer/pgfcorerdf.code.
tex)))
(/usr/local/texlive/2021/texmf-dist/tex/generic/pgf/modules/pgfmoduleshapes.cod
e.tex)
(/usr/local/texlive/2021/texmf-dist/tex/generic/pgf/modules/pgfmoduleplot.code.
tex)
(/usr/local/texlive/2021/texmf-dist/tex/latex/pgf/compatibility/pgfcomp-version
-0-65.sty)
(/usr/local/texlive/2021/texmf-dist/tex/latex/pgf/compatibility/pgfcomp-version
-1-18.sty))
(/usr/local/texlive/2021/texmf-dist/tex/latex/pgf/utilities/pgffor.sty
(/usr/local/texlive/2021/texmf-dist/tex/latex/pgf/utilities/pgfkeys.sty
(/usr/local/texlive/2021/texmf-dist/tex/generic/pgf/utilities/pgfkeys.code.tex)
) (/usr/local/texlive/2021/texmf-dist/tex/latex/pgf/math/pgfmath.sty
(/usr/local/texlive/2021/texmf-dist/tex/generic/pgf/math/pgfmath.code.tex))
(/usr/local/texlive/2021/texmf-dist/tex/generic/pgf/utilities/pgffor.code.tex
(/usr/local/texlive/2021/texmf-dist/tex/generic/pgf/math/pgfmath.code.tex)))
(/usr/local/texlive/2021/texmf-dist/tex/generic/pgf/frontendlayer/tikz/tikz.cod
e.tex
(/usr/local/texlive/2021/texmf-dist/tex/generic/pgf/libraries/pgflibraryplothan
dlers.code.tex)
(/usr/local/texlive/2021/texmf-dist/tex/generic/pgf/modules/pgfmodulematrix.cod
e.tex)
(/usr/local/texlive/2021/texmf-dist/tex/generic/pgf/frontendlayer/tikz/librarie
s/tikzlibrarytopaths.code.tex)))
(/usr/local/texlive/2021/texmf-dist/tex/latex/marginnote/marginnote.sty)
(/usr/local/texlive/2021/texmf-dist/tex/latex/csquotes/csquotes.sty
(/usr/local/texlive/2021/texmf-dist/tex/latex/etoolbox/etoolbox.sty)
(/usr/local/texlive/2021/texmf-dist/tex/latex/csquotes/csquotes.def)
(/usr/local/texlive/2021/texmf-dist/tex/latex/csquotes/csquotes.cfg))
(/usr/local/texlive/2021/texmf-dist/tex/latex/amsmath/amsmath.sty
For additional information on amsmath, use the `?' option.
(/usr/local/texlive/2021/texmf-dist/tex/latex/amsmath/amstext.sty
(/usr/local/texlive/2021/texmf-dist/tex/latex/amsmath/amsgen.sty))
(/usr/local/texlive/2021/texmf-dist/tex/latex/amsmath/amsbsy.sty)
(/usr/local/texlive/2021/texmf-dist/tex/latex/amsmath/amsopn.sty))
(/usr/local/texlive/2021/texmf-dist/tex/latex/mathtools/mathtools.sty
(/usr/local/texlive/2021/texmf-dist/tex/latex/tools/calc.sty)
(/usr/local/texlive/2021/texmf-dist/tex/latex/mathtools/mhsetup.sty))
(/usr/local/texlive/2021/texmf-dist/tex/latex/geometry/geometry.sty
(/usr/local/texlive/2021/texmf-dist/tex/generic/iftex/ifvtex.sty
(/usr/local/texlive/2021/texmf-dist/tex/generic/iftex/iftex.sty)))
(/usr/local/texlive/2021/texmf-dist/tex/latex/fontspec/fontspec.sty
(/usr/local/texlive/2021/texmf-dist/tex/latex/l3packages/xparse/xparse.sty
(/usr/local/texlive/2021/texmf-dist/tex/latex/l3kernel/expl3.sty
(/usr/local/texlive/2021/texmf-dist/tex/latex/l3backend/l3backend-xetex.def
(|extractbb --version)))
(/usr/local/texlive/2021/texmf-dist/tex/latex/l3packages/xparse/xparse-2020-10-
01.sty
(/usr/local/texlive/2021/texmf-dist/tex/latex/l3packages/xparse/xparse-generic.
tex)))
(/usr/local/texlive/2021/texmf-dist/tex/latex/fontspec/fontspec-xetex.sty
(/usr/local/texlive/2021/texmf-dist/tex/latex/base/fontenc.sty)
(/usr/local/texlive/2021/texmf-dist/tex/latex/fontspec/fontspec.cfg)))
(/usr/local/texlive/2021/texmf-dist/tex/latex/microtype/microtype.sty
(/usr/local/texlive/2021/texmf-dist/tex/latex/microtype/microtype-xetex.def)
(/usr/local/texlive/2021/texmf-dist/tex/latex/microtype/microtype.cfg))
(/usr/local/texlive/2021/texmf-dist/tex/latex/titlesec/titlesec.sty)
(/usr/local/texlive/2021/texmf-dist/tex/latex/caption/caption.sty
(/usr/local/texlive/2021/texmf-dist/tex/latex/caption/caption3.sty))
(/usr/local/texlive/2021/texmf-dist/tex/latex/hyperref/hyperref.sty
(/usr/local/texlive/2021/texmf-dist/tex/generic/ltxcmds/ltxcmds.sty)
(/usr/local/texlive/2021/texmf-dist/tex/generic/pdftexcmds/pdftexcmds.sty
(/usr/local/texlive/2021/texmf-dist/tex/generic/infwarerr/infwarerr.sty))
(/usr/local/texlive/2021/texmf-dist/tex/generic/kvsetkeys/kvsetkeys.sty)
(/usr/local/texlive/2021/texmf-dist/tex/generic/kvdefinekeys/kvdefinekeys.sty)
(/usr/local/texlive/2021/texmf-dist/tex/generic/pdfescape/pdfescape.sty)
(/usr/local/texlive/2021/texmf-dist/tex/latex/hycolor/hycolor.sty)
(/usr/local/texlive/2021/texmf-dist/tex/latex/letltxmacro/letltxmacro.sty)
(/usr/local/texlive/2021/texmf-dist/tex/latex/auxhook/auxhook.sty)
(/usr/local/texlive/2021/texmf-dist/tex/latex/kvoptions/kvoptions.sty)
(/usr/local/texlive/2021/texmf-dist/tex/latex/hyperref/pd1enc.def)
(/usr/local/texlive/2021/texmf-dist/tex/latex/hyperref/hyperref-langpatches.def
) (/usr/local/texlive/2021/texmf-dist/tex/generic/intcalc/intcalc.sty)
(/usr/local/texlive/2021/texmf-dist/tex/generic/etexcmds/etexcmds.sty)
(/usr/local/texlive/2021/texmf-dist/tex/latex/hyperref/puenc.def)
(/usr/local/texlive/2021/texmf-dist/tex/latex/url/url.sty)
(/usr/local/texlive/2021/texmf-dist/tex/generic/bitset/bitset.sty
(/usr/local/texlive/2021/texmf-dist/tex/generic/bigintcalc/bigintcalc.sty))
(/usr/local/texlive/2021/texmf-dist/tex/latex/base/atbegshi-ltx.sty))
(/usr/local/texlive/2021/texmf-dist/tex/latex/hyperref/hxetex.def
(/usr/local/texlive/2021/texmf-dist/tex/generic/stringenc/stringenc.sty)
(/usr/local/texlive/2021/texmf-dist/tex/latex/rerunfilecheck/rerunfilecheck.sty
(/usr/local/texlive/2021/texmf-dist/tex/latex/base/atveryend-ltx.sty)
(/usr/local/texlive/2021/texmf-dist/tex/generic/uniquecounter/uniquecounter.sty
))) (/usr/local/texlive/2021/texmf-dist/tex/latex/listings/listings.sty
(/usr/local/texlive/2021/texmf-dist/tex/latex/listings/lstmisc.sty)
(/usr/local/texlive/2021/texmf-dist/tex/latex/listings/listings.cfg))
(/usr/local/texlive/2021/texmf-dist/tex/latex/enumitem/enumitem.sty)
(/usr/local/texlive/2021/texmf-dist/tex/latex/preprint/authblk.sty)
(/usr/local/texlive/2021/texmf-dist/tex/latex/tcolorbox/tcolorbox.sty
(/usr/local/texlive/2021/texmf-dist/tex/latex/tools/verbatim.sty)
(/usr/local/texlive/2021/texmf-dist/tex/latex/environ/environ.sty
(/usr/local/texlive/2021/texmf-dist/tex/latex/trimspaces/trimspaces.sty))
(/usr/local/texlive/2021/texmf-dist/tex/latex/tcolorbox/tcbraster.code.tex
Library (tcolorbox): 'tcbraster.code.tex' version '4.42'
) (/usr/local/texlive/2021/texmf-dist/tex/latex/tcolorbox/tcbskins.code.tex
Library (tcolorbox): 'tcbskins.code.tex' version '4.42'

(/usr/local/texlive/2021/texmf-dist/tex/latex/tcolorbox/tcbskinsjigsaw.code.tex
Library (tcolorbox): 'tcbskinsjigsaw.code.tex' version '4.42'
))
(/usr/local/texlive/2021/texmf-dist/tex/latex/tcolorbox/tcbbreakable.code.tex
Library (tcolorbox): 'tcbbreakable.code.tex' version '4.42'
(/usr/local/texlive/2021/texmf-dist/tex/generic/oberdiek/pdfcol.sty))
(/usr/local/texlive/2021/texmf-dist/tex/latex/tcolorbox/tcbhooks.code.tex
Library (tcolorbox): 'tcbhooks.code.tex' version '4.42'
) (/usr/local/texlive/2021/texmf-dist/tex/latex/tcolorbox/tcbtheorems.code.tex
Library (tcolorbox): 'tcbtheorems.code.tex' version '4.42'
) (/usr/local/texlive/2021/texmf-dist/tex/latex/tcolorbox/tcbfitting.code.tex
Library (tcolorbox): 'tcbfitting.code.tex' version '4.42'
) (/usr/local/texlive/2021/texmf-dist/tex/latex/tcolorbox/tcbxparse.code.tex
Library (tcolorbox): 'tcbxparse.code.tex' version '4.42'
)) (./metadata.tex)
(/usr/local/texlive/2021/texmf-dist/tex/latex/fancyhdr/fancyhdr.sty)
(/usr/local/texlive/2021/texmf-dist/tex/latex/biblatex/biblatex.sty
(/usr/local/texlive/2021/texmf-dist/tex/latex/logreq/logreq.sty
(/usr/local/texlive/2021/texmf-dist/tex/latex/logreq/logreq.def))
(/usr/local/texlive/2021/texmf-dist/tex/latex/biblatex/blx-dm.def)
(/usr/local/texlive/2021/texmf-dist/tex/latex/biblatex/blx-unicode.def)
(/usr/local/texlive/2021/texmf-dist/tex/latex/biblatex/blx-compat.def)
(/usr/local/texlive/2021/texmf-dist/tex/latex/biblatex/biblatex.def)
(/usr/local/texlive/2021/texmf-dist/tex/latex/biblatex/blx-natbib.def)
(/usr/local/texlive/2021/texmf-dist/tex/latex/biblatex/bbx/numeric.bbx
(/usr/local/texlive/2021/texmf-dist/tex/latex/biblatex/bbx/standard.bbx))
(/usr/local/texlive/2021/texmf-dist/tex/latex/biblatex/cbx/numeric.cbx)
(/usr/local/texlive/2021/texmf-dist/tex/latex/biblatex/biblatex.cfg))
(/usr/local/texlive/2021/texmf-dist/tex/latex/natbib/bibentry.sty)
(/usr/local/texlive/2021/texmf-dist/tex/latex/float/float.sty))
(../openreview/packages.tex
(/usr/local/texlive/2021/texmf-dist/tex/latex/base/inputenc.sty

Package inputenc Warning: inputenc package ignored with utf8 based engines.

) (/usr/local/texlive/2021/texmf-dist/tex/latex/booktabs/booktabs.sty)
(/usr/local/texlive/2021/texmf-dist/tex/latex/tabu/tabu.sty
(/usr/local/texlive/2021/texmf-dist/tex/latex/varwidth/varwidth.sty))
(/usr/local/texlive/2021/texmf-dist/tex/latex/amsfonts/amsfonts.sty)
(/usr/local/texlive/2021/texmf-dist/tex/latex/units/nicefrac.sty)
(/usr/local/texlive/2021/texmf-dist/tex/latex/todonotes/todonotes.sty
(/usr/local/texlive/2021/texmf-dist/tex/latex/xkeyval/xkeyval.sty
(/usr/local/texlive/2021/texmf-dist/tex/generic/xkeyval/xkeyval.tex
(/usr/local/texlive/2021/texmf-dist/tex/generic/xkeyval/xkvutils.tex)))
(/usr/local/texlive/2021/texmf-dist/tex/generic/pgf/frontendlayer/tikz/librarie
s/tikzlibrarypositioning.code.tex)
(/usr/local/texlive/2021/texmf-dist/tex/generic/pgf/frontendlayer/tikz/librarie
s/tikzlibraryshadows.code.tex
(/usr/local/texlive/2021/texmf-dist/tex/generic/pgf/frontendlayer/tikz/librarie
s/tikzlibraryfadings.code.tex
(/usr/local/texlive/2021/texmf-dist/tex/generic/pgf/libraries/pgflibraryfadings
.code.tex))))
(/usr/local/texlive/2021/texmf-dist/tex/generic/systeme/systeme.sty
(/usr/local/texlive/2021/texmf-dist/tex/generic/xstring/xstring.sty
(/usr/local/texlive/2021/texmf-dist/tex/generic/xstring/xstring.tex))
(/usr/local/texlive/2021/texmf-dist/tex/generic/systeme/systeme.tex))
(/usr/local/texlive/2021/texmf-dist/tex/generic/ulem/ulem.sty))

Package csquotes Warning: Load 'inputenc' before 'csquotes' on input line 3.

(./article.aux) (/usr/local/texlive/2021/texmf-dist/tex/latex/base/ts1cmr.fd)
*geometry* driver: auto-detecting
*geometry* detected driver: xetex
(/usr/local/texlive/2021/texmf-dist/tex/latex/hyperref/nameref.sty
(/usr/local/texlive/2021/texmf-dist/tex/latex/refcount/refcount.sty)
(/usr/local/texlive/2021/texmf-dist/tex/generic/gettitlestring/gettitlestring.s
ty)) (./article.out) (./article.out)
(/usr/local/texlive/2021/texmf-dist/tex/latex/biblatex/lbx/american.lbx
(/usr/local/texlive/2021/texmf-dist/tex/latex/biblatex/lbx/english.lbx)
(/usr/local/texlive/2021/texmf-dist/tex/latex/biblatex/lbx/english.lbx))
(/usr/local/texlive/2021/texmf-dist/tex/latex/biblatex/blx-case-expl3.sty)
(./article.bbl) (./header.tex
(/usr/local/texlive/2021/texmf-dist/tex/latex/amsfonts/umsa.fd)
(/usr/local/texlive/2021/texmf-dist/tex/latex/microtype/mt-msa.cfg)
(/usr/local/texlive/2021/texmf-dist/tex/latex/amsfonts/umsb.fd)
(/usr/local/texlive/2021/texmf-dist/tex/latex/microtype/mt-msb.cfg)
(/usr/local/texlive/2021/texmf-dist/tex/latex/microtype/mt-cmr.cfg))
(../openreview/content.tex [1] [2]
Overfull \hbox (65.61856pt too wide) in paragraph at lines 40--40
[][][]\TU/SourceSerifPro(0)/m/n/8 The original authors’ code is available at []
[]https://marketplace.huaweicloud.com/markets/aihub/notebook/detail/?id=e41f63d
3-
[3] [4] [5] [6]
Overfull \hbox (19.50125pt too wide) in paragraph at lines 152--159
 [][] 

LaTeX Warning: `!h' float specifier changed to `!ht'.


Overfull \hbox (4.04793pt too wide) in paragraph at lines 191--192
[] []\TU/SourceSerifPro(0)/b/n/10 Robustness[] \TU/SourceSerifPro(0)/m/n/10 The
 \TU/SourceSerifPro(0)/m/it/10 robustness \TU/SourceSerifPro(0)/m/n/10 of a mod
el is measured by how much an explanation changes
[7] [8] [9] [10]) (../openreview/appendix.tex [11] [12] [13]) [14]
(./article.aux)

LaTeX Warning: There were undefined references.


Package biblatex Warning: Please rerun LaTeX.

 )
(see the transcript file for additional information)
Output written on article.pdf (14 pages).
Transcript written on article.log.
Latexmk: Examining 'article.log'
=== TeX engine is 'XeTeX'
Latexmk: applying rule 'pdflatex'...
This is XeTeX, Version 3.141592653-2.6-0.999993 (TeX Live 2021) (preloaded format=xelatex)
 restricted \write18 enabled.
entering extended mode
(./article.tex
LaTeX2e <2020-10-01> patch level 4
L3 programming layer <2021-02-18> (./rescience.cls
Document Class: rescience 2019/04/12 Style for ReScience articles
(/usr/local/texlive/2021/texmf-dist/tex/latex/base/article.cls
Document Class: article 2020/04/10 v1.4m Standard LaTeX document class
(/usr/local/texlive/2021/texmf-dist/tex/latex/base/size10.clo))
(/usr/local/texlive/2021/texmf-dist/tex/generic/babel/babel.sty
(/usr/local/texlive/2021/texmf-dist/tex/generic/babel/babel.def
(/usr/local/texlive/2021/texmf-dist/tex/generic/babel/xebabel.def
(/usr/local/texlive/2021/texmf-dist/tex/generic/babel/txtbabel.def)))
(/usr/local/texlive/2021/texmf-dist/tex/generic/babel-english/american.ldf
(/usr/local/texlive/2021/texmf-dist/tex/generic/babel-english/english.ldf)))
(/usr/local/texlive/2021/texmf-dist/tex/latex/base/ifthen.sty)
(/usr/local/texlive/2021/texmf-dist/tex/latex/tools/tabularx.sty
(/usr/local/texlive/2021/texmf-dist/tex/latex/tools/array.sty))
(/usr/local/texlive/2021/texmf-dist/tex/latex/pgf/frontendlayer/tikz.sty
(/usr/local/texlive/2021/texmf-dist/tex/latex/pgf/basiclayer/pgf.sty
(/usr/local/texlive/2021/texmf-dist/tex/latex/pgf/utilities/pgfrcs.sty
(/usr/local/texlive/2021/texmf-dist/tex/generic/pgf/utilities/pgfutil-common.te
x
(/usr/local/texlive/2021/texmf-dist/tex/generic/pgf/utilities/pgfutil-common-li
sts.tex))
(/usr/local/texlive/2021/texmf-dist/tex/generic/pgf/utilities/pgfutil-latex.def
) (/usr/local/texlive/2021/texmf-dist/tex/generic/pgf/utilities/pgfrcs.code.tex
(/usr/local/texlive/2021/texmf-dist/tex/generic/pgf/pgf.revision.tex)))
(/usr/local/texlive/2021/texmf-dist/tex/latex/pgf/basiclayer/pgfcore.sty
(/usr/local/texlive/2021/texmf-dist/tex/latex/graphics/graphicx.sty
(/usr/local/texlive/2021/texmf-dist/tex/latex/graphics/keyval.sty)
(/usr/local/texlive/2021/texmf-dist/tex/latex/graphics/graphics.sty
(/usr/local/texlive/2021/texmf-dist/tex/latex/graphics/trig.sty)
(/usr/local/texlive/2021/texmf-dist/tex/latex/graphics-cfg/graphics.cfg)
(/usr/local/texlive/2021/texmf-dist/tex/latex/graphics-def/xetex.def)))
(/usr/local/texlive/2021/texmf-dist/tex/latex/pgf/systemlayer/pgfsys.sty
(/usr/local/texlive/2021/texmf-dist/tex/generic/pgf/systemlayer/pgfsys.code.tex
(/usr/local/texlive/2021/texmf-dist/tex/generic/pgf/utilities/pgfkeys.code.tex
(/usr/local/texlive/2021/texmf-dist/tex/generic/pgf/utilities/pgfkeysfiltered.c
ode.tex))
(/usr/local/texlive/2021/texmf-dist/tex/generic/pgf/systemlayer/pgf.cfg)
(/usr/local/texlive/2021/texmf-dist/tex/generic/pgf/systemlayer/pgfsys-xetex.de
f
(/usr/local/texlive/2021/texmf-dist/tex/generic/pgf/systemlayer/pgfsys-dvipdfmx
.def
(/usr/local/texlive/2021/texmf-dist/tex/generic/pgf/systemlayer/pgfsys-common-p
df.def))))
(/usr/local/texlive/2021/texmf-dist/tex/generic/pgf/systemlayer/pgfsyssoftpath.
code.tex)
(/usr/local/texlive/2021/texmf-dist/tex/generic/pgf/systemlayer/pgfsysprotocol.
code.tex)) (/usr/local/texlive/2021/texmf-dist/tex/latex/xcolor/xcolor.sty
(/usr/local/texlive/2021/texmf-dist/tex/latex/graphics-cfg/color.cfg))
(/usr/local/texlive/2021/texmf-dist/tex/generic/pgf/basiclayer/pgfcore.code.tex
(/usr/local/texlive/2021/texmf-dist/tex/generic/pgf/math/pgfmath.code.tex
(/usr/local/texlive/2021/texmf-dist/tex/generic/pgf/math/pgfmathcalc.code.tex
(/usr/local/texlive/2021/texmf-dist/tex/generic/pgf/math/pgfmathutil.code.tex)
(/usr/local/texlive/2021/texmf-dist/tex/generic/pgf/math/pgfmathparser.code.tex
)
(/usr/local/texlive/2021/texmf-dist/tex/generic/pgf/math/pgfmathfunctions.code.
tex
(/usr/local/texlive/2021/texmf-dist/tex/generic/pgf/math/pgfmathfunctions.basic
.code.tex)
(/usr/local/texlive/2021/texmf-dist/tex/generic/pgf/math/pgfmathfunctions.trigo
nometric.code.tex)
(/usr/local/texlive/2021/texmf-dist/tex/generic/pgf/math/pgfmathfunctions.rando
m.code.tex)
(/usr/local/texlive/2021/texmf-dist/tex/generic/pgf/math/pgfmathfunctions.compa
rison.code.tex)
(/usr/local/texlive/2021/texmf-dist/tex/generic/pgf/math/pgfmathfunctions.base.
code.tex)
(/usr/local/texlive/2021/texmf-dist/tex/generic/pgf/math/pgfmathfunctions.round
.code.tex)
(/usr/local/texlive/2021/texmf-dist/tex/generic/pgf/math/pgfmathfunctions.misc.
code.tex)
(/usr/local/texlive/2021/texmf-dist/tex/generic/pgf/math/pgfmathfunctions.integ
erarithmetics.code.tex)))
(/usr/local/texlive/2021/texmf-dist/tex/generic/pgf/math/pgfmathfloat.code.tex)
) (/usr/local/texlive/2021/texmf-dist/tex/generic/pgf/math/pgfint.code.tex)
(/usr/local/texlive/2021/texmf-dist/tex/generic/pgf/basiclayer/pgfcorepoints.co
de.tex)
(/usr/local/texlive/2021/texmf-dist/tex/generic/pgf/basiclayer/pgfcorepathconst
ruct.code.tex)
(/usr/local/texlive/2021/texmf-dist/tex/generic/pgf/basiclayer/pgfcorepathusage
.code.tex)
(/usr/local/texlive/2021/texmf-dist/tex/generic/pgf/basiclayer/pgfcorescopes.co
de.tex)
(/usr/local/texlive/2021/texmf-dist/tex/generic/pgf/basiclayer/pgfcoregraphicst
ate.code.tex)
(/usr/local/texlive/2021/texmf-dist/tex/generic/pgf/basiclayer/pgfcoretransform
ations.code.tex)
(/usr/local/texlive/2021/texmf-dist/tex/generic/pgf/basiclayer/pgfcorequick.cod
e.tex)
(/usr/local/texlive/2021/texmf-dist/tex/generic/pgf/basiclayer/pgfcoreobjects.c
ode.tex)
(/usr/local/texlive/2021/texmf-dist/tex/generic/pgf/basiclayer/pgfcorepathproce
ssing.code.tex)
(/usr/local/texlive/2021/texmf-dist/tex/generic/pgf/basiclayer/pgfcorearrows.co
de.tex)
(/usr/local/texlive/2021/texmf-dist/tex/generic/pgf/basiclayer/pgfcoreshade.cod
e.tex)
(/usr/local/texlive/2021/texmf-dist/tex/generic/pgf/basiclayer/pgfcoreimage.cod
e.tex
(/usr/local/texlive/2021/texmf-dist/tex/generic/pgf/basiclayer/pgfcoreexternal.
code.tex))
(/usr/local/texlive/2021/texmf-dist/tex/generic/pgf/basiclayer/pgfcorelayers.co
de.tex)
(/usr/local/texlive/2021/texmf-dist/tex/generic/pgf/basiclayer/pgfcoretranspare
ncy.code.tex)
(/usr/local/texlive/2021/texmf-dist/tex/generic/pgf/basiclayer/pgfcorepatterns.
code.tex)
(/usr/local/texlive/2021/texmf-dist/tex/generic/pgf/basiclayer/pgfcorerdf.code.
tex)))
(/usr/local/texlive/2021/texmf-dist/tex/generic/pgf/modules/pgfmoduleshapes.cod
e.tex)
(/usr/local/texlive/2021/texmf-dist/tex/generic/pgf/modules/pgfmoduleplot.code.
tex)
(/usr/local/texlive/2021/texmf-dist/tex/latex/pgf/compatibility/pgfcomp-version
-0-65.sty)
(/usr/local/texlive/2021/texmf-dist/tex/latex/pgf/compatibility/pgfcomp-version
-1-18.sty))
(/usr/local/texlive/2021/texmf-dist/tex/latex/pgf/utilities/pgffor.sty
(/usr/local/texlive/2021/texmf-dist/tex/latex/pgf/utilities/pgfkeys.sty
(/usr/local/texlive/2021/texmf-dist/tex/generic/pgf/utilities/pgfkeys.code.tex)
) (/usr/local/texlive/2021/texmf-dist/tex/latex/pgf/math/pgfmath.sty
(/usr/local/texlive/2021/texmf-dist/tex/generic/pgf/math/pgfmath.code.tex))
(/usr/local/texlive/2021/texmf-dist/tex/generic/pgf/utilities/pgffor.code.tex
(/usr/local/texlive/2021/texmf-dist/tex/generic/pgf/math/pgfmath.code.tex)))
(/usr/local/texlive/2021/texmf-dist/tex/generic/pgf/frontendlayer/tikz/tikz.cod
e.tex
(/usr/local/texlive/2021/texmf-dist/tex/generic/pgf/libraries/pgflibraryplothan
dlers.code.tex)
(/usr/local/texlive/2021/texmf-dist/tex/generic/pgf/modules/pgfmodulematrix.cod
e.tex)
(/usr/local/texlive/2021/texmf-dist/tex/generic/pgf/frontendlayer/tikz/librarie
s/tikzlibrarytopaths.code.tex)))
(/usr/local/texlive/2021/texmf-dist/tex/latex/marginnote/marginnote.sty)
(/usr/local/texlive/2021/texmf-dist/tex/latex/csquotes/csquotes.sty
(/usr/local/texlive/2021/texmf-dist/tex/latex/etoolbox/etoolbox.sty)
(/usr/local/texlive/2021/texmf-dist/tex/latex/csquotes/csquotes.def)
(/usr/local/texlive/2021/texmf-dist/tex/latex/csquotes/csquotes.cfg))
(/usr/local/texlive/2021/texmf-dist/tex/latex/amsmath/amsmath.sty
For additional information on amsmath, use the `?' option.
(/usr/local/texlive/2021/texmf-dist/tex/latex/amsmath/amstext.sty
(/usr/local/texlive/2021/texmf-dist/tex/latex/amsmath/amsgen.sty))
(/usr/local/texlive/2021/texmf-dist/tex/latex/amsmath/amsbsy.sty)
(/usr/local/texlive/2021/texmf-dist/tex/latex/amsmath/amsopn.sty))
(/usr/local/texlive/2021/texmf-dist/tex/latex/mathtools/mathtools.sty
(/usr/local/texlive/2021/texmf-dist/tex/latex/tools/calc.sty)
(/usr/local/texlive/2021/texmf-dist/tex/latex/mathtools/mhsetup.sty))
(/usr/local/texlive/2021/texmf-dist/tex/latex/geometry/geometry.sty
(/usr/local/texlive/2021/texmf-dist/tex/generic/iftex/ifvtex.sty
(/usr/local/texlive/2021/texmf-dist/tex/generic/iftex/iftex.sty)))
(/usr/local/texlive/2021/texmf-dist/tex/latex/fontspec/fontspec.sty
(/usr/local/texlive/2021/texmf-dist/tex/latex/l3packages/xparse/xparse.sty
(/usr/local/texlive/2021/texmf-dist/tex/latex/l3kernel/expl3.sty
(/usr/local/texlive/2021/texmf-dist/tex/latex/l3backend/l3backend-xetex.def
(|extractbb --version)))
(/usr/local/texlive/2021/texmf-dist/tex/latex/l3packages/xparse/xparse-2020-10-
01.sty
(/usr/local/texlive/2021/texmf-dist/tex/latex/l3packages/xparse/xparse-generic.
tex)))
(/usr/local/texlive/2021/texmf-dist/tex/latex/fontspec/fontspec-xetex.sty
(/usr/local/texlive/2021/texmf-dist/tex/latex/base/fontenc.sty)
(/usr/local/texlive/2021/texmf-dist/tex/latex/fontspec/fontspec.cfg)))
(/usr/local/texlive/2021/texmf-dist/tex/latex/microtype/microtype.sty
(/usr/local/texlive/2021/texmf-dist/tex/latex/microtype/microtype-xetex.def)
(/usr/local/texlive/2021/texmf-dist/tex/latex/microtype/microtype.cfg))
(/usr/local/texlive/2021/texmf-dist/tex/latex/titlesec/titlesec.sty)
(/usr/local/texlive/2021/texmf-dist/tex/latex/caption/caption.sty
(/usr/local/texlive/2021/texmf-dist/tex/latex/caption/caption3.sty))
(/usr/local/texlive/2021/texmf-dist/tex/latex/hyperref/hyperref.sty
(/usr/local/texlive/2021/texmf-dist/tex/generic/ltxcmds/ltxcmds.sty)
(/usr/local/texlive/2021/texmf-dist/tex/generic/pdftexcmds/pdftexcmds.sty
(/usr/local/texlive/2021/texmf-dist/tex/generic/infwarerr/infwarerr.sty))
(/usr/local/texlive/2021/texmf-dist/tex/generic/kvsetkeys/kvsetkeys.sty)
(/usr/local/texlive/2021/texmf-dist/tex/generic/kvdefinekeys/kvdefinekeys.sty)
(/usr/local/texlive/2021/texmf-dist/tex/generic/pdfescape/pdfescape.sty)
(/usr/local/texlive/2021/texmf-dist/tex/latex/hycolor/hycolor.sty)
(/usr/local/texlive/2021/texmf-dist/tex/latex/letltxmacro/letltxmacro.sty)
(/usr/local/texlive/2021/texmf-dist/tex/latex/auxhook/auxhook.sty)
(/usr/local/texlive/2021/texmf-dist/tex/latex/kvoptions/kvoptions.sty)
(/usr/local/texlive/2021/texmf-dist/tex/latex/hyperref/pd1enc.def)
(/usr/local/texlive/2021/texmf-dist/tex/latex/hyperref/hyperref-langpatches.def
) (/usr/local/texlive/2021/texmf-dist/tex/generic/intcalc/intcalc.sty)
(/usr/local/texlive/2021/texmf-dist/tex/generic/etexcmds/etexcmds.sty)
(/usr/local/texlive/2021/texmf-dist/tex/latex/hyperref/puenc.def)
(/usr/local/texlive/2021/texmf-dist/tex/latex/url/url.sty)
(/usr/local/texlive/2021/texmf-dist/tex/generic/bitset/bitset.sty
(/usr/local/texlive/2021/texmf-dist/tex/generic/bigintcalc/bigintcalc.sty))
(/usr/local/texlive/2021/texmf-dist/tex/latex/base/atbegshi-ltx.sty))
(/usr/local/texlive/2021/texmf-dist/tex/latex/hyperref/hxetex.def
(/usr/local/texlive/2021/texmf-dist/tex/generic/stringenc/stringenc.sty)
(/usr/local/texlive/2021/texmf-dist/tex/latex/rerunfilecheck/rerunfilecheck.sty
(/usr/local/texlive/2021/texmf-dist/tex/latex/base/atveryend-ltx.sty)
(/usr/local/texlive/2021/texmf-dist/tex/generic/uniquecounter/uniquecounter.sty
))) (/usr/local/texlive/2021/texmf-dist/tex/latex/listings/listings.sty
(/usr/local/texlive/2021/texmf-dist/tex/latex/listings/lstmisc.sty)
(/usr/local/texlive/2021/texmf-dist/tex/latex/listings/listings.cfg))
(/usr/local/texlive/2021/texmf-dist/tex/latex/enumitem/enumitem.sty)
(/usr/local/texlive/2021/texmf-dist/tex/latex/preprint/authblk.sty)
(/usr/local/texlive/2021/texmf-dist/tex/latex/tcolorbox/tcolorbox.sty
(/usr/local/texlive/2021/texmf-dist/tex/latex/tools/verbatim.sty)
(/usr/local/texlive/2021/texmf-dist/tex/latex/environ/environ.sty
(/usr/local/texlive/2021/texmf-dist/tex/latex/trimspaces/trimspaces.sty))
(/usr/local/texlive/2021/texmf-dist/tex/latex/tcolorbox/tcbraster.code.tex
Library (tcolorbox): 'tcbraster.code.tex' version '4.42'
) (/usr/local/texlive/2021/texmf-dist/tex/latex/tcolorbox/tcbskins.code.tex
Library (tcolorbox): 'tcbskins.code.tex' version '4.42'

(/usr/local/texlive/2021/texmf-dist/tex/latex/tcolorbox/tcbskinsjigsaw.code.tex
Library (tcolorbox): 'tcbskinsjigsaw.code.tex' version '4.42'
))
(/usr/local/texlive/2021/texmf-dist/tex/latex/tcolorbox/tcbbreakable.code.tex
Library (tcolorbox): 'tcbbreakable.code.tex' version '4.42'
(/usr/local/texlive/2021/texmf-dist/tex/generic/oberdiek/pdfcol.sty))
(/usr/local/texlive/2021/texmf-dist/tex/latex/tcolorbox/tcbhooks.code.tex
Library (tcolorbox): 'tcbhooks.code.tex' version '4.42'
) (/usr/local/texlive/2021/texmf-dist/tex/latex/tcolorbox/tcbtheorems.code.tex
Library (tcolorbox): 'tcbtheorems.code.tex' version '4.42'
) (/usr/local/texlive/2021/texmf-dist/tex/latex/tcolorbox/tcbfitting.code.tex
Library (tcolorbox): 'tcbfitting.code.tex' version '4.42'
) (/usr/local/texlive/2021/texmf-dist/tex/latex/tcolorbox/tcbxparse.code.tex
Library (tcolorbox): 'tcbxparse.code.tex' version '4.42'
)) (./metadata.tex)
(/usr/local/texlive/2021/texmf-dist/tex/latex/fancyhdr/fancyhdr.sty)
(/usr/local/texlive/2021/texmf-dist/tex/latex/biblatex/biblatex.sty
(/usr/local/texlive/2021/texmf-dist/tex/latex/logreq/logreq.sty
(/usr/local/texlive/2021/texmf-dist/tex/latex/logreq/logreq.def))
(/usr/local/texlive/2021/texmf-dist/tex/latex/biblatex/blx-dm.def)
(/usr/local/texlive/2021/texmf-dist/tex/latex/biblatex/blx-unicode.def)
(/usr/local/texlive/2021/texmf-dist/tex/latex/biblatex/blx-compat.def)
(/usr/local/texlive/2021/texmf-dist/tex/latex/biblatex/biblatex.def)
(/usr/local/texlive/2021/texmf-dist/tex/latex/biblatex/blx-natbib.def)
(/usr/local/texlive/2021/texmf-dist/tex/latex/biblatex/bbx/numeric.bbx
(/usr/local/texlive/2021/texmf-dist/tex/latex/biblatex/bbx/standard.bbx))
(/usr/local/texlive/2021/texmf-dist/tex/latex/biblatex/cbx/numeric.cbx)
(/usr/local/texlive/2021/texmf-dist/tex/latex/biblatex/biblatex.cfg))
(/usr/local/texlive/2021/texmf-dist/tex/latex/natbib/bibentry.sty)
(/usr/local/texlive/2021/texmf-dist/tex/latex/float/float.sty))
(../openreview/packages.tex
(/usr/local/texlive/2021/texmf-dist/tex/latex/base/inputenc.sty

Package inputenc Warning: inputenc package ignored with utf8 based engines.

) (/usr/local/texlive/2021/texmf-dist/tex/latex/booktabs/booktabs.sty)
(/usr/local/texlive/2021/texmf-dist/tex/latex/tabu/tabu.sty
(/usr/local/texlive/2021/texmf-dist/tex/latex/varwidth/varwidth.sty))
(/usr/local/texlive/2021/texmf-dist/tex/latex/amsfonts/amsfonts.sty)
(/usr/local/texlive/2021/texmf-dist/tex/latex/units/nicefrac.sty)
(/usr/local/texlive/2021/texmf-dist/tex/latex/todonotes/todonotes.sty
(/usr/local/texlive/2021/texmf-dist/tex/latex/xkeyval/xkeyval.sty
(/usr/local/texlive/2021/texmf-dist/tex/generic/xkeyval/xkeyval.tex
(/usr/local/texlive/2021/texmf-dist/tex/generic/xkeyval/xkvutils.tex)))
(/usr/local/texlive/2021/texmf-dist/tex/generic/pgf/frontendlayer/tikz/librarie
s/tikzlibrarypositioning.code.tex)
(/usr/local/texlive/2021/texmf-dist/tex/generic/pgf/frontendlayer/tikz/librarie
s/tikzlibraryshadows.code.tex
(/usr/local/texlive/2021/texmf-dist/tex/generic/pgf/frontendlayer/tikz/librarie
s/tikzlibraryfadings.code.tex
(/usr/local/texlive/2021/texmf-dist/tex/generic/pgf/libraries/pgflibraryfadings
.code.tex))))
(/usr/local/texlive/2021/texmf-dist/tex/generic/systeme/systeme.sty
(/usr/local/texlive/2021/texmf-dist/tex/generic/xstring/xstring.sty
(/usr/local/texlive/2021/texmf-dist/tex/generic/xstring/xstring.tex))
(/usr/local/texlive/2021/texmf-dist/tex/generic/systeme/systeme.tex))
(/usr/local/texlive/2021/texmf-dist/tex/generic/ulem/ulem.sty))

Package csquotes Warning: Load 'inputenc' before 'csquotes' on input line 3.

(./article.aux) (/usr/local/texlive/2021/texmf-dist/tex/latex/base/ts1cmr.fd)
*geometry* driver: auto-detecting
*geometry* detected driver: xetex
(/usr/local/texlive/2021/texmf-dist/tex/latex/hyperref/nameref.sty
(/usr/local/texlive/2021/texmf-dist/tex/latex/refcount/refcount.sty)
(/usr/local/texlive/2021/texmf-dist/tex/generic/gettitlestring/gettitlestring.s
ty)) (./article.out) (./article.out)
(/usr/local/texlive/2021/texmf-dist/tex/latex/biblatex/lbx/american.lbx
(/usr/local/texlive/2021/texmf-dist/tex/latex/biblatex/lbx/english.lbx)
(/usr/local/texlive/2021/texmf-dist/tex/latex/biblatex/lbx/english.lbx))
(/usr/local/texlive/2021/texmf-dist/tex/latex/biblatex/blx-case-expl3.sty)
(./article.bbl) (./header.tex
(/usr/local/texlive/2021/texmf-dist/tex/latex/amsfonts/umsa.fd)
(/usr/local/texlive/2021/texmf-dist/tex/latex/microtype/mt-msa.cfg)
(/usr/local/texlive/2021/texmf-dist/tex/latex/amsfonts/umsb.fd)
(/usr/local/texlive/2021/texmf-dist/tex/latex/microtype/mt-msb.cfg)
(/usr/local/texlive/2021/texmf-dist/tex/latex/microtype/mt-cmr.cfg))
(../openreview/content.tex [1] [2]
Overfull \hbox (65.61856pt too wide) in paragraph at lines 40--40
[][][]\TU/SourceSerifPro(0)/m/n/8 The original authors’ code is available at []
[]https://marketplace.huaweicloud.com/markets/aihub/notebook/detail/?id=e41f63d
3-
[3] [4] [5] [6]
Overfull \hbox (19.50125pt too wide) in paragraph at lines 152--159
 [][] 

LaTeX Warning: `!h' float specifier changed to `!ht'.


Overfull \hbox (4.04793pt too wide) in paragraph at lines 191--192
[] []\TU/SourceSerifPro(0)/b/n/10 Robustness[] \TU/SourceSerifPro(0)/m/n/10 The
 \TU/SourceSerifPro(0)/m/it/10 robustness \TU/SourceSerifPro(0)/m/n/10 of a mod
el is measured by how much an explanation changes
[7] [8] [9] [10]) (../openreview/appendix.tex [11] [12] [13]) [14]
(./article.aux) )
(see the transcript file for additional information)
Output written on article.pdf (14 pages).
Transcript written on article.log.
Latexmk: Examining 'article.log'
=== TeX engine is 'XeTeX'
Latexmk: applying rule 'pdflatex'...
This is XeTeX, Version 3.141592653-2.6-0.999993 (TeX Live 2021) (preloaded format=xelatex)
 restricted \write18 enabled.
entering extended mode
(./article.tex
LaTeX2e <2020-10-01> patch level 4
L3 programming layer <2021-02-18> (./rescience.cls
Document Class: rescience 2019/04/12 Style for ReScience articles
(/usr/local/texlive/2021/texmf-dist/tex/latex/base/article.cls
Document Class: article 2020/04/10 v1.4m Standard LaTeX document class
(/usr/local/texlive/2021/texmf-dist/tex/latex/base/size10.clo))
(/usr/local/texlive/2021/texmf-dist/tex/generic/babel/babel.sty
(/usr/local/texlive/2021/texmf-dist/tex/generic/babel/babel.def
(/usr/local/texlive/2021/texmf-dist/tex/generic/babel/xebabel.def
(/usr/local/texlive/2021/texmf-dist/tex/generic/babel/txtbabel.def)))
(/usr/local/texlive/2021/texmf-dist/tex/generic/babel-english/american.ldf
(/usr/local/texlive/2021/texmf-dist/tex/generic/babel-english/english.ldf)))
(/usr/local/texlive/2021/texmf-dist/tex/latex/base/ifthen.sty)
(/usr/local/texlive/2021/texmf-dist/tex/latex/tools/tabularx.sty
(/usr/local/texlive/2021/texmf-dist/tex/latex/tools/array.sty))
(/usr/local/texlive/2021/texmf-dist/tex/latex/pgf/frontendlayer/tikz.sty
(/usr/local/texlive/2021/texmf-dist/tex/latex/pgf/basiclayer/pgf.sty
(/usr/local/texlive/2021/texmf-dist/tex/latex/pgf/utilities/pgfrcs.sty
(/usr/local/texlive/2021/texmf-dist/tex/generic/pgf/utilities/pgfutil-common.te
x
(/usr/local/texlive/2021/texmf-dist/tex/generic/pgf/utilities/pgfutil-common-li
sts.tex))
(/usr/local/texlive/2021/texmf-dist/tex/generic/pgf/utilities/pgfutil-latex.def
) (/usr/local/texlive/2021/texmf-dist/tex/generic/pgf/utilities/pgfrcs.code.tex
(/usr/local/texlive/2021/texmf-dist/tex/generic/pgf/pgf.revision.tex)))
(/usr/local/texlive/2021/texmf-dist/tex/latex/pgf/basiclayer/pgfcore.sty
(/usr/local/texlive/2021/texmf-dist/tex/latex/graphics/graphicx.sty
(/usr/local/texlive/2021/texmf-dist/tex/latex/graphics/keyval.sty)
(/usr/local/texlive/2021/texmf-dist/tex/latex/graphics/graphics.sty
(/usr/local/texlive/2021/texmf-dist/tex/latex/graphics/trig.sty)
(/usr/local/texlive/2021/texmf-dist/tex/latex/graphics-cfg/graphics.cfg)
(/usr/local/texlive/2021/texmf-dist/tex/latex/graphics-def/xetex.def)))
(/usr/local/texlive/2021/texmf-dist/tex/latex/pgf/systemlayer/pgfsys.sty
(/usr/local/texlive/2021/texmf-dist/tex/generic/pgf/systemlayer/pgfsys.code.tex
(/usr/local/texlive/2021/texmf-dist/tex/generic/pgf/utilities/pgfkeys.code.tex
(/usr/local/texlive/2021/texmf-dist/tex/generic/pgf/utilities/pgfkeysfiltered.c
ode.tex))
(/usr/local/texlive/2021/texmf-dist/tex/generic/pgf/systemlayer/pgf.cfg)
(/usr/local/texlive/2021/texmf-dist/tex/generic/pgf/systemlayer/pgfsys-xetex.de
f
(/usr/local/texlive/2021/texmf-dist/tex/generic/pgf/systemlayer/pgfsys-dvipdfmx
.def
(/usr/local/texlive/2021/texmf-dist/tex/generic/pgf/systemlayer/pgfsys-common-p
df.def))))
(/usr/local/texlive/2021/texmf-dist/tex/generic/pgf/systemlayer/pgfsyssoftpath.
code.tex)
(/usr/local/texlive/2021/texmf-dist/tex/generic/pgf/systemlayer/pgfsysprotocol.
code.tex)) (/usr/local/texlive/2021/texmf-dist/tex/latex/xcolor/xcolor.sty
(/usr/local/texlive/2021/texmf-dist/tex/latex/graphics-cfg/color.cfg))
(/usr/local/texlive/2021/texmf-dist/tex/generic/pgf/basiclayer/pgfcore.code.tex
(/usr/local/texlive/2021/texmf-dist/tex/generic/pgf/math/pgfmath.code.tex
(/usr/local/texlive/2021/texmf-dist/tex/generic/pgf/math/pgfmathcalc.code.tex
(/usr/local/texlive/2021/texmf-dist/tex/generic/pgf/math/pgfmathutil.code.tex)
(/usr/local/texlive/2021/texmf-dist/tex/generic/pgf/math/pgfmathparser.code.tex
)
(/usr/local/texlive/2021/texmf-dist/tex/generic/pgf/math/pgfmathfunctions.code.
tex
(/usr/local/texlive/2021/texmf-dist/tex/generic/pgf/math/pgfmathfunctions.basic
.code.tex)
(/usr/local/texlive/2021/texmf-dist/tex/generic/pgf/math/pgfmathfunctions.trigo
nometric.code.tex)
(/usr/local/texlive/2021/texmf-dist/tex/generic/pgf/math/pgfmathfunctions.rando
m.code.tex)
(/usr/local/texlive/2021/texmf-dist/tex/generic/pgf/math/pgfmathfunctions.compa
rison.code.tex)
(/usr/local/texlive/2021/texmf-dist/tex/generic/pgf/math/pgfmathfunctions.base.
code.tex)
(/usr/local/texlive/2021/texmf-dist/tex/generic/pgf/math/pgfmathfunctions.round
.code.tex)
(/usr/local/texlive/2021/texmf-dist/tex/generic/pgf/math/pgfmathfunctions.misc.
code.tex)
(/usr/local/texlive/2021/texmf-dist/tex/generic/pgf/math/pgfmathfunctions.integ
erarithmetics.code.tex)))
(/usr/local/texlive/2021/texmf-dist/tex/generic/pgf/math/pgfmathfloat.code.tex)
) (/usr/local/texlive/2021/texmf-dist/tex/generic/pgf/math/pgfint.code.tex)
(/usr/local/texlive/2021/texmf-dist/tex/generic/pgf/basiclayer/pgfcorepoints.co
de.tex)
(/usr/local/texlive/2021/texmf-dist/tex/generic/pgf/basiclayer/pgfcorepathconst
ruct.code.tex)
(/usr/local/texlive/2021/texmf-dist/tex/generic/pgf/basiclayer/pgfcorepathusage
.code.tex)
(/usr/local/texlive/2021/texmf-dist/tex/generic/pgf/basiclayer/pgfcorescopes.co
de.tex)
(/usr/local/texlive/2021/texmf-dist/tex/generic/pgf/basiclayer/pgfcoregraphicst
ate.code.tex)
(/usr/local/texlive/2021/texmf-dist/tex/generic/pgf/basiclayer/pgfcoretransform
ations.code.tex)
(/usr/local/texlive/2021/texmf-dist/tex/generic/pgf/basiclayer/pgfcorequick.cod
e.tex)
(/usr/local/texlive/2021/texmf-dist/tex/generic/pgf/basiclayer/pgfcoreobjects.c
ode.tex)
(/usr/local/texlive/2021/texmf-dist/tex/generic/pgf/basiclayer/pgfcorepathproce
ssing.code.tex)
(/usr/local/texlive/2021/texmf-dist/tex/generic/pgf/basiclayer/pgfcorearrows.co
de.tex)
(/usr/local/texlive/2021/texmf-dist/tex/generic/pgf/basiclayer/pgfcoreshade.cod
e.tex)
(/usr/local/texlive/2021/texmf-dist/tex/generic/pgf/basiclayer/pgfcoreimage.cod
e.tex
(/usr/local/texlive/2021/texmf-dist/tex/generic/pgf/basiclayer/pgfcoreexternal.
code.tex))
(/usr/local/texlive/2021/texmf-dist/tex/generic/pgf/basiclayer/pgfcorelayers.co
de.tex)
(/usr/local/texlive/2021/texmf-dist/tex/generic/pgf/basiclayer/pgfcoretranspare
ncy.code.tex)
(/usr/local/texlive/2021/texmf-dist/tex/generic/pgf/basiclayer/pgfcorepatterns.
code.tex)
(/usr/local/texlive/2021/texmf-dist/tex/generic/pgf/basiclayer/pgfcorerdf.code.
tex)))
(/usr/local/texlive/2021/texmf-dist/tex/generic/pgf/modules/pgfmoduleshapes.cod
e.tex)
(/usr/local/texlive/2021/texmf-dist/tex/generic/pgf/modules/pgfmoduleplot.code.
tex)
(/usr/local/texlive/2021/texmf-dist/tex/latex/pgf/compatibility/pgfcomp-version
-0-65.sty)
(/usr/local/texlive/2021/texmf-dist/tex/latex/pgf/compatibility/pgfcomp-version
-1-18.sty))
(/usr/local/texlive/2021/texmf-dist/tex/latex/pgf/utilities/pgffor.sty
(/usr/local/texlive/2021/texmf-dist/tex/latex/pgf/utilities/pgfkeys.sty
(/usr/local/texlive/2021/texmf-dist/tex/generic/pgf/utilities/pgfkeys.code.tex)
) (/usr/local/texlive/2021/texmf-dist/tex/latex/pgf/math/pgfmath.sty
(/usr/local/texlive/2021/texmf-dist/tex/generic/pgf/math/pgfmath.code.tex))
(/usr/local/texlive/2021/texmf-dist/tex/generic/pgf/utilities/pgffor.code.tex
(/usr/local/texlive/2021/texmf-dist/tex/generic/pgf/math/pgfmath.code.tex)))
(/usr/local/texlive/2021/texmf-dist/tex/generic/pgf/frontendlayer/tikz/tikz.cod
e.tex
(/usr/local/texlive/2021/texmf-dist/tex/generic/pgf/libraries/pgflibraryplothan
dlers.code.tex)
(/usr/local/texlive/2021/texmf-dist/tex/generic/pgf/modules/pgfmodulematrix.cod
e.tex)
(/usr/local/texlive/2021/texmf-dist/tex/generic/pgf/frontendlayer/tikz/librarie
s/tikzlibrarytopaths.code.tex)))
(/usr/local/texlive/2021/texmf-dist/tex/latex/marginnote/marginnote.sty)
(/usr/local/texlive/2021/texmf-dist/tex/latex/csquotes/csquotes.sty
(/usr/local/texlive/2021/texmf-dist/tex/latex/etoolbox/etoolbox.sty)
(/usr/local/texlive/2021/texmf-dist/tex/latex/csquotes/csquotes.def)
(/usr/local/texlive/2021/texmf-dist/tex/latex/csquotes/csquotes.cfg))
(/usr/local/texlive/2021/texmf-dist/tex/latex/amsmath/amsmath.sty
For additional information on amsmath, use the `?' option.
(/usr/local/texlive/2021/texmf-dist/tex/latex/amsmath/amstext.sty
(/usr/local/texlive/2021/texmf-dist/tex/latex/amsmath/amsgen.sty))
(/usr/local/texlive/2021/texmf-dist/tex/latex/amsmath/amsbsy.sty)
(/usr/local/texlive/2021/texmf-dist/tex/latex/amsmath/amsopn.sty))
(/usr/local/texlive/2021/texmf-dist/tex/latex/mathtools/mathtools.sty
(/usr/local/texlive/2021/texmf-dist/tex/latex/tools/calc.sty)
(/usr/local/texlive/2021/texmf-dist/tex/latex/mathtools/mhsetup.sty))
(/usr/local/texlive/2021/texmf-dist/tex/latex/geometry/geometry.sty
(/usr/local/texlive/2021/texmf-dist/tex/generic/iftex/ifvtex.sty
(/usr/local/texlive/2021/texmf-dist/tex/generic/iftex/iftex.sty)))
(/usr/local/texlive/2021/texmf-dist/tex/latex/fontspec/fontspec.sty
(/usr/local/texlive/2021/texmf-dist/tex/latex/l3packages/xparse/xparse.sty
(/usr/local/texlive/2021/texmf-dist/tex/latex/l3kernel/expl3.sty
(/usr/local/texlive/2021/texmf-dist/tex/latex/l3backend/l3backend-xetex.def
(|extractbb --version)))
(/usr/local/texlive/2021/texmf-dist/tex/latex/l3packages/xparse/xparse-2020-10-
01.sty
(/usr/local/texlive/2021/texmf-dist/tex/latex/l3packages/xparse/xparse-generic.
tex)))
(/usr/local/texlive/2021/texmf-dist/tex/latex/fontspec/fontspec-xetex.sty
(/usr/local/texlive/2021/texmf-dist/tex/latex/base/fontenc.sty)
(/usr/local/texlive/2021/texmf-dist/tex/latex/fontspec/fontspec.cfg)))
(/usr/local/texlive/2021/texmf-dist/tex/latex/microtype/microtype.sty
(/usr/local/texlive/2021/texmf-dist/tex/latex/microtype/microtype-xetex.def)
(/usr/local/texlive/2021/texmf-dist/tex/latex/microtype/microtype.cfg))
(/usr/local/texlive/2021/texmf-dist/tex/latex/titlesec/titlesec.sty)
(/usr/local/texlive/2021/texmf-dist/tex/latex/caption/caption.sty
(/usr/local/texlive/2021/texmf-dist/tex/latex/caption/caption3.sty))
(/usr/local/texlive/2021/texmf-dist/tex/latex/hyperref/hyperref.sty
(/usr/local/texlive/2021/texmf-dist/tex/generic/ltxcmds/ltxcmds.sty)
(/usr/local/texlive/2021/texmf-dist/tex/generic/pdftexcmds/pdftexcmds.sty
(/usr/local/texlive/2021/texmf-dist/tex/generic/infwarerr/infwarerr.sty))
(/usr/local/texlive/2021/texmf-dist/tex/generic/kvsetkeys/kvsetkeys.sty)
(/usr/local/texlive/2021/texmf-dist/tex/generic/kvdefinekeys/kvdefinekeys.sty)
(/usr/local/texlive/2021/texmf-dist/tex/generic/pdfescape/pdfescape.sty)
(/usr/local/texlive/2021/texmf-dist/tex/latex/hycolor/hycolor.sty)
(/usr/local/texlive/2021/texmf-dist/tex/latex/letltxmacro/letltxmacro.sty)
(/usr/local/texlive/2021/texmf-dist/tex/latex/auxhook/auxhook.sty)
(/usr/local/texlive/2021/texmf-dist/tex/latex/kvoptions/kvoptions.sty)
(/usr/local/texlive/2021/texmf-dist/tex/latex/hyperref/pd1enc.def)
(/usr/local/texlive/2021/texmf-dist/tex/latex/hyperref/hyperref-langpatches.def
) (/usr/local/texlive/2021/texmf-dist/tex/generic/intcalc/intcalc.sty)
(/usr/local/texlive/2021/texmf-dist/tex/generic/etexcmds/etexcmds.sty)
(/usr/local/texlive/2021/texmf-dist/tex/latex/hyperref/puenc.def)
(/usr/local/texlive/2021/texmf-dist/tex/latex/url/url.sty)
(/usr/local/texlive/2021/texmf-dist/tex/generic/bitset/bitset.sty
(/usr/local/texlive/2021/texmf-dist/tex/generic/bigintcalc/bigintcalc.sty))
(/usr/local/texlive/2021/texmf-dist/tex/latex/base/atbegshi-ltx.sty))
(/usr/local/texlive/2021/texmf-dist/tex/latex/hyperref/hxetex.def
(/usr/local/texlive/2021/texmf-dist/tex/generic/stringenc/stringenc.sty)
(/usr/local/texlive/2021/texmf-dist/tex/latex/rerunfilecheck/rerunfilecheck.sty
(/usr/local/texlive/2021/texmf-dist/tex/latex/base/atveryend-ltx.sty)
(/usr/local/texlive/2021/texmf-dist/tex/generic/uniquecounter/uniquecounter.sty
))) (/usr/local/texlive/2021/texmf-dist/tex/latex/listings/listings.sty
(/usr/local/texlive/2021/texmf-dist/tex/latex/listings/lstmisc.sty)
(/usr/local/texlive/2021/texmf-dist/tex/latex/listings/listings.cfg))
(/usr/local/texlive/2021/texmf-dist/tex/latex/enumitem/enumitem.sty)
(/usr/local/texlive/2021/texmf-dist/tex/latex/preprint/authblk.sty)
(/usr/local/texlive/2021/texmf-dist/tex/latex/tcolorbox/tcolorbox.sty
(/usr/local/texlive/2021/texmf-dist/tex/latex/tools/verbatim.sty)
(/usr/local/texlive/2021/texmf-dist/tex/latex/environ/environ.sty
(/usr/local/texlive/2021/texmf-dist/tex/latex/trimspaces/trimspaces.sty))
(/usr/local/texlive/2021/texmf-dist/tex/latex/tcolorbox/tcbraster.code.tex
Library (tcolorbox): 'tcbraster.code.tex' version '4.42'
) (/usr/local/texlive/2021/texmf-dist/tex/latex/tcolorbox/tcbskins.code.tex
Library (tcolorbox): 'tcbskins.code.tex' version '4.42'

(/usr/local/texlive/2021/texmf-dist/tex/latex/tcolorbox/tcbskinsjigsaw.code.tex
Library (tcolorbox): 'tcbskinsjigsaw.code.tex' version '4.42'
))
(/usr/local/texlive/2021/texmf-dist/tex/latex/tcolorbox/tcbbreakable.code.tex
Library (tcolorbox): 'tcbbreakable.code.tex' version '4.42'
(/usr/local/texlive/2021/texmf-dist/tex/generic/oberdiek/pdfcol.sty))
(/usr/local/texlive/2021/texmf-dist/tex/latex/tcolorbox/tcbhooks.code.tex
Library (tcolorbox): 'tcbhooks.code.tex' version '4.42'
) (/usr/local/texlive/2021/texmf-dist/tex/latex/tcolorbox/tcbtheorems.code.tex
Library (tcolorbox): 'tcbtheorems.code.tex' version '4.42'
) (/usr/local/texlive/2021/texmf-dist/tex/latex/tcolorbox/tcbfitting.code.tex
Library (tcolorbox): 'tcbfitting.code.tex' version '4.42'
) (/usr/local/texlive/2021/texmf-dist/tex/latex/tcolorbox/tcbxparse.code.tex
Library (tcolorbox): 'tcbxparse.code.tex' version '4.42'
)) (./metadata.tex)
(/usr/local/texlive/2021/texmf-dist/tex/latex/fancyhdr/fancyhdr.sty)
(/usr/local/texlive/2021/texmf-dist/tex/latex/biblatex/biblatex.sty
(/usr/local/texlive/2021/texmf-dist/tex/latex/logreq/logreq.sty
(/usr/local/texlive/2021/texmf-dist/tex/latex/logreq/logreq.def))
(/usr/local/texlive/2021/texmf-dist/tex/latex/biblatex/blx-dm.def)
(/usr/local/texlive/2021/texmf-dist/tex/latex/biblatex/blx-unicode.def)
(/usr/local/texlive/2021/texmf-dist/tex/latex/biblatex/blx-compat.def)
(/usr/local/texlive/2021/texmf-dist/tex/latex/biblatex/biblatex.def)
(/usr/local/texlive/2021/texmf-dist/tex/latex/biblatex/blx-natbib.def)
(/usr/local/texlive/2021/texmf-dist/tex/latex/biblatex/bbx/numeric.bbx
(/usr/local/texlive/2021/texmf-dist/tex/latex/biblatex/bbx/standard.bbx))
(/usr/local/texlive/2021/texmf-dist/tex/latex/biblatex/cbx/numeric.cbx)
(/usr/local/texlive/2021/texmf-dist/tex/latex/biblatex/biblatex.cfg))
(/usr/local/texlive/2021/texmf-dist/tex/latex/natbib/bibentry.sty)
(/usr/local/texlive/2021/texmf-dist/tex/latex/float/float.sty))
(../openreview/packages.tex
(/usr/local/texlive/2021/texmf-dist/tex/latex/base/inputenc.sty

Package inputenc Warning: inputenc package ignored with utf8 based engines.

) (/usr/local/texlive/2021/texmf-dist/tex/latex/booktabs/booktabs.sty)
(/usr/local/texlive/2021/texmf-dist/tex/latex/tabu/tabu.sty
(/usr/local/texlive/2021/texmf-dist/tex/latex/varwidth/varwidth.sty))
(/usr/local/texlive/2021/texmf-dist/tex/latex/amsfonts/amsfonts.sty)
(/usr/local/texlive/2021/texmf-dist/tex/latex/units/nicefrac.sty)
(/usr/local/texlive/2021/texmf-dist/tex/latex/todonotes/todonotes.sty
(/usr/local/texlive/2021/texmf-dist/tex/latex/xkeyval/xkeyval.sty
(/usr/local/texlive/2021/texmf-dist/tex/generic/xkeyval/xkeyval.tex
(/usr/local/texlive/2021/texmf-dist/tex/generic/xkeyval/xkvutils.tex)))
(/usr/local/texlive/2021/texmf-dist/tex/generic/pgf/frontendlayer/tikz/librarie
s/tikzlibrarypositioning.code.tex)
(/usr/local/texlive/2021/texmf-dist/tex/generic/pgf/frontendlayer/tikz/librarie
s/tikzlibraryshadows.code.tex
(/usr/local/texlive/2021/texmf-dist/tex/generic/pgf/frontendlayer/tikz/librarie
s/tikzlibraryfadings.code.tex
(/usr/local/texlive/2021/texmf-dist/tex/generic/pgf/libraries/pgflibraryfadings
.code.tex))))
(/usr/local/texlive/2021/texmf-dist/tex/generic/systeme/systeme.sty
(/usr/local/texlive/2021/texmf-dist/tex/generic/xstring/xstring.sty
(/usr/local/texlive/2021/texmf-dist/tex/generic/xstring/xstring.tex))
(/usr/local/texlive/2021/texmf-dist/tex/generic/systeme/systeme.tex))
(/usr/local/texlive/2021/texmf-dist/tex/generic/ulem/ulem.sty))

Package csquotes Warning: Load 'inputenc' before 'csquotes' on input line 3.

(./article.aux) (/usr/local/texlive/2021/texmf-dist/tex/latex/base/ts1cmr.fd)
*geometry* driver: auto-detecting
*geometry* detected driver: xetex
(/usr/local/texlive/2021/texmf-dist/tex/latex/hyperref/nameref.sty
(/usr/local/texlive/2021/texmf-dist/tex/latex/refcount/refcount.sty)
(/usr/local/texlive/2021/texmf-dist/tex/generic/gettitlestring/gettitlestring.s
ty)) (./article.out) (./article.out)
(/usr/local/texlive/2021/texmf-dist/tex/latex/biblatex/lbx/american.lbx
(/usr/local/texlive/2021/texmf-dist/tex/latex/biblatex/lbx/english.lbx)
(/usr/local/texlive/2021/texmf-dist/tex/latex/biblatex/lbx/english.lbx))
(/usr/local/texlive/2021/texmf-dist/tex/latex/biblatex/blx-case-expl3.sty)
(./article.bbl) (./header.tex
(/usr/local/texlive/2021/texmf-dist/tex/latex/amsfonts/umsa.fd)
(/usr/local/texlive/2021/texmf-dist/tex/latex/microtype/mt-msa.cfg)
(/usr/local/texlive/2021/texmf-dist/tex/latex/amsfonts/umsb.fd)
(/usr/local/texlive/2021/texmf-dist/tex/latex/microtype/mt-msb.cfg)
(/usr/local/texlive/2021/texmf-dist/tex/latex/microtype/mt-cmr.cfg))
(../openreview/content.tex [1] [2]
Overfull \hbox (65.61856pt too wide) in paragraph at lines 40--40
[][][]\TU/SourceSerifPro(0)/m/n/8 The original authors’ code is available at []
[]https://marketplace.huaweicloud.com/markets/aihub/notebook/detail/?id=e41f63d
3-
[3] [4] [5] [6]
Overfull \hbox (19.50125pt too wide) in paragraph at lines 152--159
 [][] 

LaTeX Warning: `!h' float specifier changed to `!ht'.


Overfull \hbox (4.04793pt too wide) in paragraph at lines 191--192
[] []\TU/SourceSerifPro(0)/b/n/10 Robustness[] \TU/SourceSerifPro(0)/m/n/10 The
 \TU/SourceSerifPro(0)/m/it/10 robustness \TU/SourceSerifPro(0)/m/n/10 of a mod
el is measured by how much an explanation changes
[7] [8] [9] [10]) (../openreview/appendix.tex [11] [12] [13]) [14]
(./article.aux) )
(see the transcript file for additional information)
Output written on article.pdf (14 pages).
Transcript written on article.log.
Latexmk: Examining 'article.log'
=== TeX engine is 'XeTeX'
Latexmk: All targets (article.pdf) are up-to-date
