This is pdfTeX, Version 3.141592653-2.6-1.40.24 (TeX Live 2022) (preloaded format=pdflatex 2022.4.29)  4 MAY 2022 15:33
entering extended mode
 restricted \write18 enabled.
 file:line:error style messages enabled.
 %&-line parsing enabled.
**d:/Users/Luuk/Documents/Programming/ai_master/FACT/camera_ready/MachineLearningReproductionChallenge/2021/eijkelboom2022reproduction/openreview/main.tex
(d:/Users/Luuk/Documents/Programming/ai_master/FACT/camera_ready/MachineLearningReproductionChallenge/2021/eijkelboom2022reproduction/openreview/main.tex
LaTeX2e <2021-11-15> patch level 1
L3 programming layer <2022-04-20> (c:/texlive/2022/texmf-dist/tex/latex/base/article.cls
Document Class: article 2021/10/04 v1.4n Standard LaTeX document class
(c:/texlive/2022/texmf-dist/tex/latex/base/size10.clo
File: size10.clo 2021/10/04 v1.4n Standard LaTeX file (size option)
)
\c@part=\count185
\c@section=\count186
\c@subsection=\count187
\c@subsubsection=\count188
\c@paragraph=\count189
\c@subparagraph=\count190
\c@figure=\count191
\c@table=\count192
\abovecaptionskip=\skip47
\belowcaptionskip=\skip48
\bibindent=\dimen138
) (./packages.tex (c:/texlive/2022/texmf-dist/tex/latex/base/inputenc.sty
Package: inputenc 2021/02/14 v1.3d Input encoding file
\inpenc@prehook=\toks16
\inpenc@posthook=\toks17
) (c:/texlive/2022/texmf-dist/tex/latex/hyperref/hyperref.sty
Package: hyperref 2022-02-21 v7.00n Hypertext links for LaTeX
 (c:/texlive/2022/texmf-dist/tex/generic/ltxcmds/ltxcmds.sty
Package: ltxcmds 2020-05-10 v1.25 LaTeX kernel commands for general use (HO)
) (c:/texlive/2022/texmf-dist/tex/generic/iftex/iftex.sty
Package: iftex 2022/02/03 v1.0f TeX engine tests
) (c:/texlive/2022/texmf-dist/tex/generic/pdftexcmds/pdftexcmds.sty
Package: pdftexcmds 2020-06-27 v0.33 Utility functions of pdfTeX for LuaTeX (HO)
 (c:/texlive/2022/texmf-dist/tex/generic/infwarerr/infwarerr.sty
Package: infwarerr 2019/12/03 v1.5 Providing info/warning/error messages (HO)
)
Package pdftexcmds Info: \pdf@primitive is available.
Package pdftexcmds Info: \pdf@ifprimitive is available.
Package pdftexcmds Info: \pdfdraftmode found.
) (c:/texlive/2022/texmf-dist/tex/latex/graphics/keyval.sty
Package: keyval 2014/10/28 v1.15 key=value parser (DPC)
\KV@toks@=\toks18
) (c:/texlive/2022/texmf-dist/tex/generic/kvsetkeys/kvsetkeys.sty
Package: kvsetkeys 2019/12/15 v1.18 Key value parser (HO)
) (c:/texlive/2022/texmf-dist/tex/generic/kvdefinekeys/kvdefinekeys.sty
Package: kvdefinekeys 2019-12-19 v1.6 Define keys (HO)
) (c:/texlive/2022/texmf-dist/tex/generic/pdfescape/pdfescape.sty
Package: pdfescape 2019/12/09 v1.15 Implements pdfTeX's escape features (HO)
) (c:/texlive/2022/texmf-dist/tex/latex/hycolor/hycolor.sty
Package: hycolor 2020-01-27 v1.10 Color options for hyperref/bookmark (HO)
) (c:/texlive/2022/texmf-dist/tex/latex/letltxmacro/letltxmacro.sty
Package: letltxmacro 2019/12/03 v1.6 Let assignment for LaTeX macros (HO)
) (c:/texlive/2022/texmf-dist/tex/latex/auxhook/auxhook.sty
Package: auxhook 2019-12-17 v1.6 Hooks for auxiliary files (HO)
) (c:/texlive/2022/texmf-dist/tex/latex/kvoptions/kvoptions.sty
Package: kvoptions 2020-10-07 v3.14 Key value format for package options (HO)
)
\@linkdim=\dimen139
\Hy@linkcounter=\count193
\Hy@pagecounter=\count194
 (c:/texlive/2022/texmf-dist/tex/latex/hyperref/pd1enc.def
File: pd1enc.def 2022-02-21 v7.00n Hyperref: PDFDocEncoding definition (HO)
Now handling font encoding PD1 ...
... no UTF-8 mapping file for font encoding PD1
) (c:/texlive/2022/texmf-dist/tex/generic/intcalc/intcalc.sty
Package: intcalc 2019/12/15 v1.3 Expandable calculations with integers (HO)
) (c:/texlive/2022/texmf-dist/tex/generic/etexcmds/etexcmds.sty
Package: etexcmds 2019/12/15 v1.7 Avoid name clashes with e-TeX commands (HO)
)
\Hy@SavedSpaceFactor=\count195
 (c:/texlive/2022/texmf-dist/tex/latex/hyperref/puenc.def
File: puenc.def 2022-02-21 v7.00n Hyperref: PDF Unicode definition (HO)
Now handling font encoding PU ...
... no UTF-8 mapping file for font encoding PU
)
Package hyperref Info: Hyper figures OFF on input line 4137.
Package hyperref Info: Link nesting OFF on input line 4142.
Package hyperref Info: Hyper index ON on input line 4145.
Package hyperref Info: Plain pages OFF on input line 4152.
Package hyperref Info: Backreferencing OFF on input line 4157.
Package hyperref Info: Implicit mode ON; LaTeX internals redefined.
Package hyperref Info: Bookmarks ON on input line 4390.
\c@Hy@tempcnt=\count196
 (c:/texlive/2022/texmf-dist/tex/latex/url/url.sty
\Urlmuskip=\muskip16
Package: url 2013/09/16  ver 3.4  Verb mode for urls, etc.
)
LaTeX Info: Redefining \url on input line 4749.
\XeTeXLinkMargin=\dimen140
 (c:/texlive/2022/texmf-dist/tex/generic/bitset/bitset.sty
Package: bitset 2019/12/09 v1.3 Handle bit-vector datatype (HO)
 (c:/texlive/2022/texmf-dist/tex/generic/bigintcalc/bigintcalc.sty
Package: bigintcalc 2019/12/15 v1.5 Expandable calculations on big integers (HO)
))
\Fld@menulength=\count197
\Field@Width=\dimen141
\Fld@charsize=\dimen142
Package hyperref Info: Hyper figures OFF on input line 6027.
Package hyperref Info: Link nesting OFF on input line 6032.
Package hyperref Info: Hyper index ON on input line 6035.
Package hyperref Info: backreferencing OFF on input line 6042.
Package hyperref Info: Link coloring OFF on input line 6047.
Package hyperref Info: Link coloring with OCG OFF on input line 6052.
Package hyperref Info: PDF/A mode OFF on input line 6057.
LaTeX Info: Redefining \ref on input line 6097.
LaTeX Info: Redefining \pageref on input line 6101.
 (c:/texlive/2022/texmf-dist/tex/latex/base/atbegshi-ltx.sty
Package: atbegshi-ltx 2021/01/10 v1.0c Emulation of the original atbegshi
package with kernel methods
)
\Hy@abspage=\count198
\c@Item=\count199
\c@Hfootnote=\count266
)
Package hyperref Info: Driver (autodetected): hpdftex.
 (c:/texlive/2022/texmf-dist/tex/latex/hyperref/hpdftex.def
File: hpdftex.def 2022-02-21 v7.00n Hyperref driver for pdfTeX
 (c:/texlive/2022/texmf-dist/tex/latex/base/atveryend-ltx.sty
Package: atveryend-ltx 2020/08/19 v1.0a Emulation of the original atveryend package
with kernel methods
)
\Fld@listcount=\count267
\c@bookmark@seq@number=\count268
 (c:/texlive/2022/texmf-dist/tex/latex/rerunfilecheck/rerunfilecheck.sty
Package: rerunfilecheck 2019/12/05 v1.9 Rerun checks for auxiliary files (HO)
 (c:/texlive/2022/texmf-dist/tex/generic/uniquecounter/uniquecounter.sty
Package: uniquecounter 2019/12/15 v1.4 Provide unlimited unique counter (HO)
)
Package uniquecounter Info: New unique counter `rerunfilecheck' on input line 286.
)
\Hy@SectionHShift=\skip49
) (c:/texlive/2022/texmf-dist/tex/latex/tools/bm.sty
Package: bm 2021/04/25 v1.2e Bold Symbol Support (DPC/FMi)
\symboldoperators=\mathgroup4
\symboldletters=\mathgroup5
\symboldsymbols=\mathgroup6
Package bm Info: No bold for \OMX/cmex/m/n, using \pmb.
LaTeX Font Info:    Redeclaring math alphabet \mathbf on input line 149.
)
\c@prop=\count269
 (c:/texlive/2022/texmf-dist/tex/latex/multirow/multirow.sty
Package: multirow 2021/03/15 v2.8 Span multiple rows of a table
\multirow@colwidth=\skip50
\multirow@cntb=\count270
\multirow@dima=\skip51
\bigstrutjot=\dimen143
) (c:/texlive/2022/texmf-dist/tex/latex/tools/array.sty
Package: array 2021/10/04 v2.5f Tabular extension package (FMi)
\col@sep=\dimen144
\ar@mcellbox=\box50
\extrarowheight=\dimen145
\NC@list=\toks19
\extratabsurround=\skip52
\backup@length=\skip53
\ar@cellbox=\box51
) (c:/texlive/2022/texmf-dist/tex/latex/graphics/graphicx.sty
Package: graphicx 2021/09/16 v1.2d Enhanced LaTeX Graphics (DPC,SPQR)
 (c:/texlive/2022/texmf-dist/tex/latex/graphics/graphics.sty
Package: graphics 2021/03/04 v1.4d Standard LaTeX Graphics (DPC,SPQR)
 (c:/texlive/2022/texmf-dist/tex/latex/graphics/trig.sty
Package: trig 2021/08/11 v1.11 sin cos tan (DPC)
) (c:/texlive/2022/texmf-dist/tex/latex/graphics-cfg/graphics.cfg
File: graphics.cfg 2016/06/04 v1.11 sample graphics configuration
)
Package graphics Info: Driver file: pdftex.def on input line 107.
 (c:/texlive/2022/texmf-dist/tex/latex/graphics-def/pdftex.def
File: pdftex.def 2020/10/05 v1.2a Graphics/color driver for pdftex
))
\Gin@req@height=\dimen146
\Gin@req@width=\dimen147
) (c:/texlive/2022/texmf-dist/tex/latex/caption/caption.sty
Package: caption 2022/03/01 v3.6b Customizing captions (AR)
 (c:/texlive/2022/texmf-dist/tex/latex/caption/caption3.sty
Package: caption3 2022/03/17 v2.3b caption3 kernel (AR)
\caption@tempdima=\dimen148
\captionmargin=\dimen149
\caption@leftmargin=\dimen150
\caption@rightmargin=\dimen151
\caption@width=\dimen152
\caption@indent=\dimen153
\caption@parindent=\dimen154
\caption@hangindent=\dimen155
Package caption Info: Standard document class detected.
)
\c@caption@flags=\count271
\c@continuedfloat=\count272
Package caption Info: hyperref package is loaded.
) (c:/texlive/2022/texmf-dist/tex/latex/caption/subcaption.sty
Package: subcaption 2022/01/07 v1.5 Sub-captions (AR)
\c@subfigure=\count273
\c@subtable=\count274
) (c:/texlive/2022/texmf-dist/tex/latex/amsmath/amsmath.sty
Package: amsmath 2021/10/15 v2.17l AMS math features
\@mathmargin=\skip54

For additional information on amsmath, use the `?' option.
(c:/texlive/2022/texmf-dist/tex/latex/amsmath/amstext.sty
Package: amstext 2021/08/26 v2.01 AMS text
 (c:/texlive/2022/texmf-dist/tex/latex/amsmath/amsgen.sty
File: amsgen.sty 1999/11/30 v2.0 generic functions
\@emptytoks=\toks20
\ex@=\dimen156
)) (c:/texlive/2022/texmf-dist/tex/latex/amsmath/amsbsy.sty
Package: amsbsy 1999/11/29 v1.2d Bold Symbols
LaTeX Info: Redefining \boldsymbol on input line 28.
\pmbraise@=\dimen157
) (c:/texlive/2022/texmf-dist/tex/latex/amsmath/amsopn.sty
Package: amsopn 2021/08/26 v2.02 operator names
)
\inf@bad=\count275
LaTeX Info: Redefining \frac on input line 234.
\uproot@=\count276
\leftroot@=\count277
LaTeX Info: Redefining \overline on input line 399.
\classnum@=\count278
\DOTSCASE@=\count279
LaTeX Info: Redefining \ldots on input line 496.
LaTeX Info: Redefining \dots on input line 499.
LaTeX Info: Redefining \cdots on input line 620.
\Mathstrutbox@=\box52
\strutbox@=\box53
\big@size=\dimen158
LaTeX Font Info:    Redeclaring font encoding OML on input line 743.
LaTeX Font Info:    Redeclaring font encoding OMS on input line 744.
\macc@depth=\count280
\c@MaxMatrixCols=\count281
\dotsspace@=\muskip17
\c@parentequation=\count282
\dspbrk@lvl=\count283
\tag@help=\toks21
\row@=\count284
\column@=\count285
\maxfields@=\count286
\andhelp@=\toks22
\eqnshift@=\dimen159
\alignsep@=\dimen160
\tagshift@=\dimen161
\tagwidth@=\dimen162
\totwidth@=\dimen163
\lineht@=\dimen164
\@envbody=\toks23
\multlinegap=\skip55
\multlinetaggap=\skip56
\mathdisplay@stack=\toks24
LaTeX Info: Redefining \[ on input line 2938.
LaTeX Info: Redefining \] on input line 2939.
) (c:/texlive/2022/texmf-dist/tex/latex/units/nicefrac.sty
Package: nicefrac 1998/08/04 v0.9b Nice fractions
\L@UnitsRaiseDisplaystyle=\skip57
\L@UnitsRaiseTextstyle=\skip58
\L@UnitsRaiseScriptstyle=\skip59
 (c:/texlive/2022/texmf-dist/tex/latex/base/ifthen.sty
Package: ifthen 2020/11/24 v1.1c Standard LaTeX ifthen package (DPC)
)) (c:/texlive/2022/texmf-dist/tex/latex/amsfonts/amsfonts.sty
Package: amsfonts 2013/01/14 v3.01 Basic AMSFonts support
\symAMSa=\mathgroup7
\symAMSb=\mathgroup8
LaTeX Font Info:    Redeclaring math symbol \hbar on input line 98.
LaTeX Font Info:    Overwriting math alphabet `\mathfrak' in version `bold'
(Font)                  U/euf/m/n --> U/euf/b/n on input line 106.
)) (c:/texlive/2022/texmf-dist/tex/latex/threeparttable/threeparttable.sty
Package: threeparttable 2003/06/13  v 3.0
\@tempboxb=\box54
) (c:/texlive/2022/texmf-dist/tex/latex/l3backend/l3backend-pdftex.def
File: l3backend-pdftex.def 2022-04-20 L3 backend support: PDF output (pdfTeX)
\l__color_backend_stack_int=\count287
\l__pdf_internal_box=\box55
) (./main.aux)
\openout1 = `main.aux'.

LaTeX Font Info:    Checking defaults for OML/cmm/m/it on input line 36.
LaTeX Font Info:    ... okay on input line 36.
LaTeX Font Info:    Checking defaults for OMS/cmsy/m/n on input line 36.
LaTeX Font Info:    ... okay on input line 36.
LaTeX Font Info:    Checking defaults for OT1/cmr/m/n on input line 36.
LaTeX Font Info:    ... okay on input line 36.
LaTeX Font Info:    Checking defaults for T1/cmr/m/n on input line 36.
LaTeX Font Info:    ... okay on input line 36.
LaTeX Font Info:    Checking defaults for TS1/cmr/m/n on input line 36.
LaTeX Font Info:    ... okay on input line 36.
LaTeX Font Info:    Checking defaults for OMX/cmex/m/n on input line 36.
LaTeX Font Info:    ... okay on input line 36.
LaTeX Font Info:    Checking defaults for U/cmr/m/n on input line 36.
LaTeX Font Info:    ... okay on input line 36.
LaTeX Font Info:    Checking defaults for PD1/pdf/m/n on input line 36.
LaTeX Font Info:    ... okay on input line 36.
LaTeX Font Info:    Checking defaults for PU/pdf/m/n on input line 36.
LaTeX Font Info:    ... okay on input line 36.
Package hyperref Info: Link coloring OFF on input line 36.
 (c:/texlive/2022/texmf-dist/tex/latex/hyperref/nameref.sty
Package: nameref 2021-04-02 v2.47 Cross-referencing by name of section
 (c:/texlive/2022/texmf-dist/tex/latex/refcount/refcount.sty
Package: refcount 2019/12/15 v3.6 Data extraction from label references (HO)
) (c:/texlive/2022/texmf-dist/tex/generic/gettitlestring/gettitlestring.sty
Package: gettitlestring 2019/12/15 v1.6 Cleanup title references (HO)
)
\c@section@level=\count288
)
LaTeX Info: Redefining \ref on input line 36.
LaTeX Info: Redefining \pageref on input line 36.
LaTeX Info: Redefining \nameref on input line 36.
\@outlinefile=\write3
\openout3 = `main.out'.

 (c:/texlive/2022/texmf-dist/tex/context/base/mkii/supp-pdf.mkii
[Loading MPS to PDF converter (version 2006.09.02).]
\scratchcounter=\count289
\scratchdimen=\dimen165
\scratchbox=\box56
\nofMPsegments=\count290
\nofMParguments=\count291
\everyMPshowfont=\toks25
\MPscratchCnt=\count292
\MPscratchDim=\dimen166
\MPnumerator=\count293
\makeMPintoPDFobject=\count294
\everyMPtoPDFconversion=\toks26
) (c:/texlive/2022/texmf-dist/tex/latex/epstopdf-pkg/epstopdf-base.sty
Package: epstopdf-base 2020-01-24 v2.11 Base part for package epstopdf
Package epstopdf-base Info: Redefining graphics rule for `.eps' on input line 485.
 (c:/texlive/2022/texmf-dist/tex/latex/latexconfig/epstopdf-sys.cfg
File: epstopdf-sys.cfg 2010/07/13 v1.3 Configuration of (r)epstopdf for TeX Live
))
Package caption Info: Begin \AtBeginDocument code.
Package caption Info: threeparttable package is loaded.
Package caption Info: End \AtBeginDocument code.
LaTeX Font Info:    Trying to load font information for U+msa on input line 38.
 (c:/texlive/2022/texmf-dist/tex/latex/amsfonts/umsa.fd
File: umsa.fd 2013/01/14 v3.01 AMS symbols A
)
LaTeX Font Info:    Trying to load font information for U+msb on input line 38.
 (c:/texlive/2022/texmf-dist/tex/latex/amsfonts/umsb.fd
File: umsb.fd 2013/01/14 v3.01 AMS symbols B
)
d:/Users/Luuk/Documents/Programming/ai_master/FACT/camera_ready/MachineLearningReproductionChallenge/2021/eijkelboom2022reproduction/openreview/main.tex:38: Missing $ inserted.
<inserted text> 
                $
l.38 \input
           {content}
I've inserted a begin-math/end-math symbol since I think
you left one out. Proceed, with fingers crossed.

d:/Users/Luuk/Documents/Programming/ai_master/FACT/camera_ready/MachineLearningReproductionChallenge/2021/eijkelboom2022reproduction/openreview/main.tex:38: Missing $ inserted.
<inserted text> 
                $
l.38 \input
           {content}
I've inserted something that you may have forgotten.
(See the <inserted text> above.)
With luck, this will get me unwedged. But if you
really didn't forget anything, try typing `2' now; then
my insertion and my current dilemma will both disappear.

d:/Users/Luuk/Documents/Programming/ai_master/FACT/camera_ready/MachineLearningReproductionChallenge/2021/eijkelboom2022reproduction/openreview/main.tex:38: Missing $ inserted.
<inserted text> 
                $
l.38 \input
           {content}
I've inserted a begin-math/end-math symbol since I think
you left one out. Proceed, with fingers crossed.

d:/Users/Luuk/Documents/Programming/ai_master/FACT/camera_ready/MachineLearningReproductionChallenge/2021/eijkelboom2022reproduction/openreview/main.tex:38: Missing $ inserted.
<inserted text> 
                $
l.38 \input
           {content}
I've inserted something that you may have forgotten.
(See the <inserted text> above.)
With luck, this will get me unwedged. But if you
really didn't forget anything, try typing `2' now; then
my insertion and my current dilemma will both disappear.

d:/Users/Luuk/Documents/Programming/ai_master/FACT/camera_ready/MachineLearningReproductionChallenge/2021/eijkelboom2022reproduction/openreview/main.tex:38: Missing $ inserted.
<inserted text> 
                $
l.38 \input
           {content}
I've inserted a begin-math/end-math symbol since I think
you left one out. Proceed, with fingers crossed.

d:/Users/Luuk/Documents/Programming/ai_master/FACT/camera_ready/MachineLearningReproductionChallenge/2021/eijkelboom2022reproduction/openreview/main.tex:38: Missing $ inserted.
<inserted text> 
                $
l.38 \input
           {content}
I've inserted something that you may have forgotten.
(See the <inserted text> above.)
With luck, this will get me unwedged. But if you
really didn't forget anything, try typing `2' now; then
my insertion and my current dilemma will both disappear.

(./content.tex
./content.tex:4: Undefined control sequence.
l.4 ...both prototype-based and graph-based \citep
                                                  {ziko2021variational}. VFC...
The control sequence at the end of the top line
of your error message was never \def'ed. If you have
misspelled it (e.g., `\hobx'), type `I' and the correct
spelling (e.g., `I\hbox'). Otherwise just continue,
and I'll forget about whatever was undefined.


Overfull \hbox (7.02844pt too wide) in paragraph at lines 4--5
\OT1/cmr/m/n/10 work that is com-pat-i-ble with a large class of clus-ter-ing al-go-rithms, both prototype-
 []

[1

{c:/texlive/2022/texmf-var/fonts/map/pdftex/updmap/pdftex.map}] [2]

LaTeX Warning: Citation `mehrabi2021survey' on page 3 undefined on input line 25.


LaTeX Warning: Citation `chierichetti2018fair' on page 3 undefined on input line 27.


LaTeX Warning: Citation `bera2019fair' on page 3 undefined on input line 27.


LaTeX Warning: Citation `backurs2019scalable' on page 3 undefined on input line 27.


LaTeX Warning: Citation `huang2019coresets' on page 3 undefined on input line 27.


LaTeX Warning: Citation `rosner2018privacy' on page 3 undefined on input line 27.


LaTeX Warning: Citation `schmidt2018fair' on page 3 undefined on input line 27.


LaTeX Warning: Citation `kleindessner2019guarantees' on page 3 undefined on input line 27.


LaTeX Warning: Citation `ziko2021variational' on page 3 undefined on input line 29.


LaTeX Warning: Citation `backurs2019scalable' on page 3 undefined on input line 29.


LaTeX Warning: Citation `bera2019fair' on page 3 undefined on input line 29.


LaTeX Warning: Citation `kleindessner2019guarantees' on page 3 undefined on input line 29.

./content.tex:37: Missing number, treated as zero.
<to be read again> 
                   \c@* 
l.37 ...[start=1, noitemsep, label={Claim \arabic*
                                                  }]
A number should have been here; I inserted `0'.
(If you can't figure out why I needed to see a number,
look up `weird error' in the index to The TeXbook.)


./content.tex:38: LaTeX Error: Something's wrong--perhaps a missing \item.

See the LaTeX manual or LaTeX Companion for explanation.
Type  H <return>  for immediate help.
 ...                                              
                                                  
l.38 	\item\label
                 {claim:1} VFC is on par with state-of-the-art clustering ob...
Try typing  <return>  to proceed.
If that doesn't work, type  X <return>  to quit.


./content.tex:38: LaTeX Error: Something's wrong--perhaps a missing \item.

See the LaTeX manual or LaTeX Companion for explanation.
Type  H <return>  for immediate help.
 ...                                              
                                                  
l.38 	\item\label
                 {claim:1} VFC is on par with state-of-the-art clustering ob...
Try typing  <return>  to proceed.
If that doesn't work, type  X <return>  to quit.


./content.tex:38: LaTeX Error: Something's wrong--perhaps a missing \item.

See the LaTeX manual or LaTeX Companion for explanation.
Type  H <return>  for immediate help.
 ...                                              
                                                  
l.38 	\item\label
                 {claim:1} VFC is on par with state-of-the-art clustering ob...
Try typing  <return>  to proceed.
If that doesn't work, type  X <return>  to quit.

./content.tex:39: Missing number, treated as zero.
<to be read again> 
                   \c@* 
l.39 	\begin{enumerate}[noitemsep, label=\alph*
                                               ]
A number should have been here; I inserted `0'.
(If you can't figure out why I needed to see a number,
look up `weird error' in the index to The TeXbook.)


./content.tex:40: LaTeX Error: Something's wrong--perhaps a missing \item.

See the LaTeX manual or LaTeX Companion for explanation.
Type  H <return>  for immediate help.
 ...                                              
                                                  
l.40 		\item V
              FC using $K$-medians has lower objective energies, lower fairn...
Try typing  <return>  to proceed.
If that doesn't work, type  X <return>  to quit.


LaTeX Warning: Citation `backurs2019scalable' on page 3 undefined on input line 40.


LaTeX Warning: Citation `bera2019fair' on page 3 undefined on input line 41.


LaTeX Warning: Citation `kleindessner2019guarantees' on page 3 undefined on input line 42.

[3]

LaTeX Warning: Reference `sec:difficult' on page 4 undefined on input line 72.

[4]

LaTeX Warning: Reference `fig:Lipschitz_experiments' on page 5 undefined on input line 74.


LaTeX Warning: Citation `bera2019fair' on page 5 undefined on input line 82.


LaTeX Warning: Citation `backurs2019scalable' on page 5 undefined on input line 82.


LaTeX Warning: Citation `kleindessner2019guarantees' on page 5 undefined on input line 82.


LaTeX Warning: Reference `claim:1' on page 5 undefined on input line 93.


LaTeX Warning: Citation `lin2007cleaning' on page 5 undefined on input line 96.

[5]

LaTeX Warning: Reference `claim:2' on page 6 undefined on input line 99.


LaTeX Warning: Reference `claim:3' on page 6 undefined on input line 101.


LaTeX Warning: Reference `bera_note' on page 6 undefined on input line 111.


LaTeX Warning: Citation `bera2019fair' on page 6 undefined on input line 111.


LaTeX Warning: Reference `claim:4' on page 6 undefined on input line 113.


LaTeX Warning: Citation `kleindessner2019guarantees' on page 6 undefined on input line 113.

[6]

LaTeX Warning: Citation `dinh2019estimating' on page 7 undefined on input line 129.

[7]

LaTeX Warning: No positions in optional float specifier.
               Default added (so using `tbp') on input line 140.


Overfull \hbox (105.76274pt too wide) in paragraph at lines 143--166
 [][] 
 []


LaTeX Warning: Reference `tab:comparisontab' on page 8 undefined on input line 174.


LaTeX Warning: Reference `claim:1a' on page 8 undefined on input line 178.


LaTeX Warning: Reference `tab:comparison_baselineVSlmbda-tuned' on page 8 undefined on input line 178.


LaTeX Warning: Reference `claim:1a' on page 8 undefined on input line 178.

[8]

LaTeX Warning: Reference `tab:comparison_baselineVSlmbda-tuned' on page 9 undefined on input line 180.


LaTeX Warning: Reference `claim:1b' on page 9 undefined on input line 182.


LaTeX Warning: Reference `claim:1c' on page 9 undefined on input line 185.


LaTeX Warning: Reference `claim:2' on page 9 undefined on input line 188.


LaTeX Warning: File `reproduction/Adult/Fair_kmeans_fairness_vs_clusterEdiscrete_Lip2.0_Adult.png' not found on input line 194.


./content.tex:194: Package pdftex.def Error: File `reproduction/Adult/Fair_kmeans_fairness_vs_clusterEdiscrete_Lip2.0_Adult.png' not found: using draft setting.

See the pdftex.def package documentation for explanation.
Type  H <return>  for immediate help.
 ...                                              
                                                  
l.194 ...ess_vs_clusterEdiscrete_Lip2.0_Adult.png}
                                                  
Try typing  <return>  to proceed.
If that doesn't work, type  X <return>  to quit.


LaTeX Warning: File `reproduction/Adult/Fair_ncut_fairness_vs_clusterEdiscrete_Lip2.0_Adult.png' not found on input line 200.


./content.tex:200: Package pdftex.def Error: File `reproduction/Adult/Fair_ncut_fairness_vs_clusterEdiscrete_Lip2.0_Adult.png' not found: using draft setting.

See the pdftex.def package documentation for explanation.
Type  H <return>  for immediate help.
 ...                                              
                                                  
l.200 ...ess_vs_clusterEdiscrete_Lip2.0_Adult.png}
                                                  
Try typing  <return>  to proceed.
If that doesn't work, type  X <return>  to quit.


LaTeX Warning: File `reproduction/Bank/Fair_kmeans_fairness_vs_clusterEdiscrete_Lip2.0_Bank.png' not found on input line 206.


./content.tex:206: Package pdftex.def Error: File `reproduction/Bank/Fair_kmeans_fairness_vs_clusterEdiscrete_Lip2.0_Bank.png' not found: using draft setting.

See the pdftex.def package documentation for explanation.
Type  H <return>  for immediate help.
 ...                                              
                                                  
l.206 ...ness_vs_clusterEdiscrete_Lip2.0_Bank.png}
                                                  
Try typing  <return>  to proceed.
If that doesn't work, type  X <return>  to quit.


LaTeX Warning: File `reproduction/Bank/Fair_ncut_fairness_vs_clusterEdiscrete_Lip2.0_Bank.png' not found on input line 212.


./content.tex:212: Package pdftex.def Error: File `reproduction/Bank/Fair_ncut_fairness_vs_clusterEdiscrete_Lip2.0_Bank.png' not found: using draft setting.

See the pdftex.def package documentation for explanation.
Type  H <return>  for immediate help.
 ...                                              
                                                  
l.212 ...ness_vs_clusterEdiscrete_Lip2.0_Bank.png}
                                                  
Try typing  <return>  to proceed.
If that doesn't work, type  X <return>  to quit.


LaTeX Warning: File `reproduction/Adult/Fair_ncut_fairness_vs_clusterEdiscrete_Lip0.001_Adult.png' not found on input line 219.


./content.tex:219: Package pdftex.def Error: File `reproduction/Adult/Fair_ncut_fairness_vs_clusterEdiscrete_Lip0.001_Adult.png' not found: using draft setting.

See the pdftex.def package documentation for explanation.
Type  H <return>  for immediate help.
 ...                                              
                                                  
l.219 ...s_vs_clusterEdiscrete_Lip0.001_Adult.png}
                                                  
Try typing  <return>  to proceed.
If that doesn't work, type  X <return>  to quit.


LaTeX Warning: File `reproduction/Bank/Fair_ncut_fairness_vs_clusterEdiscrete_Lip0.001_Bank.png' not found on input line 225.


./content.tex:225: Package pdftex.def Error: File `reproduction/Bank/Fair_ncut_fairness_vs_clusterEdiscrete_Lip0.001_Bank.png' not found: using draft setting.

See the pdftex.def package documentation for explanation.
Type  H <return>  for immediate help.
 ...                                              
                                                  
l.225 ...ss_vs_clusterEdiscrete_Lip0.001_Bank.png}
                                                  
Try typing  <return>  to proceed.
If that doesn't work, type  X <return>  to quit.


LaTeX Warning: Reference `fig:lambda_reprod_plots' on page 9 undefined on input line 235.


LaTeX Warning: Reference `fig:Adult_kmeans_reprod' on page 9 undefined on input line 235.


LaTeX Warning: Reference `fig:Adult_ncut_reprod_Lipschitz' on page 9 undefined on input line 235.


LaTeX Warning: Reference `fig:Bank_ncut_reprod_Lipschitz' on page 9 undefined on input line 235.


LaTeX Warning: Reference `fig:lambda_reprod_plots' on page 9 undefined on input line 235.


LaTeX Warning: Reference `claim:3' on page 9 undefined on input line 235.


LaTeX Warning: No positions in optional float specifier.
               Default added (so using `tbp') on input line 246.


Overfull \hbox (4.20813pt too wide) in paragraph at lines 249--260
 [][] 
 []


LaTeX Warning: Citation `backurs2019scalable' on page 9 undefined on input line 260.


LaTeX Warning: Citation `bera2019fair' on page 9 undefined on input line 260.


LaTeX Warning: Citation `backurs2019scalable' on page 9 undefined on input line 260.


LaTeX Warning: Citation `bera2019fair' on page 9 undefined on input line 260.


LaTeX Warning: File `replication/Lipschitz/kmeans_conv-iter_Lipschitz_plot.png' not found on input line 270.


./content.tex:270: Package pdftex.def Error: File `replication/Lipschitz/kmeans_conv-iter_Lipschitz_plot.png' not found: using draft setting.

See the pdftex.def package documentation for explanation.
Type  H <return>  for immediate help.
 ...                                              
                                                  
l.270 ...hitz/kmeans_conv-iter_Lipschitz_plot.png}
                                                  
Try typing  <return>  to proceed.
If that doesn't work, type  X <return>  to quit.


LaTeX Warning: File `replication/Lipschitz/ncut_conv-iter_Lipschitz_plot.png' not found on input line 275.


./content.tex:275: Package pdftex.def Error: File `replication/Lipschitz/ncut_conv-iter_Lipschitz_plot.png' not found: using draft setting.

See the pdftex.def package documentation for explanation.
Type  H <return>  for immediate help.
 ...                                              
                                                  
l.275 ...schitz/ncut_conv-iter_Lipschitz_plot.png}
                                                  
Try typing  <return>  to proceed.
If that doesn't work, type  X <return>  to quit.


LaTeX Warning: File `replication/Lipschitz/ncut_Lipschitz_plot.png' not found on input line 280.


./content.tex:280: Package pdftex.def Error: File `replication/Lipschitz/ncut_Lipschitz_plot.png' not found: using draft setting.

See the pdftex.def package documentation for explanation.
Type  H <return>  for immediate help.
 ...                                              
                                                  
l.280 ...cation/Lipschitz/ncut_Lipschitz_plot.png}
                                                  
Try typing  <return>  to proceed.
If that doesn't work, type  X <return>  to quit.


LaTeX Warning: No positions in optional float specifier.
               Default added (so using `tbp') on input line 288.


Overfull \hbox (138.88396pt too wide) in paragraph at lines 291--314
 [][] 
 []


LaTeX Warning: Reference `fig:Lipschitz_experiments' on page 9 undefined on input line 318.

[9] [10]

LaTeX Warning: Reference `tab:comparison_lmbda-tuned-allVSLipschitz-test' on page 11 undefined on input line 320.


LaTeX Warning: Citation `kleindessner2019guarantees' on page 11 undefined on input line 325.


LaTeX Warning: Reference `claim:4' on page 11 undefined on input line 325.


LaTeX Warning: Reference `sec:results' on page 11 undefined on input line 332.


LaTeX Warning: Reference `sec:scope' on page 11 undefined on input line 332.

[11]

LaTeX Warning: Reference `claim:1' on page 12 undefined on input line 334.


LaTeX Warning: Reference `claim:1' on page 12 undefined on input line 334.


LaTeX Warning: Reference `fig:lambda_reprod_plots' on page 12 undefined on input line 334.


LaTeX Warning: Reference `tab:comparison_baselineVSlmbda-tuned' on page 12 undefined on input line 334.


LaTeX Warning: Reference `claim:1a' on page 12 undefined on input line 334.


LaTeX Warning: Reference `claim:1b' on page 12 undefined on input line 336.


LaTeX Warning: Reference `claim:1c' on page 12 undefined on input line 338.


LaTeX Warning: Reference `claim:2' on page 12 undefined on input line 341.


LaTeX Warning: Reference `fig:lambda_reprod_plots' on page 12 undefined on input line 344.


LaTeX Warning: Reference `claim:3' on page 12 undefined on input line 344.


LaTeX Warning: Reference `claim:4' on page 12 undefined on input line 347.

[12]) [13] [14] (./main.aux)

LaTeX Warning: There were undefined references.


LaTeX Warning: Label(s) may have changed. Rerun to get cross-references right.


Package rerunfilecheck Warning: File `main.out' has changed.
(rerunfilecheck)                Rerun to get outlines right
(rerunfilecheck)                or use package `bookmark'.

Package rerunfilecheck Info: Checksums for `main.out':
(rerunfilecheck)             Before: <no file>
(rerunfilecheck)             After:  8A08EAF9D24E8BAEE10696540A537B43;1756.
 ) 
Here is how much of TeX's memory you used:
 11185 strings out of 478233
 197819 string characters out of 5847836
 473165 words of memory out of 5000000
 29156 multiletter control sequences out of 15000+600000
 487125 words of font info for 93 fonts, out of 8000000 for 9000
 1141 hyphenation exceptions out of 8191
 65i,18n,66p,1277b,519s stack positions out of 10000i,1000n,20000p,200000b,200000s
<c:/texlive/2022/texmf-dist/fonts/type1/public/amsfonts/cm/cmbx10.pfb><c:/texlive/2022/texmf-dist/fonts/type1/public/amsfonts/cm/cmbx12.pfb><c:/texlive/2022/texmf-dist/fonts/type1/public/amsfonts/cm/cmbx7.pfb><c:/texlive/2022/texmf-dist/fonts/type1/public/amsfonts/cm/cmbx9.pfb><c:/texlive/2022/texmf-dist/fonts/type1/public/amsfonts/cm/cmbxti10.pfb><c:/texlive/2022/texmf-dist/fonts/type1/public/amsfonts/cm/cmex10.pfb><c:/texlive/2022/texmf-dist/fonts/type1/public/amsfonts/cm/cmmi10.pfb><c:/texlive/2022/texmf-dist/fonts/type1/public/amsfonts/cm/cmmi12.pfb><c:/texlive/2022/texmf-dist/fonts/type1/public/amsfonts/cm/cmmi7.pfb><c:/texlive/2022/texmf-dist/fonts/type1/public/amsfonts/cm/cmmi9.pfb><c:/texlive/2022/texmf-dist/fonts/type1/public/amsfonts/cm/cmmib10.pfb><c:/texlive/2022/texmf-dist/fonts/type1/public/amsfonts/cmextra/cmmib9.pfb><c:/texlive/2022/texmf-dist/fonts/type1/public/amsfonts/cm/cmr10.pfb><c:/texlive/2022/texmf-dist/fonts/type1/public/amsfonts/cm/cmr12.pfb><c:/texlive/2022/texmf-dist/fonts/type1/public/amsfonts/cm/cmr17.pfb><c:/texlive/2022/texmf-dist/fonts/type1/public/amsfonts/cm/cmr6.pfb><c:/texlive/2022/texmf-dist/fonts/type1/public/amsfonts/cm/cmr7.pfb><c:/texlive/2022/texmf-dist/fonts/type1/public/amsfonts/cm/cmr8.pfb><c:/texlive/2022/texmf-dist/fonts/type1/public/amsfonts/cm/cmr9.pfb><c:/texlive/2022/texmf-dist/fonts/type1/public/amsfonts/cm/cmsy10.pfb><c:/texlive/2022/texmf-dist/fonts/type1/public/amsfonts/cm/cmsy7.pfb><c:/texlive/2022/texmf-dist/fonts/type1/public/amsfonts/cm/cmsy9.pfb><c:/texlive/2022/texmf-dist/fonts/type1/public/amsfonts/cm/cmti10.pfb><c:/texlive/2022/texmf-dist/fonts/type1/public/amsfonts/cm/cmtt10.pfb><c:/texlive/2022/texmf-dist/fonts/type1/public/amsfonts/cm/cmtt12.pfb><c:/texlive/2022/texmf-dist/fonts/type1/public/amsfonts/cm/cmtt8.pfb>
Output written on main.pdf (14 pages, 348982 bytes).
PDF statistics:
 297 PDF objects out of 1000 (max. 8388607)
 226 compressed objects within 3 object streams
 75 named destinations out of 1000 (max. 500000)
 1 words of extra memory for PDF output out of 10000 (max. 10000000)

