\BOOKMARK [1][-]{section.1}{Introduction}{}% 1
\BOOKMARK [1][-]{section.2}{Scope\040of\040reproducibility}{}% 2
\BOOKMARK [1][-]{section.3}{Methodology}{}% 3
\BOOKMARK [2][-]{subsection.3.1}{Model\040descriptions}{section.3}% 4
\BOOKMARK [2][-]{subsection.3.2}{Datasets}{section.3}% 5
\BOOKMARK [3][-]{subsubsection.3.2.1}{UAVA}{subsection.3.2}% 6
\BOOKMARK [3][-]{subsubsection.3.2.2}{Preprocessing}{subsection.3.2}% 7
\BOOKMARK [2][-]{subsection.3.3}{Hyperparameters}{section.3}% 8
\BOOKMARK [2][-]{subsection.3.4}{Experimental\040setup\040and\040code}{section.3}% 9
\BOOKMARK [2][-]{subsection.3.5}{Computational\040requirements}{section.3}% 10
\BOOKMARK [1][-]{section.4}{Results}{}% 11
\BOOKMARK [2][-]{subsection.4.1}{Results\040reproducing\040original\040papers}{section.4}% 12
\BOOKMARK [3][-]{subsubsection.4.1.1}{BPnP}{subsection.4.1}% 13
\BOOKMARK [3][-]{subsubsection.4.1.2}{HigherHRNet}{subsection.4.1}% 14
\BOOKMARK [2][-]{subsection.4.2}{Results\040beyond\040the\040BPnP\040paper}{section.4}% 15
\BOOKMARK [3][-]{subsubsection.4.2.1}{BPnP\040vs\040EPnP}{subsection.4.2}% 16
\BOOKMARK [3][-]{subsubsection.4.2.2}{BPnPfaster}{subsection.4.2}% 17
\BOOKMARK [1][-]{section.5}{Discussion}{}% 18
\BOOKMARK [2][-]{subsection.5.1}{What\040was\040easy}{section.5}% 19
\BOOKMARK [2][-]{subsection.5.2}{What\040was\040difficult}{section.5}% 20
\BOOKMARK [2][-]{subsection.5.3}{Communication\040with\040original\040authors}{section.5}% 21
