Building schneider2021re
/Users/koustuvs/Documents/RC-2020/schneider2021re/journal
Building li2021reimplementation
/Users/koustuvs/Documents/RC-2020/li2021reimplementation/journal
Building sundar2021reproducibility
/Users/koustuvs/Documents/RC-2020/sundar2021reproducibility/journal
Building mizrahi2021re
/Users/koustuvs/Documents/RC-2020/mizrahi2021re/journal
Building menon2021re
/Users/koustuvs/Documents/RC-2020/menon2021re/journal
Building mentes2021re
/Users/koustuvs/Documents/RC-2020/mentes2021re/journal
Building baanders2021reproducibility
/Users/koustuvs/Documents/RC-2020/baanders2021reproducibility/journal
Building holdijk2021re
/Users/koustuvs/Documents/RC-2020/holdijk2021re/journal
Building kim2021re
/Users/koustuvs/Documents/RC-2020/kim2021re/journal
Building rijsdijk2021reproducing
/Users/koustuvs/Documents/RC-2020/rijsdijk2021reproducing/journal
Building mohtashami2021reproducibility
/Users/koustuvs/Documents/RC-2020/mohtashami2021reproducibility/journal
Building verhoef2021reproducibility
/Users/koustuvs/Documents/RC-2020/verhoef2021reproducibility/journal
Building harrison2021learning
/Users/koustuvs/Documents/RC-2020/harrison2021learning/journal
Building arvind2021reproducibility
/Users/koustuvs/Documents/RC-2020/arvind2021reproducibility/journal
Building verma2021explaining
/Users/koustuvs/Documents/RC-2020/verma2021explaining/journal
Building sheverdin2021reproducibility
/Users/koustuvs/Documents/RC-2020/sheverdin2021reproducibility/journal
Building verhoeven2021replication
/Users/koustuvs/Documents/RC-2020/verhoeven2021replication/journal
Building garg2021re
/Users/koustuvs/Documents/RC-2020/garg2021re/journal
Building albanis2021on
/Users/koustuvs/Documents/RC-2020/albanis2021on/journal
Building liiv2021a
/Users/koustuvs/Documents/RC-2020/liiv2021a/journal
Building rodas2021rehamiltonian
/Users/koustuvs/Documents/RC-2020/rodas2021rehamiltonian/journal
Building p2021embedkgqa
/Users/koustuvs/Documents/RC-2020/p2021embedkgqa/journal
Building reijnaers2021re
/Users/koustuvs/Documents/RC-2020/reijnaers2021re/journal
