\BOOKMARK [1][-]{section.1}{Introduction}{}% 1
\BOOKMARK [1][-]{section.2}{Scope\040of\040reproducibility}{}% 2
\BOOKMARK [1][-]{section.3}{Methodology}{}% 3
\BOOKMARK [2][-]{subsection.3.1}{Datasets}{section.3}% 4
\BOOKMARK [2][-]{subsection.3.2}{Model\040and\040metric\040descriptions}{section.3}% 5
\BOOKMARK [3][-]{subsubsection.3.2.1}{Model\040descriptions}{subsection.3.2}% 6
\BOOKMARK [3][-]{subsubsection.3.2.2}{Metrics}{subsection.3.2}% 7
\BOOKMARK [2][-]{subsection.3.3}{Annotation}{section.3}% 8
\BOOKMARK [2][-]{subsection.3.4}{Processing\040annotations}{section.3}% 9
\BOOKMARK [2][-]{subsection.3.5}{Experimental\040setup\040and\040code}{section.3}% 10
\BOOKMARK [1][-]{section.4}{Results}{}% 11
\BOOKMARK [2][-]{subsection.4.1}{Results\040reproducing\040original\040paper}{section.4}% 12
\BOOKMARK [3][-]{subsubsection.4.1.1}{Result\0401}{subsection.4.1}% 13
\BOOKMARK [3][-]{subsubsection.4.1.2}{Result\0402}{subsection.4.1}% 14
\BOOKMARK [3][-]{subsubsection.4.1.3}{Result\0403}{subsection.4.1}% 15
\BOOKMARK [2][-]{subsection.4.2}{Results\040beyond\040original\040paper}{section.4}% 16
\BOOKMARK [3][-]{subsubsection.4.2.1}{Additional\040Result\0401}{subsection.4.2}% 17
\BOOKMARK [3][-]{subsubsection.4.2.2}{Additional\040Result\0402}{subsection.4.2}% 18
\BOOKMARK [1][-]{section.5}{Discussion}{}% 19
\BOOKMARK [2][-]{subsection.5.1}{Discussion\040of\040the\040results}{section.5}% 20
\BOOKMARK [3][-]{subsubsection.5.1.1}{New\040annotation\040tool}{subsection.5.1}% 21
\BOOKMARK [3][-]{subsubsection.5.1.2}{Annotation\040Noise\040Removal}{subsection.5.1}% 22
\BOOKMARK [3][-]{subsubsection.5.1.3}{What\040was\040easy}{subsection.5.1}% 23
\BOOKMARK [3][-]{subsubsection.5.1.4}{What\040was\040difficult}{subsection.5.1}% 24
\BOOKMARK [3][-]{subsubsection.5.1.5}{Recommendations\040for\040reproducibility}{subsection.5.1}% 25
\BOOKMARK [3][-]{subsubsection.5.1.6}{Limitations}{subsection.5.1}% 26
\BOOKMARK [1][-]{section.6}{Communication\040with\040original\040authors}{}% 27
\BOOKMARK [1][-]{section.7}{Appendix}{}% 28
\BOOKMARK [2][-]{subsection.7.1}{Annotation\040Guidelines}{section.7}% 29
\BOOKMARK [2][-]{subsection.7.2}{Annotation\040Tool}{section.7}% 30
\BOOKMARK [2][-]{subsection.7.3}{Numerical\040differences}{section.7}% 31
