./yaml-to-latex.py -i metadata.yaml -o metadata.tex
latexmk -pdf -pdflatex="xelatex -interaction=nonstopmode" -use-make article.tex
Rc files read:
  NONE
Latexmk: This is Latexmk, John Collins, 17 Mar. 2022. Version 4.77, version: 4.77.
Latexmk: applying rule 'pdflatex'...
Rule 'pdflatex': File changes, etc:
   Changed files, or newly in use since previous run(s):
  article.tex
Rule 'pdflatex': The following rules & subrules became out-of-date:
  pdflatex
------------
Run number 1 of rule 'pdflatex'
------------
------------
Running 'xelatex -interaction=nonstopmode  -recorder  "article.tex"'
------------
This is XeTeX, Version 3.141592653-2.6-0.999994 (TeX Live 2022) (preloaded format=xelatex)
 restricted \write18 enabled.
entering extended mode
(./article.tex
LaTeX2e <2021-11-15> patch level 1
L3 programming layer <2022-02-24> (./rescience.cls
Document Class: rescience 2019/04/12 Style for ReScience articles
(/usr/local/texlive/2022/texmf-dist/tex/latex/base/article.cls
Document Class: article 2021/10/04 v1.4n Standard LaTeX document class
(/usr/local/texlive/2022/texmf-dist/tex/latex/base/size10.clo))
(/usr/local/texlive/2022/texmf-dist/tex/generic/babel/babel.sty
(/usr/local/texlive/2022/texmf-dist/tex/generic/babel/xebabel.def
(/usr/local/texlive/2022/texmf-dist/tex/generic/babel/txtbabel.def))
(/usr/local/texlive/2022/texmf-dist/tex/generic/babel-english/american.ldf
(/usr/local/texlive/2022/texmf-dist/tex/generic/babel-english/english.ldf)))
(/usr/local/texlive/2022/texmf-dist/tex/latex/base/ifthen.sty)
(/usr/local/texlive/2022/texmf-dist/tex/latex/tools/tabularx.sty
(/usr/local/texlive/2022/texmf-dist/tex/latex/tools/array.sty))
(/usr/local/texlive/2022/texmf-dist/tex/latex/pgf/frontendlayer/tikz.sty
(/usr/local/texlive/2022/texmf-dist/tex/latex/pgf/basiclayer/pgf.sty
(/usr/local/texlive/2022/texmf-dist/tex/latex/pgf/utilities/pgfrcs.sty
(/usr/local/texlive/2022/texmf-dist/tex/generic/pgf/utilities/pgfutil-common.te
x
(/usr/local/texlive/2022/texmf-dist/tex/generic/pgf/utilities/pgfutil-common-li
sts.tex))
(/usr/local/texlive/2022/texmf-dist/tex/generic/pgf/utilities/pgfutil-latex.def
) (/usr/local/texlive/2022/texmf-dist/tex/generic/pgf/utilities/pgfrcs.code.tex
(/usr/local/texlive/2022/texmf-dist/tex/generic/pgf/pgf.revision.tex)))
(/usr/local/texlive/2022/texmf-dist/tex/latex/pgf/basiclayer/pgfcore.sty
(/usr/local/texlive/2022/texmf-dist/tex/latex/graphics/graphicx.sty
(/usr/local/texlive/2022/texmf-dist/tex/latex/graphics/keyval.sty)
(/usr/local/texlive/2022/texmf-dist/tex/latex/graphics/graphics.sty
(/usr/local/texlive/2022/texmf-dist/tex/latex/graphics/trig.sty)
(/usr/local/texlive/2022/texmf-dist/tex/latex/graphics-cfg/graphics.cfg)
(/usr/local/texlive/2022/texmf-dist/tex/latex/graphics-def/xetex.def)))
(/usr/local/texlive/2022/texmf-dist/tex/latex/pgf/systemlayer/pgfsys.sty
(/usr/local/texlive/2022/texmf-dist/tex/generic/pgf/systemlayer/pgfsys.code.tex
(/usr/local/texlive/2022/texmf-dist/tex/generic/pgf/utilities/pgfkeys.code.tex
(/usr/local/texlive/2022/texmf-dist/tex/generic/pgf/utilities/pgfkeysfiltered.c
ode.tex))
(/usr/local/texlive/2022/texmf-dist/tex/generic/pgf/systemlayer/pgf.cfg)
(/usr/local/texlive/2022/texmf-dist/tex/generic/pgf/systemlayer/pgfsys-xetex.de
f
(/usr/local/texlive/2022/texmf-dist/tex/generic/pgf/systemlayer/pgfsys-dvipdfmx
.def
(/usr/local/texlive/2022/texmf-dist/tex/generic/pgf/systemlayer/pgfsys-common-p
df.def))))
(/usr/local/texlive/2022/texmf-dist/tex/generic/pgf/systemlayer/pgfsyssoftpath.
code.tex)
(/usr/local/texlive/2022/texmf-dist/tex/generic/pgf/systemlayer/pgfsysprotocol.
code.tex)) (/usr/local/texlive/2022/texmf-dist/tex/latex/xcolor/xcolor.sty
(/usr/local/texlive/2022/texmf-dist/tex/latex/graphics-cfg/color.cfg))
(/usr/local/texlive/2022/texmf-dist/tex/generic/pgf/basiclayer/pgfcore.code.tex
(/usr/local/texlive/2022/texmf-dist/tex/generic/pgf/math/pgfmath.code.tex
(/usr/local/texlive/2022/texmf-dist/tex/generic/pgf/math/pgfmathcalc.code.tex
(/usr/local/texlive/2022/texmf-dist/tex/generic/pgf/math/pgfmathutil.code.tex)
(/usr/local/texlive/2022/texmf-dist/tex/generic/pgf/math/pgfmathparser.code.tex
)
(/usr/local/texlive/2022/texmf-dist/tex/generic/pgf/math/pgfmathfunctions.code.
tex
(/usr/local/texlive/2022/texmf-dist/tex/generic/pgf/math/pgfmathfunctions.basic
.code.tex)
(/usr/local/texlive/2022/texmf-dist/tex/generic/pgf/math/pgfmathfunctions.trigo
nometric.code.tex)
(/usr/local/texlive/2022/texmf-dist/tex/generic/pgf/math/pgfmathfunctions.rando
m.code.tex)
(/usr/local/texlive/2022/texmf-dist/tex/generic/pgf/math/pgfmathfunctions.compa
rison.code.tex)
(/usr/local/texlive/2022/texmf-dist/tex/generic/pgf/math/pgfmathfunctions.base.
code.tex)
(/usr/local/texlive/2022/texmf-dist/tex/generic/pgf/math/pgfmathfunctions.round
.code.tex)
(/usr/local/texlive/2022/texmf-dist/tex/generic/pgf/math/pgfmathfunctions.misc.
code.tex)
(/usr/local/texlive/2022/texmf-dist/tex/generic/pgf/math/pgfmathfunctions.integ
erarithmetics.code.tex)))
(/usr/local/texlive/2022/texmf-dist/tex/generic/pgf/math/pgfmathfloat.code.tex)
) (/usr/local/texlive/2022/texmf-dist/tex/generic/pgf/math/pgfint.code.tex)
(/usr/local/texlive/2022/texmf-dist/tex/generic/pgf/basiclayer/pgfcorepoints.co
de.tex)
(/usr/local/texlive/2022/texmf-dist/tex/generic/pgf/basiclayer/pgfcorepathconst
ruct.code.tex)
(/usr/local/texlive/2022/texmf-dist/tex/generic/pgf/basiclayer/pgfcorepathusage
.code.tex)
(/usr/local/texlive/2022/texmf-dist/tex/generic/pgf/basiclayer/pgfcorescopes.co
de.tex)
(/usr/local/texlive/2022/texmf-dist/tex/generic/pgf/basiclayer/pgfcoregraphicst
ate.code.tex)
(/usr/local/texlive/2022/texmf-dist/tex/generic/pgf/basiclayer/pgfcoretransform
ations.code.tex)
(/usr/local/texlive/2022/texmf-dist/tex/generic/pgf/basiclayer/pgfcorequick.cod
e.tex)
(/usr/local/texlive/2022/texmf-dist/tex/generic/pgf/basiclayer/pgfcoreobjects.c
ode.tex)
(/usr/local/texlive/2022/texmf-dist/tex/generic/pgf/basiclayer/pgfcorepathproce
ssing.code.tex)
(/usr/local/texlive/2022/texmf-dist/tex/generic/pgf/basiclayer/pgfcorearrows.co
de.tex)
(/usr/local/texlive/2022/texmf-dist/tex/generic/pgf/basiclayer/pgfcoreshade.cod
e.tex)
(/usr/local/texlive/2022/texmf-dist/tex/generic/pgf/basiclayer/pgfcoreimage.cod
e.tex
(/usr/local/texlive/2022/texmf-dist/tex/generic/pgf/basiclayer/pgfcoreexternal.
code.tex))
(/usr/local/texlive/2022/texmf-dist/tex/generic/pgf/basiclayer/pgfcorelayers.co
de.tex)
(/usr/local/texlive/2022/texmf-dist/tex/generic/pgf/basiclayer/pgfcoretranspare
ncy.code.tex)
(/usr/local/texlive/2022/texmf-dist/tex/generic/pgf/basiclayer/pgfcorepatterns.
code.tex)
(/usr/local/texlive/2022/texmf-dist/tex/generic/pgf/basiclayer/pgfcorerdf.code.
tex)))
(/usr/local/texlive/2022/texmf-dist/tex/generic/pgf/modules/pgfmoduleshapes.cod
e.tex)
(/usr/local/texlive/2022/texmf-dist/tex/generic/pgf/modules/pgfmoduleplot.code.
tex)
(/usr/local/texlive/2022/texmf-dist/tex/latex/pgf/compatibility/pgfcomp-version
-0-65.sty)
(/usr/local/texlive/2022/texmf-dist/tex/latex/pgf/compatibility/pgfcomp-version
-1-18.sty))
(/usr/local/texlive/2022/texmf-dist/tex/latex/pgf/utilities/pgffor.sty
(/usr/local/texlive/2022/texmf-dist/tex/latex/pgf/utilities/pgfkeys.sty
(/usr/local/texlive/2022/texmf-dist/tex/generic/pgf/utilities/pgfkeys.code.tex)
) (/usr/local/texlive/2022/texmf-dist/tex/latex/pgf/math/pgfmath.sty
(/usr/local/texlive/2022/texmf-dist/tex/generic/pgf/math/pgfmath.code.tex))
(/usr/local/texlive/2022/texmf-dist/tex/generic/pgf/utilities/pgffor.code.tex
(/usr/local/texlive/2022/texmf-dist/tex/generic/pgf/math/pgfmath.code.tex)))
(/usr/local/texlive/2022/texmf-dist/tex/generic/pgf/frontendlayer/tikz/tikz.cod
e.tex
(/usr/local/texlive/2022/texmf-dist/tex/generic/pgf/libraries/pgflibraryplothan
dlers.code.tex)
(/usr/local/texlive/2022/texmf-dist/tex/generic/pgf/modules/pgfmodulematrix.cod
e.tex)
(/usr/local/texlive/2022/texmf-dist/tex/generic/pgf/frontendlayer/tikz/librarie
s/tikzlibrarytopaths.code.tex)))
(/usr/local/texlive/2022/texmf-dist/tex/latex/marginnote/marginnote.sty)
(/usr/local/texlive/2022/texmf-dist/tex/latex/csquotes/csquotes.sty
(/usr/local/texlive/2022/texmf-dist/tex/latex/etoolbox/etoolbox.sty)
(/usr/local/texlive/2022/texmf-dist/tex/latex/csquotes/csquotes.def)
(/usr/local/texlive/2022/texmf-dist/tex/latex/csquotes/csquotes.cfg))
(/usr/local/texlive/2022/texmf-dist/tex/latex/amsmath/amsmath.sty
For additional information on amsmath, use the `?' option.
(/usr/local/texlive/2022/texmf-dist/tex/latex/amsmath/amstext.sty
(/usr/local/texlive/2022/texmf-dist/tex/latex/amsmath/amsgen.sty))
(/usr/local/texlive/2022/texmf-dist/tex/latex/amsmath/amsbsy.sty)
(/usr/local/texlive/2022/texmf-dist/tex/latex/amsmath/amsopn.sty))
(/usr/local/texlive/2022/texmf-dist/tex/latex/mathtools/mathtools.sty
(/usr/local/texlive/2022/texmf-dist/tex/latex/tools/calc.sty)
(/usr/local/texlive/2022/texmf-dist/tex/latex/mathtools/mhsetup.sty))
(/usr/local/texlive/2022/texmf-dist/tex/latex/geometry/geometry.sty
(/usr/local/texlive/2022/texmf-dist/tex/generic/iftex/ifvtex.sty
(/usr/local/texlive/2022/texmf-dist/tex/generic/iftex/iftex.sty)))
(/usr/local/texlive/2022/texmf-dist/tex/latex/fontspec/fontspec.sty
(/usr/local/texlive/2022/texmf-dist/tex/latex/l3packages/xparse/xparse.sty
(/usr/local/texlive/2022/texmf-dist/tex/latex/l3kernel/expl3.sty
(/usr/local/texlive/2022/texmf-dist/tex/latex/l3backend/l3backend-xetex.def
(|extractbb --version))))
(/usr/local/texlive/2022/texmf-dist/tex/latex/fontspec/fontspec-xetex.sty
(/usr/local/texlive/2022/texmf-dist/tex/latex/base/fontenc.sty)
(/usr/local/texlive/2022/texmf-dist/tex/latex/fontspec/fontspec.cfg)))
(/usr/local/texlive/2022/texmf-dist/tex/latex/microtype/microtype.sty
(/usr/local/texlive/2022/texmf-dist/tex/latex/microtype/microtype-xetex.def)
(/usr/local/texlive/2022/texmf-dist/tex/latex/microtype/microtype.cfg))
(/usr/local/texlive/2022/texmf-dist/tex/latex/titlesec/titlesec.sty)
(/usr/local/texlive/2022/texmf-dist/tex/latex/caption/caption.sty
(/usr/local/texlive/2022/texmf-dist/tex/latex/caption/caption3.sty))
(/usr/local/texlive/2022/texmf-dist/tex/latex/hyperref/hyperref.sty
(/usr/local/texlive/2022/texmf-dist/tex/generic/ltxcmds/ltxcmds.sty)
(/usr/local/texlive/2022/texmf-dist/tex/generic/pdftexcmds/pdftexcmds.sty
(/usr/local/texlive/2022/texmf-dist/tex/generic/infwarerr/infwarerr.sty))
(/usr/local/texlive/2022/texmf-dist/tex/generic/kvsetkeys/kvsetkeys.sty)
(/usr/local/texlive/2022/texmf-dist/tex/generic/kvdefinekeys/kvdefinekeys.sty)
(/usr/local/texlive/2022/texmf-dist/tex/generic/pdfescape/pdfescape.sty)
(/usr/local/texlive/2022/texmf-dist/tex/latex/hycolor/hycolor.sty)
(/usr/local/texlive/2022/texmf-dist/tex/latex/letltxmacro/letltxmacro.sty)
(/usr/local/texlive/2022/texmf-dist/tex/latex/auxhook/auxhook.sty)
(/usr/local/texlive/2022/texmf-dist/tex/latex/kvoptions/kvoptions.sty)
(/usr/local/texlive/2022/texmf-dist/tex/latex/hyperref/pd1enc.def)
(/usr/local/texlive/2022/texmf-dist/tex/generic/intcalc/intcalc.sty)
(/usr/local/texlive/2022/texmf-dist/tex/generic/etexcmds/etexcmds.sty)
(/usr/local/texlive/2022/texmf-dist/tex/latex/hyperref/puenc.def)
(/usr/local/texlive/2022/texmf-dist/tex/latex/url/url.sty)
(/usr/local/texlive/2022/texmf-dist/tex/generic/bitset/bitset.sty
(/usr/local/texlive/2022/texmf-dist/tex/generic/bigintcalc/bigintcalc.sty))
(/usr/local/texlive/2022/texmf-dist/tex/latex/base/atbegshi-ltx.sty))
(/usr/local/texlive/2022/texmf-dist/tex/latex/hyperref/hxetex.def
(/usr/local/texlive/2022/texmf-dist/tex/generic/stringenc/stringenc.sty)
(/usr/local/texlive/2022/texmf-dist/tex/latex/rerunfilecheck/rerunfilecheck.sty
(/usr/local/texlive/2022/texmf-dist/tex/latex/base/atveryend-ltx.sty)
(/usr/local/texlive/2022/texmf-dist/tex/generic/uniquecounter/uniquecounter.sty
))) (/usr/local/texlive/2022/texmf-dist/tex/latex/listings/listings.sty
(/usr/local/texlive/2022/texmf-dist/tex/latex/listings/lstmisc.sty)
(/usr/local/texlive/2022/texmf-dist/tex/latex/listings/listings.cfg))
(/usr/local/texlive/2022/texmf-dist/tex/latex/enumitem/enumitem.sty)
(/usr/local/texlive/2022/texmf-dist/tex/latex/preprint/authblk.sty)
(/usr/local/texlive/2022/texmf-dist/tex/latex/tcolorbox/tcolorbox.sty
(/usr/local/texlive/2022/texmf-dist/tex/latex/tools/verbatim.sty)
(/usr/local/texlive/2022/texmf-dist/tex/latex/environ/environ.sty
(/usr/local/texlive/2022/texmf-dist/tex/latex/trimspaces/trimspaces.sty))
(/usr/local/texlive/2022/texmf-dist/tex/latex/tcolorbox/tcbraster.code.tex
Library (tcolorbox): 'tcbraster.code.tex' version '5.0.2'
) (/usr/local/texlive/2022/texmf-dist/tex/latex/tcolorbox/tcbskins.code.tex
Library (tcolorbox): 'tcbskins.code.tex' version '5.0.2'

(/usr/local/texlive/2022/texmf-dist/tex/latex/tcolorbox/tcbskinsjigsaw.code.tex
Library (tcolorbox): 'tcbskinsjigsaw.code.tex' version '5.0.2'
))
(/usr/local/texlive/2022/texmf-dist/tex/latex/tcolorbox/tcbbreakable.code.tex
Library (tcolorbox): 'tcbbreakable.code.tex' version '5.0.2'
(/usr/local/texlive/2022/texmf-dist/tex/generic/oberdiek/pdfcol.sty))
(/usr/local/texlive/2022/texmf-dist/tex/latex/tcolorbox/tcbhooks.code.tex
Library (tcolorbox): 'tcbhooks.code.tex' version '5.0.2'
) (/usr/local/texlive/2022/texmf-dist/tex/latex/tcolorbox/tcbtheorems.code.tex
Library (tcolorbox): 'tcbtheorems.code.tex' version '5.0.2'
) (/usr/local/texlive/2022/texmf-dist/tex/latex/tcolorbox/tcbfitting.code.tex
Library (tcolorbox): 'tcbfitting.code.tex' version '5.0.2'
) (/usr/local/texlive/2022/texmf-dist/tex/latex/tcolorbox/tcbxparse.code.tex
Library (tcolorbox): 'tcbxparse.code.tex' version '5.0.2'
)) (./metadata.tex)
(/usr/local/texlive/2022/texmf-dist/tex/latex/fancyhdr/fancyhdr.sty)
(/usr/local/texlive/2022/texmf-dist/tex/latex/biblatex/biblatex.sty
(/usr/local/texlive/2022/texmf-dist/tex/latex/logreq/logreq.sty
(/usr/local/texlive/2022/texmf-dist/tex/latex/logreq/logreq.def))
(/usr/local/texlive/2022/texmf-dist/tex/latex/biblatex/blx-dm.def)
(/usr/local/texlive/2022/texmf-dist/tex/latex/biblatex/blx-unicode.def)
(/usr/local/texlive/2022/texmf-dist/tex/latex/biblatex/blx-compat.def)
(/usr/local/texlive/2022/texmf-dist/tex/latex/biblatex/biblatex.def)
(/usr/local/texlive/2022/texmf-dist/tex/latex/biblatex/blx-natbib.def)
(/usr/local/texlive/2022/texmf-dist/tex/latex/biblatex/bbx/numeric.bbx
(/usr/local/texlive/2022/texmf-dist/tex/latex/biblatex/bbx/standard.bbx))
(/usr/local/texlive/2022/texmf-dist/tex/latex/biblatex/cbx/numeric.cbx)
(/usr/local/texlive/2022/texmf-dist/tex/latex/biblatex/biblatex.cfg)
(/usr/local/texlive/2022/texmf-dist/tex/latex/biblatex/blx-case-expl3.sty))
(/usr/local/texlive/2022/texmf-dist/tex/latex/natbib/bibentry.sty)
(/usr/local/texlive/2022/texmf-dist/tex/latex/float/float.sty))
(../openreview/packages.tex
(/usr/local/texlive/2022/texmf-dist/tex/latex/base/inputenc.sty

Package inputenc Warning: inputenc package ignored with utf8 based engines.

) (/usr/local/texlive/2022/texmf-dist/tex/latex/booktabs/booktabs.sty)
(/usr/local/texlive/2022/texmf-dist/tex/latex/amsfonts/amsfonts.sty)
(/usr/local/texlive/2022/texmf-dist/tex/latex/units/nicefrac.sty)
(/usr/local/texlive/2022/texmf-dist/tex/latex/doublestroke/dsfont.sty)
(/usr/local/texlive/2022/texmf-dist/tex/latex/multirow/multirow.sty)
(/usr/local/texlive/2022/texmf-dist/tex/generic/ulem/ulem.sty)
(/usr/local/texlive/2022/texmf-dist/tex/latex/makecell/makecell.sty))

Package csquotes Warning: Load 'inputenc' before 'csquotes' on input line 3.


Package biblatex Warning: Load 'inputenc' before biblatex.

(./article.aux) (/usr/local/texlive/2022/texmf-dist/tex/latex/base/ts1cmr.fd)
*geometry* driver: auto-detecting
*geometry* detected driver: xetex
(/usr/local/texlive/2022/texmf-dist/tex/latex/hyperref/nameref.sty
(/usr/local/texlive/2022/texmf-dist/tex/latex/refcount/refcount.sty)
(/usr/local/texlive/2022/texmf-dist/tex/generic/gettitlestring/gettitlestring.s
ty))

Package hyperref Warning: Rerun to get /PageLabels entry.

(/usr/local/texlive/2022/texmf-dist/tex/latex/biblatex/lbx/american.lbx
(/usr/local/texlive/2022/texmf-dist/tex/latex/biblatex/lbx/english.lbx)
(/usr/local/texlive/2022/texmf-dist/tex/latex/biblatex/lbx/english.lbx))
No file article.bbl.
(./header.tex (/usr/local/texlive/2022/texmf-dist/tex/latex/amsfonts/umsa.fd)
(/usr/local/texlive/2022/texmf-dist/tex/latex/microtype/mt-msa.cfg)
(/usr/local/texlive/2022/texmf-dist/tex/latex/amsfonts/umsb.fd)
(/usr/local/texlive/2022/texmf-dist/tex/latex/microtype/mt-msb.cfg)
(/usr/local/texlive/2022/texmf-dist/tex/latex/microtype/mt-cmr.cfg))
(../openreview/content.tex

LaTeX Warning: Citation 'levanon2021strategic' on page 1 undefined on input lin
e 29.

[1] [2]

LaTeX Warning: Citation 'levanon2021strategic' on page 3 undefined on input lin
e 63.


Underfull \hbox (badness 10000) in paragraph at lines 62--64


LaTeX Warning: Citation 'levanon2021strategic' on page 3 undefined on input lin
e 69.

(/usr/local/texlive/2022/texmf-dist/tex/latex/doublestroke/Udsrom.fd)

LaTeX Warning: Reference `eq:SERM' on page 3 undefined on input line 78.


Underfull \hbox (badness 10000) in paragraph at lines 77--82


LaTeX Warning: Citation 'hardt2016strategic' on page 3 undefined on input line 
82.

[3]

LaTeX Warning: Reference `sec:datasets' on page 4 undefined on input line 97.


Underfull \hbox (badness 10000) in paragraph at lines 96--98


LaTeX Warning: Citation 'hardt2016strategic' on page 4 undefined on input line 
106.


Overfull \hbox (45.23595pt too wide) in paragraph at lines 106--107
\TU/SourceSerifPro(0)/m/n/10 classification on the \TU/SourceSerifPro(0)/m/it/1
0 spam \TU/SourceSerifPro(0)/m/n/10 dataset, which is the same dataset used by 
Hardt et al[[]]

Underfull \hbox (badness 10000) in paragraph at lines 109--110

[4]

LaTeX Warning: Reference `sec:scope' on page 5 undefined on input line 124.


Underfull \hbox (badness 10000) in paragraph at lines 127--129


LaTeX Warning: Reference `tab:datasets' on page 5 undefined on input line 132.


LaTeX Warning: Citation 'hardt2016strategic' on page 5 undefined on input line 
133.


LaTeX Warning: Citation 'spam_data' on page 5 undefined on input line 133.


LaTeX Warning: Citation 'financial_distress' on page 5 undefined on input line 
134.


LaTeX Warning: Citation 'credit_fraud' on page 5 undefined on input line 135.


LaTeX Warning: Citation 'ustun2019actionable' on page 5 undefined on input line
 136.

[5]

LaTeX Warning: Reference `sec:model_desc' on page 6 undefined on input line 154
.


LaTeX Warning: Reference `tab:hyperparams_vanilla' on page 6 undefined on input
 line 154.


LaTeX Warning: Reference `tab:hyperparams_reg' on page 6 undefined on input lin
e 154.

[6]

LaTeX Warning: Citation 'hardt2016strategic' on page 7 undefined on input line 
184.


Overfull \hbox (2.45789pt too wide) in paragraph at lines 189--207
 [][] 

LaTeX Warning: Citation 'hardt2016strategic' on page 7 undefined on input line 
212.


LaTeX Warning: Reference `tab:accuracies' on page 7 undefined on input line 212
.


LaTeX Warning: Citation 'hardt2016strategic' on page 7 undefined on input line 
212.


LaTeX Warning: Citation 'hardt2016strategic' on page 7 undefined on input line 
213.


LaTeX Warning: Reference `tab:accuracies' on page 7 undefined on input line 213
.


Overfull \hbox (2.86568pt too wide) in paragraph at lines 212--214
\TU/SourceSerifPro(0)/m/n/10 produced results outperform the algorithm proposed
 by Hardt et al. [[]]. 
[7]

LaTeX Warning: Reference `fig:extention_results' on page 8 undefined on input l
ine 216.


LaTeX Warning: Reference `fig:extention_results' on page 8 undefined on input l
ine 216.


LaTeX Warning: Reference `fig:semi-strat' on page 8 undefined on input line 230
.


LaTeX Warning: Reference `fig:confusion' on page 8 undefined on input line 230.



LaTeX Warning: `h' float specifier changed to `ht'.


Overfull \hbox (40.3671pt too wide) in paragraph at lines 245--246
 [][] 

LaTeX Warning: `h' float specifier changed to `ht'.


Underfull \hbox (badness 10000) in paragraph at lines 251--254

[8]

LaTeX Warning: Reference `eq:resp_map' on page 9 undefined on input line 259.


LaTeX Warning: Reference `eq:SERM' on page 9 undefined on input line 259.

[9])

LaTeX Warning: Empty bibliography on input line 8.

(../openreview/appendix.tex [10]) [11] (./article.aux)

LaTeX Warning: There were undefined references.


LaTeX Warning: Label(s) may have changed. Rerun to get cross-references right.


Package rerunfilecheck Warning: File `article.out' has changed.
(rerunfilecheck)                Rerun to get outlines right
(rerunfilecheck)                or use package `bookmark'.


Package biblatex Warning: Please (re)run Biber on the file:
(biblatex)                article
(biblatex)                and rerun LaTeX afterwards.

 )
(see the transcript file for additional information)
Output written on article.pdf (11 pages).
Transcript written on article.log.
Latexmk: Getting log file 'article.log'
Latexmk: Examining 'article.fls'
Latexmk: Examining 'article.log'
Latexmk: References changed.
Latexmk: References changed.
Latexmk: References changed.
Latexmk: Log file says output to 'article.pdf'
Latexmk: 'pdflatex': source file 'article.bbl' doesn't exist. I'll try making it...
------------
Running 'make "article.bbl"'
------------
Latexmk: applying rule 'biber article'...
Rule 'biber article': File changes, etc:
   Changed files, or newly in use since previous run(s):
  article.bcf
Rule 'biber article': The following rules & subrules became out-of-date:
  biber article
------------
Run number 1 of rule 'biber article'
------------
------------
Running 'biber  "article.bcf"'
------------
INFO - This is Biber 2.17
INFO - Logfile is 'article.blg'
INFO - Reading 'article.bcf'
INFO - Found 6 citekeys in bib section 0
INFO - Processing section 0
INFO - Looking for bibtex file 'bibliography.bib' for section 0
INFO - LaTeX decoding ...
INFO - Found BibTeX data source 'bibliography.bib'
INFO - Overriding locale 'en-US' defaults 'normalization = NFD' with 'normalization = prenormalized'
INFO - Overriding locale 'en-US' defaults 'variable = shifted' with 'variable = non-ignorable'
INFO - Sorting list 'none/global//global/global' of type 'entry' with template 'none' and locale 'en-US'
INFO - No sort tailoring available for locale 'en-US'
INFO - Writing 'article.bbl' with encoding 'UTF-8'
INFO - Output to article.bbl
Latexmk: Found biber source file(s) [article.bcf bibliography.bib]
Latexmk: applying rule 'pdflatex'...
Rule 'pdflatex': File changes, etc:
   Changed files, or newly in use since previous run(s):
  article.aux
  article.bbl
  article.out
Rule 'pdflatex': The following rules & subrules became out-of-date:
  pdflatex
------------
Run number 2 of rule 'pdflatex'
------------
------------
Running 'xelatex -interaction=nonstopmode  -recorder  "article.tex"'
------------
This is XeTeX, Version 3.141592653-2.6-0.999994 (TeX Live 2022) (preloaded format=xelatex)
 restricted \write18 enabled.
entering extended mode
(./article.tex
LaTeX2e <2021-11-15> patch level 1
L3 programming layer <2022-02-24> (./rescience.cls
Document Class: rescience 2019/04/12 Style for ReScience articles
(/usr/local/texlive/2022/texmf-dist/tex/latex/base/article.cls
Document Class: article 2021/10/04 v1.4n Standard LaTeX document class
(/usr/local/texlive/2022/texmf-dist/tex/latex/base/size10.clo))
(/usr/local/texlive/2022/texmf-dist/tex/generic/babel/babel.sty
(/usr/local/texlive/2022/texmf-dist/tex/generic/babel/xebabel.def
(/usr/local/texlive/2022/texmf-dist/tex/generic/babel/txtbabel.def))
(/usr/local/texlive/2022/texmf-dist/tex/generic/babel-english/american.ldf
(/usr/local/texlive/2022/texmf-dist/tex/generic/babel-english/english.ldf)))
(/usr/local/texlive/2022/texmf-dist/tex/latex/base/ifthen.sty)
(/usr/local/texlive/2022/texmf-dist/tex/latex/tools/tabularx.sty
(/usr/local/texlive/2022/texmf-dist/tex/latex/tools/array.sty))
(/usr/local/texlive/2022/texmf-dist/tex/latex/pgf/frontendlayer/tikz.sty
(/usr/local/texlive/2022/texmf-dist/tex/latex/pgf/basiclayer/pgf.sty
(/usr/local/texlive/2022/texmf-dist/tex/latex/pgf/utilities/pgfrcs.sty
(/usr/local/texlive/2022/texmf-dist/tex/generic/pgf/utilities/pgfutil-common.te
x
(/usr/local/texlive/2022/texmf-dist/tex/generic/pgf/utilities/pgfutil-common-li
sts.tex))
(/usr/local/texlive/2022/texmf-dist/tex/generic/pgf/utilities/pgfutil-latex.def
) (/usr/local/texlive/2022/texmf-dist/tex/generic/pgf/utilities/pgfrcs.code.tex
(/usr/local/texlive/2022/texmf-dist/tex/generic/pgf/pgf.revision.tex)))
(/usr/local/texlive/2022/texmf-dist/tex/latex/pgf/basiclayer/pgfcore.sty
(/usr/local/texlive/2022/texmf-dist/tex/latex/graphics/graphicx.sty
(/usr/local/texlive/2022/texmf-dist/tex/latex/graphics/keyval.sty)
(/usr/local/texlive/2022/texmf-dist/tex/latex/graphics/graphics.sty
(/usr/local/texlive/2022/texmf-dist/tex/latex/graphics/trig.sty)
(/usr/local/texlive/2022/texmf-dist/tex/latex/graphics-cfg/graphics.cfg)
(/usr/local/texlive/2022/texmf-dist/tex/latex/graphics-def/xetex.def)))
(/usr/local/texlive/2022/texmf-dist/tex/latex/pgf/systemlayer/pgfsys.sty
(/usr/local/texlive/2022/texmf-dist/tex/generic/pgf/systemlayer/pgfsys.code.tex
(/usr/local/texlive/2022/texmf-dist/tex/generic/pgf/utilities/pgfkeys.code.tex
(/usr/local/texlive/2022/texmf-dist/tex/generic/pgf/utilities/pgfkeysfiltered.c
ode.tex))
(/usr/local/texlive/2022/texmf-dist/tex/generic/pgf/systemlayer/pgf.cfg)
(/usr/local/texlive/2022/texmf-dist/tex/generic/pgf/systemlayer/pgfsys-xetex.de
f
(/usr/local/texlive/2022/texmf-dist/tex/generic/pgf/systemlayer/pgfsys-dvipdfmx
.def
(/usr/local/texlive/2022/texmf-dist/tex/generic/pgf/systemlayer/pgfsys-common-p
df.def))))
(/usr/local/texlive/2022/texmf-dist/tex/generic/pgf/systemlayer/pgfsyssoftpath.
code.tex)
(/usr/local/texlive/2022/texmf-dist/tex/generic/pgf/systemlayer/pgfsysprotocol.
code.tex)) (/usr/local/texlive/2022/texmf-dist/tex/latex/xcolor/xcolor.sty
(/usr/local/texlive/2022/texmf-dist/tex/latex/graphics-cfg/color.cfg))
(/usr/local/texlive/2022/texmf-dist/tex/generic/pgf/basiclayer/pgfcore.code.tex
(/usr/local/texlive/2022/texmf-dist/tex/generic/pgf/math/pgfmath.code.tex
(/usr/local/texlive/2022/texmf-dist/tex/generic/pgf/math/pgfmathcalc.code.tex
(/usr/local/texlive/2022/texmf-dist/tex/generic/pgf/math/pgfmathutil.code.tex)
(/usr/local/texlive/2022/texmf-dist/tex/generic/pgf/math/pgfmathparser.code.tex
)
(/usr/local/texlive/2022/texmf-dist/tex/generic/pgf/math/pgfmathfunctions.code.
tex
(/usr/local/texlive/2022/texmf-dist/tex/generic/pgf/math/pgfmathfunctions.basic
.code.tex)
(/usr/local/texlive/2022/texmf-dist/tex/generic/pgf/math/pgfmathfunctions.trigo
nometric.code.tex)
(/usr/local/texlive/2022/texmf-dist/tex/generic/pgf/math/pgfmathfunctions.rando
m.code.tex)
(/usr/local/texlive/2022/texmf-dist/tex/generic/pgf/math/pgfmathfunctions.compa
rison.code.tex)
(/usr/local/texlive/2022/texmf-dist/tex/generic/pgf/math/pgfmathfunctions.base.
code.tex)
(/usr/local/texlive/2022/texmf-dist/tex/generic/pgf/math/pgfmathfunctions.round
.code.tex)
(/usr/local/texlive/2022/texmf-dist/tex/generic/pgf/math/pgfmathfunctions.misc.
code.tex)
(/usr/local/texlive/2022/texmf-dist/tex/generic/pgf/math/pgfmathfunctions.integ
erarithmetics.code.tex)))
(/usr/local/texlive/2022/texmf-dist/tex/generic/pgf/math/pgfmathfloat.code.tex)
) (/usr/local/texlive/2022/texmf-dist/tex/generic/pgf/math/pgfint.code.tex)
(/usr/local/texlive/2022/texmf-dist/tex/generic/pgf/basiclayer/pgfcorepoints.co
de.tex)
(/usr/local/texlive/2022/texmf-dist/tex/generic/pgf/basiclayer/pgfcorepathconst
ruct.code.tex)
(/usr/local/texlive/2022/texmf-dist/tex/generic/pgf/basiclayer/pgfcorepathusage
.code.tex)
(/usr/local/texlive/2022/texmf-dist/tex/generic/pgf/basiclayer/pgfcorescopes.co
de.tex)
(/usr/local/texlive/2022/texmf-dist/tex/generic/pgf/basiclayer/pgfcoregraphicst
ate.code.tex)
(/usr/local/texlive/2022/texmf-dist/tex/generic/pgf/basiclayer/pgfcoretransform
ations.code.tex)
(/usr/local/texlive/2022/texmf-dist/tex/generic/pgf/basiclayer/pgfcorequick.cod
e.tex)
(/usr/local/texlive/2022/texmf-dist/tex/generic/pgf/basiclayer/pgfcoreobjects.c
ode.tex)
(/usr/local/texlive/2022/texmf-dist/tex/generic/pgf/basiclayer/pgfcorepathproce
ssing.code.tex)
(/usr/local/texlive/2022/texmf-dist/tex/generic/pgf/basiclayer/pgfcorearrows.co
de.tex)
(/usr/local/texlive/2022/texmf-dist/tex/generic/pgf/basiclayer/pgfcoreshade.cod
e.tex)
(/usr/local/texlive/2022/texmf-dist/tex/generic/pgf/basiclayer/pgfcoreimage.cod
e.tex
(/usr/local/texlive/2022/texmf-dist/tex/generic/pgf/basiclayer/pgfcoreexternal.
code.tex))
(/usr/local/texlive/2022/texmf-dist/tex/generic/pgf/basiclayer/pgfcorelayers.co
de.tex)
(/usr/local/texlive/2022/texmf-dist/tex/generic/pgf/basiclayer/pgfcoretranspare
ncy.code.tex)
(/usr/local/texlive/2022/texmf-dist/tex/generic/pgf/basiclayer/pgfcorepatterns.
code.tex)
(/usr/local/texlive/2022/texmf-dist/tex/generic/pgf/basiclayer/pgfcorerdf.code.
tex)))
(/usr/local/texlive/2022/texmf-dist/tex/generic/pgf/modules/pgfmoduleshapes.cod
e.tex)
(/usr/local/texlive/2022/texmf-dist/tex/generic/pgf/modules/pgfmoduleplot.code.
tex)
(/usr/local/texlive/2022/texmf-dist/tex/latex/pgf/compatibility/pgfcomp-version
-0-65.sty)
(/usr/local/texlive/2022/texmf-dist/tex/latex/pgf/compatibility/pgfcomp-version
-1-18.sty))
(/usr/local/texlive/2022/texmf-dist/tex/latex/pgf/utilities/pgffor.sty
(/usr/local/texlive/2022/texmf-dist/tex/latex/pgf/utilities/pgfkeys.sty
(/usr/local/texlive/2022/texmf-dist/tex/generic/pgf/utilities/pgfkeys.code.tex)
) (/usr/local/texlive/2022/texmf-dist/tex/latex/pgf/math/pgfmath.sty
(/usr/local/texlive/2022/texmf-dist/tex/generic/pgf/math/pgfmath.code.tex))
(/usr/local/texlive/2022/texmf-dist/tex/generic/pgf/utilities/pgffor.code.tex
(/usr/local/texlive/2022/texmf-dist/tex/generic/pgf/math/pgfmath.code.tex)))
(/usr/local/texlive/2022/texmf-dist/tex/generic/pgf/frontendlayer/tikz/tikz.cod
e.tex
(/usr/local/texlive/2022/texmf-dist/tex/generic/pgf/libraries/pgflibraryplothan
dlers.code.tex)
(/usr/local/texlive/2022/texmf-dist/tex/generic/pgf/modules/pgfmodulematrix.cod
e.tex)
(/usr/local/texlive/2022/texmf-dist/tex/generic/pgf/frontendlayer/tikz/librarie
s/tikzlibrarytopaths.code.tex)))
(/usr/local/texlive/2022/texmf-dist/tex/latex/marginnote/marginnote.sty)
(/usr/local/texlive/2022/texmf-dist/tex/latex/csquotes/csquotes.sty
(/usr/local/texlive/2022/texmf-dist/tex/latex/etoolbox/etoolbox.sty)
(/usr/local/texlive/2022/texmf-dist/tex/latex/csquotes/csquotes.def)
(/usr/local/texlive/2022/texmf-dist/tex/latex/csquotes/csquotes.cfg))
(/usr/local/texlive/2022/texmf-dist/tex/latex/amsmath/amsmath.sty
For additional information on amsmath, use the `?' option.
(/usr/local/texlive/2022/texmf-dist/tex/latex/amsmath/amstext.sty
(/usr/local/texlive/2022/texmf-dist/tex/latex/amsmath/amsgen.sty))
(/usr/local/texlive/2022/texmf-dist/tex/latex/amsmath/amsbsy.sty)
(/usr/local/texlive/2022/texmf-dist/tex/latex/amsmath/amsopn.sty))
(/usr/local/texlive/2022/texmf-dist/tex/latex/mathtools/mathtools.sty
(/usr/local/texlive/2022/texmf-dist/tex/latex/tools/calc.sty)
(/usr/local/texlive/2022/texmf-dist/tex/latex/mathtools/mhsetup.sty))
(/usr/local/texlive/2022/texmf-dist/tex/latex/geometry/geometry.sty
(/usr/local/texlive/2022/texmf-dist/tex/generic/iftex/ifvtex.sty
(/usr/local/texlive/2022/texmf-dist/tex/generic/iftex/iftex.sty)))
(/usr/local/texlive/2022/texmf-dist/tex/latex/fontspec/fontspec.sty
(/usr/local/texlive/2022/texmf-dist/tex/latex/l3packages/xparse/xparse.sty
(/usr/local/texlive/2022/texmf-dist/tex/latex/l3kernel/expl3.sty
(/usr/local/texlive/2022/texmf-dist/tex/latex/l3backend/l3backend-xetex.def
(|extractbb --version))))
(/usr/local/texlive/2022/texmf-dist/tex/latex/fontspec/fontspec-xetex.sty
(/usr/local/texlive/2022/texmf-dist/tex/latex/base/fontenc.sty)
(/usr/local/texlive/2022/texmf-dist/tex/latex/fontspec/fontspec.cfg)))
(/usr/local/texlive/2022/texmf-dist/tex/latex/microtype/microtype.sty
(/usr/local/texlive/2022/texmf-dist/tex/latex/microtype/microtype-xetex.def)
(/usr/local/texlive/2022/texmf-dist/tex/latex/microtype/microtype.cfg))
(/usr/local/texlive/2022/texmf-dist/tex/latex/titlesec/titlesec.sty)
(/usr/local/texlive/2022/texmf-dist/tex/latex/caption/caption.sty
(/usr/local/texlive/2022/texmf-dist/tex/latex/caption/caption3.sty))
(/usr/local/texlive/2022/texmf-dist/tex/latex/hyperref/hyperref.sty
(/usr/local/texlive/2022/texmf-dist/tex/generic/ltxcmds/ltxcmds.sty)
(/usr/local/texlive/2022/texmf-dist/tex/generic/pdftexcmds/pdftexcmds.sty
(/usr/local/texlive/2022/texmf-dist/tex/generic/infwarerr/infwarerr.sty))
(/usr/local/texlive/2022/texmf-dist/tex/generic/kvsetkeys/kvsetkeys.sty)
(/usr/local/texlive/2022/texmf-dist/tex/generic/kvdefinekeys/kvdefinekeys.sty)
(/usr/local/texlive/2022/texmf-dist/tex/generic/pdfescape/pdfescape.sty)
(/usr/local/texlive/2022/texmf-dist/tex/latex/hycolor/hycolor.sty)
(/usr/local/texlive/2022/texmf-dist/tex/latex/letltxmacro/letltxmacro.sty)
(/usr/local/texlive/2022/texmf-dist/tex/latex/auxhook/auxhook.sty)
(/usr/local/texlive/2022/texmf-dist/tex/latex/kvoptions/kvoptions.sty)
(/usr/local/texlive/2022/texmf-dist/tex/latex/hyperref/pd1enc.def)
(/usr/local/texlive/2022/texmf-dist/tex/generic/intcalc/intcalc.sty)
(/usr/local/texlive/2022/texmf-dist/tex/generic/etexcmds/etexcmds.sty)
(/usr/local/texlive/2022/texmf-dist/tex/latex/hyperref/puenc.def)
(/usr/local/texlive/2022/texmf-dist/tex/latex/url/url.sty)
(/usr/local/texlive/2022/texmf-dist/tex/generic/bitset/bitset.sty
(/usr/local/texlive/2022/texmf-dist/tex/generic/bigintcalc/bigintcalc.sty))
(/usr/local/texlive/2022/texmf-dist/tex/latex/base/atbegshi-ltx.sty))
(/usr/local/texlive/2022/texmf-dist/tex/latex/hyperref/hxetex.def
(/usr/local/texlive/2022/texmf-dist/tex/generic/stringenc/stringenc.sty)
(/usr/local/texlive/2022/texmf-dist/tex/latex/rerunfilecheck/rerunfilecheck.sty
(/usr/local/texlive/2022/texmf-dist/tex/latex/base/atveryend-ltx.sty)
(/usr/local/texlive/2022/texmf-dist/tex/generic/uniquecounter/uniquecounter.sty
))) (/usr/local/texlive/2022/texmf-dist/tex/latex/listings/listings.sty
(/usr/local/texlive/2022/texmf-dist/tex/latex/listings/lstmisc.sty)
(/usr/local/texlive/2022/texmf-dist/tex/latex/listings/listings.cfg))
(/usr/local/texlive/2022/texmf-dist/tex/latex/enumitem/enumitem.sty)
(/usr/local/texlive/2022/texmf-dist/tex/latex/preprint/authblk.sty)
(/usr/local/texlive/2022/texmf-dist/tex/latex/tcolorbox/tcolorbox.sty
(/usr/local/texlive/2022/texmf-dist/tex/latex/tools/verbatim.sty)
(/usr/local/texlive/2022/texmf-dist/tex/latex/environ/environ.sty
(/usr/local/texlive/2022/texmf-dist/tex/latex/trimspaces/trimspaces.sty))
(/usr/local/texlive/2022/texmf-dist/tex/latex/tcolorbox/tcbraster.code.tex
Library (tcolorbox): 'tcbraster.code.tex' version '5.0.2'
) (/usr/local/texlive/2022/texmf-dist/tex/latex/tcolorbox/tcbskins.code.tex
Library (tcolorbox): 'tcbskins.code.tex' version '5.0.2'

(/usr/local/texlive/2022/texmf-dist/tex/latex/tcolorbox/tcbskinsjigsaw.code.tex
Library (tcolorbox): 'tcbskinsjigsaw.code.tex' version '5.0.2'
))
(/usr/local/texlive/2022/texmf-dist/tex/latex/tcolorbox/tcbbreakable.code.tex
Library (tcolorbox): 'tcbbreakable.code.tex' version '5.0.2'
(/usr/local/texlive/2022/texmf-dist/tex/generic/oberdiek/pdfcol.sty))
(/usr/local/texlive/2022/texmf-dist/tex/latex/tcolorbox/tcbhooks.code.tex
Library (tcolorbox): 'tcbhooks.code.tex' version '5.0.2'
) (/usr/local/texlive/2022/texmf-dist/tex/latex/tcolorbox/tcbtheorems.code.tex
Library (tcolorbox): 'tcbtheorems.code.tex' version '5.0.2'
) (/usr/local/texlive/2022/texmf-dist/tex/latex/tcolorbox/tcbfitting.code.tex
Library (tcolorbox): 'tcbfitting.code.tex' version '5.0.2'
) (/usr/local/texlive/2022/texmf-dist/tex/latex/tcolorbox/tcbxparse.code.tex
Library (tcolorbox): 'tcbxparse.code.tex' version '5.0.2'
)) (./metadata.tex)
(/usr/local/texlive/2022/texmf-dist/tex/latex/fancyhdr/fancyhdr.sty)
(/usr/local/texlive/2022/texmf-dist/tex/latex/biblatex/biblatex.sty
(/usr/local/texlive/2022/texmf-dist/tex/latex/logreq/logreq.sty
(/usr/local/texlive/2022/texmf-dist/tex/latex/logreq/logreq.def))
(/usr/local/texlive/2022/texmf-dist/tex/latex/biblatex/blx-dm.def)
(/usr/local/texlive/2022/texmf-dist/tex/latex/biblatex/blx-unicode.def)
(/usr/local/texlive/2022/texmf-dist/tex/latex/biblatex/blx-compat.def)
(/usr/local/texlive/2022/texmf-dist/tex/latex/biblatex/biblatex.def)
(/usr/local/texlive/2022/texmf-dist/tex/latex/biblatex/blx-natbib.def)
(/usr/local/texlive/2022/texmf-dist/tex/latex/biblatex/bbx/numeric.bbx
(/usr/local/texlive/2022/texmf-dist/tex/latex/biblatex/bbx/standard.bbx))
(/usr/local/texlive/2022/texmf-dist/tex/latex/biblatex/cbx/numeric.cbx)
(/usr/local/texlive/2022/texmf-dist/tex/latex/biblatex/biblatex.cfg)
(/usr/local/texlive/2022/texmf-dist/tex/latex/biblatex/blx-case-expl3.sty))
(/usr/local/texlive/2022/texmf-dist/tex/latex/natbib/bibentry.sty)
(/usr/local/texlive/2022/texmf-dist/tex/latex/float/float.sty))
(../openreview/packages.tex
(/usr/local/texlive/2022/texmf-dist/tex/latex/base/inputenc.sty

Package inputenc Warning: inputenc package ignored with utf8 based engines.

) (/usr/local/texlive/2022/texmf-dist/tex/latex/booktabs/booktabs.sty)
(/usr/local/texlive/2022/texmf-dist/tex/latex/amsfonts/amsfonts.sty)
(/usr/local/texlive/2022/texmf-dist/tex/latex/units/nicefrac.sty)
(/usr/local/texlive/2022/texmf-dist/tex/latex/doublestroke/dsfont.sty)
(/usr/local/texlive/2022/texmf-dist/tex/latex/multirow/multirow.sty)
(/usr/local/texlive/2022/texmf-dist/tex/generic/ulem/ulem.sty)
(/usr/local/texlive/2022/texmf-dist/tex/latex/makecell/makecell.sty))

Package csquotes Warning: Load 'inputenc' before 'csquotes' on input line 3.


Package biblatex Warning: Load 'inputenc' before biblatex.

(./article.aux

LaTeX Warning: Label `eq:r_util' multiply defined.

) (/usr/local/texlive/2022/texmf-dist/tex/latex/base/ts1cmr.fd)
*geometry* driver: auto-detecting
*geometry* detected driver: xetex
(/usr/local/texlive/2022/texmf-dist/tex/latex/hyperref/nameref.sty
(/usr/local/texlive/2022/texmf-dist/tex/latex/refcount/refcount.sty)
(/usr/local/texlive/2022/texmf-dist/tex/generic/gettitlestring/gettitlestring.s
ty)) (./article.out) (./article.out)
(/usr/local/texlive/2022/texmf-dist/tex/latex/biblatex/lbx/american.lbx
(/usr/local/texlive/2022/texmf-dist/tex/latex/biblatex/lbx/english.lbx)
(/usr/local/texlive/2022/texmf-dist/tex/latex/biblatex/lbx/english.lbx))
(./article.bbl) (./header.tex
(/usr/local/texlive/2022/texmf-dist/tex/latex/amsfonts/umsa.fd)
(/usr/local/texlive/2022/texmf-dist/tex/latex/microtype/mt-msa.cfg)
(/usr/local/texlive/2022/texmf-dist/tex/latex/amsfonts/umsb.fd)
(/usr/local/texlive/2022/texmf-dist/tex/latex/microtype/mt-msb.cfg)
(/usr/local/texlive/2022/texmf-dist/tex/latex/microtype/mt-cmr.cfg))
(../openreview/content.tex [1] [2]
Underfull \hbox (badness 10000) in paragraph at lines 62--64

(/usr/local/texlive/2022/texmf-dist/tex/latex/doublestroke/Udsrom.fd)
Underfull \hbox (badness 10000) in paragraph at lines 77--82

[3]
Underfull \hbox (badness 10000) in paragraph at lines 96--98


Underfull \hbox (badness 10000) in paragraph at lines 109--110

[4]
Underfull \hbox (badness 10000) in paragraph at lines 127--129

[5] [6]
Overfull \hbox (2.45789pt too wide) in paragraph at lines 189--207
 [][] 
[7]

LaTeX Warning: `h' float specifier changed to `ht'.


Overfull \hbox (40.3671pt too wide) in paragraph at lines 245--246
 [][] 

LaTeX Warning: `h' float specifier changed to `ht'.


Underfull \hbox (badness 10000) in paragraph at lines 251--254

[8] [9]) [10] (../openreview/appendix.tex [11]) [12] (./article.aux)

LaTeX Warning: There were undefined references.


LaTeX Warning: There were multiply-defined labels.


Package biblatex Warning: Please rerun LaTeX.

 )
(see the transcript file for additional information)
Output written on article.pdf (12 pages).
Transcript written on article.log.
Latexmk: Getting log file 'article.log'
Latexmk: Examining 'article.fls'
Latexmk: Examining 'article.log'
Latexmk: Found input bbl file 'article.bbl'
Latexmk: Log file says output to 'article.pdf'
Latexmk: Found biber source file(s) [article.bcf bibliography.bib]
Latexmk: applying rule 'pdflatex'...
Rule 'pdflatex': File changes, etc:
   Changed files, or newly in use since previous run(s):
  article.aux
  article.run.xml
Rule 'pdflatex': The following rules & subrules became out-of-date:
  pdflatex
------------
Run number 3 of rule 'pdflatex'
------------
------------
Running 'xelatex -interaction=nonstopmode  -recorder  "article.tex"'
------------
This is XeTeX, Version 3.141592653-2.6-0.999994 (TeX Live 2022) (preloaded format=xelatex)
 restricted \write18 enabled.
entering extended mode
(./article.tex
LaTeX2e <2021-11-15> patch level 1
L3 programming layer <2022-02-24> (./rescience.cls
Document Class: rescience 2019/04/12 Style for ReScience articles
(/usr/local/texlive/2022/texmf-dist/tex/latex/base/article.cls
Document Class: article 2021/10/04 v1.4n Standard LaTeX document class
(/usr/local/texlive/2022/texmf-dist/tex/latex/base/size10.clo))
(/usr/local/texlive/2022/texmf-dist/tex/generic/babel/babel.sty
(/usr/local/texlive/2022/texmf-dist/tex/generic/babel/xebabel.def
(/usr/local/texlive/2022/texmf-dist/tex/generic/babel/txtbabel.def))
(/usr/local/texlive/2022/texmf-dist/tex/generic/babel-english/american.ldf
(/usr/local/texlive/2022/texmf-dist/tex/generic/babel-english/english.ldf)))
(/usr/local/texlive/2022/texmf-dist/tex/latex/base/ifthen.sty)
(/usr/local/texlive/2022/texmf-dist/tex/latex/tools/tabularx.sty
(/usr/local/texlive/2022/texmf-dist/tex/latex/tools/array.sty))
(/usr/local/texlive/2022/texmf-dist/tex/latex/pgf/frontendlayer/tikz.sty
(/usr/local/texlive/2022/texmf-dist/tex/latex/pgf/basiclayer/pgf.sty
(/usr/local/texlive/2022/texmf-dist/tex/latex/pgf/utilities/pgfrcs.sty
(/usr/local/texlive/2022/texmf-dist/tex/generic/pgf/utilities/pgfutil-common.te
x
(/usr/local/texlive/2022/texmf-dist/tex/generic/pgf/utilities/pgfutil-common-li
sts.tex))
(/usr/local/texlive/2022/texmf-dist/tex/generic/pgf/utilities/pgfutil-latex.def
) (/usr/local/texlive/2022/texmf-dist/tex/generic/pgf/utilities/pgfrcs.code.tex
(/usr/local/texlive/2022/texmf-dist/tex/generic/pgf/pgf.revision.tex)))
(/usr/local/texlive/2022/texmf-dist/tex/latex/pgf/basiclayer/pgfcore.sty
(/usr/local/texlive/2022/texmf-dist/tex/latex/graphics/graphicx.sty
(/usr/local/texlive/2022/texmf-dist/tex/latex/graphics/keyval.sty)
(/usr/local/texlive/2022/texmf-dist/tex/latex/graphics/graphics.sty
(/usr/local/texlive/2022/texmf-dist/tex/latex/graphics/trig.sty)
(/usr/local/texlive/2022/texmf-dist/tex/latex/graphics-cfg/graphics.cfg)
(/usr/local/texlive/2022/texmf-dist/tex/latex/graphics-def/xetex.def)))
(/usr/local/texlive/2022/texmf-dist/tex/latex/pgf/systemlayer/pgfsys.sty
(/usr/local/texlive/2022/texmf-dist/tex/generic/pgf/systemlayer/pgfsys.code.tex
(/usr/local/texlive/2022/texmf-dist/tex/generic/pgf/utilities/pgfkeys.code.tex
(/usr/local/texlive/2022/texmf-dist/tex/generic/pgf/utilities/pgfkeysfiltered.c
ode.tex))
(/usr/local/texlive/2022/texmf-dist/tex/generic/pgf/systemlayer/pgf.cfg)
(/usr/local/texlive/2022/texmf-dist/tex/generic/pgf/systemlayer/pgfsys-xetex.de
f
(/usr/local/texlive/2022/texmf-dist/tex/generic/pgf/systemlayer/pgfsys-dvipdfmx
.def
(/usr/local/texlive/2022/texmf-dist/tex/generic/pgf/systemlayer/pgfsys-common-p
df.def))))
(/usr/local/texlive/2022/texmf-dist/tex/generic/pgf/systemlayer/pgfsyssoftpath.
code.tex)
(/usr/local/texlive/2022/texmf-dist/tex/generic/pgf/systemlayer/pgfsysprotocol.
code.tex)) (/usr/local/texlive/2022/texmf-dist/tex/latex/xcolor/xcolor.sty
(/usr/local/texlive/2022/texmf-dist/tex/latex/graphics-cfg/color.cfg))
(/usr/local/texlive/2022/texmf-dist/tex/generic/pgf/basiclayer/pgfcore.code.tex
(/usr/local/texlive/2022/texmf-dist/tex/generic/pgf/math/pgfmath.code.tex
(/usr/local/texlive/2022/texmf-dist/tex/generic/pgf/math/pgfmathcalc.code.tex
(/usr/local/texlive/2022/texmf-dist/tex/generic/pgf/math/pgfmathutil.code.tex)
(/usr/local/texlive/2022/texmf-dist/tex/generic/pgf/math/pgfmathparser.code.tex
)
(/usr/local/texlive/2022/texmf-dist/tex/generic/pgf/math/pgfmathfunctions.code.
tex
(/usr/local/texlive/2022/texmf-dist/tex/generic/pgf/math/pgfmathfunctions.basic
.code.tex)
(/usr/local/texlive/2022/texmf-dist/tex/generic/pgf/math/pgfmathfunctions.trigo
nometric.code.tex)
(/usr/local/texlive/2022/texmf-dist/tex/generic/pgf/math/pgfmathfunctions.rando
m.code.tex)
(/usr/local/texlive/2022/texmf-dist/tex/generic/pgf/math/pgfmathfunctions.compa
rison.code.tex)
(/usr/local/texlive/2022/texmf-dist/tex/generic/pgf/math/pgfmathfunctions.base.
code.tex)
(/usr/local/texlive/2022/texmf-dist/tex/generic/pgf/math/pgfmathfunctions.round
.code.tex)
(/usr/local/texlive/2022/texmf-dist/tex/generic/pgf/math/pgfmathfunctions.misc.
code.tex)
(/usr/local/texlive/2022/texmf-dist/tex/generic/pgf/math/pgfmathfunctions.integ
erarithmetics.code.tex)))
(/usr/local/texlive/2022/texmf-dist/tex/generic/pgf/math/pgfmathfloat.code.tex)
) (/usr/local/texlive/2022/texmf-dist/tex/generic/pgf/math/pgfint.code.tex)
(/usr/local/texlive/2022/texmf-dist/tex/generic/pgf/basiclayer/pgfcorepoints.co
de.tex)
(/usr/local/texlive/2022/texmf-dist/tex/generic/pgf/basiclayer/pgfcorepathconst
ruct.code.tex)
(/usr/local/texlive/2022/texmf-dist/tex/generic/pgf/basiclayer/pgfcorepathusage
.code.tex)
(/usr/local/texlive/2022/texmf-dist/tex/generic/pgf/basiclayer/pgfcorescopes.co
de.tex)
(/usr/local/texlive/2022/texmf-dist/tex/generic/pgf/basiclayer/pgfcoregraphicst
ate.code.tex)
(/usr/local/texlive/2022/texmf-dist/tex/generic/pgf/basiclayer/pgfcoretransform
ations.code.tex)
(/usr/local/texlive/2022/texmf-dist/tex/generic/pgf/basiclayer/pgfcorequick.cod
e.tex)
(/usr/local/texlive/2022/texmf-dist/tex/generic/pgf/basiclayer/pgfcoreobjects.c
ode.tex)
(/usr/local/texlive/2022/texmf-dist/tex/generic/pgf/basiclayer/pgfcorepathproce
ssing.code.tex)
(/usr/local/texlive/2022/texmf-dist/tex/generic/pgf/basiclayer/pgfcorearrows.co
de.tex)
(/usr/local/texlive/2022/texmf-dist/tex/generic/pgf/basiclayer/pgfcoreshade.cod
e.tex)
(/usr/local/texlive/2022/texmf-dist/tex/generic/pgf/basiclayer/pgfcoreimage.cod
e.tex
(/usr/local/texlive/2022/texmf-dist/tex/generic/pgf/basiclayer/pgfcoreexternal.
code.tex))
(/usr/local/texlive/2022/texmf-dist/tex/generic/pgf/basiclayer/pgfcorelayers.co
de.tex)
(/usr/local/texlive/2022/texmf-dist/tex/generic/pgf/basiclayer/pgfcoretranspare
ncy.code.tex)
(/usr/local/texlive/2022/texmf-dist/tex/generic/pgf/basiclayer/pgfcorepatterns.
code.tex)
(/usr/local/texlive/2022/texmf-dist/tex/generic/pgf/basiclayer/pgfcorerdf.code.
tex)))
(/usr/local/texlive/2022/texmf-dist/tex/generic/pgf/modules/pgfmoduleshapes.cod
e.tex)
(/usr/local/texlive/2022/texmf-dist/tex/generic/pgf/modules/pgfmoduleplot.code.
tex)
(/usr/local/texlive/2022/texmf-dist/tex/latex/pgf/compatibility/pgfcomp-version
-0-65.sty)
(/usr/local/texlive/2022/texmf-dist/tex/latex/pgf/compatibility/pgfcomp-version
-1-18.sty))
(/usr/local/texlive/2022/texmf-dist/tex/latex/pgf/utilities/pgffor.sty
(/usr/local/texlive/2022/texmf-dist/tex/latex/pgf/utilities/pgfkeys.sty
(/usr/local/texlive/2022/texmf-dist/tex/generic/pgf/utilities/pgfkeys.code.tex)
) (/usr/local/texlive/2022/texmf-dist/tex/latex/pgf/math/pgfmath.sty
(/usr/local/texlive/2022/texmf-dist/tex/generic/pgf/math/pgfmath.code.tex))
(/usr/local/texlive/2022/texmf-dist/tex/generic/pgf/utilities/pgffor.code.tex
(/usr/local/texlive/2022/texmf-dist/tex/generic/pgf/math/pgfmath.code.tex)))
(/usr/local/texlive/2022/texmf-dist/tex/generic/pgf/frontendlayer/tikz/tikz.cod
e.tex
(/usr/local/texlive/2022/texmf-dist/tex/generic/pgf/libraries/pgflibraryplothan
dlers.code.tex)
(/usr/local/texlive/2022/texmf-dist/tex/generic/pgf/modules/pgfmodulematrix.cod
e.tex)
(/usr/local/texlive/2022/texmf-dist/tex/generic/pgf/frontendlayer/tikz/librarie
s/tikzlibrarytopaths.code.tex)))
(/usr/local/texlive/2022/texmf-dist/tex/latex/marginnote/marginnote.sty)
(/usr/local/texlive/2022/texmf-dist/tex/latex/csquotes/csquotes.sty
(/usr/local/texlive/2022/texmf-dist/tex/latex/etoolbox/etoolbox.sty)
(/usr/local/texlive/2022/texmf-dist/tex/latex/csquotes/csquotes.def)
(/usr/local/texlive/2022/texmf-dist/tex/latex/csquotes/csquotes.cfg))
(/usr/local/texlive/2022/texmf-dist/tex/latex/amsmath/amsmath.sty
For additional information on amsmath, use the `?' option.
(/usr/local/texlive/2022/texmf-dist/tex/latex/amsmath/amstext.sty
(/usr/local/texlive/2022/texmf-dist/tex/latex/amsmath/amsgen.sty))
(/usr/local/texlive/2022/texmf-dist/tex/latex/amsmath/amsbsy.sty)
(/usr/local/texlive/2022/texmf-dist/tex/latex/amsmath/amsopn.sty))
(/usr/local/texlive/2022/texmf-dist/tex/latex/mathtools/mathtools.sty
(/usr/local/texlive/2022/texmf-dist/tex/latex/tools/calc.sty)
(/usr/local/texlive/2022/texmf-dist/tex/latex/mathtools/mhsetup.sty))
(/usr/local/texlive/2022/texmf-dist/tex/latex/geometry/geometry.sty
(/usr/local/texlive/2022/texmf-dist/tex/generic/iftex/ifvtex.sty
(/usr/local/texlive/2022/texmf-dist/tex/generic/iftex/iftex.sty)))
(/usr/local/texlive/2022/texmf-dist/tex/latex/fontspec/fontspec.sty
(/usr/local/texlive/2022/texmf-dist/tex/latex/l3packages/xparse/xparse.sty
(/usr/local/texlive/2022/texmf-dist/tex/latex/l3kernel/expl3.sty
(/usr/local/texlive/2022/texmf-dist/tex/latex/l3backend/l3backend-xetex.def
(|extractbb --version))))
(/usr/local/texlive/2022/texmf-dist/tex/latex/fontspec/fontspec-xetex.sty
(/usr/local/texlive/2022/texmf-dist/tex/latex/base/fontenc.sty)
(/usr/local/texlive/2022/texmf-dist/tex/latex/fontspec/fontspec.cfg)))
(/usr/local/texlive/2022/texmf-dist/tex/latex/microtype/microtype.sty
(/usr/local/texlive/2022/texmf-dist/tex/latex/microtype/microtype-xetex.def)
(/usr/local/texlive/2022/texmf-dist/tex/latex/microtype/microtype.cfg))
(/usr/local/texlive/2022/texmf-dist/tex/latex/titlesec/titlesec.sty)
(/usr/local/texlive/2022/texmf-dist/tex/latex/caption/caption.sty
(/usr/local/texlive/2022/texmf-dist/tex/latex/caption/caption3.sty))
(/usr/local/texlive/2022/texmf-dist/tex/latex/hyperref/hyperref.sty
(/usr/local/texlive/2022/texmf-dist/tex/generic/ltxcmds/ltxcmds.sty)
(/usr/local/texlive/2022/texmf-dist/tex/generic/pdftexcmds/pdftexcmds.sty
(/usr/local/texlive/2022/texmf-dist/tex/generic/infwarerr/infwarerr.sty))
(/usr/local/texlive/2022/texmf-dist/tex/generic/kvsetkeys/kvsetkeys.sty)
(/usr/local/texlive/2022/texmf-dist/tex/generic/kvdefinekeys/kvdefinekeys.sty)
(/usr/local/texlive/2022/texmf-dist/tex/generic/pdfescape/pdfescape.sty)
(/usr/local/texlive/2022/texmf-dist/tex/latex/hycolor/hycolor.sty)
(/usr/local/texlive/2022/texmf-dist/tex/latex/letltxmacro/letltxmacro.sty)
(/usr/local/texlive/2022/texmf-dist/tex/latex/auxhook/auxhook.sty)
(/usr/local/texlive/2022/texmf-dist/tex/latex/kvoptions/kvoptions.sty)
(/usr/local/texlive/2022/texmf-dist/tex/latex/hyperref/pd1enc.def)
(/usr/local/texlive/2022/texmf-dist/tex/generic/intcalc/intcalc.sty)
(/usr/local/texlive/2022/texmf-dist/tex/generic/etexcmds/etexcmds.sty)
(/usr/local/texlive/2022/texmf-dist/tex/latex/hyperref/puenc.def)
(/usr/local/texlive/2022/texmf-dist/tex/latex/url/url.sty)
(/usr/local/texlive/2022/texmf-dist/tex/generic/bitset/bitset.sty
(/usr/local/texlive/2022/texmf-dist/tex/generic/bigintcalc/bigintcalc.sty))
(/usr/local/texlive/2022/texmf-dist/tex/latex/base/atbegshi-ltx.sty))
(/usr/local/texlive/2022/texmf-dist/tex/latex/hyperref/hxetex.def
(/usr/local/texlive/2022/texmf-dist/tex/generic/stringenc/stringenc.sty)
(/usr/local/texlive/2022/texmf-dist/tex/latex/rerunfilecheck/rerunfilecheck.sty
(/usr/local/texlive/2022/texmf-dist/tex/latex/base/atveryend-ltx.sty)
(/usr/local/texlive/2022/texmf-dist/tex/generic/uniquecounter/uniquecounter.sty
))) (/usr/local/texlive/2022/texmf-dist/tex/latex/listings/listings.sty
(/usr/local/texlive/2022/texmf-dist/tex/latex/listings/lstmisc.sty)
(/usr/local/texlive/2022/texmf-dist/tex/latex/listings/listings.cfg))
(/usr/local/texlive/2022/texmf-dist/tex/latex/enumitem/enumitem.sty)
(/usr/local/texlive/2022/texmf-dist/tex/latex/preprint/authblk.sty)
(/usr/local/texlive/2022/texmf-dist/tex/latex/tcolorbox/tcolorbox.sty
(/usr/local/texlive/2022/texmf-dist/tex/latex/tools/verbatim.sty)
(/usr/local/texlive/2022/texmf-dist/tex/latex/environ/environ.sty
(/usr/local/texlive/2022/texmf-dist/tex/latex/trimspaces/trimspaces.sty))
(/usr/local/texlive/2022/texmf-dist/tex/latex/tcolorbox/tcbraster.code.tex
Library (tcolorbox): 'tcbraster.code.tex' version '5.0.2'
) (/usr/local/texlive/2022/texmf-dist/tex/latex/tcolorbox/tcbskins.code.tex
Library (tcolorbox): 'tcbskins.code.tex' version '5.0.2'

(/usr/local/texlive/2022/texmf-dist/tex/latex/tcolorbox/tcbskinsjigsaw.code.tex
Library (tcolorbox): 'tcbskinsjigsaw.code.tex' version '5.0.2'
))
(/usr/local/texlive/2022/texmf-dist/tex/latex/tcolorbox/tcbbreakable.code.tex
Library (tcolorbox): 'tcbbreakable.code.tex' version '5.0.2'
(/usr/local/texlive/2022/texmf-dist/tex/generic/oberdiek/pdfcol.sty))
(/usr/local/texlive/2022/texmf-dist/tex/latex/tcolorbox/tcbhooks.code.tex
Library (tcolorbox): 'tcbhooks.code.tex' version '5.0.2'
) (/usr/local/texlive/2022/texmf-dist/tex/latex/tcolorbox/tcbtheorems.code.tex
Library (tcolorbox): 'tcbtheorems.code.tex' version '5.0.2'
) (/usr/local/texlive/2022/texmf-dist/tex/latex/tcolorbox/tcbfitting.code.tex
Library (tcolorbox): 'tcbfitting.code.tex' version '5.0.2'
) (/usr/local/texlive/2022/texmf-dist/tex/latex/tcolorbox/tcbxparse.code.tex
Library (tcolorbox): 'tcbxparse.code.tex' version '5.0.2'
)) (./metadata.tex)
(/usr/local/texlive/2022/texmf-dist/tex/latex/fancyhdr/fancyhdr.sty)
(/usr/local/texlive/2022/texmf-dist/tex/latex/biblatex/biblatex.sty
(/usr/local/texlive/2022/texmf-dist/tex/latex/logreq/logreq.sty
(/usr/local/texlive/2022/texmf-dist/tex/latex/logreq/logreq.def))
(/usr/local/texlive/2022/texmf-dist/tex/latex/biblatex/blx-dm.def)
(/usr/local/texlive/2022/texmf-dist/tex/latex/biblatex/blx-unicode.def)
(/usr/local/texlive/2022/texmf-dist/tex/latex/biblatex/blx-compat.def)
(/usr/local/texlive/2022/texmf-dist/tex/latex/biblatex/biblatex.def)
(/usr/local/texlive/2022/texmf-dist/tex/latex/biblatex/blx-natbib.def)
(/usr/local/texlive/2022/texmf-dist/tex/latex/biblatex/bbx/numeric.bbx
(/usr/local/texlive/2022/texmf-dist/tex/latex/biblatex/bbx/standard.bbx))
(/usr/local/texlive/2022/texmf-dist/tex/latex/biblatex/cbx/numeric.cbx)
(/usr/local/texlive/2022/texmf-dist/tex/latex/biblatex/biblatex.cfg)
(/usr/local/texlive/2022/texmf-dist/tex/latex/biblatex/blx-case-expl3.sty))
(/usr/local/texlive/2022/texmf-dist/tex/latex/natbib/bibentry.sty)
(/usr/local/texlive/2022/texmf-dist/tex/latex/float/float.sty))
(../openreview/packages.tex
(/usr/local/texlive/2022/texmf-dist/tex/latex/base/inputenc.sty

Package inputenc Warning: inputenc package ignored with utf8 based engines.

) (/usr/local/texlive/2022/texmf-dist/tex/latex/booktabs/booktabs.sty)
(/usr/local/texlive/2022/texmf-dist/tex/latex/amsfonts/amsfonts.sty)
(/usr/local/texlive/2022/texmf-dist/tex/latex/units/nicefrac.sty)
(/usr/local/texlive/2022/texmf-dist/tex/latex/doublestroke/dsfont.sty)
(/usr/local/texlive/2022/texmf-dist/tex/latex/multirow/multirow.sty)
(/usr/local/texlive/2022/texmf-dist/tex/generic/ulem/ulem.sty)
(/usr/local/texlive/2022/texmf-dist/tex/latex/makecell/makecell.sty))

Package csquotes Warning: Load 'inputenc' before 'csquotes' on input line 3.


Package biblatex Warning: Load 'inputenc' before biblatex.

(./article.aux

LaTeX Warning: Label `eq:r_util' multiply defined.

) (/usr/local/texlive/2022/texmf-dist/tex/latex/base/ts1cmr.fd)
*geometry* driver: auto-detecting
*geometry* detected driver: xetex
(/usr/local/texlive/2022/texmf-dist/tex/latex/hyperref/nameref.sty
(/usr/local/texlive/2022/texmf-dist/tex/latex/refcount/refcount.sty)
(/usr/local/texlive/2022/texmf-dist/tex/generic/gettitlestring/gettitlestring.s
ty)) (./article.out) (./article.out)
(/usr/local/texlive/2022/texmf-dist/tex/latex/biblatex/lbx/american.lbx
(/usr/local/texlive/2022/texmf-dist/tex/latex/biblatex/lbx/english.lbx)
(/usr/local/texlive/2022/texmf-dist/tex/latex/biblatex/lbx/english.lbx))
(./article.bbl) (./header.tex
(/usr/local/texlive/2022/texmf-dist/tex/latex/amsfonts/umsa.fd)
(/usr/local/texlive/2022/texmf-dist/tex/latex/microtype/mt-msa.cfg)
(/usr/local/texlive/2022/texmf-dist/tex/latex/amsfonts/umsb.fd)
(/usr/local/texlive/2022/texmf-dist/tex/latex/microtype/mt-msb.cfg)
(/usr/local/texlive/2022/texmf-dist/tex/latex/microtype/mt-cmr.cfg))
(../openreview/content.tex [1] [2]
Underfull \hbox (badness 10000) in paragraph at lines 62--64

(/usr/local/texlive/2022/texmf-dist/tex/latex/doublestroke/Udsrom.fd)
Underfull \hbox (badness 10000) in paragraph at lines 77--82

[3]
Underfull \hbox (badness 10000) in paragraph at lines 96--98


Underfull \hbox (badness 10000) in paragraph at lines 109--110

[4]
Underfull \hbox (badness 10000) in paragraph at lines 127--129

[5] [6]
Overfull \hbox (2.45789pt too wide) in paragraph at lines 189--207
 [][] 
[7]

LaTeX Warning: `h' float specifier changed to `ht'.


Overfull \hbox (40.3671pt too wide) in paragraph at lines 245--246
 [][] 

LaTeX Warning: `h' float specifier changed to `ht'.


Underfull \hbox (badness 10000) in paragraph at lines 251--254

[8] [9]) [10] (../openreview/appendix.tex [11]) [12] (./article.aux)

LaTeX Warning: There were multiply-defined labels.

 )
(see the transcript file for additional information)
Output written on article.pdf (12 pages).
Transcript written on article.log.
Latexmk: Getting log file 'article.log'
Latexmk: Examining 'article.fls'
Latexmk: Examining 'article.log'
Latexmk: Found input bbl file 'article.bbl'
Latexmk: Log file says output to 'article.pdf'
Latexmk: Found biber source file(s) [article.bcf bibliography.bib]
Latexmk: applying rule 'pdflatex'...
Rule 'pdflatex': File changes, etc:
   Changed files, or newly in use since previous run(s):
  article.run.xml
Rule 'pdflatex': The following rules & subrules became out-of-date:
  pdflatex
------------
Run number 4 of rule 'pdflatex'
------------
------------
Running 'xelatex -interaction=nonstopmode  -recorder  "article.tex"'
------------
This is XeTeX, Version 3.141592653-2.6-0.999994 (TeX Live 2022) (preloaded format=xelatex)
 restricted \write18 enabled.
entering extended mode
(./article.tex
LaTeX2e <2021-11-15> patch level 1
L3 programming layer <2022-02-24> (./rescience.cls
Document Class: rescience 2019/04/12 Style for ReScience articles
(/usr/local/texlive/2022/texmf-dist/tex/latex/base/article.cls
Document Class: article 2021/10/04 v1.4n Standard LaTeX document class
(/usr/local/texlive/2022/texmf-dist/tex/latex/base/size10.clo))
(/usr/local/texlive/2022/texmf-dist/tex/generic/babel/babel.sty
(/usr/local/texlive/2022/texmf-dist/tex/generic/babel/xebabel.def
(/usr/local/texlive/2022/texmf-dist/tex/generic/babel/txtbabel.def))
(/usr/local/texlive/2022/texmf-dist/tex/generic/babel-english/american.ldf
(/usr/local/texlive/2022/texmf-dist/tex/generic/babel-english/english.ldf)))
(/usr/local/texlive/2022/texmf-dist/tex/latex/base/ifthen.sty)
(/usr/local/texlive/2022/texmf-dist/tex/latex/tools/tabularx.sty
(/usr/local/texlive/2022/texmf-dist/tex/latex/tools/array.sty))
(/usr/local/texlive/2022/texmf-dist/tex/latex/pgf/frontendlayer/tikz.sty
(/usr/local/texlive/2022/texmf-dist/tex/latex/pgf/basiclayer/pgf.sty
(/usr/local/texlive/2022/texmf-dist/tex/latex/pgf/utilities/pgfrcs.sty
(/usr/local/texlive/2022/texmf-dist/tex/generic/pgf/utilities/pgfutil-common.te
x
(/usr/local/texlive/2022/texmf-dist/tex/generic/pgf/utilities/pgfutil-common-li
sts.tex))
(/usr/local/texlive/2022/texmf-dist/tex/generic/pgf/utilities/pgfutil-latex.def
) (/usr/local/texlive/2022/texmf-dist/tex/generic/pgf/utilities/pgfrcs.code.tex
(/usr/local/texlive/2022/texmf-dist/tex/generic/pgf/pgf.revision.tex)))
(/usr/local/texlive/2022/texmf-dist/tex/latex/pgf/basiclayer/pgfcore.sty
(/usr/local/texlive/2022/texmf-dist/tex/latex/graphics/graphicx.sty
(/usr/local/texlive/2022/texmf-dist/tex/latex/graphics/keyval.sty)
(/usr/local/texlive/2022/texmf-dist/tex/latex/graphics/graphics.sty
(/usr/local/texlive/2022/texmf-dist/tex/latex/graphics/trig.sty)
(/usr/local/texlive/2022/texmf-dist/tex/latex/graphics-cfg/graphics.cfg)
(/usr/local/texlive/2022/texmf-dist/tex/latex/graphics-def/xetex.def)))
(/usr/local/texlive/2022/texmf-dist/tex/latex/pgf/systemlayer/pgfsys.sty
(/usr/local/texlive/2022/texmf-dist/tex/generic/pgf/systemlayer/pgfsys.code.tex
(/usr/local/texlive/2022/texmf-dist/tex/generic/pgf/utilities/pgfkeys.code.tex
(/usr/local/texlive/2022/texmf-dist/tex/generic/pgf/utilities/pgfkeysfiltered.c
ode.tex))
(/usr/local/texlive/2022/texmf-dist/tex/generic/pgf/systemlayer/pgf.cfg)
(/usr/local/texlive/2022/texmf-dist/tex/generic/pgf/systemlayer/pgfsys-xetex.de
f
(/usr/local/texlive/2022/texmf-dist/tex/generic/pgf/systemlayer/pgfsys-dvipdfmx
.def
(/usr/local/texlive/2022/texmf-dist/tex/generic/pgf/systemlayer/pgfsys-common-p
df.def))))
(/usr/local/texlive/2022/texmf-dist/tex/generic/pgf/systemlayer/pgfsyssoftpath.
code.tex)
(/usr/local/texlive/2022/texmf-dist/tex/generic/pgf/systemlayer/pgfsysprotocol.
code.tex)) (/usr/local/texlive/2022/texmf-dist/tex/latex/xcolor/xcolor.sty
(/usr/local/texlive/2022/texmf-dist/tex/latex/graphics-cfg/color.cfg))
(/usr/local/texlive/2022/texmf-dist/tex/generic/pgf/basiclayer/pgfcore.code.tex
(/usr/local/texlive/2022/texmf-dist/tex/generic/pgf/math/pgfmath.code.tex
(/usr/local/texlive/2022/texmf-dist/tex/generic/pgf/math/pgfmathcalc.code.tex
(/usr/local/texlive/2022/texmf-dist/tex/generic/pgf/math/pgfmathutil.code.tex)
(/usr/local/texlive/2022/texmf-dist/tex/generic/pgf/math/pgfmathparser.code.tex
)
(/usr/local/texlive/2022/texmf-dist/tex/generic/pgf/math/pgfmathfunctions.code.
tex
(/usr/local/texlive/2022/texmf-dist/tex/generic/pgf/math/pgfmathfunctions.basic
.code.tex)
(/usr/local/texlive/2022/texmf-dist/tex/generic/pgf/math/pgfmathfunctions.trigo
nometric.code.tex)
(/usr/local/texlive/2022/texmf-dist/tex/generic/pgf/math/pgfmathfunctions.rando
m.code.tex)
(/usr/local/texlive/2022/texmf-dist/tex/generic/pgf/math/pgfmathfunctions.compa
rison.code.tex)
(/usr/local/texlive/2022/texmf-dist/tex/generic/pgf/math/pgfmathfunctions.base.
code.tex)
(/usr/local/texlive/2022/texmf-dist/tex/generic/pgf/math/pgfmathfunctions.round
.code.tex)
(/usr/local/texlive/2022/texmf-dist/tex/generic/pgf/math/pgfmathfunctions.misc.
code.tex)
(/usr/local/texlive/2022/texmf-dist/tex/generic/pgf/math/pgfmathfunctions.integ
erarithmetics.code.tex)))
(/usr/local/texlive/2022/texmf-dist/tex/generic/pgf/math/pgfmathfloat.code.tex)
) (/usr/local/texlive/2022/texmf-dist/tex/generic/pgf/math/pgfint.code.tex)
(/usr/local/texlive/2022/texmf-dist/tex/generic/pgf/basiclayer/pgfcorepoints.co
de.tex)
(/usr/local/texlive/2022/texmf-dist/tex/generic/pgf/basiclayer/pgfcorepathconst
ruct.code.tex)
(/usr/local/texlive/2022/texmf-dist/tex/generic/pgf/basiclayer/pgfcorepathusage
.code.tex)
(/usr/local/texlive/2022/texmf-dist/tex/generic/pgf/basiclayer/pgfcorescopes.co
de.tex)
(/usr/local/texlive/2022/texmf-dist/tex/generic/pgf/basiclayer/pgfcoregraphicst
ate.code.tex)
(/usr/local/texlive/2022/texmf-dist/tex/generic/pgf/basiclayer/pgfcoretransform
ations.code.tex)
(/usr/local/texlive/2022/texmf-dist/tex/generic/pgf/basiclayer/pgfcorequick.cod
e.tex)
(/usr/local/texlive/2022/texmf-dist/tex/generic/pgf/basiclayer/pgfcoreobjects.c
ode.tex)
(/usr/local/texlive/2022/texmf-dist/tex/generic/pgf/basiclayer/pgfcorepathproce
ssing.code.tex)
(/usr/local/texlive/2022/texmf-dist/tex/generic/pgf/basiclayer/pgfcorearrows.co
de.tex)
(/usr/local/texlive/2022/texmf-dist/tex/generic/pgf/basiclayer/pgfcoreshade.cod
e.tex)
(/usr/local/texlive/2022/texmf-dist/tex/generic/pgf/basiclayer/pgfcoreimage.cod
e.tex
(/usr/local/texlive/2022/texmf-dist/tex/generic/pgf/basiclayer/pgfcoreexternal.
code.tex))
(/usr/local/texlive/2022/texmf-dist/tex/generic/pgf/basiclayer/pgfcorelayers.co
de.tex)
(/usr/local/texlive/2022/texmf-dist/tex/generic/pgf/basiclayer/pgfcoretranspare
ncy.code.tex)
(/usr/local/texlive/2022/texmf-dist/tex/generic/pgf/basiclayer/pgfcorepatterns.
code.tex)
(/usr/local/texlive/2022/texmf-dist/tex/generic/pgf/basiclayer/pgfcorerdf.code.
tex)))
(/usr/local/texlive/2022/texmf-dist/tex/generic/pgf/modules/pgfmoduleshapes.cod
e.tex)
(/usr/local/texlive/2022/texmf-dist/tex/generic/pgf/modules/pgfmoduleplot.code.
tex)
(/usr/local/texlive/2022/texmf-dist/tex/latex/pgf/compatibility/pgfcomp-version
-0-65.sty)
(/usr/local/texlive/2022/texmf-dist/tex/latex/pgf/compatibility/pgfcomp-version
-1-18.sty))
(/usr/local/texlive/2022/texmf-dist/tex/latex/pgf/utilities/pgffor.sty
(/usr/local/texlive/2022/texmf-dist/tex/latex/pgf/utilities/pgfkeys.sty
(/usr/local/texlive/2022/texmf-dist/tex/generic/pgf/utilities/pgfkeys.code.tex)
) (/usr/local/texlive/2022/texmf-dist/tex/latex/pgf/math/pgfmath.sty
(/usr/local/texlive/2022/texmf-dist/tex/generic/pgf/math/pgfmath.code.tex))
(/usr/local/texlive/2022/texmf-dist/tex/generic/pgf/utilities/pgffor.code.tex
(/usr/local/texlive/2022/texmf-dist/tex/generic/pgf/math/pgfmath.code.tex)))
(/usr/local/texlive/2022/texmf-dist/tex/generic/pgf/frontendlayer/tikz/tikz.cod
e.tex
(/usr/local/texlive/2022/texmf-dist/tex/generic/pgf/libraries/pgflibraryplothan
dlers.code.tex)
(/usr/local/texlive/2022/texmf-dist/tex/generic/pgf/modules/pgfmodulematrix.cod
e.tex)
(/usr/local/texlive/2022/texmf-dist/tex/generic/pgf/frontendlayer/tikz/librarie
s/tikzlibrarytopaths.code.tex)))
(/usr/local/texlive/2022/texmf-dist/tex/latex/marginnote/marginnote.sty)
(/usr/local/texlive/2022/texmf-dist/tex/latex/csquotes/csquotes.sty
(/usr/local/texlive/2022/texmf-dist/tex/latex/etoolbox/etoolbox.sty)
(/usr/local/texlive/2022/texmf-dist/tex/latex/csquotes/csquotes.def)
(/usr/local/texlive/2022/texmf-dist/tex/latex/csquotes/csquotes.cfg))
(/usr/local/texlive/2022/texmf-dist/tex/latex/amsmath/amsmath.sty
For additional information on amsmath, use the `?' option.
(/usr/local/texlive/2022/texmf-dist/tex/latex/amsmath/amstext.sty
(/usr/local/texlive/2022/texmf-dist/tex/latex/amsmath/amsgen.sty))
(/usr/local/texlive/2022/texmf-dist/tex/latex/amsmath/amsbsy.sty)
(/usr/local/texlive/2022/texmf-dist/tex/latex/amsmath/amsopn.sty))
(/usr/local/texlive/2022/texmf-dist/tex/latex/mathtools/mathtools.sty
(/usr/local/texlive/2022/texmf-dist/tex/latex/tools/calc.sty)
(/usr/local/texlive/2022/texmf-dist/tex/latex/mathtools/mhsetup.sty))
(/usr/local/texlive/2022/texmf-dist/tex/latex/geometry/geometry.sty
(/usr/local/texlive/2022/texmf-dist/tex/generic/iftex/ifvtex.sty
(/usr/local/texlive/2022/texmf-dist/tex/generic/iftex/iftex.sty)))
(/usr/local/texlive/2022/texmf-dist/tex/latex/fontspec/fontspec.sty
(/usr/local/texlive/2022/texmf-dist/tex/latex/l3packages/xparse/xparse.sty
(/usr/local/texlive/2022/texmf-dist/tex/latex/l3kernel/expl3.sty
(/usr/local/texlive/2022/texmf-dist/tex/latex/l3backend/l3backend-xetex.def
(|extractbb --version))))
(/usr/local/texlive/2022/texmf-dist/tex/latex/fontspec/fontspec-xetex.sty
(/usr/local/texlive/2022/texmf-dist/tex/latex/base/fontenc.sty)
(/usr/local/texlive/2022/texmf-dist/tex/latex/fontspec/fontspec.cfg)))
(/usr/local/texlive/2022/texmf-dist/tex/latex/microtype/microtype.sty
(/usr/local/texlive/2022/texmf-dist/tex/latex/microtype/microtype-xetex.def)
(/usr/local/texlive/2022/texmf-dist/tex/latex/microtype/microtype.cfg))
(/usr/local/texlive/2022/texmf-dist/tex/latex/titlesec/titlesec.sty)
(/usr/local/texlive/2022/texmf-dist/tex/latex/caption/caption.sty
(/usr/local/texlive/2022/texmf-dist/tex/latex/caption/caption3.sty))
(/usr/local/texlive/2022/texmf-dist/tex/latex/hyperref/hyperref.sty
(/usr/local/texlive/2022/texmf-dist/tex/generic/ltxcmds/ltxcmds.sty)
(/usr/local/texlive/2022/texmf-dist/tex/generic/pdftexcmds/pdftexcmds.sty
(/usr/local/texlive/2022/texmf-dist/tex/generic/infwarerr/infwarerr.sty))
(/usr/local/texlive/2022/texmf-dist/tex/generic/kvsetkeys/kvsetkeys.sty)
(/usr/local/texlive/2022/texmf-dist/tex/generic/kvdefinekeys/kvdefinekeys.sty)
(/usr/local/texlive/2022/texmf-dist/tex/generic/pdfescape/pdfescape.sty)
(/usr/local/texlive/2022/texmf-dist/tex/latex/hycolor/hycolor.sty)
(/usr/local/texlive/2022/texmf-dist/tex/latex/letltxmacro/letltxmacro.sty)
(/usr/local/texlive/2022/texmf-dist/tex/latex/auxhook/auxhook.sty)
(/usr/local/texlive/2022/texmf-dist/tex/latex/kvoptions/kvoptions.sty)
(/usr/local/texlive/2022/texmf-dist/tex/latex/hyperref/pd1enc.def)
(/usr/local/texlive/2022/texmf-dist/tex/generic/intcalc/intcalc.sty)
(/usr/local/texlive/2022/texmf-dist/tex/generic/etexcmds/etexcmds.sty)
(/usr/local/texlive/2022/texmf-dist/tex/latex/hyperref/puenc.def)
(/usr/local/texlive/2022/texmf-dist/tex/latex/url/url.sty)
(/usr/local/texlive/2022/texmf-dist/tex/generic/bitset/bitset.sty
(/usr/local/texlive/2022/texmf-dist/tex/generic/bigintcalc/bigintcalc.sty))
(/usr/local/texlive/2022/texmf-dist/tex/latex/base/atbegshi-ltx.sty))
(/usr/local/texlive/2022/texmf-dist/tex/latex/hyperref/hxetex.def
(/usr/local/texlive/2022/texmf-dist/tex/generic/stringenc/stringenc.sty)
(/usr/local/texlive/2022/texmf-dist/tex/latex/rerunfilecheck/rerunfilecheck.sty
(/usr/local/texlive/2022/texmf-dist/tex/latex/base/atveryend-ltx.sty)
(/usr/local/texlive/2022/texmf-dist/tex/generic/uniquecounter/uniquecounter.sty
))) (/usr/local/texlive/2022/texmf-dist/tex/latex/listings/listings.sty
(/usr/local/texlive/2022/texmf-dist/tex/latex/listings/lstmisc.sty)
(/usr/local/texlive/2022/texmf-dist/tex/latex/listings/listings.cfg))
(/usr/local/texlive/2022/texmf-dist/tex/latex/enumitem/enumitem.sty)
(/usr/local/texlive/2022/texmf-dist/tex/latex/preprint/authblk.sty)
(/usr/local/texlive/2022/texmf-dist/tex/latex/tcolorbox/tcolorbox.sty
(/usr/local/texlive/2022/texmf-dist/tex/latex/tools/verbatim.sty)
(/usr/local/texlive/2022/texmf-dist/tex/latex/environ/environ.sty
(/usr/local/texlive/2022/texmf-dist/tex/latex/trimspaces/trimspaces.sty))
(/usr/local/texlive/2022/texmf-dist/tex/latex/tcolorbox/tcbraster.code.tex
Library (tcolorbox): 'tcbraster.code.tex' version '5.0.2'
) (/usr/local/texlive/2022/texmf-dist/tex/latex/tcolorbox/tcbskins.code.tex
Library (tcolorbox): 'tcbskins.code.tex' version '5.0.2'

(/usr/local/texlive/2022/texmf-dist/tex/latex/tcolorbox/tcbskinsjigsaw.code.tex
Library (tcolorbox): 'tcbskinsjigsaw.code.tex' version '5.0.2'
))
(/usr/local/texlive/2022/texmf-dist/tex/latex/tcolorbox/tcbbreakable.code.tex
Library (tcolorbox): 'tcbbreakable.code.tex' version '5.0.2'
(/usr/local/texlive/2022/texmf-dist/tex/generic/oberdiek/pdfcol.sty))
(/usr/local/texlive/2022/texmf-dist/tex/latex/tcolorbox/tcbhooks.code.tex
Library (tcolorbox): 'tcbhooks.code.tex' version '5.0.2'
) (/usr/local/texlive/2022/texmf-dist/tex/latex/tcolorbox/tcbtheorems.code.tex
Library (tcolorbox): 'tcbtheorems.code.tex' version '5.0.2'
) (/usr/local/texlive/2022/texmf-dist/tex/latex/tcolorbox/tcbfitting.code.tex
Library (tcolorbox): 'tcbfitting.code.tex' version '5.0.2'
) (/usr/local/texlive/2022/texmf-dist/tex/latex/tcolorbox/tcbxparse.code.tex
Library (tcolorbox): 'tcbxparse.code.tex' version '5.0.2'
)) (./metadata.tex)
(/usr/local/texlive/2022/texmf-dist/tex/latex/fancyhdr/fancyhdr.sty)
(/usr/local/texlive/2022/texmf-dist/tex/latex/biblatex/biblatex.sty
(/usr/local/texlive/2022/texmf-dist/tex/latex/logreq/logreq.sty
(/usr/local/texlive/2022/texmf-dist/tex/latex/logreq/logreq.def))
(/usr/local/texlive/2022/texmf-dist/tex/latex/biblatex/blx-dm.def)
(/usr/local/texlive/2022/texmf-dist/tex/latex/biblatex/blx-unicode.def)
(/usr/local/texlive/2022/texmf-dist/tex/latex/biblatex/blx-compat.def)
(/usr/local/texlive/2022/texmf-dist/tex/latex/biblatex/biblatex.def)
(/usr/local/texlive/2022/texmf-dist/tex/latex/biblatex/blx-natbib.def)
(/usr/local/texlive/2022/texmf-dist/tex/latex/biblatex/bbx/numeric.bbx
(/usr/local/texlive/2022/texmf-dist/tex/latex/biblatex/bbx/standard.bbx))
(/usr/local/texlive/2022/texmf-dist/tex/latex/biblatex/cbx/numeric.cbx)
(/usr/local/texlive/2022/texmf-dist/tex/latex/biblatex/biblatex.cfg)
(/usr/local/texlive/2022/texmf-dist/tex/latex/biblatex/blx-case-expl3.sty))
(/usr/local/texlive/2022/texmf-dist/tex/latex/natbib/bibentry.sty)
(/usr/local/texlive/2022/texmf-dist/tex/latex/float/float.sty))
(../openreview/packages.tex
(/usr/local/texlive/2022/texmf-dist/tex/latex/base/inputenc.sty

Package inputenc Warning: inputenc package ignored with utf8 based engines.

) (/usr/local/texlive/2022/texmf-dist/tex/latex/booktabs/booktabs.sty)
(/usr/local/texlive/2022/texmf-dist/tex/latex/amsfonts/amsfonts.sty)
(/usr/local/texlive/2022/texmf-dist/tex/latex/units/nicefrac.sty)
(/usr/local/texlive/2022/texmf-dist/tex/latex/doublestroke/dsfont.sty)
(/usr/local/texlive/2022/texmf-dist/tex/latex/multirow/multirow.sty)
(/usr/local/texlive/2022/texmf-dist/tex/generic/ulem/ulem.sty)
(/usr/local/texlive/2022/texmf-dist/tex/latex/makecell/makecell.sty))

Package csquotes Warning: Load 'inputenc' before 'csquotes' on input line 3.


Package biblatex Warning: Load 'inputenc' before biblatex.

(./article.aux

LaTeX Warning: Label `eq:r_util' multiply defined.

) (/usr/local/texlive/2022/texmf-dist/tex/latex/base/ts1cmr.fd)
*geometry* driver: auto-detecting
*geometry* detected driver: xetex
(/usr/local/texlive/2022/texmf-dist/tex/latex/hyperref/nameref.sty
(/usr/local/texlive/2022/texmf-dist/tex/latex/refcount/refcount.sty)
(/usr/local/texlive/2022/texmf-dist/tex/generic/gettitlestring/gettitlestring.s
ty)) (./article.out) (./article.out)
(/usr/local/texlive/2022/texmf-dist/tex/latex/biblatex/lbx/american.lbx
(/usr/local/texlive/2022/texmf-dist/tex/latex/biblatex/lbx/english.lbx)
(/usr/local/texlive/2022/texmf-dist/tex/latex/biblatex/lbx/english.lbx))
(./article.bbl) (./header.tex
(/usr/local/texlive/2022/texmf-dist/tex/latex/amsfonts/umsa.fd)
(/usr/local/texlive/2022/texmf-dist/tex/latex/microtype/mt-msa.cfg)
(/usr/local/texlive/2022/texmf-dist/tex/latex/amsfonts/umsb.fd)
(/usr/local/texlive/2022/texmf-dist/tex/latex/microtype/mt-msb.cfg)
(/usr/local/texlive/2022/texmf-dist/tex/latex/microtype/mt-cmr.cfg))
(../openreview/content.tex [1] [2]
Underfull \hbox (badness 10000) in paragraph at lines 62--64

(/usr/local/texlive/2022/texmf-dist/tex/latex/doublestroke/Udsrom.fd)
Underfull \hbox (badness 10000) in paragraph at lines 77--82

[3]
Underfull \hbox (badness 10000) in paragraph at lines 96--98


Underfull \hbox (badness 10000) in paragraph at lines 109--110

[4]
Underfull \hbox (badness 10000) in paragraph at lines 127--129

[5] [6]
Overfull \hbox (2.45789pt too wide) in paragraph at lines 189--207
 [][] 
[7]

LaTeX Warning: `h' float specifier changed to `ht'.


Overfull \hbox (40.3671pt too wide) in paragraph at lines 245--246
 [][] 

LaTeX Warning: `h' float specifier changed to `ht'.


Underfull \hbox (badness 10000) in paragraph at lines 251--254

[8] [9]) [10] (../openreview/appendix.tex [11]) [12] (./article.aux)

LaTeX Warning: There were multiply-defined labels.

 )
(see the transcript file for additional information)
Output written on article.pdf (12 pages).
Transcript written on article.log.
Latexmk: Getting log file 'article.log'
Latexmk: Examining 'article.fls'
Latexmk: Examining 'article.log'
Latexmk: Found input bbl file 'article.bbl'
Latexmk: Log file says output to 'article.pdf'
Latexmk: Found biber source file(s) [article.bcf bibliography.bib]
Latexmk: Summary of warnings from last run of *latex:
  Latex found 1 multiply defined reference(s)
Latexmk: All targets (article.pdf) are up-to-date
