\BOOKMARK [1][-]{section.1}{Introduction}{}% 1
\BOOKMARK [1][-]{section.2}{PGExplainer}{}% 2
\BOOKMARK [1][-]{section.3}{Reimplementation\040of\040code}{}% 3
\BOOKMARK [2][-]{subsection.3.1}{Experiment\040configuration\040files}{section.3}% 4
\BOOKMARK [1][-]{section.4}{Experiment\040Setup}{}% 5
\BOOKMARK [2][-]{subsection.4.1}{Datasets}{section.4}% 6
\BOOKMARK [2][-]{subsection.4.2}{Model}{section.4}% 7
\BOOKMARK [2][-]{subsection.4.3}{Evaluation\040metrics}{section.4}% 8
\BOOKMARK [3][-]{subsubsection.4.3.1}{Quantitative\040evaluation}{subsection.4.3}% 9
\BOOKMARK [3][-]{subsubsection.4.3.2}{Qualitative\040evaluation}{subsection.4.3}% 10
\BOOKMARK [3][-]{subsubsection.4.3.3}{Efficiency\040evaluation}{subsection.4.3}% 11
\BOOKMARK [1][-]{section.5}{Results}{}% 12
\BOOKMARK [2][-]{subsection.5.1}{Model\040training\040}{section.5}% 13
\BOOKMARK [3][-]{subsubsection.5.1.1}{Replicability\040study}{subsection.5.1}% 14
\BOOKMARK [1][-]{section.6}{Ground\040truth\040explanations\040for\040Graph\040Explanations}{}% 15
\BOOKMARK [1][-]{section.7}{Conclusion}{}% 16
\BOOKMARK [1][-]{appendix.A}{Original\040data\040and\040results\040PGExplainer}{}% 17
\BOOKMARK [1][-]{appendix.B}{Direct\040replication\040of\040PGExplainer\040with\040BatchNorm\040activated\040model}{}% 18
\BOOKMARK [2][-]{subsection.B.1}{Results}{appendix.B}% 19
\BOOKMARK [1][-]{appendix.C}{Extended\040replication}{}% 20
\BOOKMARK [2][-]{subsection.C.1}{Results}{appendix.C}% 21
\BOOKMARK [1][-]{appendix.D}{Configuration}{}% 22
\BOOKMARK [2][-]{subsection.D.1}{Model\040configuration\040files}{appendix.D}% 23
\BOOKMARK [2][-]{subsection.D.2}{Explainer\040configuration\040files}{appendix.D}% 24
