\BOOKMARK [1][-]{section.1}{Introduction}{}% 1
\BOOKMARK [1][-]{section.2}{PGExplainer}{}% 2
\BOOKMARK [1][-]{section.3}{Reimplementation of code}{}% 3
\BOOKMARK [2][-]{subsection.3.1}{Experiment configuration files [configs/selector.py]}{section.3}% 4
\BOOKMARK [1][-]{section.4}{Experiment Setup}{}% 5
\BOOKMARK [2][-]{subsection.4.1}{Datasets [datasets/dataset\137loaders.py]}{section.4}% 6
\BOOKMARK [2][-]{subsection.4.2}{Model [models/GNN\137paper.py]}{section.4}% 7
\BOOKMARK [2][-]{subsection.4.3}{Evaluation metrics [tasks/replication.py]}{section.4}% 8
\BOOKMARK [3][-]{subsubsection.4.3.1}{Quantitative evaluation [evaluation/AUCEvaluation.py]}{subsection.4.3}% 9
\BOOKMARK [3][-]{subsubsection.4.3.2}{Qualitative evaluation [utils/plotting.py]}{subsection.4.3}% 10
\BOOKMARK [3][-]{subsubsection.4.3.3}{Efficiency evaluation [evaluation/EfficiencyEvaluation.py]}{subsection.4.3}% 11
\BOOKMARK [1][-]{section.5}{Results}{}% 12
\BOOKMARK [2][-]{subsection.5.1}{Model training [experiment\137models\137training.ipynb]}{section.5}% 13
\BOOKMARK [3][-]{subsubsection.5.1.1}{Replicability study [experiment\137replication.ipynb]}{subsection.5.1}% 14
\BOOKMARK [1][-]{section.6}{Ground truth explanations for Graph Explanations}{}% 15
\BOOKMARK [1][-]{section.7}{Conclusion}{}% 16
\BOOKMARK [1][-]{appendix.A}{Original data and results PGExplainer}{}% 17
\BOOKMARK [1][-]{appendix.B}{Direct replication of PGExplainer with BatchNorm activated model}{}% 18
\BOOKMARK [2][-]{subsection.B.1}{Results}{appendix.B}% 19
\BOOKMARK [1][-]{appendix.C}{Extended replication}{}% 20
\BOOKMARK [2][-]{subsection.C.1}{Results}{appendix.C}% 21
\BOOKMARK [1][-]{appendix.D}{Configuration}{}% 22
\BOOKMARK [2][-]{subsection.D.1}{Model configuration files}{appendix.D}% 23
\BOOKMARK [2][-]{subsection.D.2}{Explainer configuration files}{appendix.D}% 24
