This is pdfTeX, Version 3.14159265-2.6-1.40.21 (TeX Live 2020) (preloaded format=pdflatex 2021.2.8)  21 APR 2021 20:40
entering extended mode
 restricted \write18 enabled.
 %&-line parsing enabled.
**main.tex
(./main.tex
LaTeX2e <2020-02-02> patch level 5
L3 programming layer <2020-03-06>
(/usr/local/texlive/2020/texmf-dist/tex/latex/base/article.cls
Document Class: article 2019/12/20 v1.4l Standard LaTeX document class
(/usr/local/texlive/2020/texmf-dist/tex/latex/base/size10.clo
File: size10.clo 2019/12/20 v1.4l Standard LaTeX file (size option)
)
\c@part=\count167
\c@section=\count168
\c@subsection=\count169
\c@subsubsection=\count170
\c@paragraph=\count171
\c@subparagraph=\count172
\c@figure=\count173
\c@table=\count174
\abovecaptionskip=\skip47
\belowcaptionskip=\skip48
\bibindent=\dimen134
)
(./neurips_2019.sty
Package: neurips_2019 2019/03/13 NeurIPS 2019 submission/camera-ready style fil
e

(/usr/local/texlive/2020/texmf-dist/tex/latex/natbib/natbib.sty
Package: natbib 2010/09/13 8.31b (PWD, AO)
\bibhang=\skip49
\bibsep=\skip50
LaTeX Info: Redefining \cite on input line 694.
\c@NAT@ctr=\count175
)
(/usr/local/texlive/2020/texmf-dist/tex/latex/geometry/geometry.sty
Package: geometry 2020/01/02 v5.9 Page Geometry

(/usr/local/texlive/2020/texmf-dist/tex/latex/graphics/keyval.sty
Package: keyval 2014/10/28 v1.15 key=value parser (DPC)
\KV@toks@=\toks15
)
(/usr/local/texlive/2020/texmf-dist/tex/generic/iftex/ifvtex.sty
Package: ifvtex 2019/10/25 v1.7 ifvtex legacy package. Use iftex instead.

(/usr/local/texlive/2020/texmf-dist/tex/generic/iftex/iftex.sty
Package: iftex 2020/03/06 v1.0d TeX engine tests
))
\Gm@cnth=\count176
\Gm@cntv=\count177
\c@Gm@tempcnt=\count178
\Gm@bindingoffset=\dimen135
\Gm@wd@mp=\dimen136
\Gm@odd@mp=\dimen137
\Gm@even@mp=\dimen138
\Gm@layoutwidth=\dimen139
\Gm@layoutheight=\dimen140
\Gm@layouthoffset=\dimen141
\Gm@layoutvoffset=\dimen142
\Gm@dimlist=\toks16
)
\@neuripsabovecaptionskip=\skip51
\@neuripsbelowcaptionskip=\skip52
)
(./packages.tex (/usr/local/texlive/2020/texmf-dist/tex/latex/base/inputenc.sty
Package: inputenc 2018/08/11 v1.3c Input encoding file
\inpenc@prehook=\toks17
\inpenc@posthook=\toks18
) (/usr/local/texlive/2020/texmf-dist/tex/latex/hyperref/hyperref.sty
Package: hyperref 2020/01/14 v7.00d Hypertext links for LaTeX

(/usr/local/texlive/2020/texmf-dist/tex/generic/ltxcmds/ltxcmds.sty
Package: ltxcmds 2019/12/15 v1.24 LaTeX kernel commands for general use (HO)
)
(/usr/local/texlive/2020/texmf-dist/tex/latex/pdftexcmds/pdftexcmds.sty
Package: pdftexcmds 2019/11/24 v0.31 Utility functions of pdfTeX for LuaTeX (HO
)

(/usr/local/texlive/2020/texmf-dist/tex/generic/infwarerr/infwarerr.sty
Package: infwarerr 2019/12/03 v1.5 Providing info/warning/error messages (HO)
)
Package pdftexcmds Info: \pdf@primitive is available.
Package pdftexcmds Info: \pdf@ifprimitive is available.
Package pdftexcmds Info: \pdfdraftmode found.
)
(/usr/local/texlive/2020/texmf-dist/tex/generic/kvsetkeys/kvsetkeys.sty
Package: kvsetkeys 2019/12/15 v1.18 Key value parser (HO)
)
(/usr/local/texlive/2020/texmf-dist/tex/generic/kvdefinekeys/kvdefinekeys.sty
Package: kvdefinekeys 2019-12-19 v1.6 Define keys (HO)
)
(/usr/local/texlive/2020/texmf-dist/tex/generic/pdfescape/pdfescape.sty
Package: pdfescape 2019/12/09 v1.15 Implements pdfTeX's escape features (HO)
)
(/usr/local/texlive/2020/texmf-dist/tex/latex/hycolor/hycolor.sty
Package: hycolor 2020-01-27 v1.10 Color options for hyperref/bookmark (HO)
)
(/usr/local/texlive/2020/texmf-dist/tex/latex/letltxmacro/letltxmacro.sty
Package: letltxmacro 2019/12/03 v1.6 Let assignment for LaTeX macros (HO)
)
(/usr/local/texlive/2020/texmf-dist/tex/latex/auxhook/auxhook.sty
Package: auxhook 2019-12-17 v1.6 Hooks for auxiliary files (HO)
)
(/usr/local/texlive/2020/texmf-dist/tex/latex/kvoptions/kvoptions.sty
Package: kvoptions 2019/11/29 v3.13 Key value format for package options (HO)
)
\@linkdim=\dimen143
\Hy@linkcounter=\count179
\Hy@pagecounter=\count180

(/usr/local/texlive/2020/texmf-dist/tex/latex/hyperref/pd1enc.def
File: pd1enc.def 2020/01/14 v7.00d Hyperref: PDFDocEncoding definition (HO)
Now handling font encoding PD1 ...
... no UTF-8 mapping file for font encoding PD1
)
(/usr/local/texlive/2020/texmf-dist/tex/generic/intcalc/intcalc.sty
Package: intcalc 2019/12/15 v1.3 Expandable calculations with integers (HO)
)
(/usr/local/texlive/2020/texmf-dist/tex/generic/etexcmds/etexcmds.sty
Package: etexcmds 2019/12/15 v1.7 Avoid name clashes with e-TeX commands (HO)
)
\Hy@SavedSpaceFactor=\count181
Package hyperref Info: Hyper figures OFF on input line 4547.
Package hyperref Info: Link nesting OFF on input line 4552.
Package hyperref Info: Hyper index ON on input line 4555.
Package hyperref Info: Plain pages OFF on input line 4562.
Package hyperref Info: Backreferencing OFF on input line 4567.
Package hyperref Info: Implicit mode ON; LaTeX internals redefined.
Package hyperref Info: Bookmarks ON on input line 4800.
\c@Hy@tempcnt=\count182

(/usr/local/texlive/2020/texmf-dist/tex/latex/url/url.sty
\Urlmuskip=\muskip16
Package: url 2013/09/16  ver 3.4  Verb mode for urls, etc.
)
LaTeX Info: Redefining \url on input line 5159.
\XeTeXLinkMargin=\dimen144

(/usr/local/texlive/2020/texmf-dist/tex/generic/bitset/bitset.sty
Package: bitset 2019/12/09 v1.3 Handle bit-vector datatype (HO)

(/usr/local/texlive/2020/texmf-dist/tex/generic/bigintcalc/bigintcalc.sty
Package: bigintcalc 2019/12/15 v1.5 Expandable calculations on big integers (HO
)
))
\Fld@menulength=\count183
\Field@Width=\dimen145
\Fld@charsize=\dimen146
Package hyperref Info: Hyper figures OFF on input line 6430.
Package hyperref Info: Link nesting OFF on input line 6435.
Package hyperref Info: Hyper index ON on input line 6438.
Package hyperref Info: backreferencing OFF on input line 6445.
Package hyperref Info: Link coloring OFF on input line 6450.
Package hyperref Info: Link coloring with OCG OFF on input line 6455.
Package hyperref Info: PDF/A mode OFF on input line 6460.
LaTeX Info: Redefining \ref on input line 6500.
LaTeX Info: Redefining \pageref on input line 6504.

(/usr/local/texlive/2020/texmf-dist/tex/generic/atbegshi/atbegshi.sty
Package: atbegshi 2019/12/05 v1.19 At begin shipout hook (HO)
)
\Hy@abspage=\count184
\c@Item=\count185
\c@Hfootnote=\count186
)
Package hyperref Info: Driver (autodetected): hpdftex.

(/usr/local/texlive/2020/texmf-dist/tex/latex/hyperref/hpdftex.def
File: hpdftex.def 2020/01/14 v7.00d Hyperref driver for pdfTeX

(/usr/local/texlive/2020/texmf-dist/tex/latex/atveryend/atveryend.sty
Package: atveryend 2019-12-11 v1.11 Hooks at the very end of document (HO)
Package atveryend Info: \enddocument detected (standard20110627).
)
\Fld@listcount=\count187
\c@bookmark@seq@number=\count188

(/usr/local/texlive/2020/texmf-dist/tex/latex/rerunfilecheck/rerunfilecheck.sty
Package: rerunfilecheck 2019/12/05 v1.9 Rerun checks for auxiliary files (HO)

(/usr/local/texlive/2020/texmf-dist/tex/generic/uniquecounter/uniquecounter.sty
Package: uniquecounter 2019/12/15 v1.4 Provide unlimited unique counter (HO)
)
Package uniquecounter Info: New unique counter `rerunfilecheck' on input line 2
86.
)
\Hy@SectionHShift=\skip53
) (/usr/local/texlive/2020/texmf-dist/tex/latex/booktabs/booktabs.sty
Package: booktabs 2020/01/12 v1.61803398 Publication quality tables
\heavyrulewidth=\dimen147
\lightrulewidth=\dimen148
\cmidrulewidth=\dimen149
\belowrulesep=\dimen150
\belowbottomsep=\dimen151
\aboverulesep=\dimen152
\abovetopsep=\dimen153
\cmidrulesep=\dimen154
\cmidrulekern=\dimen155
\defaultaddspace=\dimen156
\@cmidla=\count189
\@cmidlb=\count190
\@aboverulesep=\dimen157
\@belowrulesep=\dimen158
\@thisruleclass=\count191
\@lastruleclass=\count192
\@thisrulewidth=\dimen159
)
(/usr/local/texlive/2020/texmf-dist/tex/latex/amsfonts/amsfonts.sty
Package: amsfonts 2013/01/14 v3.01 Basic AMSFonts support
\@emptytoks=\toks19
\symAMSa=\mathgroup4
\symAMSb=\mathgroup5
LaTeX Font Info:    Redeclaring math symbol \hbar on input line 98.
LaTeX Font Info:    Overwriting math alphabet `\mathfrak' in version `bold'
(Font)                  U/euf/m/n --> U/euf/b/n on input line 106.
)
(/usr/local/texlive/2020/texmf-dist/tex/latex/units/nicefrac.sty
Package: nicefrac 1998/08/04 v0.9b Nice fractions
\L@UnitsRaiseDisplaystyle=\skip54
\L@UnitsRaiseTextstyle=\skip55
\L@UnitsRaiseScriptstyle=\skip56

(/usr/local/texlive/2020/texmf-dist/tex/latex/base/ifthen.sty
Package: ifthen 2014/09/29 v1.1c Standard LaTeX ifthen package (DPC)
))
(/usr/local/texlive/2020/texmf-dist/tex/latex/microtype/microtype.sty
Package: microtype 2019/11/18 v2.7d Micro-typographical refinements (RS)
\MT@toks=\toks20
\MT@count=\count193
LaTeX Info: Redefining \textls on input line 790.
\MT@outer@kern=\dimen160
LaTeX Info: Redefining \textmicrotypecontext on input line 1354.
\MT@listname@count=\count194

(/usr/local/texlive/2020/texmf-dist/tex/latex/microtype/microtype-pdftex.def
File: microtype-pdftex.def 2019/11/18 v2.7d Definitions specific to pdftex (RS)

LaTeX Info: Redefining \lsstyle on input line 914.
LaTeX Info: Redefining \lslig on input line 914.
\MT@outer@space=\skip57
)
Package microtype Info: Loading configuration file microtype.cfg.

(/usr/local/texlive/2020/texmf-dist/tex/latex/microtype/microtype.cfg
File: microtype.cfg 2019/11/18 v2.7d microtype main configuration file (RS)
))
(/usr/local/texlive/2020/texmf-dist/tex/latex/amsmath/amsmath.sty
Package: amsmath 2020/01/20 v2.17e AMS math features
\@mathmargin=\skip58

For additional information on amsmath, use the `?' option.
(/usr/local/texlive/2020/texmf-dist/tex/latex/amsmath/amstext.sty
Package: amstext 2000/06/29 v2.01 AMS text

(/usr/local/texlive/2020/texmf-dist/tex/latex/amsmath/amsgen.sty
File: amsgen.sty 1999/11/30 v2.0 generic functions
\@emptytoks=\toks21
\ex@=\dimen161
))
(/usr/local/texlive/2020/texmf-dist/tex/latex/amsmath/amsbsy.sty
Package: amsbsy 1999/11/29 v1.2d Bold Symbols
\pmbraise@=\dimen162
)
(/usr/local/texlive/2020/texmf-dist/tex/latex/amsmath/amsopn.sty
Package: amsopn 2016/03/08 v2.02 operator names
)
\inf@bad=\count195
LaTeX Info: Redefining \frac on input line 227.
\uproot@=\count196
\leftroot@=\count197
LaTeX Info: Redefining \overline on input line 389.
\classnum@=\count198
\DOTSCASE@=\count199
LaTeX Info: Redefining \ldots on input line 486.
LaTeX Info: Redefining \dots on input line 489.
LaTeX Info: Redefining \cdots on input line 610.
\Mathstrutbox@=\box45
\strutbox@=\box46
\big@size=\dimen163
LaTeX Font Info:    Redeclaring font encoding OML on input line 733.
LaTeX Font Info:    Redeclaring font encoding OMS on input line 734.
\macc@depth=\count266
\c@MaxMatrixCols=\count267
\dotsspace@=\muskip17
\c@parentequation=\count268
\dspbrk@lvl=\count269
\tag@help=\toks22
\row@=\count270
\column@=\count271
\maxfields@=\count272
\andhelp@=\toks23
\eqnshift@=\dimen164
\alignsep@=\dimen165
\tagshift@=\dimen166
\tagwidth@=\dimen167
\totwidth@=\dimen168
\lineht@=\dimen169
\@envbody=\toks24
\multlinegap=\skip59
\multlinetaggap=\skip60
\mathdisplay@stack=\toks25
LaTeX Info: Redefining \[ on input line 2859.
LaTeX Info: Redefining \] on input line 2860.
)
(/usr/local/texlive/2020/texmf-dist/tex/latex/graphics/graphicx.sty
Package: graphicx 2019/11/30 v1.2a Enhanced LaTeX Graphics (DPC,SPQR)

(/usr/local/texlive/2020/texmf-dist/tex/latex/graphics/graphics.sty
Package: graphics 2019/11/30 v1.4a Standard LaTeX Graphics (DPC,SPQR)

(/usr/local/texlive/2020/texmf-dist/tex/latex/graphics/trig.sty
Package: trig 2016/01/03 v1.10 sin cos tan (DPC)
)
(/usr/local/texlive/2020/texmf-dist/tex/latex/graphics-cfg/graphics.cfg
File: graphics.cfg 2016/06/04 v1.11 sample graphics configuration
)
Package graphics Info: Driver file: pdftex.def on input line 105.

(/usr/local/texlive/2020/texmf-dist/tex/latex/graphics-def/pdftex.def
File: pdftex.def 2018/01/08 v1.0l Graphics/color driver for pdftex
))
\Gin@req@height=\dimen170
\Gin@req@width=\dimen171
))
(/usr/local/texlive/2020/texmf-dist/tex/latex/multirow/multirow.sty
Package: multirow 2019/05/31 v2.5 Span multiple rows of a table
\multirow@colwidth=\skip61
\multirow@cntb=\count273
\multirow@dima=\skip62
\bigstrutjot=\dimen172
)
(/usr/local/texlive/2020/texmf-dist/tex/latex/l3backend/l3backend-pdfmode.def
File: l3backend-pdfmode.def 2020-03-12 L3 backend support: PDF mode
\l__kernel_color_stack_int=\count274
\l__pdf_internal_box=\box47
)
(./main.aux)
\openout1 = `main.aux'.

LaTeX Font Info:    Checking defaults for OML/cmm/m/it on input line 21.
LaTeX Font Info:    ... okay on input line 21.
LaTeX Font Info:    Checking defaults for OMS/cmsy/m/n on input line 21.
LaTeX Font Info:    ... okay on input line 21.
LaTeX Font Info:    Checking defaults for OT1/cmr/m/n on input line 21.
LaTeX Font Info:    ... okay on input line 21.
LaTeX Font Info:    Checking defaults for T1/cmr/m/n on input line 21.
LaTeX Font Info:    ... okay on input line 21.
LaTeX Font Info:    Checking defaults for TS1/cmr/m/n on input line 21.
LaTeX Font Info:    ... okay on input line 21.
LaTeX Font Info:    Checking defaults for OMX/cmex/m/n on input line 21.
LaTeX Font Info:    ... okay on input line 21.
LaTeX Font Info:    Checking defaults for U/cmr/m/n on input line 21.
LaTeX Font Info:    ... okay on input line 21.
LaTeX Font Info:    Checking defaults for PD1/pdf/m/n on input line 21.
LaTeX Font Info:    ... okay on input line 21.
LaTeX Font Info:    Trying to load font information for OT1+ptm on input line 2
1.
 (/usr/local/texlive/2020/texmf-dist/tex/latex/psnfss/ot1ptm.fd
File: ot1ptm.fd 2001/06/04 font definitions for OT1/ptm.
)
*geometry* driver: auto-detecting
*geometry* detected driver: pdftex
*geometry* verbose mode - [ preamble ] result:
* driver: pdftex
* paper: letterpaper
* layout: <same size as paper>
* layoutoffset:(h,v)=(0.0pt,0.0pt)
* modes: 
* h-part:(L,W,R)=(92.14519pt, 430.00462pt, 92.14519pt)
* v-part:(T,H,B)=(95.39737pt, 556.47656pt, 143.09605pt)
* \paperwidth=614.295pt
* \paperheight=794.96999pt
* \textwidth=430.00462pt
* \textheight=556.47656pt
* \oddsidemargin=19.8752pt
* \evensidemargin=19.8752pt
* \topmargin=-13.87262pt
* \headheight=12.0pt
* \headsep=25.0pt
* \topskip=10.0pt
* \footskip=30.0pt
* \marginparwidth=65.0pt
* \marginparsep=11.0pt
* \columnsep=10.0pt
* \skip\footins=9.0pt plus 4.0pt minus 2.0pt
* \hoffset=0.0pt
* \voffset=0.0pt
* \mag=1000
* \@twocolumnfalse
* \@twosidefalse
* \@mparswitchfalse
* \@reversemarginfalse
* (1in=72.27pt=25.4mm, 1cm=28.453pt)

*geometry* verbose mode - [ newgeometry ] result:
* driver: pdftex
* paper: letterpaper
* layout: <same size as paper>
* layoutoffset:(h,v)=(0.0pt,0.0pt)
* modes: 
* h-part:(L,W,R)=(72.27pt, 469.75499pt, 72.27pt)
* v-part:(T,H,B)=(72.26999pt, 650.43pt, 72.27pt)
* \paperwidth=614.295pt
* \paperheight=794.96999pt
* \textwidth=469.75499pt
* \textheight=650.43pt
* \oddsidemargin=0.00002pt
* \evensidemargin=0.00002pt
* \topmargin=-37.0pt
* \headheight=12.0pt
* \headsep=25.0pt
* \topskip=10.0pt
* \footskip=30.0pt
* \marginparwidth=65.0pt
* \marginparsep=11.0pt
* \columnsep=10.0pt
* \skip\footins=9.0pt plus 4.0pt minus 2.0pt
* \hoffset=0.0pt
* \voffset=0.0pt
* \mag=1000
* \@twocolumnfalse
* \@twosidefalse
* \@mparswitchfalse
* \@reversemarginfalse
* (1in=72.27pt=25.4mm, 1cm=28.453pt)

\AtBeginShipoutBox=\box48
Package hyperref Info: Link coloring OFF on input line 21.
(/usr/local/texlive/2020/texmf-dist/tex/latex/hyperref/nameref.sty
Package: nameref 2019/09/16 v2.46 Cross-referencing by name of section

(/usr/local/texlive/2020/texmf-dist/tex/latex/refcount/refcount.sty
Package: refcount 2019/12/15 v3.6 Data extraction from label references (HO)
)
(/usr/local/texlive/2020/texmf-dist/tex/generic/gettitlestring/gettitlestring.s
ty
Package: gettitlestring 2019/12/15 v1.6 Cleanup title references (HO)
)
\c@section@level=\count275
)
LaTeX Info: Redefining \ref on input line 21.
LaTeX Info: Redefining \pageref on input line 21.
LaTeX Info: Redefining \nameref on input line 21.
 (./main.out) (./main.out)
\@outlinefile=\write3
\openout3 = `main.out'.

LaTeX Info: Redefining \microtypecontext on input line 21.
Package microtype Info: Generating PDF output.
Package microtype Info: Character protrusion enabled (level 2).
Package microtype Info: Using default protrusion set `alltext'.
Package microtype Info: Automatic font expansion enabled (level 2),
(microtype)             stretch: 20, shrink: 20, step: 1, non-selected.
Package microtype Info: Using default expansion set `basictext'.
LaTeX Info: Redefining \showhyphens on input line 21.
Package microtype Info: No adjustment of tracking.
Package microtype Info: No adjustment of interword spacing.
Package microtype Info: No adjustment of character kerning.

(/usr/local/texlive/2020/texmf-dist/tex/latex/microtype/mt-ptm.cfg
File: mt-ptm.cfg 2006/04/20 v1.7 microtype config. file: Times (RS)
)
(/usr/local/texlive/2020/texmf-dist/tex/context/base/mkii/supp-pdf.mkii
[Loading MPS to PDF converter (version 2006.09.02).]
\scratchcounter=\count276
\scratchdimen=\dimen173
\scratchbox=\box49
\nofMPsegments=\count277
\nofMParguments=\count278
\everyMPshowfont=\toks26
\MPscratchCnt=\count279
\MPscratchDim=\dimen174
\MPnumerator=\count280
\makeMPintoPDFobject=\count281
\everyMPtoPDFconversion=\toks27
) (/usr/local/texlive/2020/texmf-dist/tex/latex/epstopdf-pkg/epstopdf-base.sty
Package: epstopdf-base 2020-01-24 v2.11 Base part for package epstopdf
Package epstopdf-base Info: Redefining graphics rule for `.eps' on input line 4
85.

(/usr/local/texlive/2020/texmf-dist/tex/latex/latexconfig/epstopdf-sys.cfg
File: epstopdf-sys.cfg 2010/07/13 v1.3 Configuration of (r)epstopdf for TeX Liv
e
))
(/usr/local/texlive/2020/texmf-dist/tex/latex/microtype/mt-cmr.cfg
File: mt-cmr.cfg 2013/05/19 v2.2 microtype config. file: Computer Modern Roman 
(RS)
)
LaTeX Font Info:    Trying to load font information for U+msa on input line 23.


(/usr/local/texlive/2020/texmf-dist/tex/latex/amsfonts/umsa.fd
File: umsa.fd 2013/01/14 v3.01 AMS symbols A
)
(/usr/local/texlive/2020/texmf-dist/tex/latex/microtype/mt-msa.cfg
File: mt-msa.cfg 2006/02/04 v1.1 microtype config. file: AMS symbols (a) (RS)
)
LaTeX Font Info:    Trying to load font information for U+msb on input line 23.


(/usr/local/texlive/2020/texmf-dist/tex/latex/amsfonts/umsb.fd
File: umsb.fd 2013/01/14 v3.01 AMS symbols B
)
(/usr/local/texlive/2020/texmf-dist/tex/latex/microtype/mt-msb.cfg
File: mt-msb.cfg 2005/06/01 v1.0 microtype config. file: AMS symbols (b) (RS)
)
Package microtype Info: Loading generic protrusion settings for font family
(microtype)             `cmtt' (encoding: OT1).
(microtype)             For optimal results, create family-specific settings.
(microtype)             See the microtype manual for details.

(./content.tex [1


{/usr/local/texlive/2020/texmf-var/fonts/map/pdftex/updmap/pdftex.map}] [2]

! LaTeX Error: Something's wrong--perhaps a missing \item.

See the LaTeX manual or LaTeX Companion for explanation.
Type  H <return>  for immediate help.
 ...                                              
                                                  
l.56     \item G
                iven the original codebase and configuration files provided ...

Try typing  <return>  to proceed.
If that doesn't work, type  X <return>  to quit.


! LaTeX Error: Something's wrong--perhaps a missing \item.

See the LaTeX manual or LaTeX Companion for explanation.
Type  H <return>  for immediate help.
 ...                                              
                                                  
l.56     \item G
                iven the original codebase and configuration files provided ...

Try typing  <return>  to proceed.
If that doesn't work, type  X <return>  to quit.


! LaTeX Error: Something's wrong--perhaps a missing \item.

See the LaTeX manual or LaTeX Companion for explanation.
Type  H <return>  for immediate help.
 ...                                              
                                                  
l.56     \item G
                iven the original codebase and configuration files provided ...

Try typing  <return>  to proceed.
If that doesn't work, type  X <return>  to quit.


! LaTeX Error: Something's wrong--perhaps a missing \item.

See the LaTeX manual or LaTeX Companion for explanation.
Type  H <return>  for immediate help.
 ...                                              
                                                  
l.57     \item T
                he authors claim that their PGExplaimer greatly improves ove...

Try typing  <return>  to proceed.
If that doesn't work, type  X <return>  to quit.


! LaTeX Error: Something's wrong--perhaps a missing \item.

See the LaTeX manual or LaTeX Companion for explanation.
Type  H <return>  for immediate help.
 ...                                              
                                                  
l.57     \item T
                he authors claim that their PGExplaimer greatly improves ove...

Try typing  <return>  to proceed.
If that doesn't work, type  X <return>  to quit.


! LaTeX Error: Something's wrong--perhaps a missing \item.

See the LaTeX manual or LaTeX Companion for explanation.
Type  H <return>  for immediate help.
 ...                                              
                                                  
l.57     \item T
                he authors claim that their PGExplaimer greatly improves ove...

Try typing  <return>  to proceed.
If that doesn't work, type  X <return>  to quit.


! LaTeX Error: Something's wrong--perhaps a missing \item.

See the LaTeX manual or LaTeX Companion for explanation.
Type  H <return>  for immediate help.
 ...                                              
                                                  
l.58     \item E
                valuation of explanation methods is notoriously hard. We wis...

Try typing  <return>  to proceed.
If that doesn't work, type  X <return>  to quit.


! LaTeX Error: Something's wrong--perhaps a missing \item.

See the LaTeX manual or LaTeX Companion for explanation.
Type  H <return>  for immediate help.
 ...                                              
                                                  
l.58     \item E
                valuation of explanation methods is notoriously hard. We wis...

Try typing  <return>  to proceed.
If that doesn't work, type  X <return>  to quit.


! LaTeX Error: Something's wrong--perhaps a missing \item.

See the LaTeX manual or LaTeX Companion for explanation.
Type  H <return>  for immediate help.
 ...                                              
                                                  
l.58     \item E
                valuation of explanation methods is notoriously hard. We wis...

Try typing  <return>  to proceed.
If that doesn't work, type  X <return>  to quit.


! LaTeX Error: Something's wrong--perhaps a missing \item.

See the LaTeX manual or LaTeX Companion for explanation.
Type  H <return>  for immediate help.
 ...                                              
                                                  
l.59 \end{enumerate}
                    
Try typing  <return>  to proceed.
If that doesn't work, type  X <return>  to quit.

(../openreview/sections/PGExplainer.tex [3])
(../openreview/sections/Reimplementation.tex
LaTeX Font Info:    Font shape `OT1/cmtt/bx/n' in size <10> not available
(Font)              Font shape `OT1/cmtt/m/n' tried instead on input line 6.


Package hyperref Warning: Token not allowed in a PDF string (PDFDocEncoding):
(hyperref)                removing `\hfill' on input line 6.

) (../openreview/sections/methodology.tex [4]

Package hyperref Warning: Token not allowed in a PDF string (PDFDocEncoding):
(hyperref)                removing `\hfill' on input line 6.


Package hyperref Warning: Token not allowed in a PDF string (PDFDocEncoding):
(hyperref)                removing `\hfill' on input line 43.

[5]

Package hyperref Warning: Token not allowed in a PDF string (PDFDocEncoding):
(hyperref)                removing `\hfill' on input line 54.


Package hyperref Warning: Token not allowed in a PDF string (PDFDocEncoding):
(hyperref)                removing `\hfill' on input line 58.


Package hyperref Warning: Token not allowed in a PDF string (PDFDocEncoding):
(hyperref)                removing `\hfill' on input line 71.

[6]

Package hyperref Warning: Token not allowed in a PDF string (PDFDocEncoding):
(hyperref)                removing `\hfill' on input line 74.

) (../openreview/sections/Results.tex

Package hyperref Warning: Token not allowed in a PDF string (PDFDocEncoding):
(hyperref)                removing `\hfill' on input line 3.


LaTeX Warning: No positions in optional float specifier.
               Default added (so using `tbp') on input line 4.


Package hyperref Warning: Token not allowed in a PDF string (PDFDocEncoding):
(hyperref)                removing `\hfill' on input line 25.

<../openreview/imgs/simplification/syn1_pg.png, id=203, 462.528pt x 346.896pt>
File: ../openreview/imgs/simplification/syn1_pg.png Graphic file (type png)
<use ../openreview/imgs/simplification/syn1_pg.png>
Package pdftex.def Info: ../openreview/imgs/simplification/syn1_pg.png  used on
 input line 50.
(pdftex.def)             Requested size: 46.97836pt x 35.23154pt.
<../openreview/imgs/simplification/syn2_pg.png, id=205, 462.528pt x 346.896pt>
File: ../openreview/imgs/simplification/syn2_pg.png Graphic file (type png)
<use ../openreview/imgs/simplification/syn2_pg.png>
Package pdftex.def Info: ../openreview/imgs/simplification/syn2_pg.png  used on
 input line 50.
(pdftex.def)             Requested size: 46.97836pt x 35.23154pt.
<../openreview/imgs/simplification/syn3_pg.png, id=206, 462.528pt x 346.896pt>
File: ../openreview/imgs/simplification/syn3_pg.png Graphic file (type png)
<use ../openreview/imgs/simplification/syn3_pg.png>
Package pdftex.def Info: ../openreview/imgs/simplification/syn3_pg.png  used on
 input line 50.
(pdftex.def)             Requested size: 46.97836pt x 35.23154pt.
<../openreview/imgs/simplification/syn4_pg.png, id=207, 462.528pt x 346.896pt>
File: ../openreview/imgs/simplification/syn4_pg.png Graphic file (type png)
<use ../openreview/imgs/simplification/syn4_pg.png>
Package pdftex.def Info: ../openreview/imgs/simplification/syn4_pg.png  used on
 input line 50.
(pdftex.def)             Requested size: 46.97836pt x 35.23154pt.
<../openreview/imgs/simplification/ba_pg.png, id=208, 462.528pt x 346.896pt>
File: ../openreview/imgs/simplification/ba_pg.png Graphic file (type png)
<use ../openreview/imgs/simplification/ba_pg.png>
Package pdftex.def Info: ../openreview/imgs/simplification/ba_pg.png  used on i
nput line 50.
(pdftex.def)             Requested size: 46.97836pt x 35.23154pt.
<../openreview/imgs/simplification/mutag_pg.png, id=209, 462.528pt x 346.896pt>

File: ../openreview/imgs/simplification/mutag_pg.png Graphic file (type png)
<use ../openreview/imgs/simplification/mutag_pg.png>
Package pdftex.def Info: ../openreview/imgs/simplification/mutag_pg.png  used o
n input line 50.
(pdftex.def)             Requested size: 46.97836pt x 35.23154pt.
<../openreview/imgs/simplification/syn1_gnn.png, id=210, 462.528pt x 346.896pt>

File: ../openreview/imgs/simplification/syn1_gnn.png Graphic file (type png)
<use ../openreview/imgs/simplification/syn1_gnn.png>
Package pdftex.def Info: ../openreview/imgs/simplification/syn1_gnn.png  used o
n input line 50.
(pdftex.def)             Requested size: 46.97836pt x 35.23154pt.
<../openreview/imgs/simplification/syn2_gnn.png, id=211, 462.528pt x 346.896pt>

File: ../openreview/imgs/simplification/syn2_gnn.png Graphic file (type png)
<use ../openreview/imgs/simplification/syn2_gnn.png>
Package pdftex.def Info: ../openreview/imgs/simplification/syn2_gnn.png  used o
n input line 50.
(pdftex.def)             Requested size: 46.97836pt x 35.23154pt.
<../openreview/imgs/simplification/syn3_gnn.png, id=212, 462.528pt x 346.896pt>

File: ../openreview/imgs/simplification/syn3_gnn.png Graphic file (type png)
<use ../openreview/imgs/simplification/syn3_gnn.png>
Package pdftex.def Info: ../openreview/imgs/simplification/syn3_gnn.png  used o
n input line 50.
(pdftex.def)             Requested size: 46.97836pt x 35.23154pt.
<../openreview/imgs/simplification/syn4_gnn.png, id=213, 462.528pt x 346.896pt>

File: ../openreview/imgs/simplification/syn4_gnn.png Graphic file (type png)
<use ../openreview/imgs/simplification/syn4_gnn.png>
Package pdftex.def Info: ../openreview/imgs/simplification/syn4_gnn.png  used o
n input line 50.
(pdftex.def)             Requested size: 46.97836pt x 35.23154pt.
<../openreview/imgs/simplification/ba_gnn.png, id=214, 462.528pt x 346.896pt>
File: ../openreview/imgs/simplification/ba_gnn.png Graphic file (type png)
<use ../openreview/imgs/simplification/ba_gnn.png>
Package pdftex.def Info: ../openreview/imgs/simplification/ba_gnn.png  used on 
input line 50.
(pdftex.def)             Requested size: 46.97836pt x 35.23154pt.
<../openreview/imgs/simplification/mutag_gnn.png, id=215, 462.528pt x 346.896pt
>
File: ../openreview/imgs/simplification/mutag_gnn.png Graphic file (type png)
<use ../openreview/imgs/simplification/mutag_gnn.png>
Package pdftex.def Info: ../openreview/imgs/simplification/mutag_gnn.png  used 
on input line 50.
(pdftex.def)             Requested size: 46.97836pt x 35.23154pt.
LaTeX Font Info:    Trying to load font information for TS1+ptm on input line 5
0.
(/usr/local/texlive/2020/texmf-dist/tex/latex/psnfss/ts1ptm.fd
File: ts1ptm.fd 2001/06/04 font definitions for TS1/ptm.
)

LaTeX Warning: `!h' float specifier changed to `!ht'.


LaTeX Warning: No positions in optional float specifier.
               Default added (so using `tbp') on input line 59.

[7]) (../openreview/sections/critique.tex [8 <../openreview/imgs/simplification
/syn1_pg.png> <../openreview/imgs/simplification/syn2_pg.png> <../openreview/im
gs/simplification/syn3_pg.png> <../openreview/imgs/simplification/syn4_pg.png> 
<../openreview/imgs/simplification/ba_pg.png> <../openreview/imgs/simplificatio
n/mutag_pg.png> <../openreview/imgs/simplification/syn1_gnn.png> <../openreview
/imgs/simplification/syn2_gnn.png> <../openreview/imgs/simplification/syn3_gnn.
png> <../openreview/imgs/simplification/syn4_gnn.png> <../openreview/imgs/simpl
ification/ba_gnn.png> <../openreview/imgs/simplification/mutag_gnn.png>])
(../openreview/sections/Conclusion.tex)) [9] (./main.bbl)
(./sections/supplementary.tex [10]
<../openreview/imgs/results2.png, id=260, 1021.8175pt x 754.82pt>
File: ../openreview/imgs/results2.png Graphic file (type png)
<use ../openreview/imgs/results2.png>
Package pdftex.def Info: ../openreview/imgs/results2.png  used on input line 15
.
(pdftex.def)             Requested size: 469.75499pt x 347.0026pt.


LaTeX Warning: No positions in optional float specifier.
               Default added (so using `tbp') on input line 27.


LaTeX Warning: No positions in optional float specifier.
               Default added (so using `tbp') on input line 52.

<../openreview/imgs/their_image-1.png, id=264, 2465.21pt x 2016.53375pt>
File: ../openreview/imgs/their_image-1.png Graphic file (type png)
<use ../openreview/imgs/their_image-1.png>
Package pdftex.def Info: ../openreview/imgs/their_image-1.png  used on input li
ne 59.
(pdftex.def)             Requested size: 46.97836pt x 38.4007pt.
<../openreview/imgs/their_image-2.png, id=265, 2457.18pt x 1881.0275pt>
File: ../openreview/imgs/their_image-2.png Graphic file (type png)
<use ../openreview/imgs/their_image-2.png>
Package pdftex.def Info: ../openreview/imgs/their_image-2.png  used on input li
ne 60.
(pdftex.def)             Requested size: 46.97836pt x 35.93506pt.
<../openreview/imgs/their_image-3.png, id=266, 1856.9375pt x 1497.595pt>
File: ../openreview/imgs/their_image-3.png Graphic file (type png)
<use ../openreview/imgs/their_image-3.png>
Package pdftex.def Info: ../openreview/imgs/their_image-3.png  used on input li
ne 60.
(pdftex.def)             Requested size: 46.97836pt x 37.8648pt.
<../openreview/imgs/their_image-4.png, id=267, 1929.2075pt x 1480.53125pt>
File: ../openreview/imgs/their_image-4.png Graphic file (type png)
<use ../openreview/imgs/their_image-4.png>
Package pdftex.def Info: ../openreview/imgs/their_image-4.png  used on input li
ne 60.
(pdftex.def)             Requested size: 46.97836pt x 36.03273pt.
File: ../openreview/imgs/simplification/syn1_pg.png Graphic file (type png)
<use ../openreview/imgs/simplification/syn1_pg.png>
Package pdftex.def Info: ../openreview/imgs/simplification/syn1_pg.png  used on
 input line 61.
(pdftex.def)             Requested size: 46.97836pt x 35.23154pt.
File: ../openreview/imgs/simplification/syn2_pg.png Graphic file (type png)
<use ../openreview/imgs/simplification/syn2_pg.png>
Package pdftex.def Info: ../openreview/imgs/simplification/syn2_pg.png  used on
 input line 62.
(pdftex.def)             Requested size: 46.97836pt x 35.23154pt.
File: ../openreview/imgs/simplification/syn3_pg.png Graphic file (type png)
<use ../openreview/imgs/simplification/syn3_pg.png>
Package pdftex.def Info: ../openreview/imgs/simplification/syn3_pg.png  used on
 input line 62.
(pdftex.def)             Requested size: 46.97836pt x 35.23154pt.
File: ../openreview/imgs/simplification/syn4_pg.png Graphic file (type png)
<use ../openreview/imgs/simplification/syn4_pg.png>
Package pdftex.def Info: ../openreview/imgs/simplification/syn4_pg.png  used on
 input line 62.
(pdftex.def)             Requested size: 46.97836pt x 35.23154pt.
<../openreview/imgs/replication/syn1.png, id=268, 462.528pt x 346.896pt>
File: ../openreview/imgs/replication/syn1.png Graphic file (type png)
<use ../openreview/imgs/replication/syn1.png>
Package pdftex.def Info: ../openreview/imgs/replication/syn1.png  used on input
 line 63.
(pdftex.def)             Requested size: 46.97836pt x 35.23154pt.
<../openreview/imgs/replication/syn2.png, id=269, 462.528pt x 346.896pt>
File: ../openreview/imgs/replication/syn2.png Graphic file (type png)
<use ../openreview/imgs/replication/syn2.png>
Package pdftex.def Info: ../openreview/imgs/replication/syn2.png  used on input
 line 64.
(pdftex.def)             Requested size: 46.97836pt x 35.23154pt.
<../openreview/imgs/replication/syn3.png, id=270, 462.528pt x 346.896pt>
File: ../openreview/imgs/replication/syn3.png Graphic file (type png)
<use ../openreview/imgs/replication/syn3.png>
Package pdftex.def Info: ../openreview/imgs/replication/syn3.png  used on input
 line 64.
(pdftex.def)             Requested size: 46.97836pt x 35.23154pt.
<../openreview/imgs/replication/syn4.png, id=271, 462.528pt x 346.896pt>
File: ../openreview/imgs/replication/syn4.png Graphic file (type png)
<use ../openreview/imgs/replication/syn4.png>
Package pdftex.def Info: ../openreview/imgs/replication/syn4.png  used on input
 line 64.
(pdftex.def)             Requested size: 46.97836pt x 35.23154pt.
[11 <../openreview/imgs/results2.png>]

LaTeX Warning: No positions in optional float specifier.
               Default added (so using `tbp') on input line 152.

[12 <../openreview/imgs/their_image-1.png (PNG copy)> <../openreview/imgs/their
_image-2.png (PNG copy)> <../openreview/imgs/their_image-3.png (PNG copy)> <../
openreview/imgs/their_image-4.png (PNG copy)> <../openreview/imgs/replication/s
yn1.png> <../openreview/imgs/replication/syn2.png> <../openreview/imgs/replicat
ion/syn3.png> <../openreview/imgs/replication/syn4.png>]
<../openreview/imgs/config-examples/model-config-example.png, id=296, 489.32813
pt x 259.7203pt>
File: ../openreview/imgs/config-examples/model-config-example.png Graphic file 
(type png)
<use ../openreview/imgs/config-examples/model-config-example.png>
Package pdftex.def Info: ../openreview/imgs/config-examples/model-config-exampl
e.png  used on input line 175.
(pdftex.def)             Requested size: 234.87749pt x 124.66829pt.
<../openreview/imgs/config-examples/explainer-config-example.png, id=298, 476.5
3032pt x 329.73187pt>
File: ../openreview/imgs/config-examples/explainer-config-example.png Graphic f
ile (type png)
<use ../openreview/imgs/config-examples/explainer-config-example.png>
Package pdftex.def Info: ../openreview/imgs/config-examples/explainer-config-ex
ample.png  used on input line 185.
(pdftex.def)             Requested size: 234.87749pt x 162.52597pt.
)

LaTeX Warning: `!h' float specifier changed to `!ht'.

Package atveryend Info: Empty hook `BeforeClearDocument' on input line 31.
[13 <../openreview/imgs/config-examples/model-config-example.png>] [14 <../open
review/imgs/config-examples/explainer-config-example.png>]
Package atveryend Info: Empty hook `AfterLastShipout' on input line 31.
 (./main.aux)
Package atveryend Info: Executing hook `AtVeryEndDocument' on input line 31.
Package atveryend Info: Executing hook `AtEndAfterFileList' on input line 31.
Package rerunfilecheck Info: File `main.out' has not changed.
(rerunfilecheck)             Checksum: B67DAF565F605A236C5AD6573069461E;1840.
Package atveryend Info: Empty hook `AtVeryVeryEnd' on input line 31.
 ) 
Here is how much of TeX's memory you used:
 9087 strings out of 480608
 143569 string characters out of 5903631
 466090 words of memory out of 5000000
 24485 multiletter control sequences out of 15000+600000
 563895 words of font info for 177 fonts, out of 8000000 for 9000
 1141 hyphenation exceptions out of 8191
 38i,12n,44p,1227b,357s stack positions out of 5000i,500n,10000p,200000b,80000s
{/usr/local/texlive/2020/texmf-dist/fonts/enc/dvips/base/8r.enc}</usr/local/t
exlive/2020/texmf-dist/fonts/type1/public/amsfonts/cm/cmex10.pfb></usr/local/te
xlive/2020/texmf-dist/fonts/type1/public/amsfonts/cm/cmmi10.pfb></usr/local/tex
live/2020/texmf-dist/fonts/type1/public/amsfonts/cm/cmmi5.pfb></usr/local/texli
ve/2020/texmf-dist/fonts/type1/public/amsfonts/cm/cmmi7.pfb></usr/local/texlive
/2020/texmf-dist/fonts/type1/public/amsfonts/cm/cmr10.pfb></usr/local/texlive/2
020/texmf-dist/fonts/type1/public/amsfonts/cm/cmr7.pfb></usr/local/texlive/2020
/texmf-dist/fonts/type1/public/amsfonts/cm/cmsy10.pfb></usr/local/texlive/2020/
texmf-dist/fonts/type1/public/amsfonts/cm/cmsy7.pfb></usr/local/texlive/2020/te
xmf-dist/fonts/type1/public/amsfonts/cm/cmtt10.pfb></usr/local/texlive/2020/tex
mf-dist/fonts/type1/public/amsfonts/cm/cmtt9.pfb></usr/local/texlive/2020/texmf
-dist/fonts/type1/public/amsfonts/symbols/msbm10.pfb></usr/local/texlive/2020/t
exmf-dist/fonts/type1/urw/times/utmb8a.pfb></usr/local/texlive/2020/texmf-dist/
fonts/type1/urw/times/utmbi8a.pfb></usr/local/texlive/2020/texmf-dist/fonts/typ
e1/urw/times/utmr8a.pfb></usr/local/texlive/2020/texmf-dist/fonts/type1/urw/tim
es/utmri8a.pfb>
Output written on main.pdf (14 pages, 1424293 bytes).
PDF statistics:
 384 PDF objects out of 1000 (max. 8388607)
 306 compressed objects within 4 object streams
 90 named destinations out of 1000 (max. 500000)
 27444 words of extra memory for PDF output out of 29859 (max. 10000000)

