\BOOKMARK [1][-]{section.1}{Introduction}{}% 1
\BOOKMARK [1][-]{section.2}{Scope\040of\040reproducibility}{}% 2
\BOOKMARK [1][-]{section.3}{Methodology}{}% 3
\BOOKMARK [2][-]{subsection.3.1}{Model\040descriptions}{section.3}% 4
\BOOKMARK [2][-]{subsection.3.2}{Code\040reconstruction}{section.3}% 5
\BOOKMARK [2][-]{subsection.3.3}{Dataset-specific\040models}{section.3}% 6
\BOOKMARK [3][-]{subsubsection.3.3.1}{Adult\040dataset}{subsection.3.3}% 7
\BOOKMARK [3][-]{subsubsection.3.3.2}{CelebA\040dataset}{subsection.3.3}% 8
\BOOKMARK [3][-]{subsubsection.3.3.3}{Civil\040Comments\040dataset}{subsection.3.3}% 9
\BOOKMARK [2][-]{subsection.3.4}{Evaluation}{section.3}% 10
\BOOKMARK [2][-]{subsection.3.5}{Computational\040requirements}{section.3}% 11
\BOOKMARK [1][-]{section.4}{Results}{}% 12
\BOOKMARK [2][-]{subsection.4.1}{Overall\040accuracy-coverage\040graphs}{section.4}% 13
\BOOKMARK [2][-]{subsection.4.2}{Group-specific\040precision-coverage\040curves}{section.4}% 14
\BOOKMARK [2][-]{subsection.4.3}{Margin\040distributions}{section.4}% 15
\BOOKMARK [2][-]{subsection.4.4}{Numerical\040evaluations}{section.4}% 16
\BOOKMARK [1][-]{section.5}{Discussion}{}% 17
\BOOKMARK [2][-]{subsection.5.1}{Reproducibility\040of\040the\040paper}{section.5}% 18
\BOOKMARK [3][-]{subsubsection.5.1.1}{What\040was\040easy}{subsection.5.1}% 19
\BOOKMARK [3][-]{subsubsection.5.1.2}{What\040was\040difficult}{subsection.5.1}% 20
\BOOKMARK [2][-]{subsection.5.2}{Communication\040with\040original\040authors}{section.5}% 21
