\BOOKMARK [1][-]{section.1}{Introduction}{}% 1
\BOOKMARK [1][-]{section.2}{Methodology}{}% 2
\BOOKMARK [2][-]{subsection.2.1}{Metrics\040to\040evaluate\040Global\040Counterfactual\040Explanations}{section.2}% 3
\BOOKMARK [1][-]{section.3}{Scope\040of\040Reproducibility}{}% 4
\BOOKMARK [1][-]{section.4}{Methodology\040of\040Reproducibility}{}% 5
\BOOKMARK [2][-]{subsection.4.1}{Model\040description}{section.4}% 6
\BOOKMARK [2][-]{subsection.4.2}{Dataset\040Description}{section.4}% 7
\BOOKMARK [2][-]{subsection.4.3}{Hyperparameters}{section.4}% 8
\BOOKMARK [2][-]{subsection.4.4}{Experimental\040setup\040and\040code}{section.4}% 9
\BOOKMARK [1][-]{section.5}{Results}{}% 10
\BOOKMARK [2][-]{subsection.5.1}{Results\040reproducing\040original\040paper}{section.5}% 11
\BOOKMARK [3][-]{subsubsection.5.1.1}{Coverage,\040Correctness\040and\040similarity}{subsection.5.1}% 12
\BOOKMARK [2][-]{subsection.5.2}{Explaining\040Causal\040Structure\040in\040the\040Synthetic\040Data}{section.5}% 13
\BOOKMARK [3][-]{subsubsection.5.2.1}{Feature\040modifications}{subsection.5.2}% 14
\BOOKMARK [2][-]{subsection.5.3}{Results\040beyond\040original\040paper}{section.5}% 15
\BOOKMARK [3][-]{subsubsection.5.3.1}{PyTorch\040replication}{subsection.5.3}% 16
\BOOKMARK [3][-]{subsubsection.5.3.2}{UCI\040Heart\040Disease\040and\040UCI\040Boston\040Housing\040Dataset}{subsection.5.3}% 17
\BOOKMARK [3][-]{subsubsection.5.3.3}{Breast\040Cancer\040Wisconsin\040\(Diagnostic\)\040and\040Pima\040Indians\040Diabetes\040Database}{subsection.5.3}% 18
\BOOKMARK [3][-]{subsubsection.5.3.4}{Scaling\040extension}{subsection.5.3}% 19
\BOOKMARK [3][-]{subsubsection.5.3.5}{Experiment\040with\040Modified\040Synthetic\040Data}{subsection.5.3}% 20
\BOOKMARK [3][-]{subsubsection.5.3.6}{Experiments\040with\040Probing\040Classifier}{subsection.5.3}% 21
