./yaml-to-latex.py -i metadata.yaml -o metadata.tex
latexmk -pdf -pdflatex="xelatex -interaction=nonstopmode" -use-make article.tex
Latexmk: applying rule 'pdflatex'...
This is XeTeX, Version 3.14159265-2.6-0.999991 (TeX Live 2019/Debian) (preloaded format=xelatex)
 restricted \write18 enabled.
entering extended mode
(./article.tex
LaTeX2e <2020-02-02> patch level 2
L3 programming layer <2020-02-14> (./rescience.cls
Document Class: rescience 2019/04/12 Style for ReScience articles
(/usr/share/texlive/texmf-dist/tex/latex/base/article.cls
Document Class: article 2019/12/20 v1.4l Standard LaTeX document class
(/usr/share/texlive/texmf-dist/tex/latex/base/size10.clo))
(/usr/share/texlive/texmf-dist/tex/generic/babel/babel.sty
(/usr/share/texlive/texmf-dist/tex/generic/babel/switch.def)
(/usr/share/texlive/texmf-dist/tex/generic/babel-english/american.ldf
(/usr/share/texlive/texmf-dist/tex/generic/babel-english/english.ldf
(/usr/share/texlive/texmf-dist/tex/generic/babel/babel.def
(/usr/share/texlive/texmf-dist/tex/generic/babel/xebabel.def
(/usr/share/texlive/texmf-dist/tex/generic/babel/txtbabel.def))))))
(/usr/share/texlive/texmf-dist/tex/latex/base/ifthen.sty)
(/usr/share/texlive/texmf-dist/tex/latex/tools/tabularx.sty
(/usr/share/texlive/texmf-dist/tex/latex/tools/array.sty))
(/usr/share/texlive/texmf-dist/tex/latex/pgf/frontendlayer/tikz.sty
(/usr/share/texlive/texmf-dist/tex/latex/pgf/basiclayer/pgf.sty
(/usr/share/texlive/texmf-dist/tex/latex/pgf/utilities/pgfrcs.sty
(/usr/share/texlive/texmf-dist/tex/generic/pgf/utilities/pgfutil-common.tex
(/usr/share/texlive/texmf-dist/tex/generic/pgf/utilities/pgfutil-common-lists.t
ex)) (/usr/share/texlive/texmf-dist/tex/generic/pgf/utilities/pgfutil-latex.def
(/usr/share/texlive/texmf-dist/tex/latex/ms/everyshi.sty))
(/usr/share/texlive/texmf-dist/tex/generic/pgf/utilities/pgfrcs.code.tex
(/usr/share/texlive/texmf-dist/tex/generic/pgf/pgf.revision.tex)))
(/usr/share/texlive/texmf-dist/tex/latex/pgf/basiclayer/pgfcore.sty
(/usr/share/texlive/texmf-dist/tex/latex/graphics/graphicx.sty
(/usr/share/texlive/texmf-dist/tex/latex/graphics/keyval.sty)
(/usr/share/texlive/texmf-dist/tex/latex/graphics/graphics.sty
(/usr/share/texlive/texmf-dist/tex/latex/graphics/trig.sty)
(/usr/share/texlive/texmf-dist/tex/latex/graphics-cfg/graphics.cfg)
(/usr/share/texlive/texmf-dist/tex/latex/graphics-def/xetex.def)))
(/usr/share/texlive/texmf-dist/tex/latex/pgf/systemlayer/pgfsys.sty
(/usr/share/texlive/texmf-dist/tex/generic/pgf/systemlayer/pgfsys.code.tex
(/usr/share/texlive/texmf-dist/tex/generic/pgf/utilities/pgfkeys.code.tex
(/usr/share/texlive/texmf-dist/tex/generic/pgf/utilities/pgfkeysfiltered.code.t
ex)) (/usr/share/texlive/texmf-dist/tex/generic/pgf/systemlayer/pgf.cfg)
(/usr/share/texlive/texmf-dist/tex/generic/pgf/systemlayer/pgfsys-xetex.def
(/usr/share/texlive/texmf-dist/tex/generic/pgf/systemlayer/pgfsys-dvipdfmx.def
(/usr/share/texlive/texmf-dist/tex/generic/pgf/systemlayer/pgfsys-common-pdf.de
f))))
(/usr/share/texlive/texmf-dist/tex/generic/pgf/systemlayer/pgfsyssoftpath.code.
tex)
(/usr/share/texlive/texmf-dist/tex/generic/pgf/systemlayer/pgfsysprotocol.code.
tex)) (/usr/share/texlive/texmf-dist/tex/latex/xcolor/xcolor.sty
(/usr/share/texlive/texmf-dist/tex/latex/graphics-cfg/color.cfg))
(/usr/share/texlive/texmf-dist/tex/generic/pgf/basiclayer/pgfcore.code.tex
(/usr/share/texlive/texmf-dist/tex/generic/pgf/math/pgfmath.code.tex
(/usr/share/texlive/texmf-dist/tex/generic/pgf/math/pgfmathcalc.code.tex
(/usr/share/texlive/texmf-dist/tex/generic/pgf/math/pgfmathutil.code.tex)
(/usr/share/texlive/texmf-dist/tex/generic/pgf/math/pgfmathparser.code.tex)
(/usr/share/texlive/texmf-dist/tex/generic/pgf/math/pgfmathfunctions.code.tex
(/usr/share/texlive/texmf-dist/tex/generic/pgf/math/pgfmathfunctions.basic.code
.tex)
(/usr/share/texlive/texmf-dist/tex/generic/pgf/math/pgfmathfunctions.trigonomet
ric.code.tex)
(/usr/share/texlive/texmf-dist/tex/generic/pgf/math/pgfmathfunctions.random.cod
e.tex)
(/usr/share/texlive/texmf-dist/tex/generic/pgf/math/pgfmathfunctions.comparison
.code.tex)
(/usr/share/texlive/texmf-dist/tex/generic/pgf/math/pgfmathfunctions.base.code.
tex)
(/usr/share/texlive/texmf-dist/tex/generic/pgf/math/pgfmathfunctions.round.code
.tex)
(/usr/share/texlive/texmf-dist/tex/generic/pgf/math/pgfmathfunctions.misc.code.
tex)
(/usr/share/texlive/texmf-dist/tex/generic/pgf/math/pgfmathfunctions.integerari
thmetics.code.tex)))
(/usr/share/texlive/texmf-dist/tex/generic/pgf/math/pgfmathfloat.code.tex))
(/usr/share/texlive/texmf-dist/tex/generic/pgf/math/pgfint.code.tex)
(/usr/share/texlive/texmf-dist/tex/generic/pgf/basiclayer/pgfcorepoints.code.te
x)
(/usr/share/texlive/texmf-dist/tex/generic/pgf/basiclayer/pgfcorepathconstruct.
code.tex)
(/usr/share/texlive/texmf-dist/tex/generic/pgf/basiclayer/pgfcorepathusage.code
.tex)
(/usr/share/texlive/texmf-dist/tex/generic/pgf/basiclayer/pgfcorescopes.code.te
x)
(/usr/share/texlive/texmf-dist/tex/generic/pgf/basiclayer/pgfcoregraphicstate.c
ode.tex)
(/usr/share/texlive/texmf-dist/tex/generic/pgf/basiclayer/pgfcoretransformation
s.code.tex)
(/usr/share/texlive/texmf-dist/tex/generic/pgf/basiclayer/pgfcorequick.code.tex
)
(/usr/share/texlive/texmf-dist/tex/generic/pgf/basiclayer/pgfcoreobjects.code.t
ex)
(/usr/share/texlive/texmf-dist/tex/generic/pgf/basiclayer/pgfcorepathprocessing
.code.tex)
(/usr/share/texlive/texmf-dist/tex/generic/pgf/basiclayer/pgfcorearrows.code.te
x)
(/usr/share/texlive/texmf-dist/tex/generic/pgf/basiclayer/pgfcoreshade.code.tex
)
(/usr/share/texlive/texmf-dist/tex/generic/pgf/basiclayer/pgfcoreimage.code.tex

(/usr/share/texlive/texmf-dist/tex/generic/pgf/basiclayer/pgfcoreexternal.code.
tex))
(/usr/share/texlive/texmf-dist/tex/generic/pgf/basiclayer/pgfcorelayers.code.te
x)
(/usr/share/texlive/texmf-dist/tex/generic/pgf/basiclayer/pgfcoretransparency.c
ode.tex)
(/usr/share/texlive/texmf-dist/tex/generic/pgf/basiclayer/pgfcorepatterns.code.
tex)
(/usr/share/texlive/texmf-dist/tex/generic/pgf/basiclayer/pgfcorerdf.code.tex))
)
(/usr/share/texlive/texmf-dist/tex/generic/pgf/modules/pgfmoduleshapes.code.tex
) (/usr/share/texlive/texmf-dist/tex/generic/pgf/modules/pgfmoduleplot.code.tex
)
(/usr/share/texlive/texmf-dist/tex/latex/pgf/compatibility/pgfcomp-version-0-65
.sty)
(/usr/share/texlive/texmf-dist/tex/latex/pgf/compatibility/pgfcomp-version-1-18
.sty)) (/usr/share/texlive/texmf-dist/tex/latex/pgf/utilities/pgffor.sty
(/usr/share/texlive/texmf-dist/tex/latex/pgf/utilities/pgfkeys.sty
(/usr/share/texlive/texmf-dist/tex/generic/pgf/utilities/pgfkeys.code.tex))
(/usr/share/texlive/texmf-dist/tex/latex/pgf/math/pgfmath.sty
(/usr/share/texlive/texmf-dist/tex/generic/pgf/math/pgfmath.code.tex))
(/usr/share/texlive/texmf-dist/tex/generic/pgf/utilities/pgffor.code.tex
(/usr/share/texlive/texmf-dist/tex/generic/pgf/math/pgfmath.code.tex)))
(/usr/share/texlive/texmf-dist/tex/generic/pgf/frontendlayer/tikz/tikz.code.tex

(/usr/share/texlive/texmf-dist/tex/generic/pgf/libraries/pgflibraryplothandlers
.code.tex)
(/usr/share/texlive/texmf-dist/tex/generic/pgf/modules/pgfmodulematrix.code.tex
)
(/usr/share/texlive/texmf-dist/tex/generic/pgf/frontendlayer/tikz/libraries/tik
zlibrarytopaths.code.tex)))
(/usr/share/texlive/texmf-dist/tex/latex/marginnote/marginnote.sty)
(/usr/share/texlive/texmf-dist/tex/latex/csquotes/csquotes.sty
(/usr/share/texlive/texmf-dist/tex/latex/etoolbox/etoolbox.sty)
(/usr/share/texlive/texmf-dist/tex/latex/csquotes/csquotes.def)
(/usr/share/texlive/texmf-dist/tex/latex/csquotes/csquotes.cfg))
(/usr/share/texlive/texmf-dist/tex/latex/amsmath/amsmath.sty
For additional information on amsmath, use the `?' option.
(/usr/share/texlive/texmf-dist/tex/latex/amsmath/amstext.sty
(/usr/share/texlive/texmf-dist/tex/latex/amsmath/amsgen.sty))
(/usr/share/texlive/texmf-dist/tex/latex/amsmath/amsbsy.sty)
(/usr/share/texlive/texmf-dist/tex/latex/amsmath/amsopn.sty))
(/usr/share/texlive/texmf-dist/tex/latex/mathtools/mathtools.sty
(/usr/share/texlive/texmf-dist/tex/latex/tools/calc.sty)
(/usr/share/texlive/texmf-dist/tex/latex/mathtools/mhsetup.sty))
(/usr/share/texlive/texmf-dist/tex/latex/geometry/geometry.sty
(/usr/share/texlive/texmf-dist/tex/generic/iftex/ifvtex.sty
(/usr/share/texlive/texmf-dist/tex/generic/iftex/iftex.sty)))
(/usr/share/texlive/texmf-dist/tex/latex/fontspec/fontspec.sty
(/usr/share/texlive/texmf-dist/tex/latex/l3packages/xparse/xparse.sty
(/usr/share/texlive/texmf-dist/tex/latex/l3kernel/expl3.sty
(/usr/share/texlive/texmf-dist/tex/latex/l3backend/l3backend-xdvipdfmx.def)))
(/usr/share/texlive/texmf-dist/tex/latex/fontspec/fontspec-xetex.sty
(/usr/share/texlive/texmf-dist/tex/latex/base/fontenc.sty)
(/usr/share/texlive/texmf-dist/tex/latex/fontspec/fontspec.cfg)))
(/usr/share/texlive/texmf-dist/tex/latex/microtype/microtype.sty
(/usr/share/texlive/texmf-dist/tex/latex/microtype/microtype-xetex.def)
(/usr/share/texlive/texmf-dist/tex/latex/microtype/microtype.cfg))
(/usr/share/texlive/texmf-dist/tex/latex/titlesec/titlesec.sty)
(/usr/share/texlive/texmf-dist/tex/latex/caption/caption.sty
(/usr/share/texlive/texmf-dist/tex/latex/caption/caption3.sty))
(/usr/share/texlive/texmf-dist/tex/latex/hyperref/hyperref.sty
(/usr/share/texlive/texmf-dist/tex/generic/ltxcmds/ltxcmds.sty)
(/usr/share/texlive/texmf-dist/tex/latex/pdftexcmds/pdftexcmds.sty
(/usr/share/texlive/texmf-dist/tex/generic/infwarerr/infwarerr.sty))
(/usr/share/texlive/texmf-dist/tex/generic/kvsetkeys/kvsetkeys.sty)
(/usr/share/texlive/texmf-dist/tex/generic/kvdefinekeys/kvdefinekeys.sty)
(/usr/share/texlive/texmf-dist/tex/generic/pdfescape/pdfescape.sty)
(/usr/share/texlive/texmf-dist/tex/latex/hycolor/hycolor.sty)
(/usr/share/texlive/texmf-dist/tex/latex/letltxmacro/letltxmacro.sty)
(/usr/share/texlive/texmf-dist/tex/latex/auxhook/auxhook.sty)
(/usr/share/texlive/texmf-dist/tex/latex/kvoptions/kvoptions.sty)
(/usr/share/texlive/texmf-dist/tex/latex/hyperref/pd1enc.def)
(/usr/share/texlive/texmf-dist/tex/generic/intcalc/intcalc.sty)
(/usr/share/texlive/texmf-dist/tex/generic/etexcmds/etexcmds.sty)
(/usr/share/texlive/texmf-dist/tex/latex/url/url.sty)
(/usr/share/texlive/texmf-dist/tex/generic/bitset/bitset.sty
(/usr/share/texlive/texmf-dist/tex/generic/bigintcalc/bigintcalc.sty))
(/usr/share/texlive/texmf-dist/tex/generic/atbegshi/atbegshi.sty))
(/usr/share/texlive/texmf-dist/tex/latex/hyperref/hxetex.def
(/usr/share/texlive/texmf-dist/tex/latex/hyperref/puenc.def)
(/usr/share/texlive/texmf-dist/tex/generic/stringenc/stringenc.sty)
(/usr/share/texlive/texmf-dist/tex/latex/rerunfilecheck/rerunfilecheck.sty
(/usr/share/texlive/texmf-dist/tex/latex/atveryend/atveryend.sty)
(/usr/share/texlive/texmf-dist/tex/generic/uniquecounter/uniquecounter.sty)))
(/usr/share/texlive/texmf-dist/tex/latex/listings/listings.sty
(/usr/share/texlive/texmf-dist/tex/latex/listings/lstmisc.sty)
(/usr/share/texlive/texmf-dist/tex/latex/listings/listings.cfg))
(/usr/share/texlive/texmf-dist/tex/latex/enumitem/enumitem.sty)
(/usr/share/texlive/texmf-dist/tex/latex/preprint/authblk.sty)
(/usr/share/texlive/texmf-dist/tex/latex/tcolorbox/tcolorbox.sty
(/usr/share/texlive/texmf-dist/tex/latex/tools/verbatim.sty)
(/usr/share/texlive/texmf-dist/tex/latex/environ/environ.sty
(/usr/share/texlive/texmf-dist/tex/latex/trimspaces/trimspaces.sty))
(/usr/share/texlive/texmf-dist/tex/latex/tcolorbox/tcbraster.code.tex
Library (tcolorbox): 'tcbraster.code.tex' version '4.22'
) (/usr/share/texlive/texmf-dist/tex/latex/tcolorbox/tcbskins.code.tex
Library (tcolorbox): 'tcbskins.code.tex' version '4.22'
(/usr/share/texlive/texmf-dist/tex/latex/tcolorbox/tcbskinsjigsaw.code.tex
Library (tcolorbox): 'tcbskinsjigsaw.code.tex' version '4.22'
)) (/usr/share/texlive/texmf-dist/tex/latex/tcolorbox/tcbbreakable.code.tex
Library (tcolorbox): 'tcbbreakable.code.tex' version '4.22'
) (/usr/share/texlive/texmf-dist/tex/latex/tcolorbox/tcbhooks.code.tex
Library (tcolorbox): 'tcbhooks.code.tex' version '4.22'
) (/usr/share/texlive/texmf-dist/tex/latex/tcolorbox/tcbtheorems.code.tex
Library (tcolorbox): 'tcbtheorems.code.tex' version '4.22'
) (/usr/share/texlive/texmf-dist/tex/latex/tcolorbox/tcbfitting.code.tex
Library (tcolorbox): 'tcbfitting.code.tex' version '4.22'
) (/usr/share/texlive/texmf-dist/tex/latex/tcolorbox/tcbxparse.code.tex
Library (tcolorbox): 'tcbxparse.code.tex' version '4.22'
)) (./metadata.tex)
(/usr/share/texlive/texmf-dist/tex/latex/fancyhdr/fancyhdr.sty)
(/usr/share/texlive/texmf-dist/tex/latex/biblatex/biblatex.sty
(/usr/share/texlive/texmf-dist/tex/latex/logreq/logreq.sty
(/usr/share/texlive/texmf-dist/tex/latex/logreq/logreq.def))
(/usr/share/texlive/texmf-dist/tex/latex/biblatex/blx-dm.def)
(/usr/share/texlive/texmf-dist/tex/latex/biblatex/blx-unicode.def)
(/usr/share/texlive/texmf-dist/tex/latex/biblatex/blx-compat.def)
(/usr/share/texlive/texmf-dist/tex/latex/biblatex/biblatex.def)
(/usr/share/texlive/texmf-dist/tex/latex/biblatex/blx-natbib.def)
(/usr/share/texlive/texmf-dist/tex/latex/biblatex/bbx/numeric.bbx
(/usr/share/texlive/texmf-dist/tex/latex/biblatex/bbx/standard.bbx))
(/usr/share/texlive/texmf-dist/tex/latex/biblatex/cbx/numeric.cbx)
(/usr/share/texlive/texmf-dist/tex/latex/biblatex/biblatex.cfg))
(/usr/share/texlive/texmf-dist/tex/latex/natbib/bibentry.sty)
(/usr/share/texlive/texmf-dist/tex/latex/float/float.sty)
(/usr/share/texlive/texmf-dist/tex/generic/stringenc/se-ascii-print.def))
(../openreview/packages.tex
(/usr/share/texlive/texmf-dist/tex/latex/base/inputenc.sty

Package inputenc Warning: inputenc package ignored with utf8 based engines.

) (/usr/share/texlive/texmf-dist/tex/latex/base/fontenc.sty

LaTeX Font Warning: Font shape `T1/SourceSerifPro(0)/m/n' undefined
(Font)              using `T1/cmr/m/n' instead on input line 112.

) (/usr/share/texlive/texmf-dist/tex/latex/booktabs/booktabs.sty)
(/usr/share/texlive/texmf-dist/tex/latex/amsfonts/amsfonts.sty)
(/usr/share/texlive/texmf-dist/tex/latex/units/nicefrac.sty)
(/usr/share/texlive/texmf-dist/tex/latex/tools/bm.sty)
(/usr/share/texlive/texmf-dist/tex/latex/amsfonts/amssymb.sty)
(/usr/share/texlive/texmf-dist/tex/latex/psnfss/times.sty)
(/usr/share/texlive/texmf-dist/tex/latex/graphics/epsfig.sty)
(/usr/share/texlive/texmf-dist/tex/latex/amscls/amsthm.sty)
(/usr/share/texlive/texmf-dist/tex/latex/subfig/subfig.sty)
(/usr/share/texlive/texmf-dist/tex/latex/subfigure/subfigure.sty

! LaTeX Error: Command \c@subfigure already defined.
               Or name \end... illegal, see p.192 of the manual.

See the LaTeX manual or LaTeX Companion for explanation.
Type  H <return>  for immediate help.
 ...                                              
                                                  
l.113 \newcounter{subfigure}
                            [figure]

! LaTeX Error: Command \l@subfigure already defined.
               Or name \end... illegal, see p.192 of the manual.

See the LaTeX manual or LaTeX Companion for explanation.
Type  H <return>  for immediate help.
 ...                                              
                                                  
l.123 ...xxxline{\ext@subfigure}{2}{3.8em}{2.5em}}
                                                  

! LaTeX Error: Command \c@lofdepth already defined.
               Or name \end... illegal, see p.192 of the manual.

See the LaTeX manual or LaTeX Companion for explanation.
Type  H <return>  for immediate help.
 ...                                              
                                                  
l.124 \newcounter{lofdepth}
                           

! LaTeX Error: Command \c@subtable already defined.
               Or name \end... illegal, see p.192 of the manual.

See the LaTeX manual or LaTeX Companion for explanation.
Type  H <return>  for immediate help.
 ...                                              
                                                  
l.126 \newcounter{subtable}
                           [table]

! LaTeX Error: Command \l@subtable already defined.
               Or name \end... illegal, see p.192 of the manual.

See the LaTeX manual or LaTeX Companion for explanation.
Type  H <return>  for immediate help.
 ...                                              
                                                  
l.136 ...dxxxline{\ext@subtable}{2}{3.8em}{2.5em}}
                                                  

! LaTeX Error: Command \c@lotdepth already defined.
               Or name \end... illegal, see p.192 of the manual.

See the LaTeX manual or LaTeX Companion for explanation.
Type  H <return>  for immediate help.
 ...                                              
                                                  
l.137 \newcounter{lotdepth}
                           
****************************************
* Local config file subfigure.cfg used *
****************************************
(/usr/share/texlive/texmf-dist/tex/latex/subfigure/subfigure.cfg)

! LaTeX Error: Command \listsubcaptions already defined.
               Or name \end... illegal, see p.192 of the manual.

See the LaTeX manual or LaTeX Companion for explanation.
Type  H <return>  for immediate help.
 ...                                              
                                                  
l.294     {\@listsubcaptions{\@captype}}}
                                         

! LaTeX Error: Command \@listsubcaptions already defined.
               Or name \end... illegal, see p.192 of the manual.

See the LaTeX manual or LaTeX Companion for explanation.
Type  H <return>  for immediate help.
 ...                                              
                                                  
l.305   \gdef\@subfigcaptionlist{}}
                                   

! LaTeX Error: Command \@dottedxxxline already defined.
               Or name \end... illegal, see p.192 of the manual.

See the LaTeX manual or LaTeX Companion for explanation.
Type  H <return>  for immediate help.
 ...                                              
                                                  
l.358   \fi}
            

! LaTeX Error: Command \subfloat@label already defined.
               Or name \end... illegal, see p.192 of the manual.

See the LaTeX manual or LaTeX Companion for explanation.
Type  H <return>  for immediate help.
 ...                                              
                                                  
l.386 ...           \@nameuse{thesub\@captype}.)}}
                                                  

! LaTeX Error: Command \sf@@sub@label already defined.
               Or name \end... illegal, see p.192 of the manual.

See the LaTeX manual or LaTeX Companion for explanation.
Type  H <return>  for immediate help.
 ...                                              
                                                  
l.411   \@esphack}
                  

! LaTeX Error: Command \subref already defined.
               Or name \end... illegal, see p.192 of the manual.

See the LaTeX manual or LaTeX Companion for explanation.
Type  H <return>  for immediate help.
 ...                                              
                                                  
l.413   \ref{sub@#1}}
                     
) (/usr/share/texlive/texmf-dist/tex/latex/caption/subcaption.sty

! Package subcaption Error: This package can't be used in cooperation
(subcaption)                with the subfigure package.

See the subcaption package documentation for explanation.
Type  H <return>  for immediate help.
 ...                                              
                                                  
l.62 \subcaption@CheckCompatibility
                                   

! Package subcaption Error: This package can't be used in cooperation
(subcaption)                with the subfig package.

See the subcaption package documentation for explanation.
Type  H <return>  for immediate help.
 ...                                              
                                                  
l.62 \subcaption@CheckCompatibility
                                   
)

! LaTeX Error: Unknown option `labelformat=simple' for package `subcaption'.

See the LaTeX manual or LaTeX Companion for explanation.
Type  H <return>  for immediate help.
 ...                                              
                                                  
l.30 \usepackage
                {multirow}
(/usr/share/texlive/texmf-dist/tex/latex/multirow/multirow.sty)
(/usr/share/texlive/texmf-dist/tex/latex/makecell/makecell.sty))

Package csquotes Warning: Load 'inputenc' before 'csquotes' on input line 3.

(./article.aux) (/usr/share/texlive/texmf-dist/tex/latex/base/ts1cmr.fd)
(/usr/share/texlive/texmf-dist/tex/latex/psnfss/t1ptm.fd)

LaTeX Font Warning: Font shape `TU/ptm/m/n' undefined
(Font)              using `TU/lmr/m/n' instead on input line 3.

ABD: EveryShipout initializing macros
*geometry* driver: auto-detecting
*geometry* detected driver: xetex
(/usr/share/texlive/texmf-dist/tex/latex/microtype/mt-ptm.cfg)
(/usr/share/texlive/texmf-dist/tex/latex/hyperref/nameref.sty
(/usr/share/texlive/texmf-dist/tex/latex/refcount/refcount.sty)
(/usr/share/texlive/texmf-dist/tex/generic/gettitlestring/gettitlestring.sty))

Package hyperref Warning: Rerun to get /PageLabels entry.

(/usr/share/texlive/texmf-dist/tex/latex/biblatex/lbx/american.lbx
(/usr/share/texlive/texmf-dist/tex/latex/biblatex/lbx/english.lbx)
(/usr/share/texlive/texmf-dist/tex/latex/biblatex/lbx/english.lbx))
No file article.bbl.
(./header.tex
No file TUphv.fd.

LaTeX Font Warning: Font shape `TU/phv/m/n' undefined
(Font)              using `TU/lmr/m/n' instead on input line 18.

(/usr/share/texlive/texmf-dist/tex/latex/microtype/mt-LatinModernRoman.cfg)

LaTeX Font Warning: Font shape `TU/phv/b/n' undefined
(Font)              using `TU/phv/m/n' instead on input line 18.

(/usr/share/texlive/texmf-dist/tex/latex/psnfss/t1phv.fd)
(/usr/share/texlive/texmf-dist/tex/latex/amsfonts/umsa.fd)
(/usr/share/texlive/texmf-dist/tex/latex/microtype/mt-msa.cfg)
(/usr/share/texlive/texmf-dist/tex/latex/amsfonts/umsb.fd)
(/usr/share/texlive/texmf-dist/tex/latex/microtype/mt-msb.cfg)
(/usr/share/texlive/texmf-dist/tex/latex/microtype/mt-cmr.cfg)
Overfull \hbox (4.34573pt too wide) in paragraph at lines 50--50
 []\TU/phv/b/n/8 10.0000/zenodo.0000000

Underfull \hbox (badness 10000) in paragraph at lines 69--70
[]\TU/phv/m/n/7 Code is available at [][]https://github.com/[][] – DOI [][]00.0
000/zenodo.0000000[][]. – SWH
) (../openreview/content.tex

LaTeX Warning: Citation 'mainpaper' on page 1 undefined on input line 5.


LaTeX Warning: Citation 'ahn2018learning' on page 1 undefined on input line 5.


LaTeX Warning: Citation 'mainpaper' on page 1 undefined on input line 9.


LaTeX Warning: Citation 'ahn2018learning' on page 1 undefined on input line 9.


LaTeX Warning: Citation 'russakovsky2015ImageNet' on page 1 undefined on input 
line 9.


LaTeX Warning: Citation 'imagenet-seg' on page 1 undefined on input line 9.


LaTeX Warning: Citation 'mainpaper' on page 1 undefined on input line 9.


LaTeX Warning: Citation 'mainpaper' on page 1 undefined on input line 9.


LaTeX Warning: Citation 'mainpaper' on page 1 undefined on input line 12.


LaTeX Warning: Citation 'mainpaper' on page 1 undefined on input line 12.


LaTeX Warning: Citation 'ahn2018learning' on page 1 undefined on input line 12.



LaTeX Warning: Citation 'mainpaper' on page 1 undefined on input line 16.


LaTeX Warning: Citation 'ahn2018learning' on page 1 undefined on input line 16.



LaTeX Warning: Citation 'mainpaper' on page 1 undefined on input line 16.

[1]

LaTeX Warning: Citation 'mainpaper' on page 2 undefined on input line 20.

[2]

LaTeX Warning: Citation 'explanations' on page 3 undefined on input line 27.


LaTeX Warning: Citation 'renormalizationLRP' on page 3 undefined on input line 
27.


LaTeX Warning: Citation 'visiontransformer' on page 3 undefined on input line 2
7.


LaTeX Warning: Citation 'russakovsky2015ImageNet' on page 3 undefined on input 
line 27.


LaTeX Warning: Citation 'imagenet-seg' on page 3 undefined on input line 27.


LaTeX Warning: Citation 'mainpaper' on page 3 undefined on input line 27.


LaTeX Warning: Citation 'panoptic' on page 3 undefined on input line 29.


LaTeX Warning: Citation 'ahn2018learning' on page 3 undefined on input line 29.



LaTeX Warning: Citation 'he2017mask' on page 3 undefined on input line 34.


LaTeX Warning: Citation 'ahn2018learning' on page 3 undefined on input line 34.



LaTeX Warning: Citation 'zhou2016learning' on page 3 undefined on input line 34
.


LaTeX Warning: Citation 'chang2020weakly' on page 3 undefined on input line 34.



LaTeX Warning: Citation 'selvaraju2017grad' on page 3 undefined on input line 3
6.


LaTeX Warning: Citation 'rise' on page 3 undefined on input line 36.

[3]

LaTeX Warning: Citation 'vaswani2017attention' on page 4 undefined on input lin
e 38.


LaTeX Warning: Citation 'visiontransformer' on page 4 undefined on input line 3
8.


LaTeX Warning: Reference `sub:3.1' on page 4 undefined on input line 42.


LaTeX Warning: Reference `sub:3.2' on page 4 undefined on input line 42.


LaTeX Warning: Reference `sub:3.3' on page 4 undefined on input line 42.


LaTeX Warning: Citation 'visiontransformer' on page 4 undefined on input line 4
7.


LaTeX Warning: Citation 'vaswani2017attention' on page 4 undefined on input lin
e 47.


LaTeX Warning: Citation 'guidedtransformer' on page 4 undefined on input line 5
4.


LaTeX Warning: Reference `tbl:models' on page 4 undefined on input line 54.

No file TUpcr.fd.

LaTeX Font Warning: Font shape `TU/pcr/m/n' undefined
(Font)              using `TU/lmr/m/n' instead on input line 54.


LaTeX Font Warning: Font shape `TU/ptm/b/n' undefined
(Font)              using `TU/ptm/m/n' instead on input line 54.


LaTeX Warning: Citation 'visiontransformer' on page 4 undefined on input line 5
6.

[4]

LaTeX Warning: No positions in optional float specifier.
               Default added (so using `tbp') on input line 58.


LaTeX Warning: Citation 'visiontransformer' on page 5 undefined on input line 6
8.


LaTeX Warning: Citation 'visiontransformer' on page 5 undefined on input line 6
8.

! Undefined control sequence.
l.70 \AND
         \end{table*}

LaTeX Warning: Reference `section:intro' on page 5 undefined on input line 74.


LaTeX Warning: Citation 'renormalizationLRP' on page 5 undefined on input line 
74.


LaTeX Warning: Citation 'visiontransformer' on page 5 undefined on input line 7
4.


LaTeX Warning: Citation 'russakovsky2015ImageNet' on page 5 undefined on input 
line 74.


LaTeX Warning: Citation 'imagenet-seg' on page 5 undefined on input line 74.


LaTeX Warning: Citation 'mainpaper' on page 5 undefined on input line 74.

! Double superscript.
l.82 ...$(u, v)$ and $(v, u)$ to compute $R_j^{u}^
                                                  {(n)}$ and $R_j^{v}^{(n)}$...

! Double superscript.
l.82 ...$ to compute $R_j^{u}^{(n)}$ and $R_j^{v}^
                                                  {(n)}$. Given two such ten...

! Double superscript.
l.82 ...ize the relevances and get $\bar{R}_j^{u}^
                                                  {(n)}$ and $\bar{R}_j^{v}^...

! Double superscript.
l.82 ... $\bar{R}_j^{u}^{(n)}$ and $\bar{R}_j^{v}^
                                                  {(n)}$ respectively. In ad...

! Double superscript.
l.82 ...rmalization below would do since $R_j^{u}^
                                                  {(n)}$ and $R_j^{v}^{(n)}$...

! Double superscript.
l.82 ...uld do since $R_j^{u}^{(n)}$ and $R_j^{v}^
                                                  {(n)}$ have identical sums.
! Double superscript.
<argument>  R_j^{u}^
                    {(n)} &= \mathcal {G}\left (u, v, R^{(n-1)}\right ) \\ R...
l.88 \end{align*}
                 
! Double superscript.
<argument> ...(u, v, R^{(n-1)}\right ) \\ R_j^{v}^
                                                  {(n)} &= \mathcal {G}\left...
l.88 \end{align*}
                 
! Undefined control sequence.
<argument>  \abs 
                 {\sum _j{R_j^{u^{(n)}}}}
l.88 \end{align*}
                 
! Undefined control sequence.
<argument> \abs 
                {\sum _j {R_j^{u^{(n)}}}} + \abs {\sum _k{R_k^{v^{(n)}}}}
l.88 \end{align*}
                 
! Undefined control sequence.
<argument> \abs {\sum _j {R_j^{u^{(n)}}}} + \abs 
                                                 {\sum _k{R_k^{v^{(n)}}}}
l.88 \end{align*}
                 
! Undefined control sequence.
<argument> \abs 
                {\sum _k {R_k^{v^{(n)}}}}
l.88 \end{align*}
                 
! Undefined control sequence.
<argument> \abs 
                {\sum _j {R_j^{u^{(n)}}}} + \abs {\sum _k {R_k^{v^{(n)}}}}
l.88 \end{align*}
                 
! Undefined control sequence.
<argument> \abs {\sum _j {R_j^{u^{(n)}}}} + \abs 
                                                 {\sum _k {R_k^{v^{(n)}}}}
l.88 \end{align*}
                 
! Double superscript.
<argument>  R_j^{u}^
                    {(n)} &= \mathcal {G}\left (u, v, R^{(n-1)}\right ) \\ R...
l.88 \end{align*}
                 
! Double superscript.
<argument> ...(u, v, R^{(n-1)}\right ) \\ R_j^{v}^
                                                  {(n)} &= \mathcal {G}\left...
l.88 \end{align*}
                 
! Undefined control sequence.
<argument>  \abs 
                 {\sum _j{R_j^{u^{(n)}}}}
l.88 \end{align*}
                 
! Undefined control sequence.
<argument> \abs 
                {\sum _j {R_j^{u^{(n)}}}} + \abs {\sum _k{R_k^{v^{(n)}}}}
l.88 \end{align*}
                 
! Undefined control sequence.
<argument> \abs {\sum _j {R_j^{u^{(n)}}}} + \abs 
                                                 {\sum _k{R_k^{v^{(n)}}}}
l.88 \end{align*}
                 
! Undefined control sequence.
<argument> \abs 
                {\sum _k {R_k^{v^{(n)}}}}
l.88 \end{align*}
                 
! Undefined control sequence.
<argument> \abs 
                {\sum _j {R_j^{u^{(n)}}}} + \abs {\sum _k {R_k^{v^{(n)}}}}
l.88 \end{align*}
                 
! Undefined control sequence.
<argument> \abs {\sum _j {R_j^{u^{(n)}}}} + \abs 
                                                 {\sum _k {R_k^{v^{(n)}}}}
l.88 \end{align*}
                 

LaTeX Warning: Citation 'imagenet-seg' on page 5 undefined on input line 89.


LaTeX Warning: Citation 'mainpaper' on page 5 undefined on input line 89.


LaTeX Warning: Reference `fig:fig1' on page 5 undefined on input line 89.


LaTeX Warning: Citation 'ahn2018learning' on page 5 undefined on input line 93.


[5]

! Package amsmath Error: Multiple \label's: label 'eq:relevance' will be lost.

See the amsmath package documentation for explanation.
Type  H <return>  for immediate help.
 ...                                              
                                                  
l.104 \end{align*}
                  

LaTeX Warning: Citation 'krahenbuhl2011efficient' on page 6 undefined on input 
line 105.

[6]

LaTeX Warning: Citation 'ahn2018learning' on page 7 undefined on input line 122
.


LaTeX Warning: Citation 'ahn2018learning' on page 7 undefined on input line 122
.


! Package amsmath Error: Multiple \label's: label 'eq:dropweight' will be lost.


See the amsmath package documentation for explanation.
Type  H <return>  for immediate help.
 ...                                              
                                                  
l.130 \end{align*}
                  

! Package amsmath Error: Multiple \label's: label 'eq:dropweight' will be lost.


See the amsmath package documentation for explanation.
Type  H <return>  for immediate help.
 ...                                              
                                                  
l.134 \end{align*}
                  

! Package amsmath Error: Multiple \label's: label 'eq:dropweight' will be lost.


See the amsmath package documentation for explanation.
Type  H <return>  for immediate help.
 ...                                              
                                                  
l.138 \end{align*}
                  

! Package amsmath Error: Multiple \label's: label 'eq:dropweight' will be lost.


See the amsmath package documentation for explanation.
Type  H <return>  for immediate help.
 ...                                              
                                                  
l.142 \end{align*}
                  
! Undefined control sequence.
<argument> ...opweight} T_{rw}=D_w^{-1}W^\omicron 
                                                  {o\beta } 
l.150 \end{align*}
                  

! Package amsmath Error: Multiple \label's: label 'eq:dropweight' will be lost.


See the amsmath package documentation for explanation.
Type  H <return>  for immediate help.
 ...                                              
                                                  
l.150 \end{align*}
                  
! Undefined control sequence.
<argument> ...opweight} T_{rw}=D_w^{-1}W^\omicron 
                                                  {o\beta } 
l.150 \end{align*}
                  
! Undefined control sequence.
l.151 ...ilities are ignored. Naturally, the \byta
                                                   hyperparameter has to be ...

[7]

! Package amsmath Error: Multiple \label's: label 'eq:dropweight' will be lost.


See the amsmath package documentation for explanation.
Type  H <return>  for immediate help.
 ...                                              
                                                  
l.155 \end{align*}
                  

! Package amsmath Error: Multiple \label's: label 'eq:dropweight' will be lost.


See the amsmath package documentation for explanation.
Type  H <return>  for immediate help.
 ...                                              
                                                  
l.160 \end{align*}
                  

LaTeX Warning: Citation 'russakovsky2015ImageNet' on page 8 undefined on input 
line 168.


LaTeX Warning: Citation 'imagenet-seg' on page 8 undefined on input line 168.


LaTeX Warning: Citation 'Everingham15' on page 8 undefined on input line 168.


LaTeX Warning: Citation 'mainpaper' on page 8 undefined on input line 172.


LaTeX Warning: Reference `tab:perturbations' on page 8 undefined on input line 
172.


LaTeX Warning: Reference `tab:segmentation' on page 8 undefined on input line 1
72.


LaTeX Warning: Citation 'russakovsky2015ImageNet' on page 8 undefined on input 
line 172.


LaTeX Warning: Reference `tab:perturbations' on page 8 undefined on input line 
173.


LaTeX Warning: Reference `tab:segmentation' on page 8 undefined on input line 1
73.


LaTeX Warning: Reference `ImageNet_results' on page 8 undefined on input line 1
73.


LaTeX Warning: Citation 'samira2005' on page 8 undefined on input line 183.


LaTeX Warning: Citation 'selvaraju2017grad' on page 8 undefined on input line 1
83.


LaTeX Warning: Citation 'binder2016layer' on page 8 undefined on input line 183
.


LaTeX Warning: Citation 'voita2019analyzing' on page 8 undefined on input line 
183.


LaTeX Warning: Citation 'mainpaper' on page 8 undefined on input line 183.


Overfull \hbox (153.93376pt too wide) in alignment at lines 180--191
[] [] [] [] [] [] [] [] [] 

LaTeX Warning: Citation 'russakovsky2015ImageNet' on page 8 undefined on input 
line 193.


LaTeX Warning: Citation 'mainpaper' on page 8 undefined on input line 193.


LaTeX Warning: Citation 'russakovsky2015ImageNet' on page 8 undefined on input 
line 193.


LaTeX Warning: Citation 'mainpaper' on page 8 undefined on input line 193.


LaTeX Warning: `!h' float specifier changed to `!ht'.


LaTeX Warning: Citation 'samira2005' on page 8 undefined on input line 204.


LaTeX Warning: Citation 'selvaraju2017grad' on page 8 undefined on input line 2
04.


LaTeX Warning: Citation 'binder2016layer' on page 8 undefined on input line 204
.


LaTeX Warning: Citation 'voita2019analyzing' on page 8 undefined on input line 
204.


LaTeX Warning: Citation 'mainpaper' on page 8 undefined on input line 204.


Overfull \hbox (134.394pt too wide) in alignment at lines 201--210
[] [] [] [] [] [] [] [] 

LaTeX Warning: Citation 'imagenet-seg' on page 8 undefined on input line 212.


LaTeX Warning: Citation 'mainpaper' on page 8 undefined on input line 212.


LaTeX Warning: Citation 'imagenet-seg' on page 8 undefined on input line 212.


LaTeX Warning: Citation 'mainpaper' on page 8 undefined on input line 212.


LaTeX Warning: `!h' float specifier changed to `!ht'.


LaTeX Warning: Reference `tab:Affinity' on page 8 undefined on input line 217.


LaTeX Warning: Citation 'ahn2018learning' on page 8 undefined on input line 217
.


LaTeX Warning: Reference `Pascal_results' on page 8 undefined on input line 217
.


LaTeX Warning: Citation 'zhou2016learning' on page 8 undefined on input line 22
5.


LaTeX Warning: Citation 'ahn2018learning' on page 8 undefined on input line 225
.


Overfull \hbox (12.38458pt too wide) in alignment at lines 223--232
[] [] [] [] [] 

LaTeX Warning: Citation 'Everingham15' on page 8 undefined on input line 234.


LaTeX Warning: Citation 'Everingham15' on page 8 undefined on input line 234.


LaTeX Warning: `!h' float specifier changed to `!ht'.


LaTeX Warning: Citation 'mainpaper' on page 8 undefined on input line 240.

[8]

LaTeX Warning: Citation 'mainpaper' on page 9 undefined on input line 244.


LaTeX Warning: Citation 'ahn2018learning' on page 9 undefined on input line 244
.


LaTeX Warning: Reference `tab:perturbations' on page 9 undefined on input line 
244.


LaTeX Warning: Reference `tab:segmentation' on page 9 undefined on input line 2
44.


LaTeX Warning: Citation 'mainpaper' on page 9 undefined on input line 244.

[9]

LaTeX Warning: Reference `tab:Affinity' on page 10 undefined on input line 246.



LaTeX Warning: Citation 'ahn2018learning' on page 10 undefined on input line 24
6.


LaTeX Warning: Citation 'ahn2018learning' on page 10 undefined on input line 24
6.

)

! Package biblatex Error: '\bibliographystyle' invalid.

See the biblatex package documentation for explanation.
Type  H <return>  for immediate help.
 ...                                              
                                                  
l.8 \bibliographystyle{ieeetr}
                              

! LaTeX Error: Can be used only in preamble.

See the LaTeX manual or LaTeX Companion for explanation.
Type  H <return>  for immediate help.
 ...                                              
                                                  
l.9 \bibliography
                 {bibliography}
(../openreview/appendix.tex [10]

LaTeX Warning: Citation 'mainpaper' on page 11 undefined on input line 5.


Package hyperref Warning: Token not allowed in a PDF string (Unicode):
(hyperref)                removing `\cite' on input line 5.


LaTeX Warning: Citation 'mainpaper' on page 11 undefined on input line 7.


LaTeX Warning: Citation 'imagenet-seg' on page 11 undefined on input line 12.


LaTeX Warning: Citation 'imagenet-seg' on page 11 undefined on input line 12.


LaTeX Warning: Citation 'imagenet-seg' on page 11 undefined on input line 23.


LaTeX Warning: Citation 'imagenet-seg' on page 11 undefined on input line 23.


LaTeX Warning: Citation 'imagenet-seg' on page 11 undefined on input line 34.


LaTeX Warning: Citation 'imagenet-seg' on page 11 undefined on input line 34.

[11]

LaTeX Warning: Citation 'imagenet-seg' on page 12 undefined on input line 45.


LaTeX Warning: Citation 'imagenet-seg' on page 12 undefined on input line 45.


LaTeX Warning: Citation 'imagenet-seg' on page 12 undefined on input line 56.


LaTeX Warning: Citation 'imagenet-seg' on page 12 undefined on input line 56.


LaTeX Warning: Citation 'mainpaper' on page 12 undefined on input line 66.


LaTeX Warning: Citation 'ahn2018learning' on page 12 undefined on input line 72
.


LaTeX Warning: Citation 'ahn2018learning' on page 12 undefined on input line 72
.

[12]

LaTeX Warning: Citation 'ahn2018learning' on page 13 undefined on input line 90
.


LaTeX Warning: Citation 'ahn2018learning' on page 13 undefined on input line 90
.


LaTeX Warning: Citation 'ahn2018learning' on page 13 undefined on input line 10
8.


LaTeX Warning: Citation 'ahn2018learning' on page 13 undefined on input line 10
8.


LaTeX Warning: Citation 'ahn2018learning' on page 13 undefined on input line 12
6.


LaTeX Warning: Citation 'ahn2018learning' on page 13 undefined on input line 12
6.

) [13] (./article.aux)

Package rerunfilecheck Warning: File `article.out' has changed.
(rerunfilecheck)                Rerun to get outlines right
(rerunfilecheck)                or use package `bookmark'.


LaTeX Font Warning: Some font shapes were not available, defaults substituted.


LaTeX Warning: There were undefined references.


LaTeX Warning: Label(s) may have changed. Rerun to get cross-references right.


Package biblatex Warning: Please (re)run Biber on the file:
(biblatex)                article
(biblatex)                and rerun LaTeX afterwards.

 )
(see the transcript file for additional information)
Output written on article.pdf (13 pages).
Transcript written on article.log.
=== TeX engine is 'XeTeX'
Latexmk: 'pdflatex': source file 'TUpcr.fd' doesn't exist. I'll try making it...
make[1]: Entering directory '/home/georg_mosh/MLRC/2021/athanasiadis2022weaklysupervised/journal'
make[1]: Leaving directory '/home/georg_mosh/MLRC/2021/athanasiadis2022weaklysupervised/journal'
Latexmk: 'pdflatex': source file 'TUphv.fd' doesn't exist. I'll try making it...
make[1]: Entering directory '/home/georg_mosh/MLRC/2021/athanasiadis2022weaklysupervised/journal'
make[1]: Leaving directory '/home/georg_mosh/MLRC/2021/athanasiadis2022weaklysupervised/journal'
Latexmk: 'pdflatex': source file 'article.bbl' doesn't exist. I'll try making it...
make[1]: Entering directory '/home/georg_mosh/MLRC/2021/athanasiadis2022weaklysupervised/journal'
make[1]: Leaving directory '/home/georg_mosh/MLRC/2021/athanasiadis2022weaklysupervised/journal'
Latexmk: Errors, so I did not complete making targets
