\BOOKMARK [1][-]{section.1}{Introduction}{}% 1
\BOOKMARK [1][-]{section.2}{Scope of reproducibility}{}% 2
\BOOKMARK [1][-]{section.3}{Theoretical background}{}% 3
\BOOKMARK [2][-]{subsection.3.1}{NeurADP: Neural Approximate Dynamic Programming}{section.3}% 4
\BOOKMARK [2][-]{subsection.3.2}{Fairness-based objective functions}{section.3}% 5
\BOOKMARK [2][-]{subsection.3.3}{Income redistribution}{section.3}% 6
\BOOKMARK [1][-]{section.4}{Methodology}{}% 7
\BOOKMARK [2][-]{subsection.4.1}{Datasets}{section.4}% 8
\BOOKMARK [3][-]{subsubsection.4.1.1}{NYC yellow taxi data Manhattan}{subsection.4.1}% 9
\BOOKMARK [3][-]{subsubsection.4.1.2}{Demographics by Neighborhood Tabulation Area}{subsection.4.1}% 10
\BOOKMARK [2][-]{subsection.4.2}{Code}{section.4}% 11
\BOOKMARK [2][-]{subsection.4.3}{Hyperparameters}{section.4}% 12
\BOOKMARK [2][-]{subsection.4.4}{Computational requirements}{section.4}% 13
\BOOKMARK [2][-]{subsection.4.5}{Experimental setup}{section.4}% 14
\BOOKMARK [1][-]{section.5}{Results}{}% 15
\BOOKMARK [2][-]{subsection.5.1}{Reproducibility result 1 - Fairness objective functions}{section.5}% 16
\BOOKMARK [2][-]{subsection.5.2}{Reproducibility result 2 - Income redistribution}{section.5}% 17
\BOOKMARK [2][-]{subsection.5.3}{Results for Manhattan neighbourhoods and incorporating demographic data}{section.5}% 18
\BOOKMARK [1][-]{section.6}{Discussion}{}% 19
\BOOKMARK [2][-]{subsection.6.1}{What was easy}{section.6}% 20
\BOOKMARK [2][-]{subsection.6.2}{What was difficult}{section.6}% 21
\BOOKMARK [2][-]{subsection.6.3}{Communication with original authors}{section.6}% 22
