This is pdfTeX, Version 3.14159265-2.6-1.40.21 (TeX Live 2020/Debian) (preloaded format=pdflatex 2021.10.31)  29 APR 2022 12:02
entering extended mode
 restricted \write18 enabled.
 file:line:error style messages enabled.
 %&-line parsing enabled.
**/home/radu/FinalReScience/MLRC/2021/boer2022reproducibility/openreview/main.tex
(/home/radu/FinalReScience/MLRC/2021/boer2022reproducibility/openreview/main.tex
LaTeX2e <2020-10-01> patch level 4
L3 programming layer <2021-01-09> xparse <2020-03-03> (/usr/share/texlive/texmf-dist/tex/latex/base/article.cls
Document Class: article 2020/04/10 v1.4m Standard LaTeX document class
(/usr/share/texlive/texmf-dist/tex/latex/base/size10.clo
File: size10.clo 2020/04/10 v1.4m Standard LaTeX file (size option)
)
\c@part=\count177
\c@section=\count178
\c@subsection=\count179
\c@subsubsection=\count180
\c@paragraph=\count181
\c@subparagraph=\count182
\c@figure=\count183
\c@table=\count184
\abovecaptionskip=\skip47
\belowcaptionskip=\skip48
\bibindent=\dimen138
) (./packages.tex (/usr/share/texlive/texmf-dist/tex/latex/base/inputenc.sty
Package: inputenc 2020/08/01 v1.3d Input encoding file
\inpenc@prehook=\toks15
\inpenc@posthook=\toks16
) (/usr/share/texlive/texmf-dist/tex/latex/hyperref/hyperref.sty
Package: hyperref 2020-05-15 v7.00e Hypertext links for LaTeX
 (/usr/share/texlive/texmf-dist/tex/generic/ltxcmds/ltxcmds.sty
Package: ltxcmds 2020-05-10 v1.25 LaTeX kernel commands for general use (HO)
) (/usr/share/texlive/texmf-dist/tex/generic/iftex/iftex.sty
Package: iftex 2020/03/06 v1.0d TeX engine tests
) (/usr/share/texlive/texmf-dist/tex/generic/pdftexcmds/pdftexcmds.sty
Package: pdftexcmds 2020-06-27 v0.33 Utility functions of pdfTeX for LuaTeX (HO)
 (/usr/share/texlive/texmf-dist/tex/generic/infwarerr/infwarerr.sty
Package: infwarerr 2019/12/03 v1.5 Providing info/warning/error messages (HO)
)
Package pdftexcmds Info: \pdf@primitive is available.
Package pdftexcmds Info: \pdf@ifprimitive is available.
Package pdftexcmds Info: \pdfdraftmode found.
) (/usr/share/texlive/texmf-dist/tex/latex/graphics/keyval.sty
Package: keyval 2014/10/28 v1.15 key=value parser (DPC)
\KV@toks@=\toks17
) (/usr/share/texlive/texmf-dist/tex/generic/kvsetkeys/kvsetkeys.sty
Package: kvsetkeys 2019/12/15 v1.18 Key value parser (HO)
) (/usr/share/texlive/texmf-dist/tex/generic/kvdefinekeys/kvdefinekeys.sty
Package: kvdefinekeys 2019-12-19 v1.6 Define keys (HO)
) (/usr/share/texlive/texmf-dist/tex/generic/pdfescape/pdfescape.sty
Package: pdfescape 2019/12/09 v1.15 Implements pdfTeX's escape features (HO)
) (/usr/share/texlive/texmf-dist/tex/latex/hycolor/hycolor.sty
Package: hycolor 2020-01-27 v1.10 Color options for hyperref/bookmark (HO)
) (/usr/share/texlive/texmf-dist/tex/latex/letltxmacro/letltxmacro.sty
Package: letltxmacro 2019/12/03 v1.6 Let assignment for LaTeX macros (HO)
) (/usr/share/texlive/texmf-dist/tex/latex/auxhook/auxhook.sty
Package: auxhook 2019-12-17 v1.6 Hooks for auxiliary files (HO)
) (/usr/share/texlive/texmf-dist/tex/latex/kvoptions/kvoptions.sty
Package: kvoptions 2020-10-07 v3.14 Key value format for package options (HO)
)
\@linkdim=\dimen139
\Hy@linkcounter=\count185
\Hy@pagecounter=\count186
 (/usr/share/texlive/texmf-dist/tex/latex/hyperref/pd1enc.def
File: pd1enc.def 2020-05-15 v7.00e Hyperref: PDFDocEncoding definition (HO)
Now handling font encoding PD1 ...
... no UTF-8 mapping file for font encoding PD1
) (/usr/share/texlive/texmf-dist/tex/generic/intcalc/intcalc.sty
Package: intcalc 2019/12/15 v1.3 Expandable calculations with integers (HO)
) (/usr/share/texlive/texmf-dist/tex/generic/etexcmds/etexcmds.sty
Package: etexcmds 2019/12/15 v1.7 Avoid name clashes with e-TeX commands (HO)
)
\Hy@SavedSpaceFactor=\count187
Package hyperref Info: Hyper figures OFF on input line 4464.
Package hyperref Info: Link nesting OFF on input line 4469.
Package hyperref Info: Hyper index ON on input line 4472.
Package hyperref Info: Plain pages OFF on input line 4479.
Package hyperref Info: Backreferencing OFF on input line 4484.
Package hyperref Info: Implicit mode ON; LaTeX internals redefined.
Package hyperref Info: Bookmarks ON on input line 4717.
\c@Hy@tempcnt=\count188
 (/usr/share/texlive/texmf-dist/tex/latex/url/url.sty
\Urlmuskip=\muskip16
Package: url 2013/09/16  ver 3.4  Verb mode for urls, etc.
)
LaTeX Info: Redefining \url on input line 5076.
\XeTeXLinkMargin=\dimen140
 (/usr/share/texlive/texmf-dist/tex/generic/bitset/bitset.sty
Package: bitset 2019/12/09 v1.3 Handle bit-vector datatype (HO)
 (/usr/share/texlive/texmf-dist/tex/generic/bigintcalc/bigintcalc.sty
Package: bigintcalc 2019/12/15 v1.5 Expandable calculations on big integers (HO)
))
\Fld@menulength=\count189
\Field@Width=\dimen141
\Fld@charsize=\dimen142
Package hyperref Info: Hyper figures OFF on input line 6347.
Package hyperref Info: Link nesting OFF on input line 6352.
Package hyperref Info: Hyper index ON on input line 6355.
Package hyperref Info: backreferencing OFF on input line 6362.
Package hyperref Info: Link coloring OFF on input line 6367.
Package hyperref Info: Link coloring with OCG OFF on input line 6372.
Package hyperref Info: PDF/A mode OFF on input line 6377.
LaTeX Info: Redefining \ref on input line 6417.
LaTeX Info: Redefining \pageref on input line 6421.
 (/usr/share/texlive/texmf-dist/tex/latex/base/atbegshi-ltx.sty
Package: atbegshi-ltx 2020/08/17 v1.0a Emulation of the original atbegshi package
with kernel methods
)
\Hy@abspage=\count190
\c@Item=\count191
\c@Hfootnote=\count192
)
Package hyperref Info: Driver (autodetected): hpdftex.
 (/usr/share/texlive/texmf-dist/tex/latex/hyperref/hpdftex.def
File: hpdftex.def 2020-05-15 v7.00e Hyperref driver for pdfTeX
 (/usr/share/texlive/texmf-dist/tex/latex/base/atveryend-ltx.sty
Package: atveryend-ltx 2020/08/19 v1.0a Emulation of the original atvery package
with kernel methods
)
\Fld@listcount=\count193
\c@bookmark@seq@number=\count194
 (/usr/share/texlive/texmf-dist/tex/latex/rerunfilecheck/rerunfilecheck.sty
Package: rerunfilecheck 2019/12/05 v1.9 Rerun checks for auxiliary files (HO)
 (/usr/share/texlive/texmf-dist/tex/generic/uniquecounter/uniquecounter.sty
Package: uniquecounter 2019/12/15 v1.4 Provide unlimited unique counter (HO)
)
Package uniquecounter Info: New unique counter `rerunfilecheck' on input line 286.
)
\Hy@SectionHShift=\skip49
) (/usr/share/texlive/texmf-dist/tex/latex/booktabs/booktabs.sty
Package: booktabs 2020/01/12 v1.61803398 Publication quality tables
\heavyrulewidth=\dimen143
\lightrulewidth=\dimen144
\cmidrulewidth=\dimen145
\belowrulesep=\dimen146
\belowbottomsep=\dimen147
\aboverulesep=\dimen148
\abovetopsep=\dimen149
\cmidrulesep=\dimen150
\cmidrulekern=\dimen151
\defaultaddspace=\dimen152
\@cmidla=\count195
\@cmidlb=\count196
\@aboverulesep=\dimen153
\@belowrulesep=\dimen154
\@thisruleclass=\count197
\@lastruleclass=\count198
\@thisrulewidth=\dimen155
) (/usr/share/texlive/texmf-dist/tex/latex/amsfonts/amsfonts.sty
Package: amsfonts 2013/01/14 v3.01 Basic AMSFonts support
\@emptytoks=\toks18
\symAMSa=\mathgroup4
\symAMSb=\mathgroup5
LaTeX Font Info:    Redeclaring math symbol \hbar on input line 98.
LaTeX Font Info:    Overwriting math alphabet `\mathfrak' in version `bold'
(Font)                  U/euf/m/n --> U/euf/b/n on input line 106.
) (/usr/share/texlive/texmf-dist/tex/latex/units/nicefrac.sty
Package: nicefrac 1998/08/04 v0.9b Nice fractions
\L@UnitsRaiseDisplaystyle=\skip50
\L@UnitsRaiseTextstyle=\skip51
\L@UnitsRaiseScriptstyle=\skip52
 (/usr/share/texlive/texmf-dist/tex/latex/base/ifthen.sty
Package: ifthen 2014/09/29 v1.1c Standard LaTeX ifthen package (DPC)
)) (/usr/share/texlive/texmf-dist/tex/latex/microtype/microtype.sty
Package: microtype 2020/12/07 v2.8 Micro-typographical refinements (RS)
\MT@toks=\toks19
\MT@count=\count199
LaTeX Info: Redefining \textls on input line 788.
\MT@outer@kern=\dimen156
LaTeX Info: Redefining \textmicrotypecontext on input line 1358.
\MT@listname@count=\count266
 (/usr/share/texlive/texmf-dist/tex/latex/microtype/microtype-pdftex.def
File: microtype-pdftex.def 2020/12/07 v2.8 Definitions specific to pdftex (RS)
LaTeX Info: Redefining \lsstyle on input line 915.
LaTeX Info: Redefining \lslig on input line 915.
\MT@outer@space=\skip53
)
Package microtype Info: Loading configuration file microtype.cfg.
 (/usr/share/texlive/texmf-dist/tex/latex/microtype/microtype.cfg
File: microtype.cfg 2020/12/07 v2.8 microtype main configuration file (RS)
)) (/usr/share/texlive/texmf-dist/tex/latex/multirow/multirow.sty
Package: multirow 2021/01/29 v2.7 Span multiple rows of a table
\multirow@colwidth=\skip54
\multirow@cntb=\count267
\multirow@dima=\skip55
\bigstrutjot=\dimen157
) (/usr/share/texlive/texmf-dist/tex/latex/graphics/graphicx.sty
Package: graphicx 2020/09/09 v1.2b Enhanced LaTeX Graphics (DPC,SPQR)
 (/usr/share/texlive/texmf-dist/tex/latex/graphics/graphics.sty
Package: graphics 2020/08/30 v1.4c Standard LaTeX Graphics (DPC,SPQR)
 (/usr/share/texlive/texmf-dist/tex/latex/graphics/trig.sty
Package: trig 2016/01/03 v1.10 sin cos tan (DPC)
) (/usr/share/texlive/texmf-dist/tex/latex/graphics-cfg/graphics.cfg
File: graphics.cfg 2016/06/04 v1.11 sample graphics configuration
)
Package graphics Info: Driver file: pdftex.def on input line 105.
 (/usr/share/texlive/texmf-dist/tex/latex/graphics-def/pdftex.def
File: pdftex.def 2020/10/05 v1.2a Graphics/color driver for pdftex
))
\Gin@req@height=\dimen158
\Gin@req@width=\dimen159
) (/usr/share/texlive/texmf-dist/tex/latex/amsmath/amsmath.sty
Package: amsmath 2020/09/23 v2.17i AMS math features
\@mathmargin=\skip56

For additional information on amsmath, use the `?' option.
(/usr/share/texlive/texmf-dist/tex/latex/amsmath/amstext.sty
Package: amstext 2000/06/29 v2.01 AMS text
 (/usr/share/texlive/texmf-dist/tex/latex/amsmath/amsgen.sty
File: amsgen.sty 1999/11/30 v2.0 generic functions
\@emptytoks=\toks20
\ex@=\dimen160
)) (/usr/share/texlive/texmf-dist/tex/latex/amsmath/amsbsy.sty
Package: amsbsy 1999/11/29 v1.2d Bold Symbols
\pmbraise@=\dimen161
) (/usr/share/texlive/texmf-dist/tex/latex/amsmath/amsopn.sty
Package: amsopn 2016/03/08 v2.02 operator names
)
\inf@bad=\count268
LaTeX Info: Redefining \frac on input line 234.
\uproot@=\count269
\leftroot@=\count270
LaTeX Info: Redefining \overline on input line 399.
\classnum@=\count271
\DOTSCASE@=\count272
LaTeX Info: Redefining \ldots on input line 496.
LaTeX Info: Redefining \dots on input line 499.
LaTeX Info: Redefining \cdots on input line 620.
\Mathstrutbox@=\box47
\strutbox@=\box48
\big@size=\dimen162
LaTeX Font Info:    Redeclaring font encoding OML on input line 743.
LaTeX Font Info:    Redeclaring font encoding OMS on input line 744.
\macc@depth=\count273
\c@MaxMatrixCols=\count274
\dotsspace@=\muskip17
\c@parentequation=\count275
\dspbrk@lvl=\count276
\tag@help=\toks21
\row@=\count277
\column@=\count278
\maxfields@=\count279
\andhelp@=\toks22
\eqnshift@=\dimen163
\alignsep@=\dimen164
\tagshift@=\dimen165
\tagwidth@=\dimen166
\totwidth@=\dimen167
\lineht@=\dimen168
\@envbody=\toks23
\multlinegap=\skip57
\multlinetaggap=\skip58
\mathdisplay@stack=\toks24
LaTeX Info: Redefining \[ on input line 2923.
LaTeX Info: Redefining \] on input line 2924.
) (/usr/share/texlive/texmf-dist/tex/latex/float/float.sty
Package: float 2001/11/08 v1.3d Float enhancements (AL)
\c@float@type=\count280
\float@exts=\toks25
\float@box=\box49
\@float@everytoks=\toks26
\@floatcapt=\box50
) (/usr/share/texlive/texmf-dist/tex/latex/caption/subcaption.sty
Package: subcaption 2020/10/07 v1.3j Sub-captions (AR)
 (/usr/share/texlive/texmf-dist/tex/latex/caption/caption.sty
Package: caption 2020/10/26 v3.5g Customizing captions (AR)
 (/usr/share/texlive/texmf-dist/tex/latex/caption/caption3.sty
Package: caption3 2020/10/21 v2.2e caption3 kernel (AR)
\captionmargin=\dimen169
\captionmargin@=\dimen170
\captionwidth=\dimen171
\caption@tempdima=\dimen172
\caption@indent=\dimen173
\caption@parindent=\dimen174
\caption@hangindent=\dimen175
Package caption Info: Standard document class detected.
)
\c@caption@flags=\count281
\c@continuedfloat=\count282
Package caption Info: float package is loaded.
Package caption Info: hyperref package is loaded.
)
\c@subfigure=\count283
\c@subtable=\count284
) (/usr/share/texlive/texmf-dist/tex/latex/cleveref/cleveref.sty
Package: cleveref 2018/03/27 v0.21.4 Intelligent cross-referencing
Package cleveref Info: `hyperref' support loaded on input line 2370.
LaTeX Info: Redefining \cref on input line 2370.
LaTeX Info: Redefining \Cref on input line 2370.
LaTeX Info: Redefining \crefrange on input line 2370.
LaTeX Info: Redefining \Crefrange on input line 2370.
LaTeX Info: Redefining \cpageref on input line 2370.
LaTeX Info: Redefining \Cpageref on input line 2370.
LaTeX Info: Redefining \cpagerefrange on input line 2370.
LaTeX Info: Redefining \Cpagerefrange on input line 2370.
LaTeX Info: Redefining \labelcref on input line 2370.
LaTeX Info: Redefining \labelcpageref on input line 2370.
Package cleveref Info: always capitalise cross-reference names on input line 7830.
Package cleveref Info: no abbreviation of names on input line 7852.
Package cleveref Info: always capitalise cross-reference names on input line 7852.
) (/usr/share/texlive/texmf-dist/tex/latex/enumitem/enumitem.sty
Package: enumitem 2019/06/20 v3.9 Customized lists
\labelindent=\skip59
\enit@outerparindent=\dimen176
\enit@toks=\toks27
\enit@inbox=\box51
\enit@count@id=\count285
\enitdp@description=\count286
) (/usr/share/texlive/texmf-dist/tex/latex/amsfonts/amssymb.sty
Package: amssymb 2013/01/14 v3.01 AMS font symbols
) (/usr/share/texlive/texmf-dist/tex/generic/ulem/ulem.sty
\UL@box=\box52
\UL@hyphenbox=\box53
\UL@skip=\skip60
\UL@hook=\toks28
\UL@height=\dimen177
\UL@pe=\count287
\UL@pixel=\dimen178
\ULC@box=\box54
Package: ulem 2019/11/18
\ULdepth=\dimen179
) (/usr/share/texlive/texmf-dist/tex/latex/wrapfig/wrapfig.sty
\wrapoverhang=\dimen180
\WF@size=\dimen181
\c@WF@wrappedlines=\count288
\WF@box=\box55
\WF@everypar=\toks29
Package: wrapfig 2003/01/31  v 3.6
) (/usr/share/texlive/texmf-dist/tex/latex/lipsum/lipsum.sty (/usr/share/texlive/texmf-dist/tex/latex/l3kernel/expl3.sty
Package: expl3 2021-01-09 L3 programming layer (loader) 
 (/usr/share/texlive/texmf-dist/tex/latex/l3backend/l3backend-pdftex.def
File: l3backend-pdftex.def 2020-01-29 L3 backend support: PDF output (pdfTeX)
\l__color_backend_stack_int=\count289
\l__pdf_internal_box=\box56
)) (/usr/share/texlive/texmf-dist/tex/latex/l3packages/xparse/xparse.sty
Package: xparse 2020-10-27 L3 Experimental document command parser
 (/usr/share/texlive/texmf-dist/tex/latex/l3packages/xparse/xparse-generic.tex))
Package: lipsum 2019/01/02 v2.2 150 paragraphs of Lorem Ipsum dummy text
 (/usr/share/texlive/texmf-dist/tex/latex/lipsum/lipsum.ltd.tex
File: lipsum.ltd.tex 2019/01/02 v2.2 The Lorem ipsum dummy text
))) (out/main.aux)
\openout1 = `main.aux'.

LaTeX Font Info:    Checking defaults for OML/cmm/m/it on input line 31.
LaTeX Font Info:    ... okay on input line 31.
LaTeX Font Info:    Checking defaults for OMS/cmsy/m/n on input line 31.
LaTeX Font Info:    ... okay on input line 31.
LaTeX Font Info:    Checking defaults for OT1/cmr/m/n on input line 31.
LaTeX Font Info:    ... okay on input line 31.
LaTeX Font Info:    Checking defaults for T1/cmr/m/n on input line 31.
LaTeX Font Info:    ... okay on input line 31.
LaTeX Font Info:    Checking defaults for TS1/cmr/m/n on input line 31.
LaTeX Font Info:    ... okay on input line 31.
LaTeX Font Info:    Checking defaults for OMX/cmex/m/n on input line 31.
LaTeX Font Info:    ... okay on input line 31.
LaTeX Font Info:    Checking defaults for U/cmr/m/n on input line 31.
LaTeX Font Info:    ... okay on input line 31.
LaTeX Font Info:    Checking defaults for PD1/pdf/m/n on input line 31.
LaTeX Font Info:    ... okay on input line 31.
Package hyperref Info: Link coloring OFF on input line 31.
 (/usr/share/texlive/texmf-dist/tex/latex/hyperref/nameref.sty
Package: nameref 2019/09/16 v2.46 Cross-referencing by name of section
 (/usr/share/texlive/texmf-dist/tex/latex/refcount/refcount.sty
Package: refcount 2019/12/15 v3.6 Data extraction from label references (HO)
) (/usr/share/texlive/texmf-dist/tex/generic/gettitlestring/gettitlestring.sty
Package: gettitlestring 2019/12/15 v1.6 Cleanup title references (HO)
)
\c@section@level=\count290
)
LaTeX Info: Redefining \ref on input line 31.
LaTeX Info: Redefining \pageref on input line 31.
LaTeX Info: Redefining \nameref on input line 31.
\@outlinefile=\write3
\openout3 = `main.out'.

LaTeX Info: Redefining \microtypecontext on input line 31.
Package microtype Info: Generating PDF output.
Package microtype Info: Character protrusion enabled (level 2).
Package microtype Info: Using default protrusion set `alltext'.
Package microtype Info: Automatic font expansion enabled (level 2),
(microtype)             stretch: 20, shrink: 20, step: 1, non-selected.
Package microtype Info: Using default expansion set `alltext-nott'.
LaTeX Info: Redefining \showhyphens on input line 31.
Package microtype Info: No adjustment of tracking.
Package microtype Info: No adjustment of interword spacing.
Package microtype Info: No adjustment of character kerning.
 (/usr/share/texlive/texmf-dist/tex/latex/microtype/mt-cmr.cfg
File: mt-cmr.cfg 2013/05/19 v2.2 microtype config. file: Computer Modern Roman (RS)
) (/usr/share/texlive/texmf-dist/tex/context/base/mkii/supp-pdf.mkii
[Loading MPS to PDF converter (version 2006.09.02).]
\scratchcounter=\count291
\scratchdimen=\dimen182
\scratchbox=\box57
\nofMPsegments=\count292
\nofMParguments=\count293
\everyMPshowfont=\toks30
\MPscratchCnt=\count294
\MPscratchDim=\dimen183
\MPnumerator=\count295
\makeMPintoPDFobject=\count296
\everyMPtoPDFconversion=\toks31
) (/usr/share/texlive/texmf-dist/tex/latex/epstopdf-pkg/epstopdf-base.sty
Package: epstopdf-base 2020-01-24 v2.11 Base part for package epstopdf
Package epstopdf-base Info: Redefining graphics rule for `.eps' on input line 485.
 (/usr/share/texlive/texmf-dist/tex/latex/latexconfig/epstopdf-sys.cfg
File: epstopdf-sys.cfg 2010/07/13 v1.3 Configuration of (r)epstopdf for TeX Live
))
Package caption Info: Begin \AtBeginDocument code.
Package caption Info: wrapfig package is loaded.
Package caption Info: End \AtBeginDocument code.
LaTeX Font Info:    Trying to load font information for U+msa on input line 33.
 (/usr/share/texlive/texmf-dist/tex/latex/amsfonts/umsa.fd
File: umsa.fd 2013/01/14 v3.01 AMS symbols A
) (/usr/share/texlive/texmf-dist/tex/latex/microtype/mt-msa.cfg
File: mt-msa.cfg 2006/02/04 v1.1 microtype config. file: AMS symbols (a) (RS)
)
LaTeX Font Info:    Trying to load font information for U+msb on input line 33.
 (/usr/share/texlive/texmf-dist/tex/latex/amsfonts/umsb.fd
File: umsb.fd 2013/01/14 v3.01 AMS symbols B
) (/usr/share/texlive/texmf-dist/tex/latex/microtype/mt-msb.cfg
File: mt-msb.cfg 2005/06/01 v1.0 microtype config. file: AMS symbols (b) (RS)
)
Package microtype Info: Loading generic protrusion settings for font family
(microtype)             `cmtt' (encoding: OT1).
(microtype)             For optimal results, create family-specific settings.
(microtype)             See the microtype manual for details.

/home/radu/FinalReScience/MLRC/2021/boer2022reproducibility/openreview/main.tex:33: Missing $ inserted.
<inserted text> 
                $
l.33 \input
           {content.tex}	
I've inserted a begin-math/end-math symbol since I think
you left one out. Proceed, with fingers crossed.

/home/radu/FinalReScience/MLRC/2021/boer2022reproducibility/openreview/main.tex:33: Extra }, or forgotten $.
<template> \unskip \hfil }
                          \hskip \tabcolsep \endtemplate 
l.33 \input
           {content.tex}	
I've deleted a group-closing symbol because it seems to be
spurious, as in `$x}$'. But perhaps the } is legitimate and
you forgot something else, as in `\hbox{$x}'. In such cases
the way to recover is to insert both the forgotten and the
deleted material, e.g., by typing `I$}'.

/home/radu/FinalReScience/MLRC/2021/boer2022reproducibility/openreview/main.tex:33: Missing $ inserted.
<inserted text> 
                $
l.33 \input
           {content.tex}	
I've inserted a begin-math/end-math symbol since I think
you left one out. Proceed, with fingers crossed.

/home/radu/FinalReScience/MLRC/2021/boer2022reproducibility/openreview/main.tex:33: Missing } inserted.
<inserted text> 
                }
l.33 \input
           {content.tex}	
I've inserted something that you may have forgotten.
(See the <inserted text> above.)
With luck, this will get me unwedged. But if you
really didn't forget anything, try typing `2' now; then
my insertion and my current dilemma will both disappear.

/home/radu/FinalReScience/MLRC/2021/boer2022reproducibility/openreview/main.tex:33: Missing $ inserted.
<inserted text> 
                $
l.33 \input
           {content.tex}	
I've inserted a begin-math/end-math symbol since I think
you left one out. Proceed, with fingers crossed.

/home/radu/FinalReScience/MLRC/2021/boer2022reproducibility/openreview/main.tex:33: Extra }, or forgotten $.
<template> \unskip \hfil }
                          \hskip \tabcolsep \endtemplate 
l.33 \input
           {content.tex}	
I've deleted a group-closing symbol because it seems to be
spurious, as in `$x}$'. But perhaps the } is legitimate and
you forgot something else, as in `\hbox{$x}'. In such cases
the way to recover is to insert both the forgotten and the
deleted material, e.g., by typing `I$}'.

/home/radu/FinalReScience/MLRC/2021/boer2022reproducibility/openreview/main.tex:33: Missing $ inserted.
<inserted text> 
                $
l.33 \input
           {content.tex}	
I've inserted a begin-math/end-math symbol since I think
you left one out. Proceed, with fingers crossed.

/home/radu/FinalReScience/MLRC/2021/boer2022reproducibility/openreview/main.tex:33: Missing } inserted.
<inserted text> 
                }
l.33 \input
           {content.tex}	
I've inserted something that you may have forgotten.
(See the <inserted text> above.)
With luck, this will get me unwedged. But if you
really didn't forget anything, try typing `2' now; then
my insertion and my current dilemma will both disappear.

/home/radu/FinalReScience/MLRC/2021/boer2022reproducibility/openreview/main.tex:33: Missing $ inserted.
<inserted text> 
                $
l.33 \input
           {content.tex}	
I've inserted a begin-math/end-math symbol since I think
you left one out. Proceed, with fingers crossed.

/home/radu/FinalReScience/MLRC/2021/boer2022reproducibility/openreview/main.tex:33: Extra }, or forgotten $.
<template> \unskip \hfil }
                          \hskip \tabcolsep \endtemplate 
l.33 \input
           {content.tex}	
I've deleted a group-closing symbol because it seems to be
spurious, as in `$x}$'. But perhaps the } is legitimate and
you forgot something else, as in `\hbox{$x}'. In such cases
the way to recover is to insert both the forgotten and the
deleted material, e.g., by typing `I$}'.

/home/radu/FinalReScience/MLRC/2021/boer2022reproducibility/openreview/main.tex:33: Missing $ inserted.
<inserted text> 
                $
l.33 \input
           {content.tex}	
I've inserted a begin-math/end-math symbol since I think
you left one out. Proceed, with fingers crossed.

/home/radu/FinalReScience/MLRC/2021/boer2022reproducibility/openreview/main.tex:33: Missing } inserted.
<inserted text> 
                }
l.33 \input
           {content.tex}	
I've inserted something that you may have forgotten.
(See the <inserted text> above.)
With luck, this will get me unwedged. But if you
really didn't forget anything, try typing `2' now; then
my insertion and my current dilemma will both disappear.

/home/radu/FinalReScience/MLRC/2021/boer2022reproducibility/openreview/main.tex:33: Missing $ inserted.
<inserted text> 
                $
l.33 \input
           {content.tex}	
I've inserted a begin-math/end-math symbol since I think
you left one out. Proceed, with fingers crossed.

/home/radu/FinalReScience/MLRC/2021/boer2022reproducibility/openreview/main.tex:33: Extra }, or forgotten $.
<template> \unskip \hfil }
                          \hskip \tabcolsep \endtemplate 
l.33 \input
           {content.tex}	
I've deleted a group-closing symbol because it seems to be
spurious, as in `$x}$'. But perhaps the } is legitimate and
you forgot something else, as in `\hbox{$x}'. In such cases
the way to recover is to insert both the forgotten and the
deleted material, e.g., by typing `I$}'.

/home/radu/FinalReScience/MLRC/2021/boer2022reproducibility/openreview/main.tex:33: Missing $ inserted.
<inserted text> 
                $
l.33 \input
           {content.tex}	
I've inserted a begin-math/end-math symbol since I think
you left one out. Proceed, with fingers crossed.

/home/radu/FinalReScience/MLRC/2021/boer2022reproducibility/openreview/main.tex:33: Missing } inserted.
<inserted text> 
                }
l.33 \input
           {content.tex}	
I've inserted something that you may have forgotten.
(See the <inserted text> above.)
With luck, this will get me unwedged. But if you
really didn't forget anything, try typing `2' now; then
my insertion and my current dilemma will both disappear.

(./content.tex

LaTeX Warning: Citation `raman21' on page 1 undefined on input line 7.

[1

{/var/lib/texmf/fonts/map/pdftex/updmap/pdftex.map}]

LaTeX Warning: Citation `sharing_attention' on page 2 undefined on input line 47.


LaTeX Warning: Citation `zhu22' on page 2 undefined on input line 47.


LaTeX Warning: Citation `turakhia17' on page 2 undefined on input line 47.


LaTeX Warning: Citation `cook18' on page 2 undefined on input line 47.


LaTeX Warning: Citation `brown18' on page 2 undefined on input line 47.

[2]
./content.tex:49: Undefined control sequence.
l.49 \citet
           {shah20} introduce an algorithm to solve the ride-pooling matchin...
The control sequence at the end of the top line
of your error message was never \def'ed. If you have
misspelled it (e.g., `\hobx'), type `I' and the correct
spelling (e.g., `I\hbox'). Otherwise just continue,
and I'll forget about whatever was undefined.


LaTeX Warning: Citation `raman21' on page 3 undefined on input line 49.


LaTeX Warning: Citation `tensorflow' on page 3 undefined on input line 60.


LaTeX Warning: Citation `pytorch' on page 3 undefined on input line 60.

./content.tex:62: Undefined control sequence.
l.62 ... MDP-based framework (introduced in \citet
                                                  {shah20}) by incorporating...
The control sequence at the end of the top line
of your error message was never \def'ed. If you have
misspelled it (e.g., `\hobx'), type `I' and the correct
spelling (e.g., `I\hbox'). Otherwise just continue,
and I'll forget about whatever was undefined.


LaTeX Warning: Citation `shah20' on page 3 undefined on input line 63.

[3]
./content.tex:79: Undefined control sequence.
l.79 ...cing extends the method proposed in \citet
                                                  {shah20}. The latter prese...
The control sequence at the end of the top line
of your error message was never \def'ed. If you have
misspelled it (e.g., `\hobx'), type `I' and the correct
spelling (e.g., `I\hbox'). Otherwise just continue,
and I'll forget about whatever was undefined.

./content.tex:79: Undefined control sequence.
l.79 ... and the two extensions proposed in \citet
                                                  {raman21}, fairness-based ...
The control sequence at the end of the top line
of your error message was never \def'ed. If you have
misspelled it (e.g., `\hobx'), type `I' and the correct
spelling (e.g., `I\hbox'). Otherwise just continue,
and I'll forget about whatever was undefined.


LaTeX Warning: Citation `mnih2015' on page 4 undefined on input line 82.

./content.tex:82: Undefined control sequence.
l.82 ...ini-batch experience replay is used \citep
                                                  {lin1992self}.
The control sequence at the end of the top line
of your error message was never \def'ed. If you have
misspelled it (e.g., `\hobx'), type `I' and the correct
spelling (e.g., `I\hbox'). Otherwise just continue,
and I'll forget about whatever was undefined.


LaTeX Warning: Citation `van2016deep' on page 4 undefined on input line 84.


LaTeX Warning: Reference `appendix:network' on page 4 undefined on input line 84.


LaTeX Warning: Citation `raman21' on page 4 undefined on input line 87.

[4]

LaTeX Warning: Citation `shapley' on page 5 undefined on input line 108.

[5]
./content.tex:126: Undefined control sequence.
l.126 Similar to \citet
                       {raman21}, we use the dataset 'Yellow taxi trip recor...
The control sequence at the end of the top line
of your error message was never \def'ed. If you have
misspelled it (e.g., `\hobx'), type `I' and the correct
spelling (e.g., `I\hbox'). Otherwise just continue,
and I'll forget about whatever was undefined.


LaTeX Warning: Citation `ny16' on page 6 undefined on input line 126.

./content.tex:126: Undefined control sequence.
l.126 ...similar. The preprocessing done in \citet
                                                  {raman21} consists of the ...
The control sequence at the end of the top line
of your error message was never \def'ed. If you have
misspelled it (e.g., `\hobx'), type `I' and the correct
spelling (e.g., `I\hbox'). Otherwise just continue,
and I'll forget about whatever was undefined.


LaTeX Warning: Citation `OpenStreetMap' on page 6 undefined on input line 126.

./content.tex:128: Undefined control sequence.
l.128 ...bourhoods using K-means clustering \citep
                                                  {lloyd1982least}. The data...
The control sequence at the end of the top line
of your error message was never \def'ed. If you have
misspelled it (e.g., `\hobx'), type `I' and the correct
spelling (e.g., `I\hbox'). Otherwise just continue,
and I'll forget about whatever was undefined.

[6]
./content.tex:135: Undefined control sequence.
l.135 ...Tabulation Area" for New York City \citep
                                                  {demographics_data} allows...
The control sequence at the end of the top line
of your error message was never \def'ed. If you have
misspelled it (e.g., `\hobx'), type `I' and the correct
spelling (e.g., `I\hbox'). Otherwise just continue,
and I'll forget about whatever was undefined.

./content.tex:135: Missing $ inserted.
<inserted text> 
                $
l.135 ...a" for New York City \citep{demographics_
                                                  data} allows us to investi...
I've inserted a begin-math/end-math symbol since I think
you left one out. Proceed, with fingers crossed.

./content.tex:135: Extra }, or forgotten $.
l.135 ...r New York City \citep{demographics_data}
                                                   allows us to investigate ...
I've deleted a group-closing symbol because it seems to be
spurious, as in `$x}$'. But perhaps the } is legitimate and
you forgot something else, as in `\hbox{$x}'. In such cases
the way to recover is to insert both the forgotten and the
deleted material, e.g., by typing `I$}'.

./content.tex:135: Undefined control sequence.
l.135 ...hborhood Tabulation Areas" dataset \citep
                                                  {nta_polygon_coords} which...
The control sequence at the end of the top line
of your error message was never \def'ed. If you have
misspelled it (e.g., `\hobx'), type `I' and the correct
spelling (e.g., `I\hbox'). Otherwise just continue,
and I'll forget about whatever was undefined.

./content.tex:136: Missing $ inserted.
<inserted text> 
                $
l.136 
      
I've inserted a begin-math/end-math symbol since I think
you left one out. Proceed, with fingers crossed.


Overfull \hbox (1465.36197pt too wide) in paragraph at lines 135--136
\OT1/cmr/m/n/10 (-20) City demographics$[]\OML/cmm/m/it/10 ataallowsustoinvestigatewhethertheridedemandofracialorethnicminoritiesisindeedsatisfiedinthesameway:Itcontainsdemographicdataforeachneighborhoodtabulationarea\OT1/cmr/m/n/10 (-20) (\OML/cmm/m/it/10 NTA\OT1/cmr/m/n/10 (-20) )\OML/cmm/m/it/10 inNewYorkCity:ANTAisanareaforwhichcensusdataisgathered:Thedemographicdatarelevanttothisreportaretherace=ethnicitypercentagesperneighbourhood; namelyHispanic=Latino; White; Black=African \OMS/cmsy/m/n/10 ^^@
 []


Overfull \hbox (1740.56557pt too wide) in paragraph at lines 135--136
\OML/cmm/m/it/10 American; Asian; Other:InsteadofrunningK \OMS/cmsy/m/n/10 ^^@ \OML/cmm/m/it/10 meansclusteringtoobtaintheneighbourhoods; wetaketheneighbourhoodscorrespondingtotheseNTAareasinManhattan:Thisresultsin\OT1/cmr/m/n/10 (-20) 29\OML/cmm/m/it/10 insteadof\OT1/cmr/m/n/10 (-20) 10\OML/cmm/m/it/10 neighbourhoodsforManhattan:TobeabletodeterminewhichnodesinthegrapharesituatedinwhichNTA; wemadeuseofthe\OT1/cmr/m/n/10 (-20) "2010\OML/cmm/m/it/10 NeighborhoodTabulationAreas\OT1/cmr/m/n/10 (-20) "\OML/cmm/m/it/10 dataset[]whichcontainscoordinatesspecifyinganapproximationofthepolygonshapeofeachneighbourhood:$ 
 []


Overfull \hbox (24.66219pt too wide) in paragraph at lines 139--139
[][][]\OT1/cmr/m/n/8 (-20) https://github.com/naveenr414/ijcai-rideshare/tree/78d81d0f417ad4fd54ea2e967010bb221fc4e177| 
 []


LaTeX Warning: Citation `pytorch' on page 7 undefined on input line 139.


LaTeX Warning: Citation `ibm_cplex' on page 7 undefined on input line 139.

./content.tex:139: Undefined control sequence.
l.139 ...sing steps on the original dataset \citep
                                                  {ny16}, as this code was n...
The control sequence at the end of the top line
of your error message was never \def'ed. If you have
misspelled it (e.g., `\hobx'), type `I' and the correct
spelling (e.g., `I\hbox'). Otherwise just continue,
and I'll forget about whatever was undefined.


LaTeX Warning: Reference `sec:NYC yellow taxi data' on page 7 undefined on input line 139.


LaTeX Warning: Citation `raman21' on page 7 undefined on input line 143.


LaTeX Warning: Reference `appendix:hyperparameters' on page 7 undefined on input line 143.


LaTeX Warning: Reference `tabl:hw_conf' on page 7 undefined on input line 151.

[7]
Overfull \hbox (14.68889pt too wide) in paragraph at lines 163--180
 [][] 
 []


LaTeX Warning: Reference `tabl:settings' on page 8 undefined on input line 184.


LaTeX Warning: Reference `sec:Embeddings_training' on page 8 undefined on input line 184.


LaTeX Warning: Reference `sec:Datasets' on page 8 undefined on input line 184.


Underfull \hbox (badness 2698) in paragraph at lines 184--185
\OT1/cmr/bx/n/10 (+20) Func-tions)[] \OT1/cmr/m/n/10 (+20) To re-pro-duce
 []


LaTeX Warning: Reference `sec:Seeds' on page 8 undefined on input line 186.


LaTeX Warning: Reference `sec:income_redistribution' on page 8 undefined on input line 188.


LaTeX Warning: Reference `sec:Scope of reproducibility' on page 8 undefined on input line 190.

[8]
<../openreview/plots/fig2_final.pdf, id=99, 578.16pt x 195.129pt>
File: ../openreview/plots/fig2_final.pdf Graphic file (type pdf)
<use ../openreview/plots/fig2_final.pdf>
Package pdftex.def Info: ../openreview/plots/fig2_final.pdf  used on input line 206.
(pdftex.def)             Requested size: 224.2479pt x 75.68315pt.


LaTeX Warning: Reference `fig:drivernrcomp' on page 9 undefined on input line 211.


Underfull \hbox (badness 2173) in paragraph at lines 211--212
\OT1/cmr/m/n/10 (+20) driver-fairness ob-jec-tive
 []


Underfull \hbox (badness 1082) in paragraph at lines 211--212
\OT1/cmr/m/n/10 (+20) func-tion im-proves both
 []

<../openreview/plots/fig1_50_final.pdf, id=100, 433.62pt x 267.39899pt>
File: ../openreview/plots/fig1_50_final.pdf Graphic file (type pdf)
<use ../openreview/plots/fig1_50_final.pdf>
Package pdftex.def Info: ../openreview/plots/fig1_50_final.pdf  used on input line 217.
(pdftex.def)             Requested size: 138.00052pt x 85.10019pt.
<../openreview/plots/fig1_200_final.pdf, id=101, 433.62pt x 267.39899pt>
File: ../openreview/plots/fig1_200_final.pdf Graphic file (type pdf)
<use ../openreview/plots/fig1_200_final.pdf>
Package pdftex.def Info: ../openreview/plots/fig1_200_final.pdf  used on input line 223.
(pdftex.def)             Requested size: 138.00052pt x 85.10019pt.
[9 <../openreview/plots/fig1_50_final.pdf> <../openreview/plots/fig1_200_final.pdf> <../openreview/plots/fig2_final.pdf>]

LaTeX Warning: Reference `fig:incomedistrcomp' on page 10 undefined on input line 236.


LaTeX Warning: Reference `sec:Results of the original paper' on page 10 undefined on input line 236.


LaTeX Warning: Reference `fig:incomedistrcomp_seeds' on page 10 undefined on input line 236.


LaTeX Warning: Reference `eq:q_i' on page 10 undefined on input line 244.

./content.tex:244: Undefined control sequence.
l.244 ...ation \ref{eq:q_i} (Equation 12 in \citet
                                                  {raman21}). The correct eq...
The control sequence at the end of the top line
of your error message was never \def'ed. If you have
misspelled it (e.g., `\hobx'), type `I' and the correct
spelling (e.g., `I\hbox'). Otherwise just continue,
and I'll forget about whatever was undefined.


LaTeX Warning: Reference `fig:redist' on page 10 undefined on input line 248.

<../openreview/plots/fig3_gain_final.pdf, id=222, 433.62pt x 267.39899pt>
File: ../openreview/plots/fig3_gain_final.pdf Graphic file (type pdf)
<use ../openreview/plots/fig3_gain_final.pdf>
Package pdftex.def Info: ../openreview/plots/fig3_gain_final.pdf  used on input line 253.
(pdftex.def)             Requested size: 138.00052pt x 85.10019pt.
<../openreview/plots/fig3_std_final.pdf, id=223, 433.62pt x 267.39899pt>
File: ../openreview/plots/fig3_std_final.pdf Graphic file (type pdf)
<use ../openreview/plots/fig3_std_final.pdf>
Package pdftex.def Info: ../openreview/plots/fig3_std_final.pdf  used on input line 259.
(pdftex.def)             Requested size: 138.00052pt x 85.10019pt.

LaTeX Warning: Reference `fig:redist-orig' on page 10 undefined on input line 266.

[10 <../openreview/plots/fig3_gain_final.pdf> <../openreview/plots/fig3_std_final.pdf>]
<../openreview/plots/demographic_success_rates_final.pdf, id=273, 433.62pt x 267.39899pt>
File: ../openreview/plots/demographic_success_rates_final.pdf Graphic file (type pdf)
<use ../openreview/plots/demographic_success_rates_final.pdf>
Package pdftex.def Info: ../openreview/plots/demographic_success_rates_final.pdf  used on input line 273.
(pdftex.def)             Requested size: 155.24895pt x 95.73721pt.
<../openreview/plots/demographic_avg_success_rates_final.pdf, id=274, 433.62pt x 267.39899pt>
File: ../openreview/plots/demographic_avg_success_rates_final.pdf Graphic file (type pdf)
<use ../openreview/plots/demographic_avg_success_rates_final.pdf>
Package pdftex.def Info: ../openreview/plots/demographic_avg_success_rates_final.pdf  used on input line 279.
(pdftex.def)             Requested size: 155.24895pt x 95.73721pt.


LaTeX Warning: Reference `fig:drivernrcomp' on page 11 undefined on input line 283.


LaTeX Warning: Reference `fig:drivernrcomp' on page 11 undefined on input line 283.


LaTeX Warning: Reference `sec:process' on page 11 undefined on input line 289.


LaTeX Warning: Reference `fig:demographic_1' on page 11 undefined on input line 289.


LaTeX Warning: Reference `fig:drivernrcomp' on page 11 undefined on input line 289.

<../openreview/plots/violin_demographic_final.pdf, id=275, 433.62pt x 267.39899pt>
File: ../openreview/plots/violin_demographic_final.pdf Graphic file (type pdf)
<use ../openreview/plots/violin_demographic_final.pdf>
Package pdftex.def Info: ../openreview/plots/violin_demographic_final.pdf  used on input line 293.
(pdftex.def)             Requested size: 224.2479pt x 138.28528pt.

LaTeX Warning: Reference `fig:demographic_1_avg_success_rates' on page 11 undefined on input line 300.


LaTeX Warning: Reference `fig:demographic_1_success_rates' on page 11 undefined on input line 300.


Underfull \hbox (badness 3536) in paragraph at lines 300--301
\OT1/cmr/m/n/10 (+20) there are small dif-fer-
 []


Underfull \hbox (badness 3364) in paragraph at lines 300--301
\OT1/cmr/m/n/10 (+20) eth-nic-ity. The rider-
 []


Underfull \hbox (badness 1122) in paragraph at lines 300--301
\OT1/cmr/m/n/10 (+20) equal-ity. How-ever, as
 []


Underfull \hbox (badness 2393) in paragraph at lines 300--301
\OT1/cmr/m/n/10 (+20) bour-hoods rather than
 []

[11 <../openreview/plots/demographic_success_rates_final.pdf> <../openreview/plots/demographic_avg_success_rates_final.pdf> <../openreview/plots/violin_demographic_final.pdf>]

LaTeX Warning: Reference `fig:violin_demographic' on page 12 undefined on input line 304.


LaTeX Warning: Reference `sec:process' on page 12 undefined on input line 307.


LaTeX Warning: Reference `sec:Scope of reproducibility' on page 12 undefined on input line 307.

[12]

LaTeX Warning: Citation `shah20' on page 13 undefined on input line 323.

) [13] (out/main.aux)

LaTeX Warning: There were undefined references.


LaTeX Warning: Label(s) may have changed. Rerun to get cross-references right.


Package rerunfilecheck Warning: File `main.out' has changed.
(rerunfilecheck)                Rerun to get outlines right
(rerunfilecheck)                or use package `bookmark'.

Package rerunfilecheck Info: Checksums for `main.out':
(rerunfilecheck)             Before: <no file>
(rerunfilecheck)             After:  7098A53532AC4004498869D398DE7BBF;1600.
 )
(\end occurred inside a group at level 1)

### simple group (level 1) entered at line 135 ({)
### bottom level 
Here is how much of TeX's memory you used:
 12009 strings out of 479304
 206062 string characters out of 5869778
 694523 words of memory out of 5000000
 28780 multiletter control sequences out of 15000+600000
 418127 words of font info for 142 fonts, out of 8000000 for 9000
 1141 hyphenation exceptions out of 8191
 76i,16n,80p,2061b,584s stack positions out of 5000i,500n,10000p,200000b,80000s
{/usr/share/texmf/fonts/enc/dvips/cm-super/cm-super-ts1.enc}</usr/share/texlive/texmf-dist/fonts/type1/public/amsfonts/cm/cmbx10.pfb></usr/share/texlive/texmf-dist/fonts/type1/public/amsfonts/cm/cmbx12.pfb></usr/share/texlive/texmf-dist/fonts/type1/public/amsfonts/cm/cmbx9.pfb></usr/share/texlive/texmf-dist/fonts/type1/public/amsfonts/cm/cmex10.pfb></usr/share/texlive/texmf-dist/fonts/type1/public/amsfonts/cm/cmmi10.pfb></usr/share/texlive/texmf-dist/fonts/type1/public/amsfonts/cm/cmmi12.pfb></usr/share/texlive/texmf-dist/fonts/type1/public/amsfonts/cm/cmmi5.pfb></usr/share/texlive/texmf-dist/fonts/type1/public/amsfonts/cm/cmmi7.pfb></usr/share/texlive/texmf-dist/fonts/type1/public/amsfonts/cm/cmmi9.pfb></usr/share/texlive/texmf-dist/fonts/type1/public/amsfonts/cm/cmr10.pfb></usr/share/texlive/texmf-dist/fonts/type1/public/amsfonts/cm/cmr12.pfb></usr/share/texlive/texmf-dist/fonts/type1/public/amsfonts/cm/cmr17.pfb></usr/share/texlive/texmf-dist/fonts/type1/public/amsfonts/cm/cmr6.pfb></usr/share/texlive/texmf-dist/fonts/type1/public/amsfonts/cm/cmr7.pfb></usr/share/texlive/texmf-dist/fonts/type1/public/amsfonts/cm/cmr8.pfb></usr/share/texlive/texmf-dist/fonts/type1/public/amsfonts/cm/cmr9.pfb></usr/share/texlive/texmf-dist/fonts/type1/public/amsfonts/cm/cmsy10.pfb></usr/share/texlive/texmf-dist/fonts/type1/public/amsfonts/cm/cmsy7.pfb></usr/share/texlive/texmf-dist/fonts/type1/public/amsfonts/cm/cmti10.pfb></usr/share/texlive/texmf-dist/fonts/type1/public/amsfonts/cm/cmtt12.pfb></usr/share/texmf/fonts/type1/public/cm-super/sfrm1000.pfb>
Output written on out/main.pdf (13 pages, 373977 bytes).
PDF statistics:
 510 PDF objects out of 1000 (max. 8388607)
 223 compressed objects within 3 object streams
 66 named destinations out of 1000 (max. 500000)
 31273 words of extra memory for PDF output out of 35830 (max. 10000000)

