\BOOKMARK [1][-]{section.1}{\376\377\000I\000n\000t\000r\000o\000d\000u\000c\000t\000i\000o\000n}{}% 1
\BOOKMARK [1][-]{section.2}{\376\377\000S\000c\000o\000p\000e\000\040\000o\000f\000\040\000r\000e\000p\000r\000o\000d\000u\000c\000i\000b\000i\000l\000i\000t\000y}{}% 2
\BOOKMARK [1][-]{section.3}{\376\377\000G\000a\000u\000s\000s\000i\000a\000n\000\040\000m\000i\000x\000t\000u\000r\000e\000s\000\040\000w\000i\000t\000h\000\040\000f\000a\000c\000t\000o\000r\000i\000z\000e\000d\000\040\000e\000n\000c\000o\000d\000e\000r}{}% 3
\BOOKMARK [2][-]{subsection.3.1}{\376\377\000M\000e\000t\000h\000o\000d\000o\000l\000o\000g\000y}{section.3}% 4
\BOOKMARK [3][-]{subsubsection.3.1.1}{\376\377\000M\000o\000d\000e\000l\000\040\000d\000e\000s\000c\000r\000i\000p\000t\000i\000o\000n}{subsection.3.1}% 5
\BOOKMARK [3][-]{subsubsection.3.1.2}{\376\377\000D\000a\000t\000a\000s\000e\000t}{subsection.3.1}% 6
\BOOKMARK [3][-]{subsubsection.3.1.3}{\376\377\000E\000x\000p\000e\000r\000i\000m\000e\000n\000t\000a\000l\000\040\000s\000e\000t\000u\000p}{subsection.3.1}% 7
\BOOKMARK [2][-]{subsection.3.2}{\376\377\000R\000e\000s\000u\000l\000t\000s}{section.3}% 8
\BOOKMARK [3][-]{subsubsection.3.2.1}{\376\377\000R\000e\000s\000t\000o\000r\000i\000n\000g\000\040\000c\000o\000n\000s\000i\000s\000t\000e\000n\000c\000y\000\040\000o\000f\000\040\000t\000h\000i\000s\000\040\000V\000A\000E}{subsection.3.2}% 9
\BOOKMARK [1][-]{section.4}{\376\377\000D\000C\000G\000A\000N\000\040\000t\000u\000r\000n\000e\000d\000\040\000G\000a\000u\000s\000s\000i\000a\000n\000\040\000V\000A\000E\000\040\000o\000n\000\040\000C\000e\000l\000e\000b\000A}{}% 10
\BOOKMARK [2][-]{subsection.4.1}{\376\377\000M\000e\000t\000h\000o\000d\000o\000l\000o\000g\000y}{section.4}% 11
\BOOKMARK [3][-]{subsubsection.4.1.1}{\376\377\000M\000o\000d\000e\000l\000\040\000d\000e\000s\000c\000r\000i\000p\000t\000i\000o\000n}{subsection.4.1}% 12
\BOOKMARK [3][-]{subsubsection.4.1.2}{\376\377\000D\000a\000t\000a\000s\000e\000t}{subsection.4.1}% 13
\BOOKMARK [3][-]{subsubsection.4.1.3}{\376\377\000E\000x\000p\000e\000r\000i\000m\000e\000n\000t\000a\000l\000\040\000s\000e\000t\000u\000p}{subsection.4.1}% 14
\BOOKMARK [3][-]{subsubsection.4.1.4}{\376\377\000C\000o\000m\000p\000u\000t\000a\000t\000i\000o\000n\000a\000l\000\040\000r\000e\000q\000u\000i\000r\000e\000m\000e\000n\000t\000s}{subsection.4.1}% 15
\BOOKMARK [2][-]{subsection.4.2}{\376\377\000R\000e\000s\000u\000l\000t\000s}{section.4}% 16
\BOOKMARK [1][-]{section.5}{\376\377\000S\000e\000m\000a\000n\000t\000i\000c\000\040\000h\000a\000s\000h\000i\000n\000g\000\040\000o\000n\000\040\0002\0000\000\040\000N\000e\000w\000s\000g\000r\000o\000u\000p\000s}{}% 17
\BOOKMARK [2][-]{subsection.5.1}{\376\377\000M\000e\000t\000h\000o\000d\000o\000l\000o\000g\000y}{section.5}% 18
\BOOKMARK [3][-]{subsubsection.5.1.1}{\376\377\000D\000a\000t\000a\000s\000e\000t}{subsection.5.1}% 19
\BOOKMARK [3][-]{subsubsection.5.1.2}{\376\377\000M\000o\000d\000e\000l\000\040\000d\000e\000s\000c\000r\000i\000p\000t\000i\000o\000n}{subsection.5.1}% 20
\BOOKMARK [3][-]{subsubsection.5.1.3}{\376\377\000G\000r\000a\000d\000i\000e\000n\000t\000\040\000e\000s\000t\000i\000m\000a\000t\000i\000o\000n\000\040\000f\000o\000r\000\040\000B\000e\000r\000n\000o\000u\000l\000l\000i\000\040\000v\000a\000r\000i\000a\000b\000l\000e\000s}{subsection.5.1}% 21
\BOOKMARK [3][-]{subsubsection.5.1.4}{\376\377\000E\000x\000p\000e\000r\000i\000m\000e\000n\000t\000a\000l\000\040\000S\000e\000t\000u\000p}{subsection.5.1}% 22
\BOOKMARK [2][-]{subsection.5.2}{\376\377\000R\000e\000s\000u\000l\000t\000s}{section.5}% 23
\BOOKMARK [1][-]{section.6}{\376\377\000C\000o\000n\000c\000l\000u\000s\000i\000o\000n}{}% 24
\BOOKMARK [1][-]{section.7}{\376\377\000A\000c\000k\000n\000o\000w\000l\000e\000d\000g\000e\000m\000e\000n\000t\000s}{}% 25
