This is pdfTeX, Version 3.14159265-2.6-1.40.21 (TeX Live 2020) (preloaded format=pdflatex 2020.10.17)  6 APR 2021 17:56
entering extended mode
 restricted \write18 enabled.
 file:line:error style messages enabled.
 %&-line parsing enabled.
**"/Volumes/GoogleDrive/My Drive/ml_reprod/RC-2020/sundar2021reproducibility/journal/article.tex"
(/Volumes/GoogleDrive/My Drive/ml_reprod/RC-2020/sundar2021reproducibility/journal/article.tex
LaTeX2e <2020-02-02> patch level 5
L3 programming layer <2020-03-06>

! LaTeX Error: File `rescience.cls' not found.

Type X to quit or <RETURN> to proceed,
or enter new name. (Default extension: cls)

Enter file name: 
/Volumes/GoogleDrive/My Drive/ml_reprod/RC-2020/sundar2021reproducibility/journal/article.tex:2: Emergency stop.
<read *> 
         
l.2 \input
          {../openreview/packages.tex}^^M
*** (cannot \read from terminal in nonstop modes)

 
Here is how much of TeX's memory you used:
 23 strings out of 480608
 788 string characters out of 5903629
 239610 words of memory out of 5000000
 16013 multiletter control sequences out of 15000+600000
 532338 words of font info for 24 fonts, out of 8000000 for 9000
 1141 hyphenation exceptions out of 8191
 14i,0n,17p,152b,10s stack positions out of 5000i,500n,10000p,200000b,80000s
/Volumes/GoogleDrive/My Drive/ml_reprod/RC-2020/sundar2021reproducibility/journal/article.tex:2:  ==> Fatal error occurred, no output PDF file produced!
