\BOOKMARK [1][-]{section.1}{\376\377\000I\000n\000t\000r\000o\000d\000u\000c\000t\000i\000o\000n}{}% 1
\BOOKMARK [1][-]{section.2}{\376\377\000S\000c\000o\000p\000e\000\040\000o\000f\000\040\000r\000e\000p\000r\000o\000d\000u\000c\000i\000b\000i\000l\000i\000t\000y}{}% 2
\BOOKMARK [1][-]{section.3}{\376\377\000M\000e\000t\000h\000o\000d\000o\000l\000o\000g\000y}{}% 3
\BOOKMARK [2][-]{subsubsection.3.0.1}{\376\377\000M\000a\000s\000k\000\040\000I\000n\000i\000t\000i\000a\000l\000i\000z\000a\000t\000i\000o\000n}{section.3}% 4
\BOOKMARK [3][-]{subsubsection.3.0.2}{\376\377\000M\000a\000s\000k\000\040\000U\000p\000d\000a\000t\000e\000s}{subsubsection.3.0.1}% 5
\BOOKMARK [3][-]{subsubsection.3.0.3}{\376\377\000P\000r\000u\000n\000i\000n\000g\000\040\000S\000t\000r\000a\000t\000e\000g\000y}{subsubsection.3.0.1}% 6
\BOOKMARK [3][-]{subsubsection.3.0.4}{\376\377\000G\000r\000o\000w\000t\000h\000\040\000S\000t\000r\000a\000t\000e\000g\000y}{subsubsection.3.0.1}% 7
\BOOKMARK [1][-]{section.4}{\376\377\000E\000x\000p\000e\000r\000i\000m\000e\000n\000t\000a\000l\000\040\000S\000e\000t\000t\000i\000n\000g\000s}{}% 8
\BOOKMARK [2][-]{subsection.4.1}{\376\377\000M\000o\000d\000e\000l\000\040\000d\000e\000s\000c\000r\000i\000p\000t\000i\000o\000n\000s}{section.4}% 9
\BOOKMARK [2][-]{subsection.4.2}{\376\377\000D\000a\000t\000a\000s\000e\000t\000s\000\040\000a\000n\000d\000\040\000T\000r\000a\000i\000n\000i\000n\000g\000\040\000d\000e\000s\000c\000r\000i\000p\000t\000i\000o\000n\000s}{section.4}% 10
\BOOKMARK [2][-]{subsection.4.3}{\376\377\000H\000y\000p\000e\000r\000p\000a\000r\000a\000m\000e\000t\000e\000r\000s}{section.4}% 11
\BOOKMARK [2][-]{subsection.4.4}{\376\377\000B\000a\000s\000e\000l\000i\000n\000e\000\040\000i\000m\000p\000l\000e\000m\000e\000n\000t\000a\000t\000i\000o\000n\000s}{section.4}% 12
\BOOKMARK [2][-]{subsection.4.5}{\376\377\000C\000o\000m\000p\000u\000t\000a\000t\000i\000o\000n\000a\000l\000\040\000r\000e\000q\000u\000i\000r\000e\000m\000e\000n\000t\000s}{section.4}% 13
\BOOKMARK [1][-]{section.5}{\376\377\000R\000e\000s\000u\000l\000t\000s}{}% 14
\BOOKMARK [2][-]{subsection.5.1}{\376\377\000W\000i\000d\000e\000R\000e\000s\000N\000e\000t\000-\0002\0002\000\040\000o\000n\000\040\000C\000I\000F\000A\000R\000-\0001\0000}{section.5}% 15
\BOOKMARK [2][-]{subsection.5.2}{\376\377\000R\000e\000s\000N\000e\000t\000-\0005\0000\000\040\000o\000n\000\040\000C\000I\000F\000A\000R\0001\0000\0000}{section.5}% 16
\BOOKMARK [2][-]{subsection.5.3}{\376\377\000H\000y\000p\000e\000r\000p\000a\000r\000a\000m\000e\000t\000e\000r\000\040\000T\000u\000n\000i\000n\000g}{section.5}% 17
\BOOKMARK [3][-]{subsubsection.5.3.1}{\376\377\000\050\000,\000\040\000T\000\051\000\040\000v\000s\000\040\000S\000p\000a\000r\000s\000i\000t\000i\000e\000s}{subsection.5.3}% 18
\BOOKMARK [3][-]{subsubsection.5.3.2}{\376\377\000L\000e\000a\000r\000n\000i\000n\000g\000\040\000R\000a\000t\000e\000\040\000v\000s\000\040\000S\000p\000a\000r\000s\000i\000t\000i\000e\000s}{subsection.5.3}% 19
\BOOKMARK [1][-]{section.6}{\376\377\000R\000e\000s\000u\000l\000t\000s\000\040\000b\000e\000y\000o\000n\000d\000\040\000O\000r\000i\000g\000i\000n\000a\000l\000\040\000P\000a\000p\000e\000r}{}% 20
\BOOKMARK [2][-]{subsection.6.1}{\376\377\000S\000p\000a\000r\000s\000i\000t\000y\000\040\000D\000i\000s\000t\000r\000i\000b\000u\000t\000i\000o\000n\000\040\000v\000s\000\040\000F\000L\000O\000P\000\040\000C\000o\000n\000s\000u\000m\000p\000t\000i\000o\000n}{section.6}% 21
\BOOKMARK [2][-]{subsection.6.2}{\376\377\000E\000f\000f\000e\000c\000t\000\040\000o\000f\000\040\000R\000e\000d\000i\000s\000t\000r\000i\000b\000u\000t\000i\000o\000n}{section.6}% 22
\BOOKMARK [1][-]{section.7}{\376\377\000D\000i\000s\000c\000u\000s\000s\000i\000o\000n}{}% 23
\BOOKMARK [2][-]{subsubsection.7.0.1}{\376\377\000W\000h\000a\000t\000\040\000w\000a\000s\000\040\000e\000a\000s\000y}{section.7}% 24
\BOOKMARK [3][-]{subsubsection.7.0.2}{\376\377\000W\000h\000a\000t\000\040\000w\000a\000s\000\040\000d\000i\000f\000f\000i\000c\000u\000l\000t}{subsubsection.7.0.1}% 25
\BOOKMARK [3][-]{subsubsection.7.0.3}{\376\377\000C\000o\000m\000m\000u\000n\000i\000c\000a\000t\000i\000o\000n\000\040\000w\000i\000t\000h\000\040\000o\000r\000i\000g\000i\000n\000a\000l\000\040\000a\000u\000t\000h\000o\000r\000s}{subsubsection.7.0.1}% 26
\BOOKMARK [1][-]{appendix.A}{\376\377\000A\000r\000c\000h\000i\000t\000e\000c\000t\000u\000r\000e\000\040\000S\000p\000e\000c\000i\000f\000i\000c\000\040\000D\000e\000t\000a\000i\000l\000s\040\024\000R\000e\000s\000N\000e\000t\000-\0005\0000\000\040\000o\000n\000\040\000C\000I\000F\000A\000R\0001\0000\0000}{}% 27
\BOOKMARK [1][-]{appendix.B}{\376\377\000F\000L\000O\000P\000\040\000C\000o\000u\000n\000t\000i\000n\000g\000\040\000P\000r\000o\000c\000e\000d\000u\000r\000e}{}% 28
\BOOKMARK [2][-]{subsection.B.1}{\376\377\000I\000n\000f\000e\000r\000e\000n\000c\000e\000\040\000F\000L\000O\000P\000s}{appendix.B}% 29
\BOOKMARK [3][-]{subsubsection.B.1.1}{\376\377\000S\000m\000a\000l\000l\000-\000D\000e\000n\000s\000e\000,\000\040\000R\000i\000g\000L\000,\000\040\000S\000E\000T\000,\000\040\000S\000t\000a\000t\000i\000c}{subsection.B.1}% 30
\BOOKMARK [3][-]{subsubsection.B.1.2}{\376\377\000S\000N\000F\000S\000,\000\040\000P\000r\000u\000n\000i\000n\000g}{subsection.B.1}% 31
\BOOKMARK [2][-]{subsection.B.2}{\376\377\000T\000r\000a\000i\000n\000\040\000F\000L\000O\000P\000s}{appendix.B}% 32
\BOOKMARK [3][-]{subsubsection.B.2.1}{\376\377\000S\000m\000a\000l\000l\000-\000D\000e\000n\000s\000e\000,\000\040\000S\000t\000a\000t\000i\000c}{subsection.B.2}% 33
\BOOKMARK [3][-]{subsubsection.B.2.2}{\376\377\000S\000E\000T}{subsection.B.2}% 34
\BOOKMARK [3][-]{subsubsection.B.2.3}{\376\377\000R\000i\000g\000L}{subsection.B.2}% 35
\BOOKMARK [3][-]{subsubsection.B.2.4}{\376\377\000S\000N\000F\000S}{subsection.B.2}% 36
\BOOKMARK [3][-]{subsubsection.B.2.5}{\376\377\000P\000r\000u\000n\000i\000n\000g}{subsection.B.2}% 37
\BOOKMARK [1][-]{appendix.C}{\376\377\000T\000r\000i\000a\000l\000\040\000S\000p\000a\000c\000e\000\040\000o\000f\000\040\000H\000y\000p\000e\000r\000p\000a\000r\000a\000m\000e\000t\000e\000r\000\040\000T\000u\000n\000i\000n\000g}{}% 38
\BOOKMARK [1][-]{appendix.D}{\376\377\000D\000y\000n\000a\000m\000i\000c\000\040\000S\000t\000r\000u\000c\000t\000u\000r\000e\000d\000\040\000S\000p\000a\000r\000s\000i\000t\000y}{}% 39
