./yaml-to-latex.py -i metadata.yaml -o metadata.tex
latexmk -pdf -pdflatex="xelatex -interaction=nonstopmode" -use-make article.tex
Rc files read:
  NONE
Latexmk: This is Latexmk, John Collins, 17 Mar. 2022. Version 4.77, version: 4.77.
Latexmk: applying rule 'pdflatex'...
Rule 'pdflatex': File changes, etc:
   Changed files, or newly in use since previous run(s):
  article.tex
Rule 'pdflatex': The following rules & subrules became out-of-date:
  pdflatex
------------
Run number 1 of rule 'pdflatex'
------------
------------
Running 'xelatex -interaction=nonstopmode  -recorder  "article.tex"'
------------
This is XeTeX, Version 3.141592653-2.6-0.999994 (TeX Live 2022) (preloaded format=xelatex)
 restricted \write18 enabled.
entering extended mode
(./article.tex
LaTeX2e <2021-11-15> patch level 1
L3 programming layer <2022-02-24> (./rescience.cls
Document Class: rescience 2019/04/12 Style for ReScience articles
(/usr/local/texlive/2022/texmf-dist/tex/latex/base/article.cls
Document Class: article 2021/10/04 v1.4n Standard LaTeX document class
(/usr/local/texlive/2022/texmf-dist/tex/latex/base/size10.clo))
(/usr/local/texlive/2022/texmf-dist/tex/generic/babel/babel.sty
(/usr/local/texlive/2022/texmf-dist/tex/generic/babel/xebabel.def
(/usr/local/texlive/2022/texmf-dist/tex/generic/babel/txtbabel.def))
(/usr/local/texlive/2022/texmf-dist/tex/generic/babel-english/american.ldf
(/usr/local/texlive/2022/texmf-dist/tex/generic/babel-english/english.ldf)))
(/usr/local/texlive/2022/texmf-dist/tex/latex/base/ifthen.sty)
(/usr/local/texlive/2022/texmf-dist/tex/latex/tools/tabularx.sty
(/usr/local/texlive/2022/texmf-dist/tex/latex/tools/array.sty))
(/usr/local/texlive/2022/texmf-dist/tex/latex/pgf/frontendlayer/tikz.sty
(/usr/local/texlive/2022/texmf-dist/tex/latex/pgf/basiclayer/pgf.sty
(/usr/local/texlive/2022/texmf-dist/tex/latex/pgf/utilities/pgfrcs.sty
(/usr/local/texlive/2022/texmf-dist/tex/generic/pgf/utilities/pgfutil-common.te
x
(/usr/local/texlive/2022/texmf-dist/tex/generic/pgf/utilities/pgfutil-common-li
sts.tex))
(/usr/local/texlive/2022/texmf-dist/tex/generic/pgf/utilities/pgfutil-latex.def
) (/usr/local/texlive/2022/texmf-dist/tex/generic/pgf/utilities/pgfrcs.code.tex
(/usr/local/texlive/2022/texmf-dist/tex/generic/pgf/pgf.revision.tex)))
(/usr/local/texlive/2022/texmf-dist/tex/latex/pgf/basiclayer/pgfcore.sty
(/usr/local/texlive/2022/texmf-dist/tex/latex/graphics/graphicx.sty
(/usr/local/texlive/2022/texmf-dist/tex/latex/graphics/keyval.sty)
(/usr/local/texlive/2022/texmf-dist/tex/latex/graphics/graphics.sty
(/usr/local/texlive/2022/texmf-dist/tex/latex/graphics/trig.sty)
(/usr/local/texlive/2022/texmf-dist/tex/latex/graphics-cfg/graphics.cfg)
(/usr/local/texlive/2022/texmf-dist/tex/latex/graphics-def/xetex.def)))
(/usr/local/texlive/2022/texmf-dist/tex/latex/pgf/systemlayer/pgfsys.sty
(/usr/local/texlive/2022/texmf-dist/tex/generic/pgf/systemlayer/pgfsys.code.tex
(/usr/local/texlive/2022/texmf-dist/tex/generic/pgf/utilities/pgfkeys.code.tex
(/usr/local/texlive/2022/texmf-dist/tex/generic/pgf/utilities/pgfkeysfiltered.c
ode.tex))
(/usr/local/texlive/2022/texmf-dist/tex/generic/pgf/systemlayer/pgf.cfg)
(/usr/local/texlive/2022/texmf-dist/tex/generic/pgf/systemlayer/pgfsys-xetex.de
f
(/usr/local/texlive/2022/texmf-dist/tex/generic/pgf/systemlayer/pgfsys-dvipdfmx
.def
(/usr/local/texlive/2022/texmf-dist/tex/generic/pgf/systemlayer/pgfsys-common-p
df.def))))
(/usr/local/texlive/2022/texmf-dist/tex/generic/pgf/systemlayer/pgfsyssoftpath.
code.tex)
(/usr/local/texlive/2022/texmf-dist/tex/generic/pgf/systemlayer/pgfsysprotocol.
code.tex)) (/usr/local/texlive/2022/texmf-dist/tex/latex/xcolor/xcolor.sty
(/usr/local/texlive/2022/texmf-dist/tex/latex/graphics-cfg/color.cfg))
(/usr/local/texlive/2022/texmf-dist/tex/generic/pgf/basiclayer/pgfcore.code.tex
(/usr/local/texlive/2022/texmf-dist/tex/generic/pgf/math/pgfmath.code.tex
(/usr/local/texlive/2022/texmf-dist/tex/generic/pgf/math/pgfmathcalc.code.tex
(/usr/local/texlive/2022/texmf-dist/tex/generic/pgf/math/pgfmathutil.code.tex)
(/usr/local/texlive/2022/texmf-dist/tex/generic/pgf/math/pgfmathparser.code.tex
)
(/usr/local/texlive/2022/texmf-dist/tex/generic/pgf/math/pgfmathfunctions.code.
tex
(/usr/local/texlive/2022/texmf-dist/tex/generic/pgf/math/pgfmathfunctions.basic
.code.tex)
(/usr/local/texlive/2022/texmf-dist/tex/generic/pgf/math/pgfmathfunctions.trigo
nometric.code.tex)
(/usr/local/texlive/2022/texmf-dist/tex/generic/pgf/math/pgfmathfunctions.rando
m.code.tex)
(/usr/local/texlive/2022/texmf-dist/tex/generic/pgf/math/pgfmathfunctions.compa
rison.code.tex)
(/usr/local/texlive/2022/texmf-dist/tex/generic/pgf/math/pgfmathfunctions.base.
code.tex)
(/usr/local/texlive/2022/texmf-dist/tex/generic/pgf/math/pgfmathfunctions.round
.code.tex)
(/usr/local/texlive/2022/texmf-dist/tex/generic/pgf/math/pgfmathfunctions.misc.
code.tex)
(/usr/local/texlive/2022/texmf-dist/tex/generic/pgf/math/pgfmathfunctions.integ
erarithmetics.code.tex)))
(/usr/local/texlive/2022/texmf-dist/tex/generic/pgf/math/pgfmathfloat.code.tex)
) (/usr/local/texlive/2022/texmf-dist/tex/generic/pgf/math/pgfint.code.tex)
(/usr/local/texlive/2022/texmf-dist/tex/generic/pgf/basiclayer/pgfcorepoints.co
de.tex)
(/usr/local/texlive/2022/texmf-dist/tex/generic/pgf/basiclayer/pgfcorepathconst
ruct.code.tex)
(/usr/local/texlive/2022/texmf-dist/tex/generic/pgf/basiclayer/pgfcorepathusage
.code.tex)
(/usr/local/texlive/2022/texmf-dist/tex/generic/pgf/basiclayer/pgfcorescopes.co
de.tex)
(/usr/local/texlive/2022/texmf-dist/tex/generic/pgf/basiclayer/pgfcoregraphicst
ate.code.tex)
(/usr/local/texlive/2022/texmf-dist/tex/generic/pgf/basiclayer/pgfcoretransform
ations.code.tex)
(/usr/local/texlive/2022/texmf-dist/tex/generic/pgf/basiclayer/pgfcorequick.cod
e.tex)
(/usr/local/texlive/2022/texmf-dist/tex/generic/pgf/basiclayer/pgfcoreobjects.c
ode.tex)
(/usr/local/texlive/2022/texmf-dist/tex/generic/pgf/basiclayer/pgfcorepathproce
ssing.code.tex)
(/usr/local/texlive/2022/texmf-dist/tex/generic/pgf/basiclayer/pgfcorearrows.co
de.tex)
(/usr/local/texlive/2022/texmf-dist/tex/generic/pgf/basiclayer/pgfcoreshade.cod
e.tex)
(/usr/local/texlive/2022/texmf-dist/tex/generic/pgf/basiclayer/pgfcoreimage.cod
e.tex
(/usr/local/texlive/2022/texmf-dist/tex/generic/pgf/basiclayer/pgfcoreexternal.
code.tex))
(/usr/local/texlive/2022/texmf-dist/tex/generic/pgf/basiclayer/pgfcorelayers.co
de.tex)
(/usr/local/texlive/2022/texmf-dist/tex/generic/pgf/basiclayer/pgfcoretranspare
ncy.code.tex)
(/usr/local/texlive/2022/texmf-dist/tex/generic/pgf/basiclayer/pgfcorepatterns.
code.tex)
(/usr/local/texlive/2022/texmf-dist/tex/generic/pgf/basiclayer/pgfcorerdf.code.
tex)))
(/usr/local/texlive/2022/texmf-dist/tex/generic/pgf/modules/pgfmoduleshapes.cod
e.tex)
(/usr/local/texlive/2022/texmf-dist/tex/generic/pgf/modules/pgfmoduleplot.code.
tex)
(/usr/local/texlive/2022/texmf-dist/tex/latex/pgf/compatibility/pgfcomp-version
-0-65.sty)
(/usr/local/texlive/2022/texmf-dist/tex/latex/pgf/compatibility/pgfcomp-version
-1-18.sty))
(/usr/local/texlive/2022/texmf-dist/tex/latex/pgf/utilities/pgffor.sty
(/usr/local/texlive/2022/texmf-dist/tex/latex/pgf/utilities/pgfkeys.sty
(/usr/local/texlive/2022/texmf-dist/tex/generic/pgf/utilities/pgfkeys.code.tex)
) (/usr/local/texlive/2022/texmf-dist/tex/latex/pgf/math/pgfmath.sty
(/usr/local/texlive/2022/texmf-dist/tex/generic/pgf/math/pgfmath.code.tex))
(/usr/local/texlive/2022/texmf-dist/tex/generic/pgf/utilities/pgffor.code.tex
(/usr/local/texlive/2022/texmf-dist/tex/generic/pgf/math/pgfmath.code.tex)))
(/usr/local/texlive/2022/texmf-dist/tex/generic/pgf/frontendlayer/tikz/tikz.cod
e.tex
(/usr/local/texlive/2022/texmf-dist/tex/generic/pgf/libraries/pgflibraryplothan
dlers.code.tex)
(/usr/local/texlive/2022/texmf-dist/tex/generic/pgf/modules/pgfmodulematrix.cod
e.tex)
(/usr/local/texlive/2022/texmf-dist/tex/generic/pgf/frontendlayer/tikz/librarie
s/tikzlibrarytopaths.code.tex)))
(/usr/local/texlive/2022/texmf-dist/tex/latex/marginnote/marginnote.sty)
(/usr/local/texlive/2022/texmf-dist/tex/latex/csquotes/csquotes.sty
(/usr/local/texlive/2022/texmf-dist/tex/latex/etoolbox/etoolbox.sty)
(/usr/local/texlive/2022/texmf-dist/tex/latex/csquotes/csquotes.def)
(/usr/local/texlive/2022/texmf-dist/tex/latex/csquotes/csquotes.cfg))
(/usr/local/texlive/2022/texmf-dist/tex/latex/amsmath/amsmath.sty
For additional information on amsmath, use the `?' option.
(/usr/local/texlive/2022/texmf-dist/tex/latex/amsmath/amstext.sty
(/usr/local/texlive/2022/texmf-dist/tex/latex/amsmath/amsgen.sty))
(/usr/local/texlive/2022/texmf-dist/tex/latex/amsmath/amsbsy.sty)
(/usr/local/texlive/2022/texmf-dist/tex/latex/amsmath/amsopn.sty))
(/usr/local/texlive/2022/texmf-dist/tex/latex/mathtools/mathtools.sty
(/usr/local/texlive/2022/texmf-dist/tex/latex/tools/calc.sty)
(/usr/local/texlive/2022/texmf-dist/tex/latex/mathtools/mhsetup.sty))
(/usr/local/texlive/2022/texmf-dist/tex/latex/geometry/geometry.sty
(/usr/local/texlive/2022/texmf-dist/tex/generic/iftex/ifvtex.sty
(/usr/local/texlive/2022/texmf-dist/tex/generic/iftex/iftex.sty)))
(/usr/local/texlive/2022/texmf-dist/tex/latex/fontspec/fontspec.sty
(/usr/local/texlive/2022/texmf-dist/tex/latex/l3packages/xparse/xparse.sty
(/usr/local/texlive/2022/texmf-dist/tex/latex/l3kernel/expl3.sty
(/usr/local/texlive/2022/texmf-dist/tex/latex/l3backend/l3backend-xetex.def
(|extractbb --version))))
(/usr/local/texlive/2022/texmf-dist/tex/latex/fontspec/fontspec-xetex.sty
(/usr/local/texlive/2022/texmf-dist/tex/latex/base/fontenc.sty)
(/usr/local/texlive/2022/texmf-dist/tex/latex/fontspec/fontspec.cfg)))
(/usr/local/texlive/2022/texmf-dist/tex/latex/microtype/microtype.sty
(/usr/local/texlive/2022/texmf-dist/tex/latex/microtype/microtype-xetex.def)
(/usr/local/texlive/2022/texmf-dist/tex/latex/microtype/microtype.cfg))
(/usr/local/texlive/2022/texmf-dist/tex/latex/titlesec/titlesec.sty)
(/usr/local/texlive/2022/texmf-dist/tex/latex/caption/caption.sty
(/usr/local/texlive/2022/texmf-dist/tex/latex/caption/caption3.sty))
(/usr/local/texlive/2022/texmf-dist/tex/latex/hyperref/hyperref.sty
(/usr/local/texlive/2022/texmf-dist/tex/generic/ltxcmds/ltxcmds.sty)
(/usr/local/texlive/2022/texmf-dist/tex/generic/pdftexcmds/pdftexcmds.sty
(/usr/local/texlive/2022/texmf-dist/tex/generic/infwarerr/infwarerr.sty))
(/usr/local/texlive/2022/texmf-dist/tex/generic/kvsetkeys/kvsetkeys.sty)
(/usr/local/texlive/2022/texmf-dist/tex/generic/kvdefinekeys/kvdefinekeys.sty)
(/usr/local/texlive/2022/texmf-dist/tex/generic/pdfescape/pdfescape.sty)
(/usr/local/texlive/2022/texmf-dist/tex/latex/hycolor/hycolor.sty)
(/usr/local/texlive/2022/texmf-dist/tex/latex/letltxmacro/letltxmacro.sty)
(/usr/local/texlive/2022/texmf-dist/tex/latex/auxhook/auxhook.sty)
(/usr/local/texlive/2022/texmf-dist/tex/latex/kvoptions/kvoptions.sty)
(/usr/local/texlive/2022/texmf-dist/tex/latex/hyperref/pd1enc.def)
(/usr/local/texlive/2022/texmf-dist/tex/generic/intcalc/intcalc.sty)
(/usr/local/texlive/2022/texmf-dist/tex/generic/etexcmds/etexcmds.sty)
(/usr/local/texlive/2022/texmf-dist/tex/latex/hyperref/puenc.def)
(/usr/local/texlive/2022/texmf-dist/tex/latex/url/url.sty)
(/usr/local/texlive/2022/texmf-dist/tex/generic/bitset/bitset.sty
(/usr/local/texlive/2022/texmf-dist/tex/generic/bigintcalc/bigintcalc.sty))
(/usr/local/texlive/2022/texmf-dist/tex/latex/base/atbegshi-ltx.sty))
(/usr/local/texlive/2022/texmf-dist/tex/latex/hyperref/hxetex.def
(/usr/local/texlive/2022/texmf-dist/tex/generic/stringenc/stringenc.sty)
(/usr/local/texlive/2022/texmf-dist/tex/latex/rerunfilecheck/rerunfilecheck.sty
(/usr/local/texlive/2022/texmf-dist/tex/latex/base/atveryend-ltx.sty)
(/usr/local/texlive/2022/texmf-dist/tex/generic/uniquecounter/uniquecounter.sty
))) (/usr/local/texlive/2022/texmf-dist/tex/latex/listings/listings.sty
(/usr/local/texlive/2022/texmf-dist/tex/latex/listings/lstmisc.sty)
(/usr/local/texlive/2022/texmf-dist/tex/latex/listings/listings.cfg))
(/usr/local/texlive/2022/texmf-dist/tex/latex/enumitem/enumitem.sty)
(/usr/local/texlive/2022/texmf-dist/tex/latex/preprint/authblk.sty)
(/usr/local/texlive/2022/texmf-dist/tex/latex/tcolorbox/tcolorbox.sty
(/usr/local/texlive/2022/texmf-dist/tex/latex/tools/verbatim.sty)
(/usr/local/texlive/2022/texmf-dist/tex/latex/environ/environ.sty
(/usr/local/texlive/2022/texmf-dist/tex/latex/trimspaces/trimspaces.sty))
(/usr/local/texlive/2022/texmf-dist/tex/latex/tcolorbox/tcbraster.code.tex
Library (tcolorbox): 'tcbraster.code.tex' version '5.0.2'
) (/usr/local/texlive/2022/texmf-dist/tex/latex/tcolorbox/tcbskins.code.tex
Library (tcolorbox): 'tcbskins.code.tex' version '5.0.2'

(/usr/local/texlive/2022/texmf-dist/tex/latex/tcolorbox/tcbskinsjigsaw.code.tex
Library (tcolorbox): 'tcbskinsjigsaw.code.tex' version '5.0.2'
))
(/usr/local/texlive/2022/texmf-dist/tex/latex/tcolorbox/tcbbreakable.code.tex
Library (tcolorbox): 'tcbbreakable.code.tex' version '5.0.2'
(/usr/local/texlive/2022/texmf-dist/tex/generic/oberdiek/pdfcol.sty))
(/usr/local/texlive/2022/texmf-dist/tex/latex/tcolorbox/tcbhooks.code.tex
Library (tcolorbox): 'tcbhooks.code.tex' version '5.0.2'
) (/usr/local/texlive/2022/texmf-dist/tex/latex/tcolorbox/tcbtheorems.code.tex
Library (tcolorbox): 'tcbtheorems.code.tex' version '5.0.2'
) (/usr/local/texlive/2022/texmf-dist/tex/latex/tcolorbox/tcbfitting.code.tex
Library (tcolorbox): 'tcbfitting.code.tex' version '5.0.2'
) (/usr/local/texlive/2022/texmf-dist/tex/latex/tcolorbox/tcbxparse.code.tex
Library (tcolorbox): 'tcbxparse.code.tex' version '5.0.2'
)) (./metadata.tex)
(/usr/local/texlive/2022/texmf-dist/tex/latex/fancyhdr/fancyhdr.sty)
(/usr/local/texlive/2022/texmf-dist/tex/latex/biblatex/biblatex.sty
(/usr/local/texlive/2022/texmf-dist/tex/latex/logreq/logreq.sty
(/usr/local/texlive/2022/texmf-dist/tex/latex/logreq/logreq.def))
(/usr/local/texlive/2022/texmf-dist/tex/latex/biblatex/blx-dm.def)
(/usr/local/texlive/2022/texmf-dist/tex/latex/biblatex/blx-unicode.def)
(/usr/local/texlive/2022/texmf-dist/tex/latex/biblatex/blx-compat.def)
(/usr/local/texlive/2022/texmf-dist/tex/latex/biblatex/biblatex.def)
(/usr/local/texlive/2022/texmf-dist/tex/latex/biblatex/blx-natbib.def)
(/usr/local/texlive/2022/texmf-dist/tex/latex/biblatex/bbx/numeric.bbx
(/usr/local/texlive/2022/texmf-dist/tex/latex/biblatex/bbx/standard.bbx))
(/usr/local/texlive/2022/texmf-dist/tex/latex/biblatex/cbx/numeric.cbx)
(/usr/local/texlive/2022/texmf-dist/tex/latex/biblatex/biblatex.cfg)
(/usr/local/texlive/2022/texmf-dist/tex/latex/biblatex/blx-case-expl3.sty))
(/usr/local/texlive/2022/texmf-dist/tex/latex/natbib/bibentry.sty)
(/usr/local/texlive/2022/texmf-dist/tex/latex/float/float.sty))
(../openreview/packages.tex
(/usr/local/texlive/2022/texmf-dist/tex/latex/base/inputenc.sty

Package inputenc Warning: inputenc package ignored with utf8 based engines.

) (/usr/local/texlive/2022/texmf-dist/tex/latex/booktabs/booktabs.sty)
(/usr/local/texlive/2022/texmf-dist/tex/latex/amsfonts/amsfonts.sty)
(/usr/local/texlive/2022/texmf-dist/tex/latex/units/nicefrac.sty)
(/usr/local/texlive/2022/texmf-dist/tex/generic/ulem/ulem.sty))
(/usr/local/texlive/2022/texmf-dist/tex/latex/caption/subcaption.sty)

Package csquotes Warning: Load 'inputenc' before 'csquotes' on input line 6.


Package biblatex Warning: Load 'inputenc' before biblatex.

(./article.aux) (/usr/local/texlive/2022/texmf-dist/tex/latex/base/ts1cmr.fd)
*geometry* driver: auto-detecting
*geometry* detected driver: xetex
(/usr/local/texlive/2022/texmf-dist/tex/latex/hyperref/nameref.sty
(/usr/local/texlive/2022/texmf-dist/tex/latex/refcount/refcount.sty)
(/usr/local/texlive/2022/texmf-dist/tex/generic/gettitlestring/gettitlestring.s
ty))

Package hyperref Warning: Rerun to get /PageLabels entry.

(/usr/local/texlive/2022/texmf-dist/tex/latex/biblatex/lbx/american.lbx
(/usr/local/texlive/2022/texmf-dist/tex/latex/biblatex/lbx/english.lbx)
(/usr/local/texlive/2022/texmf-dist/tex/latex/biblatex/lbx/english.lbx))
No file article.bbl.
(./header.tex (/usr/local/texlive/2022/texmf-dist/tex/latex/amsfonts/umsa.fd)
(/usr/local/texlive/2022/texmf-dist/tex/latex/microtype/mt-msa.cfg)
(/usr/local/texlive/2022/texmf-dist/tex/latex/amsfonts/umsb.fd)
(/usr/local/texlive/2022/texmf-dist/tex/latex/microtype/mt-msb.cfg)
(/usr/local/texlive/2022/texmf-dist/tex/latex/microtype/mt-cmr.cfg)
Underfull \hbox (badness 10000) in paragraph at lines 69--70
[]\TU/RobotoCondensed(0)/m/n/7 Code is available at [][]https://github.com/andr
azdeluisa/reproducibility_challenge[][] – DOI [][]10.5281/zenodo.6498328[][]. –
 SWH
) (./content.tex (../openreview/content.tex

LaTeX Warning: Citation 'bandits' on page 1 undefined on input line 5.


LaTeX Warning: Citation 'r' on page 1 undefined on input line 9.

[1]

LaTeX Warning: Citation 'robbins' on page 2 undefined on input line 29.


LaTeX Warning: Citation 'bandits' on page 2 undefined on input line 33.


LaTeX Warning: Citation 'bandits' on page 2 undefined on input line 40.


LaTeX Warning: Citation 'thompson' on page 2 undefined on input line 40.

[2]

LaTeX Warning: Reference `sec:experiments' on page 3 undefined on input line 65
.

[3]

LaTeX Warning: Citation 'r' on page 4 undefined on input line 73.


LaTeX Warning: Citation 'ggplot2' on page 4 undefined on input line 73.


LaTeX Warning: Citation 'r' on page 4 undefined on input line 73.


LaTeX Warning: Citation 'mvtnorm' on page 4 undefined on input line 73.


LaTeX Warning: Citation 'bandits' on page 4 undefined on input line 78.


LaTeX Warning: Citation 'thompson' on page 4 undefined on input line 84.


Overfull \hbox (7.75633pt too wide) in paragraph at lines 84--85
[]\TU/SourceSerifPro(0)/m/n/10 The baseline algorithm that solves a MAB problem
 is Thompson sampling (TS) [[]],

Overfull \hbox (1.79047pt too wide) in paragraph at lines 84--85
\TU/SourceSerifPro(0)/m/n/10 first designed by Thompson in 1933 (much before th
e MAB problem was even formalised).
[4]

LaTeX Warning: Citation 'bandits' on page 5 undefined on input line 86.


Overfull \hbox (9.11375pt too wide) in paragraph at lines 86--87
[]\TU/SourceSerifPro(0)/m/n/10 The newly proposed algorithm that exploits the d
isjoint clustering structure (TSC [[]])

LaTeX Warning: Citation 'bandits' on page 5 undefined on input line 88.


LaTeX Warning: Reference `sec:results' on page 5 undefined on input line 103.


Overfull \hbox (0.8882pt too wide) in paragraph at lines 109--110
\TU/SourceSerifPro(0)/m/n/10 well-known algorithms that solve the MABC problem.
 We generate the synthetic datasets
[5]

LaTeX Warning: Citation 'auer' on page 6 undefined on input line 114.


LaTeX Warning: Citation 'pandey' on page 6 undefined on input line 115.


LaTeX Warning: Citation 'bouneffouf' on page 6 undefined on input line 115.


LaTeX Warning: Citation 'bandits' on page 6 undefined on input line 115.


LaTeX Warning: Citation 'pandey' on page 6 undefined on input line 115.


Overfull \hbox (3.9608pt too wide) in paragraph at lines 115--116
[]\TU/SourceSerifPro(0)/m/n/10 The UCBC algorithm (designed as TLP – Two Level 
Policy – by Pandey et al. [[]],

LaTeX Warning: Citation 'zhao' on page 6 undefined on input line 116.


LaTeX Warning: Citation 'kocsis' on page 6 undefined on input line 117.


LaTeX Warning: Citation 'agrawal' on page 6 undefined on input line 124.

[6]

LaTeX Warning: Citation 'bandits' on page 7 undefined on input line 126.


LaTeX Warning: Citation 'li' on page 7 undefined on input line 131.


LaTeX Warning: Citation 'bouneffouf' on page 7 undefined on input line 132.


LaTeX Warning: Citation 'bouneffouf' on page 7 undefined on input line 135.


LaTeX Warning: Citation 'bouneffouf' on page 7 undefined on input line 135.


LaTeX Warning: Reference `fig:exp1' on page 7 undefined on input line 140.


LaTeX Warning: Reference `fig:exp2' on page 7 undefined on input line 140.


LaTeX Warning: Reference `sec:claims' on page 7 undefined on input line 140.


LaTeX Warning: Reference `fig:exp1' on page 7 undefined on input line 180.


LaTeX Warning: Reference `fig:cluster1' on page 7 undefined on input line 180.


LaTeX Warning: Reference `fig:cluster5' on page 7 undefined on input line 180.


LaTeX Warning: Reference `fig:hier' on page 7 undefined on input line 180.


LaTeX Warning: Reference `fig:cluster1' on page 7 undefined on input line 183.

[7]

LaTeX Warning: Reference `fig:cluster2' on page 8 undefined on input line 184.


LaTeX Warning: Reference `fig:cluster3' on page 8 undefined on input line 185.


LaTeX Warning: Reference `fig:cluster4' on page 8 undefined on input line 186.


LaTeX Warning: Reference `fig:cluster5' on page 8 undefined on input line 187.


LaTeX Warning: Reference `fig:hier' on page 8 undefined on input line 188.


LaTeX Warning: Reference `fig:viol_cluster1' on page 8 undefined on input line 
229.


LaTeX Warning: Reference `fig:viol_hier' on page 8 undefined on input line 229.



LaTeX Warning: Reference `fig:viol_cluster1' on page 8 undefined on input line 
232.

[8]

LaTeX Warning: Reference `fig:viol_cluster2' on page 9 undefined on input line 
233.


LaTeX Warning: Reference `fig:viol_hier' on page 9 undefined on input line 234.



LaTeX Warning: Reference `fig:context1' on page 9 undefined on input line 239.


LaTeX Warning: Reference `fig:context3' on page 9 undefined on input line 239.

[9]

LaTeX Warning: Reference `fig:viol_cluster2' on page 10 undefined on input line
 245.


LaTeX Warning: Reference `fig:viol_hier' on page 10 undefined on input line 245
.


LaTeX Warning: Citation 'bouneffouf' on page 10 undefined on input line 247.


LaTeX Warning: Citation 'bouneffouf' on page 10 undefined on input line 247.


Overfull \hbox (3.52457pt too wide) in paragraph at lines 255--256
\TU/SourceSerifPro(0)/m/n/10 sons for these struggles are the inconsistent nome
nclature (the referenced paper presents
))

LaTeX Warning: Empty bibliography on input line 11.

[10] (./article.aux)

LaTeX Warning: There were undefined references.


LaTeX Warning: Label(s) may have changed. Rerun to get cross-references right.


Package rerunfilecheck Warning: File `article.out' has changed.
(rerunfilecheck)                Rerun to get outlines right
(rerunfilecheck)                or use package `bookmark'.


Package biblatex Warning: Please (re)run Biber on the file:
(biblatex)                article
(biblatex)                and rerun LaTeX afterwards.

 )
(see the transcript file for additional information)
Output written on article.pdf (10 pages).
Transcript written on article.log.
Latexmk: Getting log file 'article.log'
Latexmk: Examining 'article.fls'
Latexmk: Examining 'article.log'
Latexmk: References changed.
Latexmk: References changed.
Latexmk: References changed.
Latexmk: Log file says output to 'article.pdf'
Latexmk: 'pdflatex': source file 'article.bbl' doesn't exist. I'll try making it...
------------
Running 'make "article.bbl"'
------------
Latexmk: applying rule 'biber article'...
Rule 'biber article': File changes, etc:
   Changed files, or newly in use since previous run(s):
  article.bcf
Rule 'biber article': The following rules & subrules became out-of-date:
  biber article
------------
Run number 1 of rule 'biber article'
------------
------------
Running 'biber  "article.bcf"'
------------
INFO - This is Biber 2.17
INFO - Logfile is 'article.blg'
INFO - Reading 'article.bcf'
INFO - Found 13 citekeys in bib section 0
INFO - Processing section 0
INFO - Looking for bibtex file 'bibliography.bib' for section 0
INFO - LaTeX decoding ...
INFO - Found BibTeX data source 'bibliography.bib'
INFO - Overriding locale 'en-US' defaults 'normalization = NFD' with 'normalization = prenormalized'
INFO - Overriding locale 'en-US' defaults 'variable = shifted' with 'variable = non-ignorable'
INFO - Sorting list 'none/global//global/global' of type 'entry' with template 'none' and locale 'en-US'
INFO - No sort tailoring available for locale 'en-US'
INFO - Writing 'article.bbl' with encoding 'UTF-8'
INFO - Output to article.bbl
WARN - legacy month field '17--19 Jun' in entry 'agrawal' is not an integer - this will probably not sort properly.
INFO - WARNINGS: 1
Biber warning: [261] Biber.pm:130> WARN - legacy month field '17--19 Jun' in entry 'agrawal' is not an integer - this will probably not sort properly.
Latexmk: Found biber source file(s) [article.bcf bibliography.bib]
Latexmk: applying rule 'pdflatex'...
Rule 'pdflatex': File changes, etc:
   Changed files, or newly in use since previous run(s):
  article.aux
  article.bbl
  article.out
Rule 'pdflatex': The following rules & subrules became out-of-date:
  pdflatex
------------
Run number 2 of rule 'pdflatex'
------------
------------
Running 'xelatex -interaction=nonstopmode  -recorder  "article.tex"'
------------
This is XeTeX, Version 3.141592653-2.6-0.999994 (TeX Live 2022) (preloaded format=xelatex)
 restricted \write18 enabled.
entering extended mode
(./article.tex
LaTeX2e <2021-11-15> patch level 1
L3 programming layer <2022-02-24> (./rescience.cls
Document Class: rescience 2019/04/12 Style for ReScience articles
(/usr/local/texlive/2022/texmf-dist/tex/latex/base/article.cls
Document Class: article 2021/10/04 v1.4n Standard LaTeX document class
(/usr/local/texlive/2022/texmf-dist/tex/latex/base/size10.clo))
(/usr/local/texlive/2022/texmf-dist/tex/generic/babel/babel.sty
(/usr/local/texlive/2022/texmf-dist/tex/generic/babel/xebabel.def
(/usr/local/texlive/2022/texmf-dist/tex/generic/babel/txtbabel.def))
(/usr/local/texlive/2022/texmf-dist/tex/generic/babel-english/american.ldf
(/usr/local/texlive/2022/texmf-dist/tex/generic/babel-english/english.ldf)))
(/usr/local/texlive/2022/texmf-dist/tex/latex/base/ifthen.sty)
(/usr/local/texlive/2022/texmf-dist/tex/latex/tools/tabularx.sty
(/usr/local/texlive/2022/texmf-dist/tex/latex/tools/array.sty))
(/usr/local/texlive/2022/texmf-dist/tex/latex/pgf/frontendlayer/tikz.sty
(/usr/local/texlive/2022/texmf-dist/tex/latex/pgf/basiclayer/pgf.sty
(/usr/local/texlive/2022/texmf-dist/tex/latex/pgf/utilities/pgfrcs.sty
(/usr/local/texlive/2022/texmf-dist/tex/generic/pgf/utilities/pgfutil-common.te
x
(/usr/local/texlive/2022/texmf-dist/tex/generic/pgf/utilities/pgfutil-common-li
sts.tex))
(/usr/local/texlive/2022/texmf-dist/tex/generic/pgf/utilities/pgfutil-latex.def
) (/usr/local/texlive/2022/texmf-dist/tex/generic/pgf/utilities/pgfrcs.code.tex
(/usr/local/texlive/2022/texmf-dist/tex/generic/pgf/pgf.revision.tex)))
(/usr/local/texlive/2022/texmf-dist/tex/latex/pgf/basiclayer/pgfcore.sty
(/usr/local/texlive/2022/texmf-dist/tex/latex/graphics/graphicx.sty
(/usr/local/texlive/2022/texmf-dist/tex/latex/graphics/keyval.sty)
(/usr/local/texlive/2022/texmf-dist/tex/latex/graphics/graphics.sty
(/usr/local/texlive/2022/texmf-dist/tex/latex/graphics/trig.sty)
(/usr/local/texlive/2022/texmf-dist/tex/latex/graphics-cfg/graphics.cfg)
(/usr/local/texlive/2022/texmf-dist/tex/latex/graphics-def/xetex.def)))
(/usr/local/texlive/2022/texmf-dist/tex/latex/pgf/systemlayer/pgfsys.sty
(/usr/local/texlive/2022/texmf-dist/tex/generic/pgf/systemlayer/pgfsys.code.tex
(/usr/local/texlive/2022/texmf-dist/tex/generic/pgf/utilities/pgfkeys.code.tex
(/usr/local/texlive/2022/texmf-dist/tex/generic/pgf/utilities/pgfkeysfiltered.c
ode.tex))
(/usr/local/texlive/2022/texmf-dist/tex/generic/pgf/systemlayer/pgf.cfg)
(/usr/local/texlive/2022/texmf-dist/tex/generic/pgf/systemlayer/pgfsys-xetex.de
f
(/usr/local/texlive/2022/texmf-dist/tex/generic/pgf/systemlayer/pgfsys-dvipdfmx
.def
(/usr/local/texlive/2022/texmf-dist/tex/generic/pgf/systemlayer/pgfsys-common-p
df.def))))
(/usr/local/texlive/2022/texmf-dist/tex/generic/pgf/systemlayer/pgfsyssoftpath.
code.tex)
(/usr/local/texlive/2022/texmf-dist/tex/generic/pgf/systemlayer/pgfsysprotocol.
code.tex)) (/usr/local/texlive/2022/texmf-dist/tex/latex/xcolor/xcolor.sty
(/usr/local/texlive/2022/texmf-dist/tex/latex/graphics-cfg/color.cfg))
(/usr/local/texlive/2022/texmf-dist/tex/generic/pgf/basiclayer/pgfcore.code.tex
(/usr/local/texlive/2022/texmf-dist/tex/generic/pgf/math/pgfmath.code.tex
(/usr/local/texlive/2022/texmf-dist/tex/generic/pgf/math/pgfmathcalc.code.tex
(/usr/local/texlive/2022/texmf-dist/tex/generic/pgf/math/pgfmathutil.code.tex)
(/usr/local/texlive/2022/texmf-dist/tex/generic/pgf/math/pgfmathparser.code.tex
)
(/usr/local/texlive/2022/texmf-dist/tex/generic/pgf/math/pgfmathfunctions.code.
tex
(/usr/local/texlive/2022/texmf-dist/tex/generic/pgf/math/pgfmathfunctions.basic
.code.tex)
(/usr/local/texlive/2022/texmf-dist/tex/generic/pgf/math/pgfmathfunctions.trigo
nometric.code.tex)
(/usr/local/texlive/2022/texmf-dist/tex/generic/pgf/math/pgfmathfunctions.rando
m.code.tex)
(/usr/local/texlive/2022/texmf-dist/tex/generic/pgf/math/pgfmathfunctions.compa
rison.code.tex)
(/usr/local/texlive/2022/texmf-dist/tex/generic/pgf/math/pgfmathfunctions.base.
code.tex)
(/usr/local/texlive/2022/texmf-dist/tex/generic/pgf/math/pgfmathfunctions.round
.code.tex)
(/usr/local/texlive/2022/texmf-dist/tex/generic/pgf/math/pgfmathfunctions.misc.
code.tex)
(/usr/local/texlive/2022/texmf-dist/tex/generic/pgf/math/pgfmathfunctions.integ
erarithmetics.code.tex)))
(/usr/local/texlive/2022/texmf-dist/tex/generic/pgf/math/pgfmathfloat.code.tex)
) (/usr/local/texlive/2022/texmf-dist/tex/generic/pgf/math/pgfint.code.tex)
(/usr/local/texlive/2022/texmf-dist/tex/generic/pgf/basiclayer/pgfcorepoints.co
de.tex)
(/usr/local/texlive/2022/texmf-dist/tex/generic/pgf/basiclayer/pgfcorepathconst
ruct.code.tex)
(/usr/local/texlive/2022/texmf-dist/tex/generic/pgf/basiclayer/pgfcorepathusage
.code.tex)
(/usr/local/texlive/2022/texmf-dist/tex/generic/pgf/basiclayer/pgfcorescopes.co
de.tex)
(/usr/local/texlive/2022/texmf-dist/tex/generic/pgf/basiclayer/pgfcoregraphicst
ate.code.tex)
(/usr/local/texlive/2022/texmf-dist/tex/generic/pgf/basiclayer/pgfcoretransform
ations.code.tex)
(/usr/local/texlive/2022/texmf-dist/tex/generic/pgf/basiclayer/pgfcorequick.cod
e.tex)
(/usr/local/texlive/2022/texmf-dist/tex/generic/pgf/basiclayer/pgfcoreobjects.c
ode.tex)
(/usr/local/texlive/2022/texmf-dist/tex/generic/pgf/basiclayer/pgfcorepathproce
ssing.code.tex)
(/usr/local/texlive/2022/texmf-dist/tex/generic/pgf/basiclayer/pgfcorearrows.co
de.tex)
(/usr/local/texlive/2022/texmf-dist/tex/generic/pgf/basiclayer/pgfcoreshade.cod
e.tex)
(/usr/local/texlive/2022/texmf-dist/tex/generic/pgf/basiclayer/pgfcoreimage.cod
e.tex
(/usr/local/texlive/2022/texmf-dist/tex/generic/pgf/basiclayer/pgfcoreexternal.
code.tex))
(/usr/local/texlive/2022/texmf-dist/tex/generic/pgf/basiclayer/pgfcorelayers.co
de.tex)
(/usr/local/texlive/2022/texmf-dist/tex/generic/pgf/basiclayer/pgfcoretranspare
ncy.code.tex)
(/usr/local/texlive/2022/texmf-dist/tex/generic/pgf/basiclayer/pgfcorepatterns.
code.tex)
(/usr/local/texlive/2022/texmf-dist/tex/generic/pgf/basiclayer/pgfcorerdf.code.
tex)))
(/usr/local/texlive/2022/texmf-dist/tex/generic/pgf/modules/pgfmoduleshapes.cod
e.tex)
(/usr/local/texlive/2022/texmf-dist/tex/generic/pgf/modules/pgfmoduleplot.code.
tex)
(/usr/local/texlive/2022/texmf-dist/tex/latex/pgf/compatibility/pgfcomp-version
-0-65.sty)
(/usr/local/texlive/2022/texmf-dist/tex/latex/pgf/compatibility/pgfcomp-version
-1-18.sty))
(/usr/local/texlive/2022/texmf-dist/tex/latex/pgf/utilities/pgffor.sty
(/usr/local/texlive/2022/texmf-dist/tex/latex/pgf/utilities/pgfkeys.sty
(/usr/local/texlive/2022/texmf-dist/tex/generic/pgf/utilities/pgfkeys.code.tex)
) (/usr/local/texlive/2022/texmf-dist/tex/latex/pgf/math/pgfmath.sty
(/usr/local/texlive/2022/texmf-dist/tex/generic/pgf/math/pgfmath.code.tex))
(/usr/local/texlive/2022/texmf-dist/tex/generic/pgf/utilities/pgffor.code.tex
(/usr/local/texlive/2022/texmf-dist/tex/generic/pgf/math/pgfmath.code.tex)))
(/usr/local/texlive/2022/texmf-dist/tex/generic/pgf/frontendlayer/tikz/tikz.cod
e.tex
(/usr/local/texlive/2022/texmf-dist/tex/generic/pgf/libraries/pgflibraryplothan
dlers.code.tex)
(/usr/local/texlive/2022/texmf-dist/tex/generic/pgf/modules/pgfmodulematrix.cod
e.tex)
(/usr/local/texlive/2022/texmf-dist/tex/generic/pgf/frontendlayer/tikz/librarie
s/tikzlibrarytopaths.code.tex)))
(/usr/local/texlive/2022/texmf-dist/tex/latex/marginnote/marginnote.sty)
(/usr/local/texlive/2022/texmf-dist/tex/latex/csquotes/csquotes.sty
(/usr/local/texlive/2022/texmf-dist/tex/latex/etoolbox/etoolbox.sty)
(/usr/local/texlive/2022/texmf-dist/tex/latex/csquotes/csquotes.def)
(/usr/local/texlive/2022/texmf-dist/tex/latex/csquotes/csquotes.cfg))
(/usr/local/texlive/2022/texmf-dist/tex/latex/amsmath/amsmath.sty
For additional information on amsmath, use the `?' option.
(/usr/local/texlive/2022/texmf-dist/tex/latex/amsmath/amstext.sty
(/usr/local/texlive/2022/texmf-dist/tex/latex/amsmath/amsgen.sty))
(/usr/local/texlive/2022/texmf-dist/tex/latex/amsmath/amsbsy.sty)
(/usr/local/texlive/2022/texmf-dist/tex/latex/amsmath/amsopn.sty))
(/usr/local/texlive/2022/texmf-dist/tex/latex/mathtools/mathtools.sty
(/usr/local/texlive/2022/texmf-dist/tex/latex/tools/calc.sty)
(/usr/local/texlive/2022/texmf-dist/tex/latex/mathtools/mhsetup.sty))
(/usr/local/texlive/2022/texmf-dist/tex/latex/geometry/geometry.sty
(/usr/local/texlive/2022/texmf-dist/tex/generic/iftex/ifvtex.sty
(/usr/local/texlive/2022/texmf-dist/tex/generic/iftex/iftex.sty)))
(/usr/local/texlive/2022/texmf-dist/tex/latex/fontspec/fontspec.sty
(/usr/local/texlive/2022/texmf-dist/tex/latex/l3packages/xparse/xparse.sty
(/usr/local/texlive/2022/texmf-dist/tex/latex/l3kernel/expl3.sty
(/usr/local/texlive/2022/texmf-dist/tex/latex/l3backend/l3backend-xetex.def
(|extractbb --version))))
(/usr/local/texlive/2022/texmf-dist/tex/latex/fontspec/fontspec-xetex.sty
(/usr/local/texlive/2022/texmf-dist/tex/latex/base/fontenc.sty)
(/usr/local/texlive/2022/texmf-dist/tex/latex/fontspec/fontspec.cfg)))
(/usr/local/texlive/2022/texmf-dist/tex/latex/microtype/microtype.sty
(/usr/local/texlive/2022/texmf-dist/tex/latex/microtype/microtype-xetex.def)
(/usr/local/texlive/2022/texmf-dist/tex/latex/microtype/microtype.cfg))
(/usr/local/texlive/2022/texmf-dist/tex/latex/titlesec/titlesec.sty)
(/usr/local/texlive/2022/texmf-dist/tex/latex/caption/caption.sty
(/usr/local/texlive/2022/texmf-dist/tex/latex/caption/caption3.sty))
(/usr/local/texlive/2022/texmf-dist/tex/latex/hyperref/hyperref.sty
(/usr/local/texlive/2022/texmf-dist/tex/generic/ltxcmds/ltxcmds.sty)
(/usr/local/texlive/2022/texmf-dist/tex/generic/pdftexcmds/pdftexcmds.sty
(/usr/local/texlive/2022/texmf-dist/tex/generic/infwarerr/infwarerr.sty))
(/usr/local/texlive/2022/texmf-dist/tex/generic/kvsetkeys/kvsetkeys.sty)
(/usr/local/texlive/2022/texmf-dist/tex/generic/kvdefinekeys/kvdefinekeys.sty)
(/usr/local/texlive/2022/texmf-dist/tex/generic/pdfescape/pdfescape.sty)
(/usr/local/texlive/2022/texmf-dist/tex/latex/hycolor/hycolor.sty)
(/usr/local/texlive/2022/texmf-dist/tex/latex/letltxmacro/letltxmacro.sty)
(/usr/local/texlive/2022/texmf-dist/tex/latex/auxhook/auxhook.sty)
(/usr/local/texlive/2022/texmf-dist/tex/latex/kvoptions/kvoptions.sty)
(/usr/local/texlive/2022/texmf-dist/tex/latex/hyperref/pd1enc.def)
(/usr/local/texlive/2022/texmf-dist/tex/generic/intcalc/intcalc.sty)
(/usr/local/texlive/2022/texmf-dist/tex/generic/etexcmds/etexcmds.sty)
(/usr/local/texlive/2022/texmf-dist/tex/latex/hyperref/puenc.def)
(/usr/local/texlive/2022/texmf-dist/tex/latex/url/url.sty)
(/usr/local/texlive/2022/texmf-dist/tex/generic/bitset/bitset.sty
(/usr/local/texlive/2022/texmf-dist/tex/generic/bigintcalc/bigintcalc.sty))
(/usr/local/texlive/2022/texmf-dist/tex/latex/base/atbegshi-ltx.sty))
(/usr/local/texlive/2022/texmf-dist/tex/latex/hyperref/hxetex.def
(/usr/local/texlive/2022/texmf-dist/tex/generic/stringenc/stringenc.sty)
(/usr/local/texlive/2022/texmf-dist/tex/latex/rerunfilecheck/rerunfilecheck.sty
(/usr/local/texlive/2022/texmf-dist/tex/latex/base/atveryend-ltx.sty)
(/usr/local/texlive/2022/texmf-dist/tex/generic/uniquecounter/uniquecounter.sty
))) (/usr/local/texlive/2022/texmf-dist/tex/latex/listings/listings.sty
(/usr/local/texlive/2022/texmf-dist/tex/latex/listings/lstmisc.sty)
(/usr/local/texlive/2022/texmf-dist/tex/latex/listings/listings.cfg))
(/usr/local/texlive/2022/texmf-dist/tex/latex/enumitem/enumitem.sty)
(/usr/local/texlive/2022/texmf-dist/tex/latex/preprint/authblk.sty)
(/usr/local/texlive/2022/texmf-dist/tex/latex/tcolorbox/tcolorbox.sty
(/usr/local/texlive/2022/texmf-dist/tex/latex/tools/verbatim.sty)
(/usr/local/texlive/2022/texmf-dist/tex/latex/environ/environ.sty
(/usr/local/texlive/2022/texmf-dist/tex/latex/trimspaces/trimspaces.sty))
(/usr/local/texlive/2022/texmf-dist/tex/latex/tcolorbox/tcbraster.code.tex
Library (tcolorbox): 'tcbraster.code.tex' version '5.0.2'
) (/usr/local/texlive/2022/texmf-dist/tex/latex/tcolorbox/tcbskins.code.tex
Library (tcolorbox): 'tcbskins.code.tex' version '5.0.2'

(/usr/local/texlive/2022/texmf-dist/tex/latex/tcolorbox/tcbskinsjigsaw.code.tex
Library (tcolorbox): 'tcbskinsjigsaw.code.tex' version '5.0.2'
))
(/usr/local/texlive/2022/texmf-dist/tex/latex/tcolorbox/tcbbreakable.code.tex
Library (tcolorbox): 'tcbbreakable.code.tex' version '5.0.2'
(/usr/local/texlive/2022/texmf-dist/tex/generic/oberdiek/pdfcol.sty))
(/usr/local/texlive/2022/texmf-dist/tex/latex/tcolorbox/tcbhooks.code.tex
Library (tcolorbox): 'tcbhooks.code.tex' version '5.0.2'
) (/usr/local/texlive/2022/texmf-dist/tex/latex/tcolorbox/tcbtheorems.code.tex
Library (tcolorbox): 'tcbtheorems.code.tex' version '5.0.2'
) (/usr/local/texlive/2022/texmf-dist/tex/latex/tcolorbox/tcbfitting.code.tex
Library (tcolorbox): 'tcbfitting.code.tex' version '5.0.2'
) (/usr/local/texlive/2022/texmf-dist/tex/latex/tcolorbox/tcbxparse.code.tex
Library (tcolorbox): 'tcbxparse.code.tex' version '5.0.2'
)) (./metadata.tex)
(/usr/local/texlive/2022/texmf-dist/tex/latex/fancyhdr/fancyhdr.sty)
(/usr/local/texlive/2022/texmf-dist/tex/latex/biblatex/biblatex.sty
(/usr/local/texlive/2022/texmf-dist/tex/latex/logreq/logreq.sty
(/usr/local/texlive/2022/texmf-dist/tex/latex/logreq/logreq.def))
(/usr/local/texlive/2022/texmf-dist/tex/latex/biblatex/blx-dm.def)
(/usr/local/texlive/2022/texmf-dist/tex/latex/biblatex/blx-unicode.def)
(/usr/local/texlive/2022/texmf-dist/tex/latex/biblatex/blx-compat.def)
(/usr/local/texlive/2022/texmf-dist/tex/latex/biblatex/biblatex.def)
(/usr/local/texlive/2022/texmf-dist/tex/latex/biblatex/blx-natbib.def)
(/usr/local/texlive/2022/texmf-dist/tex/latex/biblatex/bbx/numeric.bbx
(/usr/local/texlive/2022/texmf-dist/tex/latex/biblatex/bbx/standard.bbx))
(/usr/local/texlive/2022/texmf-dist/tex/latex/biblatex/cbx/numeric.cbx)
(/usr/local/texlive/2022/texmf-dist/tex/latex/biblatex/biblatex.cfg)
(/usr/local/texlive/2022/texmf-dist/tex/latex/biblatex/blx-case-expl3.sty))
(/usr/local/texlive/2022/texmf-dist/tex/latex/natbib/bibentry.sty)
(/usr/local/texlive/2022/texmf-dist/tex/latex/float/float.sty))
(../openreview/packages.tex
(/usr/local/texlive/2022/texmf-dist/tex/latex/base/inputenc.sty

Package inputenc Warning: inputenc package ignored with utf8 based engines.

) (/usr/local/texlive/2022/texmf-dist/tex/latex/booktabs/booktabs.sty)
(/usr/local/texlive/2022/texmf-dist/tex/latex/amsfonts/amsfonts.sty)
(/usr/local/texlive/2022/texmf-dist/tex/latex/units/nicefrac.sty)
(/usr/local/texlive/2022/texmf-dist/tex/generic/ulem/ulem.sty))
(/usr/local/texlive/2022/texmf-dist/tex/latex/caption/subcaption.sty)

Package csquotes Warning: Load 'inputenc' before 'csquotes' on input line 6.


Package biblatex Warning: Load 'inputenc' before biblatex.

(./article.aux) (/usr/local/texlive/2022/texmf-dist/tex/latex/base/ts1cmr.fd)
*geometry* driver: auto-detecting
*geometry* detected driver: xetex
(/usr/local/texlive/2022/texmf-dist/tex/latex/hyperref/nameref.sty
(/usr/local/texlive/2022/texmf-dist/tex/latex/refcount/refcount.sty)
(/usr/local/texlive/2022/texmf-dist/tex/generic/gettitlestring/gettitlestring.s
ty)) (./article.out) (./article.out)
(/usr/local/texlive/2022/texmf-dist/tex/latex/biblatex/lbx/american.lbx
(/usr/local/texlive/2022/texmf-dist/tex/latex/biblatex/lbx/english.lbx)
(/usr/local/texlive/2022/texmf-dist/tex/latex/biblatex/lbx/english.lbx))
(./article.bbl) (./header.tex
(/usr/local/texlive/2022/texmf-dist/tex/latex/amsfonts/umsa.fd)
(/usr/local/texlive/2022/texmf-dist/tex/latex/microtype/mt-msa.cfg)
(/usr/local/texlive/2022/texmf-dist/tex/latex/amsfonts/umsb.fd)
(/usr/local/texlive/2022/texmf-dist/tex/latex/microtype/mt-msb.cfg)
(/usr/local/texlive/2022/texmf-dist/tex/latex/microtype/mt-cmr.cfg)
Underfull \hbox (badness 10000) in paragraph at lines 69--70
[]\TU/RobotoCondensed(0)/m/n/7 Code is available at [][]https://github.com/andr
azdeluisa/reproducibility_challenge[][] – DOI [][]10.5281/zenodo.6498328[][]. –
 SWH
) (./content.tex (../openreview/content.tex [1] [2] [3] [4]
Overfull \hbox (0.8882pt too wide) in paragraph at lines 109--110
\TU/SourceSerifPro(0)/m/n/10 well-known algorithms that solve the MABC problem.
 We generate the synthetic datasets
[5] [6] [7] [8] [9]
Overfull \hbox (3.52457pt too wide) in paragraph at lines 255--256
\TU/SourceSerifPro(0)/m/n/10 sons for these struggles are the inconsistent nome
nclature (the referenced paper presents
)) [10]

Package biblatex Warning: Month out of range
(biblatex)                at entry 'agrawal' on input line 11.

[11] (./article.aux)

LaTeX Warning: There were undefined references.


Package biblatex Warning: Please rerun LaTeX.

 )
(see the transcript file for additional information)
Output written on article.pdf (11 pages).
Transcript written on article.log.
Latexmk: Getting log file 'article.log'
Latexmk: Examining 'article.fls'
Latexmk: Examining 'article.log'
Latexmk: Found input bbl file 'article.bbl'
Latexmk: Log file says output to 'article.pdf'
Biber warning: [261] Biber.pm:130> WARN - legacy month field '17--19 Jun' in entry 'agrawal' is not an integer - this will probably not sort properly.
Latexmk: Found biber source file(s) [article.bcf bibliography.bib]
Latexmk: applying rule 'pdflatex'...
Rule 'pdflatex': File changes, etc:
   Changed files, or newly in use since previous run(s):
  article.aux
  article.run.xml
Rule 'pdflatex': The following rules & subrules became out-of-date:
  pdflatex
------------
Run number 3 of rule 'pdflatex'
------------
------------
Running 'xelatex -interaction=nonstopmode  -recorder  "article.tex"'
------------
This is XeTeX, Version 3.141592653-2.6-0.999994 (TeX Live 2022) (preloaded format=xelatex)
 restricted \write18 enabled.
entering extended mode
(./article.tex
LaTeX2e <2021-11-15> patch level 1
L3 programming layer <2022-02-24> (./rescience.cls
Document Class: rescience 2019/04/12 Style for ReScience articles
(/usr/local/texlive/2022/texmf-dist/tex/latex/base/article.cls
Document Class: article 2021/10/04 v1.4n Standard LaTeX document class
(/usr/local/texlive/2022/texmf-dist/tex/latex/base/size10.clo))
(/usr/local/texlive/2022/texmf-dist/tex/generic/babel/babel.sty
(/usr/local/texlive/2022/texmf-dist/tex/generic/babel/xebabel.def
(/usr/local/texlive/2022/texmf-dist/tex/generic/babel/txtbabel.def))
(/usr/local/texlive/2022/texmf-dist/tex/generic/babel-english/american.ldf
(/usr/local/texlive/2022/texmf-dist/tex/generic/babel-english/english.ldf)))
(/usr/local/texlive/2022/texmf-dist/tex/latex/base/ifthen.sty)
(/usr/local/texlive/2022/texmf-dist/tex/latex/tools/tabularx.sty
(/usr/local/texlive/2022/texmf-dist/tex/latex/tools/array.sty))
(/usr/local/texlive/2022/texmf-dist/tex/latex/pgf/frontendlayer/tikz.sty
(/usr/local/texlive/2022/texmf-dist/tex/latex/pgf/basiclayer/pgf.sty
(/usr/local/texlive/2022/texmf-dist/tex/latex/pgf/utilities/pgfrcs.sty
(/usr/local/texlive/2022/texmf-dist/tex/generic/pgf/utilities/pgfutil-common.te
x
(/usr/local/texlive/2022/texmf-dist/tex/generic/pgf/utilities/pgfutil-common-li
sts.tex))
(/usr/local/texlive/2022/texmf-dist/tex/generic/pgf/utilities/pgfutil-latex.def
) (/usr/local/texlive/2022/texmf-dist/tex/generic/pgf/utilities/pgfrcs.code.tex
(/usr/local/texlive/2022/texmf-dist/tex/generic/pgf/pgf.revision.tex)))
(/usr/local/texlive/2022/texmf-dist/tex/latex/pgf/basiclayer/pgfcore.sty
(/usr/local/texlive/2022/texmf-dist/tex/latex/graphics/graphicx.sty
(/usr/local/texlive/2022/texmf-dist/tex/latex/graphics/keyval.sty)
(/usr/local/texlive/2022/texmf-dist/tex/latex/graphics/graphics.sty
(/usr/local/texlive/2022/texmf-dist/tex/latex/graphics/trig.sty)
(/usr/local/texlive/2022/texmf-dist/tex/latex/graphics-cfg/graphics.cfg)
(/usr/local/texlive/2022/texmf-dist/tex/latex/graphics-def/xetex.def)))
(/usr/local/texlive/2022/texmf-dist/tex/latex/pgf/systemlayer/pgfsys.sty
(/usr/local/texlive/2022/texmf-dist/tex/generic/pgf/systemlayer/pgfsys.code.tex
(/usr/local/texlive/2022/texmf-dist/tex/generic/pgf/utilities/pgfkeys.code.tex
(/usr/local/texlive/2022/texmf-dist/tex/generic/pgf/utilities/pgfkeysfiltered.c
ode.tex))
(/usr/local/texlive/2022/texmf-dist/tex/generic/pgf/systemlayer/pgf.cfg)
(/usr/local/texlive/2022/texmf-dist/tex/generic/pgf/systemlayer/pgfsys-xetex.de
f
(/usr/local/texlive/2022/texmf-dist/tex/generic/pgf/systemlayer/pgfsys-dvipdfmx
.def
(/usr/local/texlive/2022/texmf-dist/tex/generic/pgf/systemlayer/pgfsys-common-p
df.def))))
(/usr/local/texlive/2022/texmf-dist/tex/generic/pgf/systemlayer/pgfsyssoftpath.
code.tex)
(/usr/local/texlive/2022/texmf-dist/tex/generic/pgf/systemlayer/pgfsysprotocol.
code.tex)) (/usr/local/texlive/2022/texmf-dist/tex/latex/xcolor/xcolor.sty
(/usr/local/texlive/2022/texmf-dist/tex/latex/graphics-cfg/color.cfg))
(/usr/local/texlive/2022/texmf-dist/tex/generic/pgf/basiclayer/pgfcore.code.tex
(/usr/local/texlive/2022/texmf-dist/tex/generic/pgf/math/pgfmath.code.tex
(/usr/local/texlive/2022/texmf-dist/tex/generic/pgf/math/pgfmathcalc.code.tex
(/usr/local/texlive/2022/texmf-dist/tex/generic/pgf/math/pgfmathutil.code.tex)
(/usr/local/texlive/2022/texmf-dist/tex/generic/pgf/math/pgfmathparser.code.tex
)
(/usr/local/texlive/2022/texmf-dist/tex/generic/pgf/math/pgfmathfunctions.code.
tex
(/usr/local/texlive/2022/texmf-dist/tex/generic/pgf/math/pgfmathfunctions.basic
.code.tex)
(/usr/local/texlive/2022/texmf-dist/tex/generic/pgf/math/pgfmathfunctions.trigo
nometric.code.tex)
(/usr/local/texlive/2022/texmf-dist/tex/generic/pgf/math/pgfmathfunctions.rando
m.code.tex)
(/usr/local/texlive/2022/texmf-dist/tex/generic/pgf/math/pgfmathfunctions.compa
rison.code.tex)
(/usr/local/texlive/2022/texmf-dist/tex/generic/pgf/math/pgfmathfunctions.base.
code.tex)
(/usr/local/texlive/2022/texmf-dist/tex/generic/pgf/math/pgfmathfunctions.round
.code.tex)
(/usr/local/texlive/2022/texmf-dist/tex/generic/pgf/math/pgfmathfunctions.misc.
code.tex)
(/usr/local/texlive/2022/texmf-dist/tex/generic/pgf/math/pgfmathfunctions.integ
erarithmetics.code.tex)))
(/usr/local/texlive/2022/texmf-dist/tex/generic/pgf/math/pgfmathfloat.code.tex)
) (/usr/local/texlive/2022/texmf-dist/tex/generic/pgf/math/pgfint.code.tex)
(/usr/local/texlive/2022/texmf-dist/tex/generic/pgf/basiclayer/pgfcorepoints.co
de.tex)
(/usr/local/texlive/2022/texmf-dist/tex/generic/pgf/basiclayer/pgfcorepathconst
ruct.code.tex)
(/usr/local/texlive/2022/texmf-dist/tex/generic/pgf/basiclayer/pgfcorepathusage
.code.tex)
(/usr/local/texlive/2022/texmf-dist/tex/generic/pgf/basiclayer/pgfcorescopes.co
de.tex)
(/usr/local/texlive/2022/texmf-dist/tex/generic/pgf/basiclayer/pgfcoregraphicst
ate.code.tex)
(/usr/local/texlive/2022/texmf-dist/tex/generic/pgf/basiclayer/pgfcoretransform
ations.code.tex)
(/usr/local/texlive/2022/texmf-dist/tex/generic/pgf/basiclayer/pgfcorequick.cod
e.tex)
(/usr/local/texlive/2022/texmf-dist/tex/generic/pgf/basiclayer/pgfcoreobjects.c
ode.tex)
(/usr/local/texlive/2022/texmf-dist/tex/generic/pgf/basiclayer/pgfcorepathproce
ssing.code.tex)
(/usr/local/texlive/2022/texmf-dist/tex/generic/pgf/basiclayer/pgfcorearrows.co
de.tex)
(/usr/local/texlive/2022/texmf-dist/tex/generic/pgf/basiclayer/pgfcoreshade.cod
e.tex)
(/usr/local/texlive/2022/texmf-dist/tex/generic/pgf/basiclayer/pgfcoreimage.cod
e.tex
(/usr/local/texlive/2022/texmf-dist/tex/generic/pgf/basiclayer/pgfcoreexternal.
code.tex))
(/usr/local/texlive/2022/texmf-dist/tex/generic/pgf/basiclayer/pgfcorelayers.co
de.tex)
(/usr/local/texlive/2022/texmf-dist/tex/generic/pgf/basiclayer/pgfcoretranspare
ncy.code.tex)
(/usr/local/texlive/2022/texmf-dist/tex/generic/pgf/basiclayer/pgfcorepatterns.
code.tex)
(/usr/local/texlive/2022/texmf-dist/tex/generic/pgf/basiclayer/pgfcorerdf.code.
tex)))
(/usr/local/texlive/2022/texmf-dist/tex/generic/pgf/modules/pgfmoduleshapes.cod
e.tex)
(/usr/local/texlive/2022/texmf-dist/tex/generic/pgf/modules/pgfmoduleplot.code.
tex)
(/usr/local/texlive/2022/texmf-dist/tex/latex/pgf/compatibility/pgfcomp-version
-0-65.sty)
(/usr/local/texlive/2022/texmf-dist/tex/latex/pgf/compatibility/pgfcomp-version
-1-18.sty))
(/usr/local/texlive/2022/texmf-dist/tex/latex/pgf/utilities/pgffor.sty
(/usr/local/texlive/2022/texmf-dist/tex/latex/pgf/utilities/pgfkeys.sty
(/usr/local/texlive/2022/texmf-dist/tex/generic/pgf/utilities/pgfkeys.code.tex)
) (/usr/local/texlive/2022/texmf-dist/tex/latex/pgf/math/pgfmath.sty
(/usr/local/texlive/2022/texmf-dist/tex/generic/pgf/math/pgfmath.code.tex))
(/usr/local/texlive/2022/texmf-dist/tex/generic/pgf/utilities/pgffor.code.tex
(/usr/local/texlive/2022/texmf-dist/tex/generic/pgf/math/pgfmath.code.tex)))
(/usr/local/texlive/2022/texmf-dist/tex/generic/pgf/frontendlayer/tikz/tikz.cod
e.tex
(/usr/local/texlive/2022/texmf-dist/tex/generic/pgf/libraries/pgflibraryplothan
dlers.code.tex)
(/usr/local/texlive/2022/texmf-dist/tex/generic/pgf/modules/pgfmodulematrix.cod
e.tex)
(/usr/local/texlive/2022/texmf-dist/tex/generic/pgf/frontendlayer/tikz/librarie
s/tikzlibrarytopaths.code.tex)))
(/usr/local/texlive/2022/texmf-dist/tex/latex/marginnote/marginnote.sty)
(/usr/local/texlive/2022/texmf-dist/tex/latex/csquotes/csquotes.sty
(/usr/local/texlive/2022/texmf-dist/tex/latex/etoolbox/etoolbox.sty)
(/usr/local/texlive/2022/texmf-dist/tex/latex/csquotes/csquotes.def)
(/usr/local/texlive/2022/texmf-dist/tex/latex/csquotes/csquotes.cfg))
(/usr/local/texlive/2022/texmf-dist/tex/latex/amsmath/amsmath.sty
For additional information on amsmath, use the `?' option.
(/usr/local/texlive/2022/texmf-dist/tex/latex/amsmath/amstext.sty
(/usr/local/texlive/2022/texmf-dist/tex/latex/amsmath/amsgen.sty))
(/usr/local/texlive/2022/texmf-dist/tex/latex/amsmath/amsbsy.sty)
(/usr/local/texlive/2022/texmf-dist/tex/latex/amsmath/amsopn.sty))
(/usr/local/texlive/2022/texmf-dist/tex/latex/mathtools/mathtools.sty
(/usr/local/texlive/2022/texmf-dist/tex/latex/tools/calc.sty)
(/usr/local/texlive/2022/texmf-dist/tex/latex/mathtools/mhsetup.sty))
(/usr/local/texlive/2022/texmf-dist/tex/latex/geometry/geometry.sty
(/usr/local/texlive/2022/texmf-dist/tex/generic/iftex/ifvtex.sty
(/usr/local/texlive/2022/texmf-dist/tex/generic/iftex/iftex.sty)))
(/usr/local/texlive/2022/texmf-dist/tex/latex/fontspec/fontspec.sty
(/usr/local/texlive/2022/texmf-dist/tex/latex/l3packages/xparse/xparse.sty
(/usr/local/texlive/2022/texmf-dist/tex/latex/l3kernel/expl3.sty
(/usr/local/texlive/2022/texmf-dist/tex/latex/l3backend/l3backend-xetex.def
(|extractbb --version))))
(/usr/local/texlive/2022/texmf-dist/tex/latex/fontspec/fontspec-xetex.sty
(/usr/local/texlive/2022/texmf-dist/tex/latex/base/fontenc.sty)
(/usr/local/texlive/2022/texmf-dist/tex/latex/fontspec/fontspec.cfg)))
(/usr/local/texlive/2022/texmf-dist/tex/latex/microtype/microtype.sty
(/usr/local/texlive/2022/texmf-dist/tex/latex/microtype/microtype-xetex.def)
(/usr/local/texlive/2022/texmf-dist/tex/latex/microtype/microtype.cfg))
(/usr/local/texlive/2022/texmf-dist/tex/latex/titlesec/titlesec.sty)
(/usr/local/texlive/2022/texmf-dist/tex/latex/caption/caption.sty
(/usr/local/texlive/2022/texmf-dist/tex/latex/caption/caption3.sty))
(/usr/local/texlive/2022/texmf-dist/tex/latex/hyperref/hyperref.sty
(/usr/local/texlive/2022/texmf-dist/tex/generic/ltxcmds/ltxcmds.sty)
(/usr/local/texlive/2022/texmf-dist/tex/generic/pdftexcmds/pdftexcmds.sty
(/usr/local/texlive/2022/texmf-dist/tex/generic/infwarerr/infwarerr.sty))
(/usr/local/texlive/2022/texmf-dist/tex/generic/kvsetkeys/kvsetkeys.sty)
(/usr/local/texlive/2022/texmf-dist/tex/generic/kvdefinekeys/kvdefinekeys.sty)
(/usr/local/texlive/2022/texmf-dist/tex/generic/pdfescape/pdfescape.sty)
(/usr/local/texlive/2022/texmf-dist/tex/latex/hycolor/hycolor.sty)
(/usr/local/texlive/2022/texmf-dist/tex/latex/letltxmacro/letltxmacro.sty)
(/usr/local/texlive/2022/texmf-dist/tex/latex/auxhook/auxhook.sty)
(/usr/local/texlive/2022/texmf-dist/tex/latex/kvoptions/kvoptions.sty)
(/usr/local/texlive/2022/texmf-dist/tex/latex/hyperref/pd1enc.def)
(/usr/local/texlive/2022/texmf-dist/tex/generic/intcalc/intcalc.sty)
(/usr/local/texlive/2022/texmf-dist/tex/generic/etexcmds/etexcmds.sty)
(/usr/local/texlive/2022/texmf-dist/tex/latex/hyperref/puenc.def)
(/usr/local/texlive/2022/texmf-dist/tex/latex/url/url.sty)
(/usr/local/texlive/2022/texmf-dist/tex/generic/bitset/bitset.sty
(/usr/local/texlive/2022/texmf-dist/tex/generic/bigintcalc/bigintcalc.sty))
(/usr/local/texlive/2022/texmf-dist/tex/latex/base/atbegshi-ltx.sty))
(/usr/local/texlive/2022/texmf-dist/tex/latex/hyperref/hxetex.def
(/usr/local/texlive/2022/texmf-dist/tex/generic/stringenc/stringenc.sty)
(/usr/local/texlive/2022/texmf-dist/tex/latex/rerunfilecheck/rerunfilecheck.sty
(/usr/local/texlive/2022/texmf-dist/tex/latex/base/atveryend-ltx.sty)
(/usr/local/texlive/2022/texmf-dist/tex/generic/uniquecounter/uniquecounter.sty
))) (/usr/local/texlive/2022/texmf-dist/tex/latex/listings/listings.sty
(/usr/local/texlive/2022/texmf-dist/tex/latex/listings/lstmisc.sty)
(/usr/local/texlive/2022/texmf-dist/tex/latex/listings/listings.cfg))
(/usr/local/texlive/2022/texmf-dist/tex/latex/enumitem/enumitem.sty)
(/usr/local/texlive/2022/texmf-dist/tex/latex/preprint/authblk.sty)
(/usr/local/texlive/2022/texmf-dist/tex/latex/tcolorbox/tcolorbox.sty
(/usr/local/texlive/2022/texmf-dist/tex/latex/tools/verbatim.sty)
(/usr/local/texlive/2022/texmf-dist/tex/latex/environ/environ.sty
(/usr/local/texlive/2022/texmf-dist/tex/latex/trimspaces/trimspaces.sty))
(/usr/local/texlive/2022/texmf-dist/tex/latex/tcolorbox/tcbraster.code.tex
Library (tcolorbox): 'tcbraster.code.tex' version '5.0.2'
) (/usr/local/texlive/2022/texmf-dist/tex/latex/tcolorbox/tcbskins.code.tex
Library (tcolorbox): 'tcbskins.code.tex' version '5.0.2'

(/usr/local/texlive/2022/texmf-dist/tex/latex/tcolorbox/tcbskinsjigsaw.code.tex
Library (tcolorbox): 'tcbskinsjigsaw.code.tex' version '5.0.2'
))
(/usr/local/texlive/2022/texmf-dist/tex/latex/tcolorbox/tcbbreakable.code.tex
Library (tcolorbox): 'tcbbreakable.code.tex' version '5.0.2'
(/usr/local/texlive/2022/texmf-dist/tex/generic/oberdiek/pdfcol.sty))
(/usr/local/texlive/2022/texmf-dist/tex/latex/tcolorbox/tcbhooks.code.tex
Library (tcolorbox): 'tcbhooks.code.tex' version '5.0.2'
) (/usr/local/texlive/2022/texmf-dist/tex/latex/tcolorbox/tcbtheorems.code.tex
Library (tcolorbox): 'tcbtheorems.code.tex' version '5.0.2'
) (/usr/local/texlive/2022/texmf-dist/tex/latex/tcolorbox/tcbfitting.code.tex
Library (tcolorbox): 'tcbfitting.code.tex' version '5.0.2'
) (/usr/local/texlive/2022/texmf-dist/tex/latex/tcolorbox/tcbxparse.code.tex
Library (tcolorbox): 'tcbxparse.code.tex' version '5.0.2'
)) (./metadata.tex)
(/usr/local/texlive/2022/texmf-dist/tex/latex/fancyhdr/fancyhdr.sty)
(/usr/local/texlive/2022/texmf-dist/tex/latex/biblatex/biblatex.sty
(/usr/local/texlive/2022/texmf-dist/tex/latex/logreq/logreq.sty
(/usr/local/texlive/2022/texmf-dist/tex/latex/logreq/logreq.def))
(/usr/local/texlive/2022/texmf-dist/tex/latex/biblatex/blx-dm.def)
(/usr/local/texlive/2022/texmf-dist/tex/latex/biblatex/blx-unicode.def)
(/usr/local/texlive/2022/texmf-dist/tex/latex/biblatex/blx-compat.def)
(/usr/local/texlive/2022/texmf-dist/tex/latex/biblatex/biblatex.def)
(/usr/local/texlive/2022/texmf-dist/tex/latex/biblatex/blx-natbib.def)
(/usr/local/texlive/2022/texmf-dist/tex/latex/biblatex/bbx/numeric.bbx
(/usr/local/texlive/2022/texmf-dist/tex/latex/biblatex/bbx/standard.bbx))
(/usr/local/texlive/2022/texmf-dist/tex/latex/biblatex/cbx/numeric.cbx)
(/usr/local/texlive/2022/texmf-dist/tex/latex/biblatex/biblatex.cfg)
(/usr/local/texlive/2022/texmf-dist/tex/latex/biblatex/blx-case-expl3.sty))
(/usr/local/texlive/2022/texmf-dist/tex/latex/natbib/bibentry.sty)
(/usr/local/texlive/2022/texmf-dist/tex/latex/float/float.sty))
(../openreview/packages.tex
(/usr/local/texlive/2022/texmf-dist/tex/latex/base/inputenc.sty

Package inputenc Warning: inputenc package ignored with utf8 based engines.

) (/usr/local/texlive/2022/texmf-dist/tex/latex/booktabs/booktabs.sty)
(/usr/local/texlive/2022/texmf-dist/tex/latex/amsfonts/amsfonts.sty)
(/usr/local/texlive/2022/texmf-dist/tex/latex/units/nicefrac.sty)
(/usr/local/texlive/2022/texmf-dist/tex/generic/ulem/ulem.sty))
(/usr/local/texlive/2022/texmf-dist/tex/latex/caption/subcaption.sty)

Package csquotes Warning: Load 'inputenc' before 'csquotes' on input line 6.


Package biblatex Warning: Load 'inputenc' before biblatex.

(./article.aux) (/usr/local/texlive/2022/texmf-dist/tex/latex/base/ts1cmr.fd)
*geometry* driver: auto-detecting
*geometry* detected driver: xetex
(/usr/local/texlive/2022/texmf-dist/tex/latex/hyperref/nameref.sty
(/usr/local/texlive/2022/texmf-dist/tex/latex/refcount/refcount.sty)
(/usr/local/texlive/2022/texmf-dist/tex/generic/gettitlestring/gettitlestring.s
ty)) (./article.out) (./article.out)
(/usr/local/texlive/2022/texmf-dist/tex/latex/biblatex/lbx/american.lbx
(/usr/local/texlive/2022/texmf-dist/tex/latex/biblatex/lbx/english.lbx)
(/usr/local/texlive/2022/texmf-dist/tex/latex/biblatex/lbx/english.lbx))
(./article.bbl) (./header.tex
(/usr/local/texlive/2022/texmf-dist/tex/latex/amsfonts/umsa.fd)
(/usr/local/texlive/2022/texmf-dist/tex/latex/microtype/mt-msa.cfg)
(/usr/local/texlive/2022/texmf-dist/tex/latex/amsfonts/umsb.fd)
(/usr/local/texlive/2022/texmf-dist/tex/latex/microtype/mt-msb.cfg)
(/usr/local/texlive/2022/texmf-dist/tex/latex/microtype/mt-cmr.cfg)
Underfull \hbox (badness 10000) in paragraph at lines 69--70
[]\TU/RobotoCondensed(0)/m/n/7 Code is available at [][]https://github.com/andr
azdeluisa/reproducibility_challenge[][] – DOI [][]10.5281/zenodo.6498328[][]. –
 SWH
) (./content.tex (../openreview/content.tex [1] [2] [3] [4]
Overfull \hbox (0.8882pt too wide) in paragraph at lines 109--110
\TU/SourceSerifPro(0)/m/n/10 well-known algorithms that solve the MABC problem.
 We generate the synthetic datasets
[5] [6] [7] [8] [9]
Overfull \hbox (3.52457pt too wide) in paragraph at lines 255--256
\TU/SourceSerifPro(0)/m/n/10 sons for these struggles are the inconsistent nome
nclature (the referenced paper presents
)) [10]

Package biblatex Warning: Month out of range
(biblatex)                at entry 'agrawal' on input line 11.

[11] (./article.aux) )
(see the transcript file for additional information)
Output written on article.pdf (11 pages).
Transcript written on article.log.
Latexmk: Getting log file 'article.log'
Latexmk: Examining 'article.fls'
Latexmk: Examining 'article.log'
Latexmk: Found input bbl file 'article.bbl'
Latexmk: Log file says output to 'article.pdf'
Biber warning: [261] Biber.pm:130> WARN - legacy month field '17--19 Jun' in entry 'agrawal' is not an integer - this will probably not sort properly.
Latexmk: Found biber source file(s) [article.bcf bibliography.bib]
Latexmk: applying rule 'pdflatex'...
Rule 'pdflatex': File changes, etc:
   Changed files, or newly in use since previous run(s):
  article.run.xml
Rule 'pdflatex': The following rules & subrules became out-of-date:
  pdflatex
------------
Run number 4 of rule 'pdflatex'
------------
------------
Running 'xelatex -interaction=nonstopmode  -recorder  "article.tex"'
------------
This is XeTeX, Version 3.141592653-2.6-0.999994 (TeX Live 2022) (preloaded format=xelatex)
 restricted \write18 enabled.
entering extended mode
(./article.tex
LaTeX2e <2021-11-15> patch level 1
L3 programming layer <2022-02-24> (./rescience.cls
Document Class: rescience 2019/04/12 Style for ReScience articles
(/usr/local/texlive/2022/texmf-dist/tex/latex/base/article.cls
Document Class: article 2021/10/04 v1.4n Standard LaTeX document class
(/usr/local/texlive/2022/texmf-dist/tex/latex/base/size10.clo))
(/usr/local/texlive/2022/texmf-dist/tex/generic/babel/babel.sty
(/usr/local/texlive/2022/texmf-dist/tex/generic/babel/xebabel.def
(/usr/local/texlive/2022/texmf-dist/tex/generic/babel/txtbabel.def))
(/usr/local/texlive/2022/texmf-dist/tex/generic/babel-english/american.ldf
(/usr/local/texlive/2022/texmf-dist/tex/generic/babel-english/english.ldf)))
(/usr/local/texlive/2022/texmf-dist/tex/latex/base/ifthen.sty)
(/usr/local/texlive/2022/texmf-dist/tex/latex/tools/tabularx.sty
(/usr/local/texlive/2022/texmf-dist/tex/latex/tools/array.sty))
(/usr/local/texlive/2022/texmf-dist/tex/latex/pgf/frontendlayer/tikz.sty
(/usr/local/texlive/2022/texmf-dist/tex/latex/pgf/basiclayer/pgf.sty
(/usr/local/texlive/2022/texmf-dist/tex/latex/pgf/utilities/pgfrcs.sty
(/usr/local/texlive/2022/texmf-dist/tex/generic/pgf/utilities/pgfutil-common.te
x
(/usr/local/texlive/2022/texmf-dist/tex/generic/pgf/utilities/pgfutil-common-li
sts.tex))
(/usr/local/texlive/2022/texmf-dist/tex/generic/pgf/utilities/pgfutil-latex.def
) (/usr/local/texlive/2022/texmf-dist/tex/generic/pgf/utilities/pgfrcs.code.tex
(/usr/local/texlive/2022/texmf-dist/tex/generic/pgf/pgf.revision.tex)))
(/usr/local/texlive/2022/texmf-dist/tex/latex/pgf/basiclayer/pgfcore.sty
(/usr/local/texlive/2022/texmf-dist/tex/latex/graphics/graphicx.sty
(/usr/local/texlive/2022/texmf-dist/tex/latex/graphics/keyval.sty)
(/usr/local/texlive/2022/texmf-dist/tex/latex/graphics/graphics.sty
(/usr/local/texlive/2022/texmf-dist/tex/latex/graphics/trig.sty)
(/usr/local/texlive/2022/texmf-dist/tex/latex/graphics-cfg/graphics.cfg)
(/usr/local/texlive/2022/texmf-dist/tex/latex/graphics-def/xetex.def)))
(/usr/local/texlive/2022/texmf-dist/tex/latex/pgf/systemlayer/pgfsys.sty
(/usr/local/texlive/2022/texmf-dist/tex/generic/pgf/systemlayer/pgfsys.code.tex
(/usr/local/texlive/2022/texmf-dist/tex/generic/pgf/utilities/pgfkeys.code.tex
(/usr/local/texlive/2022/texmf-dist/tex/generic/pgf/utilities/pgfkeysfiltered.c
ode.tex))
(/usr/local/texlive/2022/texmf-dist/tex/generic/pgf/systemlayer/pgf.cfg)
(/usr/local/texlive/2022/texmf-dist/tex/generic/pgf/systemlayer/pgfsys-xetex.de
f
(/usr/local/texlive/2022/texmf-dist/tex/generic/pgf/systemlayer/pgfsys-dvipdfmx
.def
(/usr/local/texlive/2022/texmf-dist/tex/generic/pgf/systemlayer/pgfsys-common-p
df.def))))
(/usr/local/texlive/2022/texmf-dist/tex/generic/pgf/systemlayer/pgfsyssoftpath.
code.tex)
(/usr/local/texlive/2022/texmf-dist/tex/generic/pgf/systemlayer/pgfsysprotocol.
code.tex)) (/usr/local/texlive/2022/texmf-dist/tex/latex/xcolor/xcolor.sty
(/usr/local/texlive/2022/texmf-dist/tex/latex/graphics-cfg/color.cfg))
(/usr/local/texlive/2022/texmf-dist/tex/generic/pgf/basiclayer/pgfcore.code.tex
(/usr/local/texlive/2022/texmf-dist/tex/generic/pgf/math/pgfmath.code.tex
(/usr/local/texlive/2022/texmf-dist/tex/generic/pgf/math/pgfmathcalc.code.tex
(/usr/local/texlive/2022/texmf-dist/tex/generic/pgf/math/pgfmathutil.code.tex)
(/usr/local/texlive/2022/texmf-dist/tex/generic/pgf/math/pgfmathparser.code.tex
)
(/usr/local/texlive/2022/texmf-dist/tex/generic/pgf/math/pgfmathfunctions.code.
tex
(/usr/local/texlive/2022/texmf-dist/tex/generic/pgf/math/pgfmathfunctions.basic
.code.tex)
(/usr/local/texlive/2022/texmf-dist/tex/generic/pgf/math/pgfmathfunctions.trigo
nometric.code.tex)
(/usr/local/texlive/2022/texmf-dist/tex/generic/pgf/math/pgfmathfunctions.rando
m.code.tex)
(/usr/local/texlive/2022/texmf-dist/tex/generic/pgf/math/pgfmathfunctions.compa
rison.code.tex)
(/usr/local/texlive/2022/texmf-dist/tex/generic/pgf/math/pgfmathfunctions.base.
code.tex)
(/usr/local/texlive/2022/texmf-dist/tex/generic/pgf/math/pgfmathfunctions.round
.code.tex)
(/usr/local/texlive/2022/texmf-dist/tex/generic/pgf/math/pgfmathfunctions.misc.
code.tex)
(/usr/local/texlive/2022/texmf-dist/tex/generic/pgf/math/pgfmathfunctions.integ
erarithmetics.code.tex)))
(/usr/local/texlive/2022/texmf-dist/tex/generic/pgf/math/pgfmathfloat.code.tex)
) (/usr/local/texlive/2022/texmf-dist/tex/generic/pgf/math/pgfint.code.tex)
(/usr/local/texlive/2022/texmf-dist/tex/generic/pgf/basiclayer/pgfcorepoints.co
de.tex)
(/usr/local/texlive/2022/texmf-dist/tex/generic/pgf/basiclayer/pgfcorepathconst
ruct.code.tex)
(/usr/local/texlive/2022/texmf-dist/tex/generic/pgf/basiclayer/pgfcorepathusage
.code.tex)
(/usr/local/texlive/2022/texmf-dist/tex/generic/pgf/basiclayer/pgfcorescopes.co
de.tex)
(/usr/local/texlive/2022/texmf-dist/tex/generic/pgf/basiclayer/pgfcoregraphicst
ate.code.tex)
(/usr/local/texlive/2022/texmf-dist/tex/generic/pgf/basiclayer/pgfcoretransform
ations.code.tex)
(/usr/local/texlive/2022/texmf-dist/tex/generic/pgf/basiclayer/pgfcorequick.cod
e.tex)
(/usr/local/texlive/2022/texmf-dist/tex/generic/pgf/basiclayer/pgfcoreobjects.c
ode.tex)
(/usr/local/texlive/2022/texmf-dist/tex/generic/pgf/basiclayer/pgfcorepathproce
ssing.code.tex)
(/usr/local/texlive/2022/texmf-dist/tex/generic/pgf/basiclayer/pgfcorearrows.co
de.tex)
(/usr/local/texlive/2022/texmf-dist/tex/generic/pgf/basiclayer/pgfcoreshade.cod
e.tex)
(/usr/local/texlive/2022/texmf-dist/tex/generic/pgf/basiclayer/pgfcoreimage.cod
e.tex
(/usr/local/texlive/2022/texmf-dist/tex/generic/pgf/basiclayer/pgfcoreexternal.
code.tex))
(/usr/local/texlive/2022/texmf-dist/tex/generic/pgf/basiclayer/pgfcorelayers.co
de.tex)
(/usr/local/texlive/2022/texmf-dist/tex/generic/pgf/basiclayer/pgfcoretranspare
ncy.code.tex)
(/usr/local/texlive/2022/texmf-dist/tex/generic/pgf/basiclayer/pgfcorepatterns.
code.tex)
(/usr/local/texlive/2022/texmf-dist/tex/generic/pgf/basiclayer/pgfcorerdf.code.
tex)))
(/usr/local/texlive/2022/texmf-dist/tex/generic/pgf/modules/pgfmoduleshapes.cod
e.tex)
(/usr/local/texlive/2022/texmf-dist/tex/generic/pgf/modules/pgfmoduleplot.code.
tex)
(/usr/local/texlive/2022/texmf-dist/tex/latex/pgf/compatibility/pgfcomp-version
-0-65.sty)
(/usr/local/texlive/2022/texmf-dist/tex/latex/pgf/compatibility/pgfcomp-version
-1-18.sty))
(/usr/local/texlive/2022/texmf-dist/tex/latex/pgf/utilities/pgffor.sty
(/usr/local/texlive/2022/texmf-dist/tex/latex/pgf/utilities/pgfkeys.sty
(/usr/local/texlive/2022/texmf-dist/tex/generic/pgf/utilities/pgfkeys.code.tex)
) (/usr/local/texlive/2022/texmf-dist/tex/latex/pgf/math/pgfmath.sty
(/usr/local/texlive/2022/texmf-dist/tex/generic/pgf/math/pgfmath.code.tex))
(/usr/local/texlive/2022/texmf-dist/tex/generic/pgf/utilities/pgffor.code.tex
(/usr/local/texlive/2022/texmf-dist/tex/generic/pgf/math/pgfmath.code.tex)))
(/usr/local/texlive/2022/texmf-dist/tex/generic/pgf/frontendlayer/tikz/tikz.cod
e.tex
(/usr/local/texlive/2022/texmf-dist/tex/generic/pgf/libraries/pgflibraryplothan
dlers.code.tex)
(/usr/local/texlive/2022/texmf-dist/tex/generic/pgf/modules/pgfmodulematrix.cod
e.tex)
(/usr/local/texlive/2022/texmf-dist/tex/generic/pgf/frontendlayer/tikz/librarie
s/tikzlibrarytopaths.code.tex)))
(/usr/local/texlive/2022/texmf-dist/tex/latex/marginnote/marginnote.sty)
(/usr/local/texlive/2022/texmf-dist/tex/latex/csquotes/csquotes.sty
(/usr/local/texlive/2022/texmf-dist/tex/latex/etoolbox/etoolbox.sty)
(/usr/local/texlive/2022/texmf-dist/tex/latex/csquotes/csquotes.def)
(/usr/local/texlive/2022/texmf-dist/tex/latex/csquotes/csquotes.cfg))
(/usr/local/texlive/2022/texmf-dist/tex/latex/amsmath/amsmath.sty
For additional information on amsmath, use the `?' option.
(/usr/local/texlive/2022/texmf-dist/tex/latex/amsmath/amstext.sty
(/usr/local/texlive/2022/texmf-dist/tex/latex/amsmath/amsgen.sty))
(/usr/local/texlive/2022/texmf-dist/tex/latex/amsmath/amsbsy.sty)
(/usr/local/texlive/2022/texmf-dist/tex/latex/amsmath/amsopn.sty))
(/usr/local/texlive/2022/texmf-dist/tex/latex/mathtools/mathtools.sty
(/usr/local/texlive/2022/texmf-dist/tex/latex/tools/calc.sty)
(/usr/local/texlive/2022/texmf-dist/tex/latex/mathtools/mhsetup.sty))
(/usr/local/texlive/2022/texmf-dist/tex/latex/geometry/geometry.sty
(/usr/local/texlive/2022/texmf-dist/tex/generic/iftex/ifvtex.sty
(/usr/local/texlive/2022/texmf-dist/tex/generic/iftex/iftex.sty)))
(/usr/local/texlive/2022/texmf-dist/tex/latex/fontspec/fontspec.sty
(/usr/local/texlive/2022/texmf-dist/tex/latex/l3packages/xparse/xparse.sty
(/usr/local/texlive/2022/texmf-dist/tex/latex/l3kernel/expl3.sty
(/usr/local/texlive/2022/texmf-dist/tex/latex/l3backend/l3backend-xetex.def
(|extractbb --version))))
(/usr/local/texlive/2022/texmf-dist/tex/latex/fontspec/fontspec-xetex.sty
(/usr/local/texlive/2022/texmf-dist/tex/latex/base/fontenc.sty)
(/usr/local/texlive/2022/texmf-dist/tex/latex/fontspec/fontspec.cfg)))
(/usr/local/texlive/2022/texmf-dist/tex/latex/microtype/microtype.sty
(/usr/local/texlive/2022/texmf-dist/tex/latex/microtype/microtype-xetex.def)
(/usr/local/texlive/2022/texmf-dist/tex/latex/microtype/microtype.cfg))
(/usr/local/texlive/2022/texmf-dist/tex/latex/titlesec/titlesec.sty)
(/usr/local/texlive/2022/texmf-dist/tex/latex/caption/caption.sty
(/usr/local/texlive/2022/texmf-dist/tex/latex/caption/caption3.sty))
(/usr/local/texlive/2022/texmf-dist/tex/latex/hyperref/hyperref.sty
(/usr/local/texlive/2022/texmf-dist/tex/generic/ltxcmds/ltxcmds.sty)
(/usr/local/texlive/2022/texmf-dist/tex/generic/pdftexcmds/pdftexcmds.sty
(/usr/local/texlive/2022/texmf-dist/tex/generic/infwarerr/infwarerr.sty))
(/usr/local/texlive/2022/texmf-dist/tex/generic/kvsetkeys/kvsetkeys.sty)
(/usr/local/texlive/2022/texmf-dist/tex/generic/kvdefinekeys/kvdefinekeys.sty)
(/usr/local/texlive/2022/texmf-dist/tex/generic/pdfescape/pdfescape.sty)
(/usr/local/texlive/2022/texmf-dist/tex/latex/hycolor/hycolor.sty)
(/usr/local/texlive/2022/texmf-dist/tex/latex/letltxmacro/letltxmacro.sty)
(/usr/local/texlive/2022/texmf-dist/tex/latex/auxhook/auxhook.sty)
(/usr/local/texlive/2022/texmf-dist/tex/latex/kvoptions/kvoptions.sty)
(/usr/local/texlive/2022/texmf-dist/tex/latex/hyperref/pd1enc.def)
(/usr/local/texlive/2022/texmf-dist/tex/generic/intcalc/intcalc.sty)
(/usr/local/texlive/2022/texmf-dist/tex/generic/etexcmds/etexcmds.sty)
(/usr/local/texlive/2022/texmf-dist/tex/latex/hyperref/puenc.def)
(/usr/local/texlive/2022/texmf-dist/tex/latex/url/url.sty)
(/usr/local/texlive/2022/texmf-dist/tex/generic/bitset/bitset.sty
(/usr/local/texlive/2022/texmf-dist/tex/generic/bigintcalc/bigintcalc.sty))
(/usr/local/texlive/2022/texmf-dist/tex/latex/base/atbegshi-ltx.sty))
(/usr/local/texlive/2022/texmf-dist/tex/latex/hyperref/hxetex.def
(/usr/local/texlive/2022/texmf-dist/tex/generic/stringenc/stringenc.sty)
(/usr/local/texlive/2022/texmf-dist/tex/latex/rerunfilecheck/rerunfilecheck.sty
(/usr/local/texlive/2022/texmf-dist/tex/latex/base/atveryend-ltx.sty)
(/usr/local/texlive/2022/texmf-dist/tex/generic/uniquecounter/uniquecounter.sty
))) (/usr/local/texlive/2022/texmf-dist/tex/latex/listings/listings.sty
(/usr/local/texlive/2022/texmf-dist/tex/latex/listings/lstmisc.sty)
(/usr/local/texlive/2022/texmf-dist/tex/latex/listings/listings.cfg))
(/usr/local/texlive/2022/texmf-dist/tex/latex/enumitem/enumitem.sty)
(/usr/local/texlive/2022/texmf-dist/tex/latex/preprint/authblk.sty)
(/usr/local/texlive/2022/texmf-dist/tex/latex/tcolorbox/tcolorbox.sty
(/usr/local/texlive/2022/texmf-dist/tex/latex/tools/verbatim.sty)
(/usr/local/texlive/2022/texmf-dist/tex/latex/environ/environ.sty
(/usr/local/texlive/2022/texmf-dist/tex/latex/trimspaces/trimspaces.sty))
(/usr/local/texlive/2022/texmf-dist/tex/latex/tcolorbox/tcbraster.code.tex
Library (tcolorbox): 'tcbraster.code.tex' version '5.0.2'
) (/usr/local/texlive/2022/texmf-dist/tex/latex/tcolorbox/tcbskins.code.tex
Library (tcolorbox): 'tcbskins.code.tex' version '5.0.2'

(/usr/local/texlive/2022/texmf-dist/tex/latex/tcolorbox/tcbskinsjigsaw.code.tex
Library (tcolorbox): 'tcbskinsjigsaw.code.tex' version '5.0.2'
))
(/usr/local/texlive/2022/texmf-dist/tex/latex/tcolorbox/tcbbreakable.code.tex
Library (tcolorbox): 'tcbbreakable.code.tex' version '5.0.2'
(/usr/local/texlive/2022/texmf-dist/tex/generic/oberdiek/pdfcol.sty))
(/usr/local/texlive/2022/texmf-dist/tex/latex/tcolorbox/tcbhooks.code.tex
Library (tcolorbox): 'tcbhooks.code.tex' version '5.0.2'
) (/usr/local/texlive/2022/texmf-dist/tex/latex/tcolorbox/tcbtheorems.code.tex
Library (tcolorbox): 'tcbtheorems.code.tex' version '5.0.2'
) (/usr/local/texlive/2022/texmf-dist/tex/latex/tcolorbox/tcbfitting.code.tex
Library (tcolorbox): 'tcbfitting.code.tex' version '5.0.2'
) (/usr/local/texlive/2022/texmf-dist/tex/latex/tcolorbox/tcbxparse.code.tex
Library (tcolorbox): 'tcbxparse.code.tex' version '5.0.2'
)) (./metadata.tex)
(/usr/local/texlive/2022/texmf-dist/tex/latex/fancyhdr/fancyhdr.sty)
(/usr/local/texlive/2022/texmf-dist/tex/latex/biblatex/biblatex.sty
(/usr/local/texlive/2022/texmf-dist/tex/latex/logreq/logreq.sty
(/usr/local/texlive/2022/texmf-dist/tex/latex/logreq/logreq.def))
(/usr/local/texlive/2022/texmf-dist/tex/latex/biblatex/blx-dm.def)
(/usr/local/texlive/2022/texmf-dist/tex/latex/biblatex/blx-unicode.def)
(/usr/local/texlive/2022/texmf-dist/tex/latex/biblatex/blx-compat.def)
(/usr/local/texlive/2022/texmf-dist/tex/latex/biblatex/biblatex.def)
(/usr/local/texlive/2022/texmf-dist/tex/latex/biblatex/blx-natbib.def)
(/usr/local/texlive/2022/texmf-dist/tex/latex/biblatex/bbx/numeric.bbx
(/usr/local/texlive/2022/texmf-dist/tex/latex/biblatex/bbx/standard.bbx))
(/usr/local/texlive/2022/texmf-dist/tex/latex/biblatex/cbx/numeric.cbx)
(/usr/local/texlive/2022/texmf-dist/tex/latex/biblatex/biblatex.cfg)
(/usr/local/texlive/2022/texmf-dist/tex/latex/biblatex/blx-case-expl3.sty))
(/usr/local/texlive/2022/texmf-dist/tex/latex/natbib/bibentry.sty)
(/usr/local/texlive/2022/texmf-dist/tex/latex/float/float.sty))
(../openreview/packages.tex
(/usr/local/texlive/2022/texmf-dist/tex/latex/base/inputenc.sty

Package inputenc Warning: inputenc package ignored with utf8 based engines.

) (/usr/local/texlive/2022/texmf-dist/tex/latex/booktabs/booktabs.sty)
(/usr/local/texlive/2022/texmf-dist/tex/latex/amsfonts/amsfonts.sty)
(/usr/local/texlive/2022/texmf-dist/tex/latex/units/nicefrac.sty)
(/usr/local/texlive/2022/texmf-dist/tex/generic/ulem/ulem.sty))
(/usr/local/texlive/2022/texmf-dist/tex/latex/caption/subcaption.sty)

Package csquotes Warning: Load 'inputenc' before 'csquotes' on input line 6.


Package biblatex Warning: Load 'inputenc' before biblatex.

(./article.aux) (/usr/local/texlive/2022/texmf-dist/tex/latex/base/ts1cmr.fd)
*geometry* driver: auto-detecting
*geometry* detected driver: xetex
(/usr/local/texlive/2022/texmf-dist/tex/latex/hyperref/nameref.sty
(/usr/local/texlive/2022/texmf-dist/tex/latex/refcount/refcount.sty)
(/usr/local/texlive/2022/texmf-dist/tex/generic/gettitlestring/gettitlestring.s
ty)) (./article.out) (./article.out)
(/usr/local/texlive/2022/texmf-dist/tex/latex/biblatex/lbx/american.lbx
(/usr/local/texlive/2022/texmf-dist/tex/latex/biblatex/lbx/english.lbx)
(/usr/local/texlive/2022/texmf-dist/tex/latex/biblatex/lbx/english.lbx))
(./article.bbl) (./header.tex
(/usr/local/texlive/2022/texmf-dist/tex/latex/amsfonts/umsa.fd)
(/usr/local/texlive/2022/texmf-dist/tex/latex/microtype/mt-msa.cfg)
(/usr/local/texlive/2022/texmf-dist/tex/latex/amsfonts/umsb.fd)
(/usr/local/texlive/2022/texmf-dist/tex/latex/microtype/mt-msb.cfg)
(/usr/local/texlive/2022/texmf-dist/tex/latex/microtype/mt-cmr.cfg)
Underfull \hbox (badness 10000) in paragraph at lines 69--70
[]\TU/RobotoCondensed(0)/m/n/7 Code is available at [][]https://github.com/andr
azdeluisa/reproducibility_challenge[][] – DOI [][]10.5281/zenodo.6498328[][]. –
 SWH
) (./content.tex (../openreview/content.tex [1] [2] [3] [4]
Overfull \hbox (0.8882pt too wide) in paragraph at lines 109--110
\TU/SourceSerifPro(0)/m/n/10 well-known algorithms that solve the MABC problem.
 We generate the synthetic datasets
[5] [6] [7] [8] [9]
Overfull \hbox (3.52457pt too wide) in paragraph at lines 255--256
\TU/SourceSerifPro(0)/m/n/10 sons for these struggles are the inconsistent nome
nclature (the referenced paper presents
)) [10]

Package biblatex Warning: Month out of range
(biblatex)                at entry 'agrawal' on input line 11.

[11] (./article.aux) )
(see the transcript file for additional information)
Output written on article.pdf (11 pages).
Transcript written on article.log.
Latexmk: Getting log file 'article.log'
Latexmk: Examining 'article.fls'
Latexmk: Examining 'article.log'
Latexmk: Found input bbl file 'article.bbl'
Latexmk: Log file says output to 'article.pdf'
Biber warning: [261] Biber.pm:130> WARN - legacy month field '17--19 Jun' in entry 'agrawal' is not an integer - this will probably not sort properly.
Latexmk: Found biber source file(s) [article.bcf bibliography.bib]
Latexmk: All targets (article.pdf) are up-to-date
