This is pdfTeX, Version 3.14159265-2.6-1.40.18 (TeX Live 2017/Debian) (preloaded format=pdflatex 2021.4.19)  19 APR 2021 19:23
entering extended mode
 restricted \write18 enabled.
 file:line:error style messages enabled.
 %&-line parsing enabled.
**/home/lennelov/Repositories/RC-2020/liiv2021a/openreview/main.tex
(/home/lennelov/Repositories/RC-2020/liiv2021a/openreview/main.tex
LaTeX2e <2017-04-15>
Babel <3.18> and hyphenation patterns for 3 language(s) loaded.
(/usr/share/texlive/texmf-dist/tex/latex/base/article.cls
Document Class: article 2014/09/29 v1.4h Standard LaTeX document class
(/usr/share/texlive/texmf-dist/tex/latex/base/size10.clo
File: size10.clo 2014/09/29 v1.4h Standard LaTeX file (size option)
)
\c@part=\count79
\c@section=\count80
\c@subsection=\count81
\c@subsubsection=\count82
\c@paragraph=\count83
\c@subparagraph=\count84
\c@figure=\count85
\c@table=\count86
\abovecaptionskip=\skip41
\belowcaptionskip=\skip42
\bibindent=\dimen102
) (/home/lennelov/Repositories/RC-2020/liiv2021a/openreview/packages.tex

! LaTeX Error: File `neurips_2019.sty' not found.

Type X to quit or <RETURN> to proceed,
or enter new name. (Default extension: sty)

Enter file name: 
/home/lennelov/Repositories/RC-2020/liiv2021a/openreview/packages.tex:2: Emergency stop.
<read *> 
         
l.2 \usepackage
               [utf8]{inputenc} % allow utf-8 input^^M
*** (cannot \read from terminal in nonstop modes)

 
Here is how much of TeX's memory you used:
 205 strings out of 494923
 2537 string characters out of 6180742
 48339 words of memory out of 5000000
 3607 multiletter control sequences out of 15000+600000
 3640 words of font info for 14 fonts, out of 8000000 for 9000
 14 hyphenation exceptions out of 8191
 22i,0n,17p,198b,36s stack positions out of 5000i,500n,10000p,200000b,80000s
/home/lennelov/Repositories/RC-2020/liiv2021a/openreview/packages.tex:2:  ==> Fatal error occurred, no output PDF file produced!
