This is pdfTeX, Version 3.141592653-2.6-1.40.22 (TeX Live 2021) (preloaded format=pdflatex 2021.4.6)  11 APR 2021 11:40
entering extended mode
 restricted \write18 enabled.
 file:line:error style messages enabled.
 %&-line parsing enabled.
**"/Volumes/GoogleDrive/My Drive/ml_reprod/RC-2020/sundar2021reproducibility/openreview/main.tex"
(/Volumes/GoogleDrive/My Drive/ml_reprod/RC-2020/sundar2021reproducibility/openreview/main.tex
LaTeX2e <2020-10-01> patch level 4
L3 programming layer <2021-02-18> (/usr/local/texlive/2021/texmf-dist/tex/latex/base/article.cls
Document Class: article 2020/04/10 v1.4m Standard LaTeX document class
(/usr/local/texlive/2021/texmf-dist/tex/latex/base/size10.clo
File: size10.clo 2020/04/10 v1.4m Standard LaTeX file (size option)
)
\c@part=\count179
\c@section=\count180
\c@subsection=\count181
\c@subsubsection=\count182
\c@paragraph=\count183
\c@subparagraph=\count184
\c@figure=\count185
\c@table=\count186
\abovecaptionskip=\skip47
\belowcaptionskip=\skip48
\bibindent=\dimen138
) (/Volumes/GoogleDrive/My Drive/ml_reprod/RC-2020/sundar2021reproducibility/openreview/packages.tex (/usr/local/texlive/2021/texmf-dist/tex/latex/base/inputenc.sty
Package: inputenc 2020/08/01 v1.3d Input encoding file
\inpenc@prehook=\toks15
\inpenc@posthook=\toks16
) (/usr/local/texlive/2021/texmf-dist/tex/latex/hyperref/hyperref.sty
Package: hyperref 2021-02-27 v7.00k Hypertext links for LaTeX
 (/usr/local/texlive/2021/texmf-dist/tex/generic/ltxcmds/ltxcmds.sty
Package: ltxcmds 2020-05-10 v1.25 LaTeX kernel commands for general use (HO)
) (/usr/local/texlive/2021/texmf-dist/tex/generic/iftex/iftex.sty
Package: iftex 2020/03/06 v1.0d TeX engine tests
) (/usr/local/texlive/2021/texmf-dist/tex/generic/pdftexcmds/pdftexcmds.sty
Package: pdftexcmds 2020-06-27 v0.33 Utility functions of pdfTeX for LuaTeX (HO)
 (/usr/local/texlive/2021/texmf-dist/tex/generic/infwarerr/infwarerr.sty
Package: infwarerr 2019/12/03 v1.5 Providing info/warning/error messages (HO)
)
Package pdftexcmds Info: \pdf@primitive is available.
Package pdftexcmds Info: \pdf@ifprimitive is available.
Package pdftexcmds Info: \pdfdraftmode found.
) (/usr/local/texlive/2021/texmf-dist/tex/latex/graphics/keyval.sty
Package: keyval 2014/10/28 v1.15 key=value parser (DPC)
\KV@toks@=\toks17
) (/usr/local/texlive/2021/texmf-dist/tex/generic/kvsetkeys/kvsetkeys.sty
Package: kvsetkeys 2019/12/15 v1.18 Key value parser (HO)
) (/usr/local/texlive/2021/texmf-dist/tex/generic/kvdefinekeys/kvdefinekeys.sty
Package: kvdefinekeys 2019-12-19 v1.6 Define keys (HO)
) (/usr/local/texlive/2021/texmf-dist/tex/generic/pdfescape/pdfescape.sty
Package: pdfescape 2019/12/09 v1.15 Implements pdfTeX's escape features (HO)
) (/usr/local/texlive/2021/texmf-dist/tex/latex/hycolor/hycolor.sty
Package: hycolor 2020-01-27 v1.10 Color options for hyperref/bookmark (HO)
) (/usr/local/texlive/2021/texmf-dist/tex/latex/letltxmacro/letltxmacro.sty
Package: letltxmacro 2019/12/03 v1.6 Let assignment for LaTeX macros (HO)
) (/usr/local/texlive/2021/texmf-dist/tex/latex/auxhook/auxhook.sty
Package: auxhook 2019-12-17 v1.6 Hooks for auxiliary files (HO)
) (/usr/local/texlive/2021/texmf-dist/tex/latex/kvoptions/kvoptions.sty
Package: kvoptions 2020-10-07 v3.14 Key value format for package options (HO)
)
\@linkdim=\dimen139
\Hy@linkcounter=\count187
\Hy@pagecounter=\count188
 (/usr/local/texlive/2021/texmf-dist/tex/latex/hyperref/pd1enc.def
File: pd1enc.def 2021-02-27 v7.00k Hyperref: PDFDocEncoding definition (HO)
Now handling font encoding PD1 ...
... no UTF-8 mapping file for font encoding PD1
) (/usr/local/texlive/2021/texmf-dist/tex/latex/hyperref/hyperref-langpatches.def
File: hyperref-langpatches.def 2021-02-27 v7.00k Hyperref: patches for babel languages
) (/usr/local/texlive/2021/texmf-dist/tex/generic/intcalc/intcalc.sty
Package: intcalc 2019/12/15 v1.3 Expandable calculations with integers (HO)
) (/usr/local/texlive/2021/texmf-dist/tex/generic/etexcmds/etexcmds.sty
Package: etexcmds 2019/12/15 v1.7 Avoid name clashes with e-TeX commands (HO)
)
\Hy@SavedSpaceFactor=\count189
 (/usr/local/texlive/2021/texmf-dist/tex/latex/hyperref/puenc.def
File: puenc.def 2021-02-27 v7.00k Hyperref: PDF Unicode definition (HO)
Now handling font encoding PU ...
... no UTF-8 mapping file for font encoding PU
)
Package hyperref Info: Hyper figures OFF on input line 4192.
Package hyperref Info: Link nesting OFF on input line 4197.
Package hyperref Info: Hyper index ON on input line 4200.
Package hyperref Info: Plain pages OFF on input line 4207.
Package hyperref Info: Backreferencing OFF on input line 4212.
Package hyperref Info: Implicit mode ON; LaTeX internals redefined.
Package hyperref Info: Bookmarks ON on input line 4445.
\c@Hy@tempcnt=\count190
 (/usr/local/texlive/2021/texmf-dist/tex/latex/url/url.sty
\Urlmuskip=\muskip16
Package: url 2013/09/16  ver 3.4  Verb mode for urls, etc.
)
LaTeX Info: Redefining \url on input line 4804.
\XeTeXLinkMargin=\dimen140
 (/usr/local/texlive/2021/texmf-dist/tex/generic/bitset/bitset.sty
Package: bitset 2019/12/09 v1.3 Handle bit-vector datatype (HO)
 (/usr/local/texlive/2021/texmf-dist/tex/generic/bigintcalc/bigintcalc.sty
Package: bigintcalc 2019/12/15 v1.5 Expandable calculations on big integers (HO)
))
\Fld@menulength=\count191
\Field@Width=\dimen141
\Fld@charsize=\dimen142
Package hyperref Info: Hyper figures OFF on input line 6075.
Package hyperref Info: Link nesting OFF on input line 6080.
Package hyperref Info: Hyper index ON on input line 6083.
Package hyperref Info: backreferencing OFF on input line 6090.
Package hyperref Info: Link coloring OFF on input line 6095.
Package hyperref Info: Link coloring with OCG OFF on input line 6100.
Package hyperref Info: PDF/A mode OFF on input line 6105.
LaTeX Info: Redefining \ref on input line 6145.
LaTeX Info: Redefining \pageref on input line 6149.
 (/usr/local/texlive/2021/texmf-dist/tex/latex/base/atbegshi-ltx.sty
Package: atbegshi-ltx 2020/08/17 v1.0a Emulation of the original atbegshi package
with kernel methods
)
\Hy@abspage=\count192
\c@Item=\count193
\c@Hfootnote=\count194
)
Package hyperref Info: Driver (autodetected): hpdftex.
 (/usr/local/texlive/2021/texmf-dist/tex/latex/hyperref/hpdftex.def
File: hpdftex.def 2021-02-27 v7.00k Hyperref driver for pdfTeX
 (/usr/local/texlive/2021/texmf-dist/tex/latex/base/atveryend-ltx.sty
Package: atveryend-ltx 2020/08/19 v1.0a Emulation of the original atvery package
with kernel methods
)
\Fld@listcount=\count195
\c@bookmark@seq@number=\count196
 (/usr/local/texlive/2021/texmf-dist/tex/latex/rerunfilecheck/rerunfilecheck.sty
Package: rerunfilecheck 2019/12/05 v1.9 Rerun checks for auxiliary files (HO)
 (/usr/local/texlive/2021/texmf-dist/tex/generic/uniquecounter/uniquecounter.sty
Package: uniquecounter 2019/12/15 v1.4 Provide unlimited unique counter (HO)
)
Package uniquecounter Info: New unique counter `rerunfilecheck' on input line 286.
)
\Hy@SectionHShift=\skip49
) (/usr/local/texlive/2021/texmf-dist/tex/latex/booktabs/booktabs.sty
Package: booktabs 2020/01/12 v1.61803398 Publication quality tables
\heavyrulewidth=\dimen143
\lightrulewidth=\dimen144
\cmidrulewidth=\dimen145
\belowrulesep=\dimen146
\belowbottomsep=\dimen147
\aboverulesep=\dimen148
\abovetopsep=\dimen149
\cmidrulesep=\dimen150
\cmidrulekern=\dimen151
\defaultaddspace=\dimen152
\@cmidla=\count197
\@cmidlb=\count198
\@aboverulesep=\dimen153
\@belowrulesep=\dimen154
\@thisruleclass=\count199
\@lastruleclass=\count266
\@thisrulewidth=\dimen155
) (/usr/local/texlive/2021/texmf-dist/tex/latex/caption/caption.sty
Package: caption 2020/10/26 v3.5g Customizing captions (AR)
 (/usr/local/texlive/2021/texmf-dist/tex/latex/caption/caption3.sty
Package: caption3 2020/10/21 v2.2e caption3 kernel (AR)
\captionmargin=\dimen156
\captionmargin@=\dimen157
\captionwidth=\dimen158
\caption@tempdima=\dimen159
\caption@indent=\dimen160
\caption@parindent=\dimen161
\caption@hangindent=\dimen162
Package caption Info: Standard document class detected.
)
\c@caption@flags=\count267
\c@continuedfloat=\count268
Package caption Info: hyperref package is loaded.
) (/usr/local/texlive/2021/texmf-dist/tex/latex/tools/tabularx.sty
Package: tabularx 2020/01/15 v2.11c `tabularx' package (DPC)
 (/usr/local/texlive/2021/texmf-dist/tex/latex/tools/array.sty
Package: array 2020/10/01 v2.5c Tabular extension package (FMi)
\col@sep=\dimen163
\ar@mcellbox=\box47
\extrarowheight=\dimen164
\NC@list=\toks18
\extratabsurround=\skip50
\backup@length=\skip51
\ar@cellbox=\box48
)
\TX@col@width=\dimen165
\TX@old@table=\dimen166
\TX@old@col=\dimen167
\TX@target=\dimen168
\TX@delta=\dimen169
\TX@cols=\count269
\TX@ftn=\toks19
) (/usr/local/texlive/2021/texmf-dist/tex/latex/adjustbox/adjustbox.sty
Package: adjustbox 2020/08/19 v1.3 Adjusting TeX boxes (trim, clip, ...)
 (/usr/local/texlive/2021/texmf-dist/tex/latex/xkeyval/xkeyval.sty
Package: xkeyval 2020/11/20 v2.8 package option processing (HA)
 (/usr/local/texlive/2021/texmf-dist/tex/generic/xkeyval/xkeyval.tex (/usr/local/texlive/2021/texmf-dist/tex/generic/xkeyval/xkvutils.tex
\XKV@toks=\toks20
\XKV@tempa@toks=\toks21
)
\XKV@depth=\count270
File: xkeyval.tex 2014/12/03 v2.7a key=value parser (HA)
)) (/usr/local/texlive/2021/texmf-dist/tex/latex/adjustbox/adjcalc.sty
Package: adjcalc 2012/05/16 v1.1 Provides advanced setlength with multiple back-ends (calc, etex, pgfmath)
) (/usr/local/texlive/2021/texmf-dist/tex/latex/adjustbox/trimclip.sty
Package: trimclip 2020/08/19 v1.2 Trim and clip general TeX material
 (/usr/local/texlive/2021/texmf-dist/tex/latex/graphics/graphicx.sty
Package: graphicx 2020/09/09 v1.2b Enhanced LaTeX Graphics (DPC,SPQR)
 (/usr/local/texlive/2021/texmf-dist/tex/latex/graphics/graphics.sty
Package: graphics 2020/08/30 v1.4c Standard LaTeX Graphics (DPC,SPQR)
 (/usr/local/texlive/2021/texmf-dist/tex/latex/graphics/trig.sty
Package: trig 2016/01/03 v1.10 sin cos tan (DPC)
) (/usr/local/texlive/2021/texmf-dist/tex/latex/graphics-cfg/graphics.cfg
File: graphics.cfg 2016/06/04 v1.11 sample graphics configuration
)
Package graphics Info: Driver file: pdftex.def on input line 105.
 (/usr/local/texlive/2021/texmf-dist/tex/latex/graphics-def/pdftex.def
File: pdftex.def 2020/10/05 v1.2a Graphics/color driver for pdftex
))
\Gin@req@height=\dimen170
\Gin@req@width=\dimen171
) (/usr/local/texlive/2021/texmf-dist/tex/latex/collectbox/collectbox.sty
Package: collectbox 2012/05/17 v0.4b Collect macro arguments as boxes
\collectedbox=\box49
)
\tc@llx=\dimen172
\tc@lly=\dimen173
\tc@urx=\dimen174
\tc@ury=\dimen175
Package trimclip Info: Using driver 'tc-pdftex.def'.
 (/usr/local/texlive/2021/texmf-dist/tex/latex/adjustbox/tc-pdftex.def
File: tc-pdftex.def 2019/01/04 v2.2 Clipping driver for pdftex
))
\adjbox@Width=\dimen176
\adjbox@Height=\dimen177
\adjbox@Depth=\dimen178
\adjbox@Totalheight=\dimen179
\adjbox@pwidth=\dimen180
\adjbox@pheight=\dimen181
\adjbox@pdepth=\dimen182
\adjbox@ptotalheight=\dimen183
 (/usr/local/texlive/2021/texmf-dist/tex/latex/ifoddpage/ifoddpage.sty
Package: ifoddpage 2016/04/23 v1.1 Conditionals for odd/even page detection
\c@checkoddpage=\count271
) (/usr/local/texlive/2021/texmf-dist/tex/latex/varwidth/varwidth.sty
Package: varwidth 2009/03/30 ver 0.92;  Variable-width minipages
\@vwid@box=\box50
\sift@deathcycles=\count272
\@vwid@loff=\dimen184
\@vwid@roff=\dimen185
)) (/usr/local/texlive/2021/texmf-dist/tex/latex/multirow/multirow.sty
Package: multirow 2021/03/15 v2.8 Span multiple rows of a table
\multirow@colwidth=\skip52
\multirow@cntb=\count273
\multirow@dima=\skip53
\bigstrutjot=\dimen186
) (/usr/local/texlive/2021/texmf-dist/tex/latex/comment/comment.sty
\CommentStream=\write3
 Excluding comment 'comment') (/usr/local/texlive/2021/texmf-dist/tex/latex/makecell/makecell.sty
Package: makecell 2009/08/03 V0.1e Managing of Tab Column Heads and Cells
\rotheadsize=\dimen187
\c@nlinenum=\count274
\TeXr@lab=\toks22
) (/usr/local/texlive/2021/texmf-dist/tex/latex/amsfonts/amsfonts.sty
Package: amsfonts 2013/01/14 v3.01 Basic AMSFonts support
\@emptytoks=\toks23
\symAMSa=\mathgroup4
\symAMSb=\mathgroup5
LaTeX Font Info:    Redeclaring math symbol \hbar on input line 98.
LaTeX Font Info:    Overwriting math alphabet `\mathfrak' in version `bold'
(Font)                  U/euf/m/n --> U/euf/b/n on input line 106.
) (/usr/local/texlive/2021/texmf-dist/tex/latex/amsmath/amsmath.sty
Package: amsmath 2020/09/23 v2.17i AMS math features
\@mathmargin=\skip54

For additional information on amsmath, use the `?' option.
(/usr/local/texlive/2021/texmf-dist/tex/latex/amsmath/amstext.sty
Package: amstext 2000/06/29 v2.01 AMS text
 (/usr/local/texlive/2021/texmf-dist/tex/latex/amsmath/amsgen.sty
File: amsgen.sty 1999/11/30 v2.0 generic functions
\@emptytoks=\toks24
\ex@=\dimen188
)) (/usr/local/texlive/2021/texmf-dist/tex/latex/amsmath/amsbsy.sty
Package: amsbsy 1999/11/29 v1.2d Bold Symbols
\pmbraise@=\dimen189
) (/usr/local/texlive/2021/texmf-dist/tex/latex/amsmath/amsopn.sty
Package: amsopn 2016/03/08 v2.02 operator names
)
\inf@bad=\count275
LaTeX Info: Redefining \frac on input line 234.
\uproot@=\count276
\leftroot@=\count277
LaTeX Info: Redefining \overline on input line 399.
\classnum@=\count278
\DOTSCASE@=\count279
LaTeX Info: Redefining \ldots on input line 496.
LaTeX Info: Redefining \dots on input line 499.
LaTeX Info: Redefining \cdots on input line 620.
\Mathstrutbox@=\box51
\strutbox@=\box52
\big@size=\dimen190
LaTeX Font Info:    Redeclaring font encoding OML on input line 743.
LaTeX Font Info:    Redeclaring font encoding OMS on input line 744.
\macc@depth=\count280
\c@MaxMatrixCols=\count281
\dotsspace@=\muskip17
\c@parentequation=\count282
\dspbrk@lvl=\count283
\tag@help=\toks25
\row@=\count284
\column@=\count285
\maxfields@=\count286
\andhelp@=\toks26
\eqnshift@=\dimen191
\alignsep@=\dimen192
\tagshift@=\dimen193
\tagwidth@=\dimen194
\totwidth@=\dimen195
\lineht@=\dimen196
\@envbody=\toks27
\multlinegap=\skip55
\multlinetaggap=\skip56
\mathdisplay@stack=\toks28
LaTeX Info: Redefining \[ on input line 2923.
LaTeX Info: Redefining \] on input line 2924.
) (/usr/local/texlive/2021/texmf-dist/tex/latex/units/nicefrac.sty
Package: nicefrac 1998/08/04 v0.9b Nice fractions
\L@UnitsRaiseDisplaystyle=\skip57
\L@UnitsRaiseTextstyle=\skip58
\L@UnitsRaiseScriptstyle=\skip59
 (/usr/local/texlive/2021/texmf-dist/tex/latex/base/ifthen.sty
Package: ifthen 2014/09/29 v1.1c Standard LaTeX ifthen package (DPC)
)) (/usr/local/texlive/2021/texmf-dist/tex/latex/microtype/microtype.sty
Package: microtype 2021/03/14 v2.8c Micro-typographical refinements (RS)
\MT@toks=\toks29
\MT@count=\count287
LaTeX Info: Redefining \textls on input line 790.
\MT@outer@kern=\dimen197
LaTeX Info: Redefining \textmicrotypecontext on input line 1374.
\MT@listname@count=\count288
 (/usr/local/texlive/2021/texmf-dist/tex/latex/microtype/microtype-pdftex.def
File: microtype-pdftex.def 2021/03/14 v2.8c Definitions specific to pdftex (RS)
LaTeX Info: Redefining \lsstyle on input line 915.
LaTeX Info: Redefining \lslig on input line 915.
\MT@outer@space=\skip60
)
Package microtype Info: Loading configuration file microtype.cfg.
 (/usr/local/texlive/2021/texmf-dist/tex/latex/microtype/microtype.cfg
File: microtype.cfg 2021/03/14 v2.8c microtype main configuration file (RS)
)) (/usr/local/texlive/2021/texmf-dist/tex/generic/ulem/ulem.sty
\UL@box=\box53
\UL@hyphenbox=\box54
\UL@skip=\skip61
\UL@hook=\toks30
\UL@height=\dimen198
\UL@pe=\count289
\UL@pixel=\dimen199
\ULC@box=\box55
Package: ulem 2019/11/18
\ULdepth=\dimen256
)) (/usr/local/texlive/2021/texmf-dist/tex/latex/l3backend/l3backend-pdftex.def
File: l3backend-pdftex.def 2021-03-18 L3 backend support: PDF output (pdfTeX)
\l__color_backend_stack_int=\count290
\l__pdf_internal_box=\box56
) (/Volumes/GoogleDrive/My Drive/ml_reprod/RC-2020/sundar2021reproducibility/openreview/main.aux)
\openout1 = `main.aux'.

LaTeX Font Info:    Checking defaults for OML/cmm/m/it on input line 24.
LaTeX Font Info:    ... okay on input line 24.
LaTeX Font Info:    Checking defaults for OMS/cmsy/m/n on input line 24.
LaTeX Font Info:    ... okay on input line 24.
LaTeX Font Info:    Checking defaults for OT1/cmr/m/n on input line 24.
LaTeX Font Info:    ... okay on input line 24.
LaTeX Font Info:    Checking defaults for T1/cmr/m/n on input line 24.
LaTeX Font Info:    ... okay on input line 24.
LaTeX Font Info:    Checking defaults for TS1/cmr/m/n on input line 24.
LaTeX Font Info:    ... okay on input line 24.
LaTeX Font Info:    Checking defaults for OMX/cmex/m/n on input line 24.
LaTeX Font Info:    ... okay on input line 24.
LaTeX Font Info:    Checking defaults for U/cmr/m/n on input line 24.
LaTeX Font Info:    ... okay on input line 24.
LaTeX Font Info:    Checking defaults for PD1/pdf/m/n on input line 24.
LaTeX Font Info:    ... okay on input line 24.
LaTeX Font Info:    Checking defaults for PU/pdf/m/n on input line 24.
LaTeX Font Info:    ... okay on input line 24.
Package hyperref Info: Link coloring OFF on input line 24.
 (/usr/local/texlive/2021/texmf-dist/tex/latex/hyperref/nameref.sty
Package: nameref 2021-04-02 v2.47 Cross-referencing by name of section
 (/usr/local/texlive/2021/texmf-dist/tex/latex/refcount/refcount.sty
Package: refcount 2019/12/15 v3.6 Data extraction from label references (HO)
) (/usr/local/texlive/2021/texmf-dist/tex/generic/gettitlestring/gettitlestring.sty
Package: gettitlestring 2019/12/15 v1.6 Cleanup title references (HO)
)
\c@section@level=\count291
)
LaTeX Info: Redefining \ref on input line 24.
LaTeX Info: Redefining \pageref on input line 24.
LaTeX Info: Redefining \nameref on input line 24.
\@outlinefile=\write4
\openout4 = `main.out'.

Package caption Info: Begin \AtBeginDocument code.
Package caption Info: End \AtBeginDocument code.
 (/usr/local/texlive/2021/texmf-dist/tex/context/base/mkii/supp-pdf.mkii
[Loading MPS to PDF converter (version 2006.09.02).]
\scratchcounter=\count292
\scratchdimen=\dimen257
\scratchbox=\box57
\nofMPsegments=\count293
\nofMParguments=\count294
\everyMPshowfont=\toks31
\MPscratchCnt=\count295
\MPscratchDim=\dimen258
\MPnumerator=\count296
\makeMPintoPDFobject=\count297
\everyMPtoPDFconversion=\toks32
) (/usr/local/texlive/2021/texmf-dist/tex/latex/epstopdf-pkg/epstopdf-base.sty
Package: epstopdf-base 2020-01-24 v2.11 Base part for package epstopdf
Package epstopdf-base Info: Redefining graphics rule for `.eps' on input line 485.
 (/usr/local/texlive/2021/texmf-dist/tex/latex/latexconfig/epstopdf-sys.cfg
File: epstopdf-sys.cfg 2010/07/13 v1.3 Configuration of (r)epstopdf for TeX Live
))
LaTeX Info: Redefining \microtypecontext on input line 24.
Package microtype Info: Generating PDF output.
Package microtype Info: Character protrusion enabled (level 2).
Package microtype Info: Using default protrusion set `alltext'.
Package microtype Info: Automatic font expansion enabled (level 2),
(microtype)             stretch: 20, shrink: 20, step: 1, non-selected.
Package microtype Info: Using default expansion set `alltext-nott'.
LaTeX Info: Redefining \showhyphens on input line 24.
Package microtype Info: No adjustment of tracking.
Package microtype Info: No adjustment of interword spacing.
Package microtype Info: No adjustment of character kerning.
 (/usr/local/texlive/2021/texmf-dist/tex/latex/microtype/mt-cmr.cfg
File: mt-cmr.cfg 2013/05/19 v2.2 microtype config. file: Computer Modern Roman (RS)
)
LaTeX Font Info:    Trying to load font information for U+msa on input line 27.
 (/usr/local/texlive/2021/texmf-dist/tex/latex/amsfonts/umsa.fd
File: umsa.fd 2013/01/14 v3.01 AMS symbols A
) (/usr/local/texlive/2021/texmf-dist/tex/latex/microtype/mt-msa.cfg
File: mt-msa.cfg 2006/02/04 v1.1 microtype config. file: AMS symbols (a) (RS)
)
LaTeX Font Info:    Trying to load font information for U+msb on input line 27.
 (/usr/local/texlive/2021/texmf-dist/tex/latex/amsfonts/umsb.fd
File: umsb.fd 2013/01/14 v3.01 AMS symbols B
) (/usr/local/texlive/2021/texmf-dist/tex/latex/microtype/mt-msb.cfg
File: mt-msb.cfg 2005/06/01 v1.0 microtype config. file: AMS symbols (b) (RS)
)
Package microtype Info: Loading generic protrusion settings for font family
(microtype)             `cmtt' (encoding: OT1).
(microtype)             For optimal results, create family-specific settings.
(microtype)             See the microtype manual for details.

/Volumes/GoogleDrive/My Drive/ml_reprod/RC-2020/sundar2021reproducibility/openreview/main.tex:27: Missing $ inserted.
<inserted text> 
                $
l.27 \input
           {content.tex}
I've inserted a begin-math/end-math symbol since I think
you left one out. Proceed, with fingers crossed.

/Volumes/GoogleDrive/My Drive/ml_reprod/RC-2020/sundar2021reproducibility/openreview/main.tex:27: Missing $ inserted.
<inserted text> 
                $
l.27 \input
           {content.tex}
I've inserted something that you may have forgotten.
(See the <inserted text> above.)
With luck, this will get me unwedged. But if you
really didn't forget anything, try typing `2' now; then
my insertion and my current dilemma will both disappear.

(/Volumes/GoogleDrive/My Drive/ml_reprod/RC-2020/sundar2021reproducibility/openreview/content.tex (/Volumes/GoogleDrive/My Drive/ml_reprod/RC-2020/sundar2021reproducibility/openreview/./sections/front_page.tex
Underfull \hbox (badness 10000) in paragraph at lines 13--14

 []

[1

{/usr/local/texlive/2021/texmf-var/fonts/map/pdftex/updmap/pdftex.map}]) (/Volumes/GoogleDrive/My Drive/ml_reprod/RC-2020/sundar2021reproducibility/openreview/./sections/introduction.tex
/Volumes/GoogleDrive/My Drive/ml_reprod/RC-2020/sundar2021reproducibility/openreview/./sections/introduction.tex:5: Undefined control sequence.
l.5 ...r floating-point operations (FLOPs) (\citet
                                                  {han2016eie,ashbyexploitin...
The control sequence at the end of the top line
of your error message was never \def'ed. If you have
misspelled it (e.g., `\hobx'), type `I' and the correct
spelling (e.g., `I\hbox'). Otherwise just continue,
and I'll forget about whatever was undefined.

/Volumes/GoogleDrive/My Drive/ml_reprod/RC-2020/sundar2021reproducibility/openreview/./sections/introduction.tex:5: Missing $ inserted.
<inserted text> 
                $
l.5 ...\citet{han2016eie,ashbyexploiting,Srinivas_
                                                  2017_CVPR_Workshops}). Unf...
I've inserted a begin-math/end-math symbol since I think
you left one out. Proceed, with fingers crossed.

/Volumes/GoogleDrive/My Drive/ml_reprod/RC-2020/sundar2021reproducibility/openreview/./sections/introduction.tex:5: Extra }, or forgotten $.
l.5 ...hbyexploiting,Srinivas_2017_CVPR_Workshops}
                                                  ). Unfortunately, present ...
I've deleted a group-closing symbol because it seems to be
spurious, as in `$x}$'. But perhaps the } is legitimate and
you forgot something else, as in `\hbox{$x}'. In such cases
the way to recover is to insert both the forgotten and the
deleted material, e.g., by typing `I$}'.

/Volumes/GoogleDrive/My Drive/ml_reprod/RC-2020/sundar2021reproducibility/openreview/./sections/introduction.tex:6: Missing $ inserted.
<inserted text> 
                $
l.6 
    
I've inserted a begin-math/end-math symbol since I think
you left one out. Proceed, with fingers crossed.


Overfull \hbox (6.66327pt too wide) in paragraph at lines 5--6
\OT1/cmr/m/n/10 (-20) Sparse neu-ral net-works are a promis-ing al-ter-na-tive to con-ven-tional dense networks---
 []


Overfull \hbox (1177.10904pt too wide) in paragraph at lines 5--6
\OT1/cmr/m/n/10 (-20) tions (FLOPs) (han2016eie,ashbyexploiting,Srinivas$[]017[]\OML/cmm/m/it/10 VPR[]orkshops\OT1/cmr/m/n/10 (-20) )\OML/cmm/m/it/10 :Unfortunately; presenttechniquestoproducesparsenetworksofcommensurateaccuracyinvolvemultiplecyclesoftrainingdensenetworksandsubsequentpruning:Consequently; suchtechniquesoffernoadvantageovertrainingdensenetworks; eithercomputationallyormemory \OMS/cmsy/m/n/10 ^^@
 []


Underfull \hbox (badness 10000) in paragraph at lines 5--6

 []

/Volumes/GoogleDrive/My Drive/ml_reprod/RC-2020/sundar2021reproducibility/openreview/./sections/introduction.tex:7: Undefined control sequence.
l.7 In the paper \citet
                       {rigl}, the authors propose \textit{RigL}, an algorit...
The control sequence at the end of the top line
of your error message was never \def'ed. If you have
misspelled it (e.g., `\hobx'), type `I' and the correct
spelling (e.g., `I\hbox'). Otherwise just continue,
and I'll forget about whatever was undefined.


Underfull \hbox (badness 10000) in paragraph at lines 7--8

 []

) (/Volumes/GoogleDrive/My Drive/ml_reprod/RC-2020/sundar2021reproducibility/openreview/./sections/scope.tex [2]
/Volumes/GoogleDrive/My Drive/ml_reprod/RC-2020/sundar2021reproducibility/openreview/./sections/scope.tex:7: Undefined control sequence.
l.7 ...e training techniques---such as SET (\citet
                                                  {Mocanu2018SET}) and SNFS ...
The control sequence at the end of the top line
of your error message was never \def'ed. If you have
misspelled it (e.g., `\hobx'), type `I' and the correct
spelling (e.g., `I\hbox'). Otherwise just continue,
and I'll forget about whatever was undefined.

/Volumes/GoogleDrive/My Drive/ml_reprod/RC-2020/sundar2021reproducibility/openreview/./sections/scope.tex:7: Undefined control sequence.
l.7 ...ET (\citet{Mocanu2018SET}) and SNFS (\citet
                                                  {dettmers2020sparse})---an...
The control sequence at the end of the top line
of your error message was never \def'ed. If you have
misspelled it (e.g., `\hobx'), type `I' and the correct
spelling (e.g., `I\hbox'). Otherwise just continue,
and I'll forget about whatever was undefined.

/Volumes/GoogleDrive/My Drive/ml_reprod/RC-2020/sundar2021reproducibility/openreview/./sections/scope.tex:7: Undefined control sequence.
l.7 ...g methods such as iterative pruning (\citet
                                                  {to_prune_or_not})?
The control sequence at the end of the top line
of your error message was never \def'ed. If you have
misspelled it (e.g., `\hobx'), type `I' and the correct
spelling (e.g., `I\hbox'). Otherwise just continue,
and I'll forget about whatever was undefined.

/Volumes/GoogleDrive/My Drive/ml_reprod/RC-2020/sundar2021reproducibility/openreview/./sections/scope.tex:7: Missing $ inserted.
<inserted text> 
                $
l.7 ...thods such as iterative pruning (\citet{to_
                                                  prune_or_not})?
I've inserted a begin-math/end-math symbol since I think
you left one out. Proceed, with fingers crossed.

/Volumes/GoogleDrive/My Drive/ml_reprod/RC-2020/sundar2021reproducibility/openreview/./sections/scope.tex:7: Extra }, or forgotten $.
l.7 ... iterative pruning (\citet{to_prune_or_not}
                                                  )?
I've deleted a group-closing symbol because it seems to be
spurious, as in `$x}$'. But perhaps the } is legitimate and
you forgot something else, as in `\hbox{$x}'. In such cases
the way to recover is to insert both the forgotten and the
deleted material, e.g., by typing `I$}'.

/Volumes/GoogleDrive/My Drive/ml_reprod/RC-2020/sundar2021reproducibility/openreview/./sections/scope.tex:8: Missing $ inserted.
<inserted text> 
                $
l.8 
    
I've inserted a begin-math/end-math symbol since I think
you left one out. Proceed, with fingers crossed.

/Volumes/GoogleDrive/My Drive/ml_reprod/RC-2020/sundar2021reproducibility/openreview/./sections/scope.tex:8: Missing } inserted.
<inserted text> 
                }
l.8 
    
I've inserted something that you may have forgotten.
(See the <inserted text> above.)
With luck, this will get me unwedged. But if you
really didn't forget anything, try typing `2' now; then
my insertion and my current dilemma will both disappear.


LaTeX Warning: Reference `hyperparameter-tuning' on page 3 undefined on input line 9.


LaTeX Warning: Reference `effect-sparsity-distribution' on page 3 undefined on input line 11.

/Volumes/GoogleDrive/My Drive/ml_reprod/RC-2020/sundar2021reproducibility/openreview/./sections/scope.tex:13: Undefined control sequence.
l.13 ...sparsity during connection updates (\citet
                                                  {dettmers2020sparse}) impr...
The control sequence at the end of the top line
of your error message was never \def'ed. If you have
misspelled it (e.g., `\hobx'), type `I' and the correct
spelling (e.g., `I\hbox'). Otherwise just continue,
and I'll forget about whatever was undefined.


LaTeX Warning: Reference `effect-redistribution' on page 3 undefined on input line 13.


Overfull \hbox (46.9084pt too wide) in paragraph at lines 13--14
[]\OT1/cmr/m/n/10 (-20) Does re-dis-tribut-ing layer-wise spar-sity dur-ing con-nec-tion up-dates (dettmers2020sparse)
 []

) (/Volumes/GoogleDrive/My Drive/ml_reprod/RC-2020/sundar2021reproducibility/openreview/./sections/methodology.tex
/Volumes/GoogleDrive/My Drive/ml_reprod/RC-2020/sundar2021reproducibility/openreview/./sections/methodology.tex:3: Undefined control sequence.
l.3 ...search/rigl}} written in Tensorflow (\citet
                                                  {abadi2016tensorflow}). To...
The control sequence at the end of the top line
of your error message was never \def'ed. If you have
misspelled it (e.g., `\hobx'), type `I' and the correct
spelling (e.g., `I\hbox'). Otherwise just continue,
and I'll forget about whatever was undefined.

/Volumes/GoogleDrive/My Drive/ml_reprod/RC-2020/sundar2021reproducibility/openreview/./sections/methodology.tex:3: Undefined control sequence.
l.3 ... replicate \textit{RigL} in Pytorch (\citet
                                                  {Pytorch}). Our implementa...
The control sequence at the end of the top line
of your error message was never \def'ed. If you have
misspelled it (e.g., `\hobx'), type `I' and the correct
spelling (e.g., `I\hbox'). Otherwise just continue,
and I'll forget about whatever was undefined.

/Volumes/GoogleDrive/My Drive/ml_reprod/RC-2020/sundar2021reproducibility/openreview/./sections/methodology.tex:3: Undefined control sequence.
l.3 ...om/TimDettmers/sparse\_learning}} of \citet
                                                  {dettmers2020sparse} which...
The control sequence at the end of the top line
of your error message was never \def'ed. If you have
misspelled it (e.g., `\hobx'), type `I' and the correct
spelling (e.g., `I\hbox'). Otherwise just continue,
and I'll forget about whatever was undefined.

/Volumes/GoogleDrive/My Drive/ml_reprod/RC-2020/sundar2021reproducibility/openreview/./sections/methodology.tex:3: Undefined control sequence.
l.3 ...}{https://wandb.ai/ml-reprod-2020}} (\citet
                                                  {wandb}).
The control sequence at the end of the top line
of your error message was never \def'ed. If you have
misspelled it (e.g., `\hobx'), type `I' and the correct
spelling (e.g., `I\hbox'). Otherwise just continue,
and I'll forget about whatever was undefined.


Overfull \hbox (33.90616pt too wide) in paragraph at lines 3--4
\OT1/cmr/m/n/10 (-20) The au-thors pro-vide pub-licly ac-ces-si-ble code[][][] writ-ten in Ten-sor-flow (abadi2016tensorflow).
 []


Package hyperref Warning: Difference (2) between bookmark levels is greater 
(hyperref)                than one, level fixed on input line 6.

/Volumes/GoogleDrive/My Drive/ml_reprod/RC-2020/sundar2021reproducibility/openreview/./sections/methodology.tex:11: Undefined control sequence.
l.11 ...textbf{Erdos-Renyi (ER):} Following \citet
                                                  {Mocanu2018SET}, we set $s...
The control sequence at the end of the top line
of your error message was never \def'ed. If you have
misspelled it (e.g., `\hobx'), type `I' and the correct
spelling (e.g., `I\hbox'). Otherwise just continue,
and I'll forget about whatever was undefined.


Overfull \hbox (9.9418pt too wide) in paragraph at lines 11--12
[]\OT1/cmr/bx/n/10 (-20) Erdos-Renyi (ER): \OT1/cmr/m/n/10 (-20) Fol-low-ing Mo-canu2018SET, we set $\OML/cmm/m/it/10 s[] \OMS/cmsy/m/n/10 / []$\OT1/cmr/m/n/10 (-20) ,
 []

[3]
/Volumes/GoogleDrive/My Drive/ml_reprod/RC-2020/sundar2021reproducibility/openreview/./sections/methodology.tex:18: Undefined control sequence.
l.18 ...qual number are grown. Unlike SNFS (\citet
                                                  {dettmers2020sparse}), the...
The control sequence at the end of the top line
of your error message was never \def'ed. If you have
misspelled it (e.g., `\hobx'), type `I' and the correct
spelling (e.g., `I\hbox'). Otherwise just continue,
and I'll forget about whatever was undefined.

) (/Volumes/GoogleDrive/My Drive/ml_reprod/RC-2020/sundar2021reproducibility/openreview/./sections/experiments.tex
/Volumes/GoogleDrive/My Drive/ml_reprod/RC-2020/sundar2021reproducibility/openreview/./sections/experiments.tex:5: Undefined control sequence.
l.5 For experiments on CIFAR-10 (\citet
                                       {Krizhevsky09learningmultiple}), we u...
The control sequence at the end of the top line
of your error message was never \def'ed. If you have
misspelled it (e.g., `\hobx'), type `I' and the correct
spelling (e.g., `I\hbox'). Otherwise just continue,
and I'll forget about whatever was undefined.

/Volumes/GoogleDrive/My Drive/ml_reprod/RC-2020/sundar2021reproducibility/openreview/./sections/experiments.tex:5: Undefined control sequence.
l.5 ...e}), we use a Wide Residual Network (\citet
                                                  {Wide_ResNet_BMVC2016_87})...
The control sequence at the end of the top line
of your error message was never \def'ed. If you have
misspelled it (e.g., `\hobx'), type `I' and the correct
spelling (e.g., `I\hbox'). Otherwise just continue,
and I'll forget about whatever was undefined.

/Volumes/GoogleDrive/My Drive/ml_reprod/RC-2020/sundar2021reproducibility/openreview/./sections/experiments.tex:5: Missing $ inserted.
<inserted text> 
                $
l.5 ...e use a Wide Residual Network (\citet{Wide_
                                                  ResNet_BMVC2016_87}) with ...
I've inserted a begin-math/end-math symbol since I think
you left one out. Proceed, with fingers crossed.

/Volumes/GoogleDrive/My Drive/ml_reprod/RC-2020/sundar2021reproducibility/openreview/./sections/experiments.tex:5: Extra }, or forgotten $.
l.5 ...al Network (\citet{Wide_ResNet_BMVC2016_87}
                                                  ) with depth 22 and width ...
I've deleted a group-closing symbol because it seems to be
spurious, as in `$x}$'. But perhaps the } is legitimate and
you forgot something else, as in `\hbox{$x}'. In such cases
the way to recover is to insert both the forgotten and the
deleted material, e.g., by typing `I$}'.

/Volumes/GoogleDrive/My Drive/ml_reprod/RC-2020/sundar2021reproducibility/openreview/./sections/experiments.tex:5: Undefined control sequence.
l.5 ...-22-2. For experiments on CIFAR-100 (\citet
                                                  {Krizhevsky09learningmulti...
The control sequence at the end of the top line
of your error message was never \def'ed. If you have
misspelled it (e.g., `\hobx'), type `I' and the correct
spelling (e.g., `I\hbox'). Otherwise just continue,
and I'll forget about whatever was undefined.

/Volumes/GoogleDrive/My Drive/ml_reprod/RC-2020/sundar2021reproducibility/openreview/./sections/experiments.tex:5: Undefined control sequence.
l.5 ...use a modified variant of ResNet-50 (\citet
                                                  {He_2016_CVPR}), with the ...
The control sequence at the end of the top line
of your error message was never \def'ed. If you have
misspelled it (e.g., `\hobx'), type `I' and the correct
spelling (e.g., `I\hbox'). Otherwise just continue,
and I'll forget about whatever was undefined.

/Volumes/GoogleDrive/My Drive/ml_reprod/RC-2020/sundar2021reproducibility/openreview/./sections/experiments.tex:5: Missing $ inserted.
<inserted text> 
                $
l.5 ...t{He_2016_CVPR}), with the initial $7\times
                                                   7$ convolution replaced b...
I've inserted a begin-math/end-math symbol since I think
you left one out. Proceed, with fingers crossed.


Overfull \hbox (105.70168pt too wide) in paragraph at lines 5--6
\OT1/cmr/m/n/10 (-20) Resid-ual Net-work (Wide$[]\OML/cmm/m/it/10 esNet[]MVC\OT1/cmr/m/n/10 (-20) 2016[]7)\OML/cmm/m/it/10 withdepth\OT1/cmr/m/n/10 (-20) 22\OML/cmm/m/it/10 andwidthmultiplier\OT1/cmr/m/n/10 (-20) 2\OML/cmm/m/it/10 ; abbreviatedasWRN \OMS/cmsy/m/n/10 ^^@
 []


Overfull \hbox (135.2702pt too wide) in paragraph at lines 5--6
\OT1/cmr/m/n/10 (-20) 22 \OMS/cmsy/m/n/10 ^^@ \OT1/cmr/m/n/10 (-20) 2\OML/cmm/m/it/10 :ForexperimentsonCIFAR \OMS/cmsy/m/n/10 ^^@ \OT1/cmr/m/n/10 (-20) 100([])\OML/cmm/m/it/10 ; weuseamodifiedvariantofResNet \OMS/cmsy/m/n/10 ^^@
 []

[4]

LaTeX Warning: Reference `tab:replication_verify' on page 5 undefined on input line 9.


Underfull \hbox (badness 10000) in paragraph at lines 9--10

 []

(/Volumes/GoogleDrive/My Drive/ml_reprod/RC-2020/sundar2021reproducibility/openreview/../openreview/tables/replication_verify.tex)
/Volumes/GoogleDrive/My Drive/ml_reprod/RC-2020/sundar2021reproducibility/openreview/./sections/experiments.tex:13: Undefined control sequence.
l.13 ...pochs and label smoothening of 0.1 (\citet
                                                  {goyal2017accurate}). We a...
The control sequence at the end of the top line
of your error message was never \def'ed. If you have
misspelled it (e.g., `\hobx'), type `I' and the correct
spelling (e.g., `I\hbox'). Otherwise just continue,
and I'll forget about whatever was undefined.

/Volumes/GoogleDrive/My Drive/ml_reprod/RC-2020/sundar2021reproducibility/openreview/./sections/experiments.tex:13: Undefined control sequence.
l.13 ...the last batch normalization layer (\citet
                                                  {ioffe2015batch}) in each ...
The control sequence at the end of the top line
of your error message was never \def'ed. If you have
misspelled it (e.g., `\hobx'), type `I' and the correct
spelling (e.g., `I\hbox'). Otherwise just continue,
and I'll forget about whatever was undefined.

/Volumes/GoogleDrive/My Drive/ml_reprod/RC-2020/sundar2021reproducibility/openreview/./sections/experiments.tex:13: Undefined control sequence.
l.13 ...ch BottleNeck block to 0, following \citet
                                                  {He_2019_CVPR}.
The control sequence at the end of the top line
of your error message was never \def'ed. If you have
misspelled it (e.g., `\hobx'), type `I' and the correct
spelling (e.g., `I\hbox'). Otherwise just continue,
and I'll forget about whatever was undefined.

/Volumes/GoogleDrive/My Drive/ml_reprod/RC-2020/sundar2021reproducibility/openreview/./sections/experiments.tex:13: Missing $ inserted.
<inserted text> 
                $
l.13 ...ottleNeck block to 0, following \citet{He_
                                                  2019_CVPR}.
I've inserted a begin-math/end-math symbol since I think
you left one out. Proceed, with fingers crossed.

/Volumes/GoogleDrive/My Drive/ml_reprod/RC-2020/sundar2021reproducibility/openreview/./sections/experiments.tex:13: Extra }, or forgotten $.
l.13 ...block to 0, following \citet{He_2019_CVPR}
                                                  .
I've deleted a group-closing symbol because it seems to be
spurious, as in `$x}$'. But perhaps the } is legitimate and
you forgot something else, as in `\hbox{$x}'. In such cases
the way to recover is to insert both the forgotten and the
deleted material, e.g., by typing `I$}'.

/Volumes/GoogleDrive/My Drive/ml_reprod/RC-2020/sundar2021reproducibility/openreview/./sections/experiments.tex:14: Missing $ inserted.
<inserted text> 
                $
l.14 
     
I've inserted a begin-math/end-math symbol since I think
you left one out. Proceed, with fingers crossed.


LaTeX Warning: Reference `cifar-10-results' on page 5 undefined on input line 17.


LaTeX Warning: Reference `cifar-100-results' on page 5 undefined on input line 17.


LaTeX Warning: Reference `hyperparameter-tuning' on page 5 undefined on input line 17.

/Volumes/GoogleDrive/My Drive/ml_reprod/RC-2020/sundar2021reproducibility/openreview/./sections/experiments.tex:17: Undefined control sequence.
l.17 ... these hyperparameters with Optuna (\citet
                                                  {optuna_2019}). We also ex...
The control sequence at the end of the top line
of your error message was never \def'ed. If you have
misspelled it (e.g., `\hobx'), type `I' and the correct
spelling (e.g., `I\hbox'). Otherwise just continue,
and I'll forget about whatever was undefined.

/Volumes/GoogleDrive/My Drive/ml_reprod/RC-2020/sundar2021reproducibility/openreview/./sections/experiments.tex:17: Missing $ inserted.
<inserted text> 
                $
l.17 ...yperparameters with Optuna (\citet{optuna_
                                                  2019}). We also examine wh...
I've inserted a begin-math/end-math symbol since I think
you left one out. Proceed, with fingers crossed.

/Volumes/GoogleDrive/My Drive/ml_reprod/RC-2020/sundar2021reproducibility/openreview/./sections/experiments.tex:17: Extra }, or forgotten $.
l.17 ...arameters with Optuna (\citet{optuna_2019}
                                                  ). We also examine whether...
I've deleted a group-closing symbol because it seems to be
spurious, as in `$x}$'. But perhaps the } is legitimate and
you forgot something else, as in `\hbox{$x}'. In such cases
the way to recover is to insert both the forgotten and the
deleted material, e.g., by typing `I$}'.

/Volumes/GoogleDrive/My Drive/ml_reprod/RC-2020/sundar2021reproducibility/openreview/./sections/experiments.tex:18: Missing $ inserted.
<inserted text> 
                $
l.18 
     
I've inserted a begin-math/end-math symbol since I think
you left one out. Proceed, with fingers crossed.


Overfull \hbox (204.70801pt too wide) in paragraph at lines 17--18
\OT1/cmr/m/n/10 (-20) (optuna$[]019)\OML/cmm/m/it/10 :Wealsoexaminewhetherindivduallytuningthelearningrateforeachsparsityvalueoffersanysignificantbenefit:$ 
 []

[5]
/Volumes/GoogleDrive/My Drive/ml_reprod/RC-2020/sundar2021reproducibility/openreview/./sections/experiments.tex:21: Undefined control sequence.
l.21 ... baselines in our experiments: SET (\citet
                                                  {Mocanu2018SET}), SNFS (\c...
The control sequence at the end of the top line
of your error message was never \def'ed. If you have
misspelled it (e.g., `\hobx'), type `I' and the correct
spelling (e.g., `I\hbox'). Otherwise just continue,
and I'll forget about whatever was undefined.

/Volumes/GoogleDrive/My Drive/ml_reprod/RC-2020/sundar2021reproducibility/openreview/./sections/experiments.tex:21: Undefined control sequence.
l.21 ... SET (\citet{Mocanu2018SET}), SNFS (\citet
                                                  {dettmers2020sparse}), and...
The control sequence at the end of the top line
of your error message was never \def'ed. If you have
misspelled it (e.g., `\hobx'), type `I' and the correct
spelling (e.g., `I\hbox'). Otherwise just continue,
and I'll forget about whatever was undefined.

/Volumes/GoogleDrive/My Drive/ml_reprod/RC-2020/sundar2021reproducibility/openreview/./sections/experiments.tex:21: Undefined control sequence.
l.21 ... Magnitude-based Iterative-pruning (\citet
                                                  {to_prune_or_not}). We als...
The control sequence at the end of the top line
of your error message was never \def'ed. If you have
misspelled it (e.g., `\hobx'), type `I' and the correct
spelling (e.g., `I\hbox'). Otherwise just continue,
and I'll forget about whatever was undefined.

/Volumes/GoogleDrive/My Drive/ml_reprod/RC-2020/sundar2021reproducibility/openreview/./sections/experiments.tex:21: Missing $ inserted.
<inserted text> 
                $
l.21 ...nitude-based Iterative-pruning (\citet{to_
                                                  prune_or_not}). We also co...
I've inserted a begin-math/end-math symbol since I think
you left one out. Proceed, with fingers crossed.

/Volumes/GoogleDrive/My Drive/ml_reprod/RC-2020/sundar2021reproducibility/openreview/./sections/experiments.tex:21: Extra }, or forgotten $.
l.21 ...Iterative-pruning (\citet{to_prune_or_not}
                                                  ). We also compare against...
I've deleted a group-closing symbol because it seems to be
spurious, as in `$x}$'. But perhaps the } is legitimate and
you forgot something else, as in `\hbox{$x}'. In such cases
the way to recover is to insert both the forgotten and the
deleted material, e.g., by typing `I$}'.

/Volumes/GoogleDrive/My Drive/ml_reprod/RC-2020/sundar2021reproducibility/openreview/./sections/experiments.tex:22: Missing $ inserted.
<inserted text> 
                $
l.22 
     
I've inserted a begin-math/end-math symbol since I think
you left one out. Proceed, with fingers crossed.


Overfull \hbox (1188.7691pt too wide) in paragraph at lines 21--22
\OT1/cmr/m/n/10 (-20) pruning (to$[]\OML/cmm/m/it/10 rune[]r[]ot\OT1/cmr/m/n/10 (-20) )\OML/cmm/m/it/10 :Wealsocompareagainsttwoweakerbaselines; viz:; []trainingand[]networks:Thelatterhasthesamestructureasthedensemodelbutusesfewerchannelsinconvolutionallayerstolowerparametercount:Weimplementiterativepruningwiththepruningintervalkeptsameasthemaskingintervalforafaircomparison:$ 
 []

) (/Volumes/GoogleDrive/My Drive/ml_reprod/RC-2020/sundar2021reproducibility/openreview/./sections/results.tex

LaTeX Warning: Reference `cifar-10-results' on page 6 undefined on input line 4.


LaTeX Warning: Reference `cifar-100-results' on page 6 undefined on input line 4.


LaTeX Warning: Reference `hyperparameter-tuning' on page 6 undefined on input line 4.

(/Volumes/GoogleDrive/My Drive/ml_reprod/RC-2020/sundar2021reproducibility/openreview/../openreview/sections/results_cifar10.tex (/Volumes/GoogleDrive/My Drive/ml_reprod/RC-2020/sundar2021reproducibility/openreview/../openreview/tables/cifar10.tex
/Volumes/GoogleDrive/My Drive/ml_reprod/RC-2020/sundar2021reproducibility/openreview/../openreview/tables/cifar10.tex:3: Undefined control sequence.
<argument> ...accuracy in bold. Similar to \citet 
                                                  {rigl}, we assume that alg...
l.3 ...thods implemented in our unified codebase.}
                                                  
The control sequence at the end of the top line
of your error message was never \def'ed. If you have
misspelled it (e.g., `\hobx'), type `I' and the correct
spelling (e.g., `I\hbox'). Otherwise just continue,
and I'll forget about whatever was undefined.

/Volumes/GoogleDrive/My Drive/ml_reprod/RC-2020/sundar2021reproducibility/openreview/../openreview/tables/cifar10.tex:3: Undefined control sequence.
<argument> ...accuracy in bold. Similar to \citet 
                                                  {rigl}, we assume that alg...
l.3 ...thods implemented in our unified codebase.}
                                                  
The control sequence at the end of the top line
of your error message was never \def'ed. If you have
misspelled it (e.g., `\hobx'), type `I' and the correct
spelling (e.g., `I\hbox'). Otherwise just continue,
and I'll forget about whatever was undefined.

/Volumes/GoogleDrive/My Drive/ml_reprod/RC-2020/sundar2021reproducibility/openreview/../openreview/tables/cifar10.tex:3: Undefined control sequence.
<argument> ...accuracy in bold. Similar to \citet 
                                                  {rigl}, we assume that alg...
l.3 ...thods implemented in our unified codebase.}
                                                  
The control sequence at the end of the top line
of your error message was never \def'ed. If you have
misspelled it (e.g., `\hobx'), type `I' and the correct
spelling (e.g., `I\hbox'). Otherwise just continue,
and I'll forget about whatever was undefined.


Overfull \hbox (20.16191pt too wide) in paragraph at lines 7--88
 [][] 
 []

)

LaTeX Warning: Reference `tab:cifar10-main-results' on page 6 undefined on input line 5.


Underfull \hbox (badness 10000) in paragraph at lines 5--6

 []

/Volumes/GoogleDrive/My Drive/ml_reprod/RC-2020/sundar2021reproducibility/openreview/../openreview/sections/results_cifar10.tex:7: Undefined control sequence.
l.7 ... requirements in a manner similar to \citet
                                                  {rigl} (exact procedure de...
The control sequence at the end of the top line
of your error message was never \def'ed. If you have
misspelled it (e.g., `\hobx'), type `I' and the correct
spelling (e.g., `I\hbox'). Otherwise just continue,
and I'll forget about whatever was undefined.


Underfull \hbox (badness 10000) in paragraph at lines 7--8

 []


LaTeX Warning: Reference `fig:cifar10-main-results' on page 6 undefined on input line 9.

[6] (/Volumes/GoogleDrive/My Drive/ml_reprod/RC-2020/sundar2021reproducibility/openreview/../openreview/figs/cifar10_main.tex
<../openreview/figs/cifar10_main.pdf, id=85, 913.4125pt x 254.9525pt>
File: ../openreview/figs/cifar10_main.pdf Graphic file (type pdf)
<use ../openreview/figs/cifar10_main.pdf>
Package pdftex.def Info: ../openreview/figs/cifar10_main.pdf  used on input line 3.
(pdftex.def)             Requested size: 345.0pt x 96.29552pt.
)) (/Volumes/GoogleDrive/My Drive/ml_reprod/RC-2020/sundar2021reproducibility/openreview/../openreview/sections/results_cifar100.tex (/Volumes/GoogleDrive/My Drive/ml_reprod/RC-2020/sundar2021reproducibility/openreview/../openreview/tables/cifar100.tex) (/Volumes/GoogleDrive/My Drive/ml_reprod/RC-2020/sundar2021reproducibility/openreview/../openreview/figs/cifar100_main.tex) (/Volumes/GoogleDrive/My Drive/ml_reprod/RC-2020/sundar2021reproducibility/openreview/../openreview/tables/cifar100.tex) (/Volumes/GoogleDrive/My Drive/ml_reprod/RC-2020/sundar2021reproducibility/openreview/../openreview/figs/cifar100_main.tex)

Package caption Warning: The option `hypcap=true' will be ignored for this
(caption)                particular \caption on input line 14.
See the caption package documentation for explanation.


Overfull \hbox (17.6551pt too wide) in paragraph at lines 14--14
[] [] 
 []

(/Volumes/GoogleDrive/My Drive/ml_reprod/RC-2020/sundar2021reproducibility/openreview/../openreview/tables/cifar100.tex)
Overfull \hbox (24.0757pt too wide) in paragraph at lines 1--14
 []|[] 
 []

(/Volumes/GoogleDrive/My Drive/ml_reprod/RC-2020/sundar2021reproducibility/openreview/../openreview/figs/cifar100_main.tex
File: ../openreview/figs/cifar100_main.pdf Graphic file (type pdf)
<use ../openreview/figs/cifar100_main.pdf>
Package pdftex.def Info: ../openreview/figs/cifar100_main.pdf  used on input line 2.
(pdftex.def)             Requested size: 112.3495pt x 204.54834pt.
) [7]

LaTeX Warning: Reference `tab:cifar100-main-results' on page 8 undefined on input line 16.


LaTeX Warning: Reference `cifar-10-results' on page 8 undefined on input line 16.

/Volumes/GoogleDrive/My Drive/ml_reprod/RC-2020/sundar2021reproducibility/openreview/../openreview/sections/results_cifar100.tex:16: Undefined control sequence.
l.16 ...with the Lottery Ticket Hypothesis (\citet
                                                  {frankle2018lottery}) in T...
The control sequence at the end of the top line
of your error message was never \def'ed. If you have
misspelled it (e.g., `\hobx'), type `I' and the correct
spelling (e.g., `I\hbox'). Otherwise just continue,
and I'll forget about whatever was undefined.


LaTeX Warning: Reference `tab:cifar100-main-results' on page 8 undefined on input line 16.


LaTeX Warning: Reference `tab:cifar100-main-results' on page 8 undefined on input line 16.

[8 </Volumes/GoogleDrive/My Drive/ml_reprod/RC-2020/sundar2021reproducibility/openreview/../openreview/figs/cifar10_main.pdf> </Volumes/GoogleDrive/My Drive/ml_reprod/RC-2020/sundar2021reproducibility/openreview/../openreview/figs/cifar100_main.pdf>]) (/Volumes/GoogleDrive/My Drive/ml_reprod/RC-2020/sundar2021reproducibility/openreview/../openreview/sections/hyperparameter_tuning.tex (/Volumes/GoogleDrive/My Drive/ml_reprod/RC-2020/sundar2021reproducibility/openreview/../openreview/tables/alpha_deltaT.tex
Overfull \hbox (20.46585pt too wide) in paragraph at lines 7--44
 [][] 
 []

)

Package hyperref Warning: Token not allowed in a PDF string (Unicode):
(hyperref)                removing `math shift' on input line 5.


Package hyperref Warning: Token not allowed in a PDF string (Unicode):
(hyperref)                removing `\alpha' on input line 5.


Package hyperref Warning: Token not allowed in a PDF string (Unicode):
(hyperref)                removing `\Delta' on input line 5.


Package hyperref Warning: Token not allowed in a PDF string (Unicode):
(hyperref)                removing `math shift' on input line 5.

/Volumes/GoogleDrive/My Drive/ml_reprod/RC-2020/sundar2021reproducibility/openreview/../openreview/sections/hyperparameter_tuning.tex:5: Undefined control sequence.
l.5 ...ee of Parzen Estimator (TPE sampler, \citet
                                                  {TPE_Bergstra}) via Optuna...
The control sequence at the end of the top line
of your error message was never \def'ed. If you have
misspelled it (e.g., `\hobx'), type `I' and the correct
spelling (e.g., `I\hbox'). Otherwise just continue,
and I'll forget about whatever was undefined.

/Volumes/GoogleDrive/My Drive/ml_reprod/RC-2020/sundar2021reproducibility/openreview/../openreview/sections/hyperparameter_tuning.tex:5: Missing $ inserted.
<inserted text> 
                $
l.5 ... Parzen Estimator (TPE sampler, \citet{TPE_
                                                  Bergstra}) via Optuna to t...
I've inserted a begin-math/end-math symbol since I think
you left one out. Proceed, with fingers crossed.

/Volumes/GoogleDrive/My Drive/ml_reprod/RC-2020/sundar2021reproducibility/openreview/../openreview/sections/hyperparameter_tuning.tex:5: Extra }, or forgotten $.
l.5 ...stimator (TPE sampler, \citet{TPE_Bergstra}
                                                  ) via Optuna to tune $(\al...
I've deleted a group-closing symbol because it seems to be
spurious, as in `$x}$'. But perhaps the } is legitimate and
you forgot something else, as in `\hbox{$x}'. In such cases
the way to recover is to insert both the forgotten and the
deleted material, e.g., by typing `I$}'.

/Volumes/GoogleDrive/My Drive/ml_reprod/RC-2020/sundar2021reproducibility/openreview/../openreview/sections/hyperparameter_tuning.tex:5: Missing $ inserted.
<inserted text> 
                $
l.5 ...{TPE_Bergstra}) via Optuna to tune $(\alpha
                                                  , \Delta T)$. We do this f...
I've inserted a begin-math/end-math symbol since I think
you left one out. Proceed, with fingers crossed.


Overfull \hbox (38.1751pt too wide) in paragraph at lines 5--6
\OT1/cmr/m/n/10 (-20) we use a Tree of Parzen Es-ti-ma-tor (TPE sam-pler, TPE$[]\OML/cmm/m/it/10 ergstra\OT1/cmr/m/n/10 (-20) )\OML/cmm/m/it/10 viaOptunatotune$\OT1/cmr/m/n/10 (-20) ($\OML/cmm/m/it/10 ; \OT1/cmr/m/n/10 (-20) ^^A\OML/cmm/m/it/10 T\OT1/cmr/m/n/10 (-20) )$.
 []


Underfull \hbox (badness 10000) in paragraph at lines 5--6

 []

(/Volumes/GoogleDrive/My Drive/ml_reprod/RC-2020/sundar2021reproducibility/openreview/../openreview/figs/lr_sweep.tex
<../openreview/figs/lr_sweep.pdf, id=130, 847.165pt x 464.73625pt>
File: ../openreview/figs/lr_sweep.pdf Graphic file (type pdf)
<use ../openreview/figs/lr_sweep.pdf>
Package pdftex.def Info: ../openreview/figs/lr_sweep.pdf  used on input line 3.
(pdftex.def)             Requested size: 345.0pt x 189.25957pt.
)

LaTeX Warning: Reference `tab:effect-alpha-deltaT' on page 9 undefined on input line 9.


LaTeX Warning: Reference `fig:lr-sweep' on page 9 undefined on input line 11.


Overfull \hbox (13.6397pt too wide) in paragraph at lines 11--12
\OML/cmm/m/it/10 ^^Q \OMS/cmsy/m/n/10 2 f\OT1/cmr/m/n/10 (-20) 0\OML/cmm/m/it/10 :\OT1/cmr/m/n/10 (-20) 1\OML/cmm/m/it/10 ; \OT1/cmr/m/n/10 (-20) 0\OML/cmm/m/it/10 :\OT1/cmr/m/n/10 (-20) 05\OML/cmm/m/it/10 ; \OT1/cmr/m/n/10 (-20) 0\OML/cmm/m/it/10 :\OT1/cmr/m/n/10 (-20) 01\OML/cmm/m/it/10 ; \OT1/cmr/m/n/10 (-20) 0\OML/cmm/m/it/10 :\OT1/cmr/m/n/10 (-20) 005\OMS/cmsy/m/n/10 g$ \OT1/cmr/m/n/10 (-20) and $(\OML/cmm/m/it/10 ; \OT1/cmr/m/n/10 (-20) ^^A\OML/cmm/m/it/10 T\OT1/cmr/m/n/10 (-20) ) \OMS/cmsy/m/n/10 2 f\OT1/cmr/m/n/10 (-20) (0\OML/cmm/m/it/10 :\OT1/cmr/m/n/10 (-20) 3\OML/cmm/m/it/10 ; \OT1/cmr/m/n/10 (-20) 100)\OML/cmm/m/it/10 ; \OT1/cmr/m/n/10 (-20) (0\OML/cmm/m/it/10 :\OT1/cmr/m/n/10 (-20) 4\OML/cmm/m/it/10 ; \OT1/cmr/m/n/10 (-20) 200)\OML/cmm/m/it/10 ; \OT1/cmr/m/n/10 (-20) (0\OML/cmm/m/it/10 :\OT1/cmr/m/n/10 (-20) 4\OML/cmm/m/it/10 ; \OT1/cmr/m/n/10 (-20) 500)\OML/cmm/m/it/10 ; \OT1/cmr/m/n/10 (-20) (0\OML/cmm/m/it/10 :\OT1/cmr/m/n/10 (-20) 5\OML/cmm/m/it/10 ; \OT1/cmr/m/n/10 (-20) 750)\OMS/cmsy/m/n/10 g$\OT1/cmr/m/n/10 (-20) .
 []

[9])) (/Volumes/GoogleDrive/My Drive/ml_reprod/RC-2020/sundar2021reproducibility/openreview/./sections/results_beyond.tex (/Volumes/GoogleDrive/My Drive/ml_reprod/RC-2020/sundar2021reproducibility/openreview/../openreview/figs/erk_vs_random_FLOPs.tex
<../openreview/figs/erk_vs_random_FLOPs.pdf, id=139, 853.1875pt x 248.93pt>
File: ../openreview/figs/erk_vs_random_FLOPs.pdf Graphic file (type pdf)
<use ../openreview/figs/erk_vs_random_FLOPs.pdf>
Package pdftex.def Info: ../openreview/figs/erk_vs_random_FLOPs.pdf  used on input line 3.
(pdftex.def)             Requested size: 345.0pt x 100.66035pt.


LaTeX Warning: `h' float specifier changed to `ht'.

)

LaTeX Warning: Reference `fig:erk-vs-random-FLOPs' on page 10 undefined on input line 8.

(/Volumes/GoogleDrive/My Drive/ml_reprod/RC-2020/sundar2021reproducibility/openreview/../openreview/tables/effect_redistribution.tex

LaTeX Warning: `h' float specifier changed to `ht'.

)
/Volumes/GoogleDrive/My Drive/ml_reprod/RC-2020/sundar2021reproducibility/openreview/./sections/results_beyond.tex:14: Undefined control sequence.
l.14 ...m and ERK initialization. Following \citet
                                                  {dettmers2020sparse}, duri...
The control sequence at the end of the top line
of your error message was never \def'ed. If you have
misspelled it (e.g., `\hobx'), type `I' and the correct
spelling (e.g., `I\hbox'). Otherwise just continue,
and I'll forget about whatever was undefined.


Underfull \hbox (badness 10000) in paragraph at lines 14--15

 []


LaTeX Warning: Reference `tab:effect-redistribution' on page 10 undefined on input line 16.


LaTeX Warning: Reference `fig:density-dist-evolution' on page 10 undefined on input line 16.


Underfull \hbox (badness 10000) in paragraph at lines 16--17

 []

[10 </Volumes/GoogleDrive/My Drive/ml_reprod/RC-2020/sundar2021reproducibility/openreview/../openreview/figs/lr_sweep.pdf>]

LaTeX Warning: Reference `fig:density-dist-evolution' on page 11 undefined on input line 18.


LaTeX Warning: Reference `tab:effect-redistribution' on page 11 undefined on input line 18.

(/Volumes/GoogleDrive/My Drive/ml_reprod/RC-2020/sundar2021reproducibility/openreview/../openreview/figs/density_dist_evolution.tex
<../openreview/figs/density_dist_evolution.pdf, id=166, 980.66376pt x 345.29pt>
File: ../openreview/figs/density_dist_evolution.pdf Graphic file (type pdf)
<use ../openreview/figs/density_dist_evolution.pdf>
Package pdftex.def Info: ../openreview/figs/density_dist_evolution.pdf  used on input line 3.
(pdftex.def)             Requested size: 345.0pt x 121.46974pt.
)) (/Volumes/GoogleDrive/My Drive/ml_reprod/RC-2020/sundar2021reproducibility/openreview/./sections/discussion.tex
/Volumes/GoogleDrive/My Drive/ml_reprod/RC-2020/sundar2021reproducibility/openreview/./sections/discussion.tex:3: Undefined control sequence.
l.3 ...lassification, the central claims of \citet
                                                  {rigl} hold true---\textit...
The control sequence at the end of the top line
of your error message was never \def'ed. If you have
misspelled it (e.g., `\hobx'), type `I' and the correct
spelling (e.g., `I\hbox'). Otherwise just continue,
and I'll forget about whatever was undefined.


Underfull \hbox (badness 10000) in paragraph at lines 3--4

 []

[11 </Volumes/GoogleDrive/My Drive/ml_reprod/RC-2020/sundar2021reproducibility/openreview/../openreview/figs/erk_vs_random_FLOPs.pdf>]

Package hyperref Warning: Difference (2) between bookmark levels is greater 
(hyperref)                than one, level fixed on input line 7.

[12 </Volumes/GoogleDrive/My Drive/ml_reprod/RC-2020/sundar2021reproducibility/openreview/../openreview/figs/density_dist_evolution.pdf>])
No file main.bbl.
) [13] (/Volumes/GoogleDrive/My Drive/ml_reprod/RC-2020/sundar2021reproducibility/openreview/main.aux)

LaTeX Warning: There were undefined references.


LaTeX Warning: Label(s) may have changed. Rerun to get cross-references right.


Package rerunfilecheck Warning: File `main.out' has changed.
(rerunfilecheck)                Rerun to get outlines right
(rerunfilecheck)                or use package `bookmark'.

Package rerunfilecheck Info: Checksums for `main.out':
(rerunfilecheck)             Before: <no file>
(rerunfilecheck)             After:  CC6B514DA15036E8F23425DFA4D7F0FB;4317.
 )
(\end occurred inside a group at level 5)

### simple group (level 5) entered at line 5 ({)
### simple group (level 4) entered at line 21 ({)
### simple group (level 3) entered at line 17 ({)
### simple group (level 2) entered at line 13 ({)
### simple group (level 1) entered at line 5 ({)
### bottom level 
Here is how much of TeX's memory you used:
 13310 strings out of 478994
 213792 string characters out of 5858185
 555098 words of memory out of 5000000
 30247 multiletter control sequences out of 15000+600000
 420426 words of font info for 163 fonts, out of 8000000 for 9000
 1141 hyphenation exceptions out of 8191
 102i,23n,105p,1062b,769s stack positions out of 5000i,500n,10000p,200000b,80000s
{/usr/local/texlive/2021/texmf-dist/fonts/enc/dvips/cm-super/cm-super-ts1.enc}</usr/local/texlive/2021/texmf-dist/fonts/type1/public/amsfonts/cm/cmbx10.pfb></usr/local/texlive/2021/texmf-dist/fonts/type1/public/amsfonts/cm/cmbx12.pfb></usr/local/texlive/2021/texmf-dist/fonts/type1/public/amsfonts/cm/cmbxti10.pfb></usr/local/texlive/2021/texmf-dist/fonts/type1/public/amsfonts/cm/cmex10.pfb></usr/local/texlive/2021/texmf-dist/fonts/type1/public/amsfonts/cmextra/cmex7.pfb></usr/local/texlive/2021/texmf-dist/fonts/type1/public/amsfonts/cm/cmmi10.pfb></usr/local/texlive/2021/texmf-dist/fonts/type1/public/amsfonts/cm/cmmi12.pfb></usr/local/texlive/2021/texmf-dist/fonts/type1/public/amsfonts/cm/cmmi5.pfb></usr/local/texlive/2021/texmf-dist/fonts/type1/public/amsfonts/cm/cmmi7.pfb></usr/local/texlive/2021/texmf-dist/fonts/type1/public/amsfonts/cm/cmr10.pfb></usr/local/texlive/2021/texmf-dist/fonts/type1/public/amsfonts/cm/cmr12.pfb></usr/local/texlive/2021/texmf-dist/fonts/type1/public/amsfonts/cm/cmr17.pfb></usr/local/texlive/2021/texmf-dist/fonts/type1/public/amsfonts/cm/cmr5.pfb></usr/local/texlive/2021/texmf-dist/fonts/type1/public/amsfonts/cm/cmr6.pfb></usr/local/texlive/2021/texmf-dist/fonts/type1/public/amsfonts/cm/cmr7.pfb></usr/local/texlive/2021/texmf-dist/fonts/type1/public/amsfonts/cm/cmr8.pfb></usr/local/texlive/2021/texmf-dist/fonts/type1/public/amsfonts/cm/cmsy10.pfb></usr/local/texlive/2021/texmf-dist/fonts/type1/public/amsfonts/cm/cmsy7.pfb></usr/local/texlive/2021/texmf-dist/fonts/type1/public/amsfonts/cm/cmti10.pfb></usr/local/texlive/2021/texmf-dist/fonts/type1/public/amsfonts/cm/cmtt12.pfb></usr/local/texlive/2021/texmf-dist/fonts/type1/public/cm-super/sfrm1000.pfb>
Output written on "/Volumes/GoogleDrive/My Drive/ml_reprod/RC-2020/sundar2021reproducibility/openreview/main.pdf" (13 pages, 952044 bytes).
PDF statistics:
 297 PDF objects out of 1000 (max. 8388607)
 231 compressed objects within 3 object streams
 61 named destinations out of 1000 (max. 500000)
 37402 words of extra memory for PDF output out of 42996 (max. 10000000)

