\BOOKMARK [1][-]{section.1}{Reproducibility\040Summary}{}% 1
\BOOKMARK [2][-]{subsection.1.1}{Scope\040of\040Reproducibility}{section.1}% 2
\BOOKMARK [2][-]{subsection.1.2}{Methodology}{section.1}% 3
\BOOKMARK [2][-]{subsection.1.3}{Results}{section.1}% 4
\BOOKMARK [2][-]{subsection.1.4}{What\040was\040easy}{section.1}% 5
\BOOKMARK [2][-]{subsection.1.5}{What\040was\040difficult}{section.1}% 6
\BOOKMARK [2][-]{subsection.1.6}{Communication\040with\040original\040authors}{section.1}% 7
\BOOKMARK [1][-]{section.2}{Introduction}{}% 8
\BOOKMARK [1][-]{section.3}{Scope\040of\040reproducibility}{}% 9
\BOOKMARK [1][-]{section.4}{Methodology}{}% 10
\BOOKMARK [2][-]{subsection.4.1}{Model\040descriptions}{section.4}% 11
\BOOKMARK [2][-]{subsection.4.2}{Datasets}{section.4}% 12
\BOOKMARK [2][-]{subsection.4.3}{Hyper-Parameters}{section.4}% 13
\BOOKMARK [2][-]{subsection.4.4}{Experimental\040setup\040and\040code}{section.4}% 14
\BOOKMARK [2][-]{subsection.4.5}{Computational\040requirements}{section.4}% 15
\BOOKMARK [2][-]{subsection.4.6}{Extended\040Experiments}{section.4}% 16
\BOOKMARK [1][-]{section.5}{Results}{}% 17
\BOOKMARK [2][-]{subsection.5.1}{Results\040reproducing\040original\040paper}{section.5}% 18
\BOOKMARK [2][-]{subsection.5.2}{Results\040beyond\040the\040original\040paper}{section.5}% 19
\BOOKMARK [1][-]{section.6}{Discussion}{}% 20
\BOOKMARK [2][-]{subsection.6.1}{What\040was\040easy}{section.6}% 21
\BOOKMARK [2][-]{subsection.6.2}{What\040was\040difficult}{section.6}% 22
\BOOKMARK [2][-]{subsection.6.3}{Communication\040with\040original\040authors}{section.6}% 23
\BOOKMARK [2][-]{subsection.6.4}{Future\040Scope}{section.6}% 24
