\BOOKMARK [3][-]{subsubsection.0.0.1}{\376\377\000S\000c\000o\000p\000e\000\040\000o\000f\000\040\000R\000e\000p\000r\000o\000d\000u\000c\000i\000b\000i\000l\000i\000t\000y}{}% 1
\BOOKMARK [3][-]{subsubsection.0.0.2}{\376\377\000M\000e\000t\000h\000o\000d\000o\000l\000o\000g\000y}{}% 2
\BOOKMARK [3][-]{subsubsection.0.0.3}{\376\377\000R\000e\000s\000u\000l\000t\000s}{}% 3
\BOOKMARK [3][-]{subsubsection.0.0.4}{\376\377\000W\000h\000a\000t\000\040\000w\000a\000s\000\040\000e\000a\000s\000y\000/\000d\000i\000f\000f\000i\000c\000u\000l\000t}{}% 4
\BOOKMARK [3][-]{subsubsection.0.0.5}{\376\377\000C\000o\000m\000m\000u\000n\000i\000c\000a\000t\000i\000o\000n\000\040\000w\000i\000t\000h\000\040\000o\000r\000i\000g\000i\000n\000a\000l\000\040\000a\000u\000t\000h\000o\000r\000s}{}% 5
\BOOKMARK [1][-]{section.1}{\376\377\000I\000n\000t\000r\000o\000d\000u\000c\000t\000i\000o\000n}{}% 6
\BOOKMARK [1][-]{section.2}{\376\377\000S\000c\000o\000p\000e\000\040\000o\000f\000\040\000r\000e\000p\000r\000o\000d\000u\000c\000i\000b\000i\000l\000i\000t\000y}{}% 7
\BOOKMARK [1][-]{section.3}{\376\377\000M\000e\000t\000h\000o\000d\000o\000l\000o\000g\000y}{}% 8
\BOOKMARK [2][-]{subsubsection.3.0.1}{\376\377\000C\000o\000d\000e}{section.3}% 9
\BOOKMARK [3][-]{subsubsection.3.0.2}{\376\377\000D\000a\000t\000a\000s\000e\000t\000s}{subsubsection.3.0.1}% 10
\BOOKMARK [3][-]{subsubsection.3.0.3}{\376\377\000M\000o\000d\000e\000l\000\040\000d\000e\000s\000c\000r\000i\000p\000t\000i\000o\000n\000s}{subsubsection.3.0.1}% 11
\BOOKMARK [3][-]{subsubsection.3.0.4}{\376\377\000H\000y\000p\000e\000r\000p\000a\000r\000a\000m\000e\000t\000e\000r\000s}{subsubsection.3.0.1}% 12
\BOOKMARK [3][-]{subsubsection.3.0.5}{\376\377\000E\000x\000p\000e\000r\000i\000m\000e\000n\000t\000a\000l\000\040\000s\000e\000t\000u\000p\000\040\000a\000n\000d\000\040\000c\000o\000m\000p\000u\000t\000a\000t\000i\000o\000n\000a\000l\000\040\000r\000e\000q\000u\000i\000r\000e\000m\000e\000n\000t\000s}{subsubsection.3.0.1}% 13
\BOOKMARK [1][-]{section.4}{\376\377\000R\000e\000p\000l\000i\000c\000a\000t\000i\000o\000n\000\040\000o\000f\000\040\000t\000h\000e\000\040\000p\000a\000p\000e\000r\000'\000s\000\040\000r\000e\000s\000u\000l\000t\000s}{}% 14
\BOOKMARK [2][-]{subsection.4.1}{\376\377\000C\000o\000r\000e\000\040\000r\000e\000p\000l\000i\000c\000a\000t\000i\000o\000n\000\040\000r\000e\000s\000u\000l\000t\000s}{section.4}% 15
\BOOKMARK [3][-]{subsubsection.4.1.1}{\376\377\000A\000c\000c\000u\000r\000a\000c\000y\000\040\000a\000n\000d\000\040\000c\000o\000n\000i\000c\000i\000t\000y}{subsection.4.1}% 16
\BOOKMARK [3][-]{subsubsection.4.1.2}{\376\377\000I\000m\000p\000o\000r\000t\000a\000n\000c\000e\000\040\000o\000f\000\040\000h\000i\000d\000d\000e\000n\000\040\000r\000e\000p\000r\000e\000s\000e\000n\000t\000a\000t\000i\000o\000n}{subsection.4.1}% 17
\BOOKMARK [3][-]{subsubsection.4.1.3}{\376\377\000C\000o\000m\000p\000a\000r\000i\000s\000o\000n\000\040\000w\000i\000t\000h\000\040\000r\000a\000t\000i\000o\000n\000a\000l\000e\000s}{subsection.4.1}% 18
\BOOKMARK [3][-]{subsubsection.4.1.4}{\376\377\000C\000o\000m\000p\000a\000r\000i\000s\000o\000n\000\040\000w\000i\000t\000h\000\040\000a\000t\000t\000r\000i\000b\000u\000t\000i\000o\000n\000\040\000m\000e\000t\000h\000o\000d\000s}{subsection.4.1}% 19
\BOOKMARK [3][-]{subsubsection.4.1.5}{\376\377\000A\000n\000a\000l\000y\000s\000i\000s\000\040\000b\000y\000\040\000P\000O\000S\000\040\000t\000a\000g\000s}{subsection.4.1}% 20
\BOOKMARK [3][-]{subsubsection.4.1.6}{\376\377\000H\000u\000m\000a\000n\000\040\000e\000v\000a\000l\000u\000a\000t\000i\000o\000n}{subsection.4.1}% 21
\BOOKMARK [2][-]{subsection.4.2}{\376\377\000C\000o\000n\000c\000l\000u\000s\000i\000o\000n\000\040\000r\000e\000g\000a\000r\000d\000i\000n\000g\000\040\000r\000e\000p\000r\000o\000d\000u\000c\000i\000b\000i\000l\000i\000t\000y}{section.4}% 22
\BOOKMARK [1][-]{section.5}{\376\377\000C\000o\000d\000e\000\040\000R\000e\000v\000i\000e\000w}{}% 23
\BOOKMARK [2][-]{subsubsection.5.0.1}{\376\377\000O\000r\000t\000h\000o\000g\000o\000n\000a\000l\000i\000z\000a\000t\000i\000o\000n\000\040\000o\000f\000\040\000Q\000-\000p\000a\000t\000h\000\040\000i\000n\000\040\000d\000u\000a\000l\000\040\000i\000n\000p\000u\000t\000\040\000s\000e\000q\000u\000e\000n\000c\000e\000\040\000t\000a\000s\000k\000s}{section.5}% 24
\BOOKMARK [3][-]{subsubsection.5.0.2}{\376\377\000D\000i\000s\000p\000a\000r\000a\000t\000e\000\040\000c\000a\000l\000c\000u\000l\000a\000t\000i\000o\000n\000\040\000o\000f\000\040\000f\000i\000n\000a\000l\000\040\000p\000r\000e\000d\000i\000c\000t\000i\000o\000n}{subsubsection.5.0.1}% 25
\BOOKMARK [3][-]{subsubsection.5.0.3}{\376\377\000F\000i\000n\000e\000-\000t\000u\000n\000i\000n\000g\000\040\000o\000f\000\040\000e\000m\000b\000e\000d\000d\000i\000n\000g\000s}{subsubsection.5.0.1}% 26
\BOOKMARK [3][-]{subsubsection.5.0.4}{\376\377\000D\000e\000f\000i\000n\000i\000t\000i\000o\000n\000\040\000o\000f\000\040\000d\000e\000v\000\040\000s\000e\000t\000\040\000f\000o\000r\000\040\000b\000A\000b\000I\000\040\000d\000a\000t\000a\000s\000e\000t\000s}{subsubsection.5.0.1}% 27
\BOOKMARK [1][-]{section.6}{\376\377\000E\000x\000t\000e\000n\000s\000i\000o\000n\000\040\000o\000f\000\040\000t\000h\000e\000\040\000e\000v\000a\000l\000u\000a\000t\000i\000o\000n\000\040\000m\000e\000t\000h\000o\000d\000s}{}% 28
\BOOKMARK [1][-]{section.7}{\376\377\000G\000e\000n\000e\000r\000a\000l\000i\000z\000a\000t\000i\000o\000n\000\040\000t\000o\000\040\000o\000t\000h\000e\000r\000\040\000m\000o\000d\000e\000l\000\040\000a\000r\000c\000h\000i\000t\000e\000c\000t\000u\000r\000e\000s}{}% 29
\BOOKMARK [2][-]{subsubsection.7.0.1}{\376\377\000E\000x\000t\000e\000n\000d\000i\000n\000g\000\040\000t\000o\000\040\000o\000t\000h\000e\000r\000\040\000a\000t\000t\000e\000n\000t\000i\000o\000n\000\040\000m\000e\000c\000h\000a\000n\000i\000s\000m\000s}{section.7}% 30
\BOOKMARK [3][-]{subsubsection.7.0.2}{\376\377\000E\000x\000t\000e\000n\000d\000i\000n\000g\000\040\000t\000o\000\040\000o\000t\000h\000e\000r\000\040\000a\000r\000c\000h\000i\000t\000e\000c\000t\000u\000r\000e\000s\000:\000\040\000B\000i\000L\000S\000T\000M\000\040\000E\000x\000p\000e\000r\000i\000m\000e\000n\000t\000s}{subsubsection.7.0.1}% 31
\BOOKMARK [1][-]{section.8}{\376\377\000D\000i\000s\000c\000u\000s\000s\000i\000o\000n}{}% 32
\BOOKMARK [2][-]{subsubsection.8.0.1}{\376\377\000C\000o\000n\000d\000i\000t\000i\000o\000n\000s\000\040\000u\000n\000d\000e\000r\000l\000y\000i\000n\000g\000\040\000e\000f\000f\000e\000c\000t\000i\000v\000e\000n\000e\000s\000s}{section.8}% 33
\BOOKMARK [3][-]{subsubsection.8.0.2}{\376\377\000R\000e\000f\000l\000e\000c\000t\000i\000o\000n\000\040\000o\000n\000\040\000o\000u\000r\000\040\000r\000e\000p\000l\000i\000c\000a\000t\000i\000o\000n\000\040\000s\000t\000u\000d\000y}{subsubsection.8.0.1}% 34
