\BOOKMARK [1][-]{section.1}{\376\377\000I\000n\000t\000r\000o\000d\000u\000c\000t\000i\000o\000n}{}% 1
\BOOKMARK [1][-]{section.2}{\376\377\000S\000c\000o\000p\000e\000\040\000o\000f\000\040\000r\000e\000p\000r\000o\000d\000u\000c\000i\000b\000i\000l\000i\000t\000y}{}% 2
\BOOKMARK [1][-]{section.3}{\376\377\000M\000e\000t\000h\000o\000d\000o\000l\000o\000g\000y}{}% 3
\BOOKMARK [2][-]{subsection.3.1}{\376\377\000M\000o\000d\000e\000l\000\040\000d\000e\000s\000c\000r\000i\000p\000t\000i\000o\000n\000s}{section.3}% 4
\BOOKMARK [2][-]{subsection.3.2}{\376\377\000D\000a\000t\000a\000s\000e\000t\000s}{section.3}% 5
\BOOKMARK [2][-]{subsection.3.3}{\376\377\000H\000y\000p\000e\000r\000p\000a\000r\000a\000m\000e\000t\000e\000r\000s}{section.3}% 6
\BOOKMARK [2][-]{subsection.3.4}{\376\377\000E\000x\000p\000e\000r\000i\000m\000e\000n\000t\000a\000l\000\040\000s\000e\000t\000u\000p\000\040\000a\000n\000d\000\040\000c\000o\000d\000e}{section.3}% 7
\BOOKMARK [2][-]{subsection.3.5}{\376\377\000C\000o\000m\000p\000u\000t\000a\000t\000i\000o\000n\000a\000l\000\040\000r\000e\000q\000u\000i\000r\000e\000m\000e\000n\000t\000s}{section.3}% 8
\BOOKMARK [1][-]{section.4}{\376\377\000R\000e\000s\000u\000l\000t\000s}{}% 9
\BOOKMARK [2][-]{subsection.4.1}{\376\377\000R\000e\000s\000u\000l\000t\000s\000\040\000f\000o\000r\000\040\000F\000i\000r\000s\000t\000\040\000H\000y\000p\000o\000t\000h\000e\000s\000i\000s}{section.4}% 10
\BOOKMARK [2][-]{subsection.4.2}{\376\377\000R\000e\000s\000u\000l\000t\000s\000\040\000f\000o\000r\000\040\000S\000e\000c\000o\000n\000d\000\040\000H\000y\000p\000o\000t\000h\000e\000s\000i\000s}{section.4}% 11
\BOOKMARK [2][-]{subsection.4.3}{\376\377\000E\000f\000f\000e\000c\000t\000\040\000o\000f\000\040\000R\000e\000m\000o\000v\000i\000n\000g\000\040\000P\000o\000s\000i\000t\000i\000v\000e\000l\000y\000\040\000B\000i\000a\000s\000e\000d\000\040\000D\000a\000t\000a\000\040\000C\000o\000l\000l\000e\000c\000t\000i\000o\000n}{section.4}% 12
\BOOKMARK [3][-]{subsubsection.4.3.1}{\376\377\000I\000m\000p\000l\000e\000m\000e\000n\000t\000a\000t\000i\000o\000n\000\040\000a\000n\000d\000\040\000E\000x\000p\000e\000r\000i\000m\000e\000n\000t\000a\000l\000\040\000S\000e\000t\000u\000p}{subsection.4.3}% 13
\BOOKMARK [3][-]{subsubsection.4.3.2}{\376\377\000R\000e\000s\000u\000l\000t\000s\000\040\000a\000n\000d\000\040\000D\000i\000s\000c\000u\000s\000s\000i\000o\000n}{subsection.4.3}% 14
\BOOKMARK [2][-]{subsection.4.4}{\376\377\000G\000e\000n\000e\000r\000a\000t\000i\000n\000g\000\040\000G\000e\000n\000d\000e\000r\000\040\000N\000e\000u\000t\000r\000a\000l\000\040\000D\000a\000t\000a}{section.4}% 15
\BOOKMARK [3][-]{subsubsection.4.4.1}{\376\377\000I\000m\000p\000l\000e\000m\000e\000n\000t\000a\000t\000i\000o\000n\000\040\000a\000n\000d\000\040\000E\000x\000p\000e\000r\000i\000m\000e\000n\000t\000a\000l\000\040\000S\000e\000t\000u\000p}{subsection.4.4}% 16
\BOOKMARK [3][-]{subsubsection.4.4.2}{\376\377\000R\000e\000s\000u\000l\000t\000s\000\040\000a\000n\000d\000\040\000D\000i\000s\000c\000u\000s\000s\000i\000o\000n}{subsection.4.4}% 17
\BOOKMARK [2][-]{subsection.4.5}{\376\377\000P\000e\000r\000c\000e\000n\000t\000\040\000G\000e\000n\000e\000r\000a\000t\000e\000d\000\040\000R\000e\000s\000p\000o\000n\000s\000e\000s\000\040\000w\000i\000t\000h\000\040\000R\000e\000s\000p\000e\000c\000t\000\040\000t\000o\000\040\000B\000i\000n\000s}{section.4}% 18
\BOOKMARK [3][-]{subsubsection.4.5.1}{\376\377\000R\000e\000s\000u\000l\000t\000s\000\040\000a\000n\000d\000\040\000D\000i\000s\000c\000u\000s\000s\000i\000o\000n}{subsection.4.5}% 19
\BOOKMARK [1][-]{section.5}{\376\377\000D\000i\000s\000c\000u\000s\000s\000i\000o\000n}{}% 20
\BOOKMARK [2][-]{subsection.5.1}{\376\377\000W\000h\000a\000t\000\040\000w\000a\000s\000\040\000e\000a\000s\000y}{section.5}% 21
\BOOKMARK [2][-]{subsection.5.2}{\376\377\000W\000h\000a\000t\000\040\000w\000a\000s\000\040\000d\000i\000f\000f\000i\000c\000u\000l\000t}{section.5}% 22
\BOOKMARK [2][-]{subsection.5.3}{\376\377\000R\000e\000c\000o\000m\000m\000e\000n\000d\000a\000t\000i\000o\000n\000s\000\040\000f\000o\000r\000\040\000r\000e\000p\000r\000o\000d\000u\000c\000i\000b\000i\000l\000i\000t\000y}{section.5}% 23
\BOOKMARK [2][-]{subsection.5.4}{\376\377\000C\000o\000m\000m\000u\000n\000i\000c\000a\000t\000i\000o\000n\000\040\000w\000i\000t\000h\000\040\000o\000r\000i\000g\000i\000n\000a\000l\000\040\000a\000u\000t\000h\000o\000r\000s}{section.5}% 24
\BOOKMARK [2][-]{subsection.5.5}{\376\377\000G\000e\000n\000e\000r\000a\000t\000e\000d\000\040\000T\000e\000x\000t\000\040\000S\000t\000a\000t\000i\000s\000t\000i\000c\000s\000\040\000f\000o\000r\000\040\000F\0000\000M\0000\000\040\000B\000i\000n}{section.5}% 25
\BOOKMARK [2][-]{subsection.5.6}{\376\377\000G\000e\000n\000e\000r\000a\000t\000e\000d\000\040\000T\000e\000x\000t\000\040\000S\000t\000a\000t\000i\000s\000t\000i\000c\000s\000\040\000f\000o\000r\000\040\000F\000+\000M\0000\000\040\000B\000i\000n}{section.5}% 26
\BOOKMARK [2][-]{subsection.5.7}{\376\377\000G\000e\000n\000e\000r\000a\000t\000e\000d\000\040\000T\000e\000x\000t\000\040\000S\000t\000a\000t\000i\000s\000t\000i\000c\000s\000\040\000f\000o\000r\000\040\000F\0000\000M\000+\000\040\000B\000i\000n}{section.5}% 27
\BOOKMARK [2][-]{subsection.5.8}{\376\377\000G\000e\000n\000e\000r\000a\000t\000e\000d\000\040\000T\000e\000x\000t\000\040\000S\000t\000a\000t\000i\000s\000t\000i\000c\000s\000\040\000f\000o\000r\000\040\000F\000+\000M\000+\000\040\000B\000i\000n}{section.5}% 28
\BOOKMARK [2][-]{subsection.5.9}{\376\377\000D\000i\000s\000t\000r\000i\000b\000u\000t\000i\000o\000n\000\040\000o\000f\000\040\000G\000e\000n\000e\000r\000a\000t\000e\000d\000\040\000R\000e\000s\000p\000o\000n\000s\000e\000s\000\040\000a\000c\000r\000o\000s\000s\000\040\000B\000i\000n\000s\000\040\000f\000o\000r\000\040\000e\000a\000c\000h\000\040\000M\000o\000d\000e\000l}{section.5}% 29
